<?xml version="1.0" encoding="UTF-8"?>
<testsuite xmlns:xsi="http://www.w3.org/2001/XMLSchema-instance" xsi:noNamespaceSchemaLocation="https://maven.apache.org/surefire/maven-surefire-plugin/xsd/surefire-test-report.xsd" name="org.apache.skywalking.oap.server.configuration.zookeeper.it.ITZookeeperConfigurationTest" time="24.024" tests="1" errors="1" skipped="0" failures="0">
  <properties>
    <property name="awt.toolkit" value="sun.awt.X11.XToolkit"/>
    <property name="java.specification.version" value="11"/>
    <property name="sun.cpu.isalist" value=""/>
    <property name="sun.jnu.encoding" value="UTF-8"/>
    <property name="java.class.path" value="/home/sk117/final-project/copy/apache-skywalking-apm-9.2.0/oap-server/server-configuration/configuration-zookeeper/target/test-classes:/home/sk117/final-project/copy/apache-skywalking-apm-9.2.0/oap-server/server-configuration/configuration-zookeeper/target/classes:/home/sk117/.m2/repository/org/apache/skywalking/configuration-api/9.2.0/configuration-api-9.2.0.jar:/home/sk117/.m2/repository/org/apache/skywalking/library-module/9.2.0/library-module-9.2.0.jar:/home/sk117/.m2/repository/org/apache/skywalking/library-client/9.2.0/library-client-9.2.0.jar:/home/sk117/.m2/repository/org/apache/skywalking/library-util/9.2.0/library-util-9.2.0.jar:/home/sk117/.m2/repository/joda-time/joda-time/2.10.5/joda-time-2.10.5.jar:/home/sk117/.m2/repository/com/google/protobuf/protobuf-java/3.19.4/protobuf-java-3.19.4.jar:/home/sk117/.m2/repository/com/google/protobuf/protobuf-java-util/3.19.4/protobuf-java-util-3.19.4.jar:/home/sk117/.m2/repository/com/google/j2objc/j2objc-annotations/1.3/j2objc-annotations-1.3.jar:/home/sk117/.m2/repository/org/apache/commons/commons-text/1.4/commons-text-1.4.jar:/home/sk117/.m2/repository/org/apache/commons/commons-lang3/3.12.0/commons-lang3-3.12.0.jar:/home/sk117/.m2/repository/org/yaml/snakeyaml/1.28/snakeyaml-1.28.jar:/home/sk117/.m2/repository/org/apache/skywalking/library-elasticsearch-client/9.2.0/library-elasticsearch-client-9.2.0.jar:/home/sk117/.m2/repository/com/linecorp/armeria/armeria/1.16.0/armeria-1.16.0.jar:/home/sk117/.m2/repository/com/fasterxml/jackson/core/jackson-core/2.13.2/jackson-core-2.13.2.jar:/home/sk117/.m2/repository/io/micrometer/micrometer-core/1.8.5/micrometer-core-1.8.5.jar:/home/sk117/.m2/repository/org/hdrhistogram/HdrHistogram/2.1.12/HdrHistogram-2.1.12.jar:/home/sk117/.m2/repository/org/latencyutils/LatencyUtils/2.0.3/LatencyUtils-2.0.3.jar:/home/sk117/.m2/repository/io/netty/netty-codec-haproxy/4.1.77.Final/netty-codec-haproxy-4.1.77.Final.jar:/home/sk117/.m2/repository/io/netty/netty-resolver-dns/4.1.77.Final/netty-resolver-dns-4.1.77.Final.jar:/home/sk117/.m2/repository/io/netty/netty-codec-dns/4.1.77.Final/netty-codec-dns-4.1.77.Final.jar:/home/sk117/.m2/repository/org/reactivestreams/reactive-streams/1.0.3/reactive-streams-1.0.3.jar:/home/sk117/.m2/repository/io/netty/netty-resolver-dns-native-macos/4.1.77.Final/netty-resolver-dns-native-macos-4.1.77.Final-osx-x86_64.jar:/home/sk117/.m2/repository/io/netty/netty-resolver-dns-classes-macos/4.1.77.Final/netty-resolver-dns-classes-macos-4.1.77.Final.jar:/home/sk117/.m2/repository/io/netty/netty-resolver-dns-native-macos/4.1.77.Final/netty-resolver-dns-native-macos-4.1.77.Final-osx-aarch_64.jar:/home/sk117/.m2/repository/io/netty/netty-transport-native-unix-common/4.1.77.Final/netty-transport-native-unix-common-4.1.77.Final-linux-x86_64.jar:/home/sk117/.m2/repository/io/netty/netty-transport-native-epoll/4.1.77.Final/netty-transport-native-epoll-4.1.77.Final-linux-x86_64.jar:/home/sk117/.m2/repository/io/netty/netty-transport-native-unix-common/4.1.77.Final/netty-transport-native-unix-common-4.1.77.Final.jar:/home/sk117/.m2/repository/io/netty/netty-transport-classes-epoll/4.1.77.Final/netty-transport-classes-epoll-4.1.77.Final.jar:/home/sk117/.m2/repository/io/netty/netty-tcnative-boringssl-static/2.0.52.Final/netty-tcnative-boringssl-static-2.0.52.Final-linux-x86_64.jar:/home/sk117/.m2/repository/io/netty/netty-tcnative-classes/2.0.52.Final/netty-tcnative-classes-2.0.52.Final.jar:/home/sk117/.m2/repository/io/netty/netty-tcnative-boringssl-static/2.0.52.Final/netty-tcnative-boringssl-static-2.0.52.Final-linux-aarch_64.jar:/home/sk117/.m2/repository/io/netty/netty-tcnative-boringssl-static/2.0.52.Final/netty-tcnative-boringssl-static-2.0.52.Final-osx-x86_64.jar:/home/sk117/.m2/repository/io/netty/netty-tcnative-boringssl-static/2.0.52.Final/netty-tcnative-boringssl-static-2.0.52.Final-osx-aarch_64.jar:/home/sk117/.m2/repository/io/netty/netty-tcnative-boringssl-static/2.0.52.Final/netty-tcnative-boringssl-static-2.0.52.Final-windows-x86_64.jar:/home/sk117/.m2/repository/com/aayushatharva/brotli4j/brotli4j/1.7.1/brotli4j-1.7.1.jar:/home/sk117/.m2/repository/io/grpc/grpc-core/1.46.0/grpc-core-1.46.0.jar:/home/sk117/.m2/repository/io/grpc/grpc-api/1.46.0/grpc-api-1.46.0.jar:/home/sk117/.m2/repository/io/grpc/grpc-context/1.46.0/grpc-context-1.46.0.jar:/home/sk117/.m2/repository/org/codehaus/mojo/animal-sniffer-annotations/1.19/animal-sniffer-annotations-1.19.jar:/home/sk117/.m2/repository/io/perfmark/perfmark-api/0.25.0/perfmark-api-0.25.0.jar:/home/sk117/.m2/repository/io/grpc/grpc-netty/1.46.0/grpc-netty-1.46.0.jar:/home/sk117/.m2/repository/io/netty/netty-codec-http2/4.1.77.Final/netty-codec-http2-4.1.77.Final.jar:/home/sk117/.m2/repository/io/netty/netty-common/4.1.77.Final/netty-common-4.1.77.Final.jar:/home/sk117/.m2/repository/io/netty/netty-buffer/4.1.77.Final/netty-buffer-4.1.77.Final.jar:/home/sk117/.m2/repository/io/netty/netty-transport/4.1.77.Final/netty-transport-4.1.77.Final.jar:/home/sk117/.m2/repository/io/netty/netty-codec/4.1.77.Final/netty-codec-4.1.77.Final.jar:/home/sk117/.m2/repository/io/netty/netty-codec-http/4.1.77.Final/netty-codec-http-4.1.77.Final.jar:/home/sk117/.m2/repository/io/netty/netty-handler/4.1.77.Final/netty-handler-4.1.77.Final.jar:/home/sk117/.m2/repository/io/netty/netty-resolver/4.1.77.Final/netty-resolver-4.1.77.Final.jar:/home/sk117/.m2/repository/io/netty/netty-handler-proxy/4.1.77.Final/netty-handler-proxy-4.1.77.Final.jar:/home/sk117/.m2/repository/io/netty/netty-codec-socks/4.1.77.Final/netty-codec-socks-4.1.77.Final.jar:/home/sk117/.m2/repository/com/google/code/gson/gson/2.9.0/gson-2.9.0.jar:/home/sk117/.m2/repository/com/zaxxer/HikariCP/3.1.0/HikariCP-3.1.0.jar:/home/sk117/.m2/repository/org/slf4j/jcl-over-slf4j/1.7.30/jcl-over-slf4j-1.7.30.jar:/home/sk117/.m2/repository/org/apache/skywalking/cluster-zookeeper-plugin/9.2.0/cluster-zookeeper-plugin-9.2.0.jar:/home/sk117/.m2/repository/org/apache/skywalking/server-core/9.2.0/server-core-9.2.0.jar:/home/sk117/.m2/repository/org/apache/skywalking/telemetry-api/9.2.0/telemetry-api-9.2.0.jar:/home/sk117/.m2/repository/org/apache/skywalking/library-server/9.2.0/library-server-9.2.0.jar:/home/sk117/.m2/repository/io/grpc/grpc-protobuf/1.46.0/grpc-protobuf-1.46.0.jar:/home/sk117/.m2/repository/com/google/api/grpc/proto-google-common-protos/2.0.1/proto-google-common-protos-2.0.1.jar:/home/sk117/.m2/repository/io/grpc/grpc-protobuf-lite/1.46.0/grpc-protobuf-lite-1.46.0.jar:/home/sk117/.m2/repository/io/grpc/grpc-stub/1.46.0/grpc-stub-1.46.0.jar:/home/sk117/.m2/repository/com/linecorp/armeria/armeria-protobuf/1.16.0/armeria-protobuf-1.16.0.jar:/home/sk117/.m2/repository/org/apache/skywalking/library-datacarrier-queue/9.2.0/library-datacarrier-queue-9.2.0.jar:/home/sk117/.m2/repository/org/apache/skywalking/apm-network/9.2.0/apm-network-9.2.0.jar:/home/sk117/.m2/repository/io/netty/netty-tcnative-boringssl-static/2.0.52.Final/netty-tcnative-boringssl-static-2.0.52.Final.jar:/home/sk117/.m2/repository/org/javassist/javassist/3.25.0-GA/javassist-3.25.0-GA.jar:/home/sk117/.m2/repository/io/vavr/vavr/0.10.3/vavr-0.10.3.jar:/home/sk117/.m2/repository/io/vavr/vavr-match/0.10.3/vavr-match-0.10.3.jar:/home/sk117/.m2/repository/io/zipkin/zipkin2/zipkin/2.23.16/zipkin-2.23.16.jar:/home/sk117/.m2/repository/org/apache/curator/curator-x-discovery/4.3.0/curator-x-discovery-4.3.0.jar:/home/sk117/.m2/repository/org/apache/curator/curator-recipes/4.3.0/curator-recipes-4.3.0.jar:/home/sk117/.m2/repository/org/apache/curator/curator-framework/4.3.0/curator-framework-4.3.0.jar:/home/sk117/.m2/repository/org/apache/curator/curator-client/4.3.0/curator-client-4.3.0.jar:/home/sk117/.m2/repository/org/apache/zookeeper/zookeeper/3.5.7/zookeeper-3.5.7.jar:/home/sk117/.m2/repository/org/apache/zookeeper/zookeeper-jute/3.5.7/zookeeper-jute-3.5.7.jar:/home/sk117/.m2/repository/org/apache/yetus/audience-annotations/0.5.0/audience-annotations-0.5.0.jar:/home/sk117/.m2/repository/io/netty/netty-transport-native-epoll/4.1.77.Final/netty-transport-native-epoll-4.1.77.Final.jar:/home/sk117/.m2/repository/com/fasterxml/jackson/core/jackson-databind/2.13.2.2/jackson-databind-2.13.2.2.jar:/home/sk117/.m2/repository/org/slf4j/slf4j-api/1.7.30/slf4j-api-1.7.30.jar:/home/sk117/.m2/repository/org/slf4j/log4j-over-slf4j/1.7.30/log4j-over-slf4j-1.7.30.jar:/home/sk117/.m2/repository/org/apache/logging/log4j/log4j-core/2.17.1/log4j-core-2.17.1.jar:/home/sk117/.m2/repository/org/apache/logging/log4j/log4j-api/2.17.1/log4j-api-2.17.1.jar:/home/sk117/.m2/repository/org/apache/logging/log4j/log4j-slf4j-impl/2.17.1/log4j-slf4j-impl-2.17.1.jar:/home/sk117/.m2/repository/com/google/guava/guava/31.1-jre/guava-31.1-jre.jar:/home/sk117/.m2/repository/com/google/guava/failureaccess/1.0.1/failureaccess-1.0.1.jar:/home/sk117/.m2/repository/com/google/guava/listenablefuture/9999.0-empty-to-avoid-conflict-with-guava/listenablefuture-9999.0-empty-to-avoid-conflict-with-guava.jar:/home/sk117/.m2/repository/com/google/code/findbugs/jsr305/3.0.2/jsr305-3.0.2.jar:/home/sk117/.m2/repository/org/checkerframework/checker-qual/3.12.0/checker-qual-3.12.0.jar:/home/sk117/.m2/repository/org/testcontainers/testcontainers/1.15.3/testcontainers-1.15.3.jar:/home/sk117/.m2/repository/org/apache/commons/commons-compress/1.21/commons-compress-1.21.jar:/home/sk117/.m2/repository/org/rnorth/duct-tape/duct-tape/1.0.8/duct-tape-1.0.8.jar:/home/sk117/.m2/repository/org/rnorth/visible-assertions/visible-assertions/2.1.2/visible-assertions-2.1.2.jar:/home/sk117/.m2/repository/net/java/dev/jna/jna/5.2.0/jna-5.2.0.jar:/home/sk117/.m2/repository/com/github/docker-java/docker-java-api/3.2.8/docker-java-api-3.2.8.jar:/home/sk117/.m2/repository/com/fasterxml/jackson/core/jackson-annotations/2.13.2/jackson-annotations-2.13.2.jar:/home/sk117/.m2/repository/com/github/docker-java/docker-java-transport-zerodep/3.2.8/docker-java-transport-zerodep-3.2.8.jar:/home/sk117/.m2/repository/com/github/docker-java/docker-java-transport/3.2.8/docker-java-transport-3.2.8.jar:/home/sk117/.m2/repository/com/google/errorprone/error_prone_annotations/2.11.0/error_prone_annotations-2.11.0.jar:/home/sk117/.m2/repository/junit/junit/4.13.1/junit-4.13.1.jar:/home/sk117/.m2/repository/org/hamcrest/hamcrest-core/1.3/hamcrest-core-1.3.jar:/home/sk117/.m2/repository/org/powermock/powermock-module-junit4/2.0.7/powermock-module-junit4-2.0.7.jar:/home/sk117/.m2/repository/org/powermock/powermock-module-junit4-common/2.0.7/powermock-module-junit4-common-2.0.7.jar:/home/sk117/.m2/repository/org/powermock/powermock-reflect/2.0.7/powermock-reflect-2.0.7.jar:/home/sk117/.m2/repository/net/bytebuddy/byte-buddy/1.9.10/byte-buddy-1.9.10.jar:/home/sk117/.m2/repository/net/bytebuddy/byte-buddy-agent/1.9.10/byte-buddy-agent-1.9.10.jar:/home/sk117/.m2/repository/org/powermock/powermock-core/2.0.7/powermock-core-2.0.7.jar:/home/sk117/.m2/repository/org/powermock/powermock-api-mockito2/2.0.7/powermock-api-mockito2-2.0.7.jar:/home/sk117/.m2/repository/org/powermock/powermock-api-support/2.0.7/powermock-api-support-2.0.7.jar:/home/sk117/.m2/repository/org/mockito/mockito-core/3.5.13/mockito-core-3.5.13.jar:/home/sk117/.m2/repository/org/objenesis/objenesis/3.1/objenesis-3.1.jar:/home/sk117/.m2/repository/org/assertj/assertj-core/3.20.2/assertj-core-3.20.2.jar:/home/sk117/.m2/repository/org/openjdk/jmh/jmh-core/1.21/jmh-core-1.21.jar:/home/sk117/.m2/repository/net/sf/jopt-simple/jopt-simple/4.6/jopt-simple-4.6.jar:/home/sk117/.m2/repository/org/apache/commons/commons-math3/3.2/commons-math3-3.2.jar:/home/sk117/.m2/repository/org/projectlombok/lombok/1.18.22/lombok-1.18.22.jar:/home/sk117/.m2/repository/javax/annotation/javax.annotation-api/1.3.2/javax.annotation-api-1.3.2.jar:"/>
    <property name="java.vm.vendor" value="Ubuntu"/>
    <property name="sun.arch.data.model" value="64"/>
    <property name="java.vendor.url" value="https://ubuntu.com/"/>
    <property name="user.timezone" value=""/>
    <property name="java.vm.specification.version" value="11"/>
    <property name="os.name" value="Linux"/>
    <property name="sun.java.launcher" value="SUN_STANDARD"/>
    <property name="user.country" value="US"/>
    <property name="sun.boot.library.path" value="/usr/lib/jvm/java-11-openjdk-amd64/lib"/>
    <property name="sun.java.command" value="/home/sk117/final-project/copy/apache-skywalking-apm-9.2.0/oap-server/server-configuration/configuration-zookeeper/target/surefire/surefirebooter13319936051813650657.jar /home/sk117/final-project/copy/apache-skywalking-apm-9.2.0/oap-server/server-configuration/configuration-zookeeper/target/surefire 2022-11-29T03-10-54_885-jvmRun1 surefire16760715921194410976tmp surefire_03985981711580839614tmp"/>
    <property name="jdk.debug" value="release"/>
    <property name="test" value="org.apache.skywalking.oap.server.configuration.zookeeper.it.ITZookeeperConfigurationTest#shouldReadUpdated4GroupConfig"/>
    <property name="surefire.test.class.path" value="/home/sk117/final-project/copy/apache-skywalking-apm-9.2.0/oap-server/server-configuration/configuration-zookeeper/target/test-classes:/home/sk117/final-project/copy/apache-skywalking-apm-9.2.0/oap-server/server-configuration/configuration-zookeeper/target/classes:/home/sk117/.m2/repository/org/apache/skywalking/configuration-api/9.2.0/configuration-api-9.2.0.jar:/home/sk117/.m2/repository/org/apache/skywalking/library-module/9.2.0/library-module-9.2.0.jar:/home/sk117/.m2/repository/org/apache/skywalking/library-client/9.2.0/library-client-9.2.0.jar:/home/sk117/.m2/repository/org/apache/skywalking/library-util/9.2.0/library-util-9.2.0.jar:/home/sk117/.m2/repository/joda-time/joda-time/2.10.5/joda-time-2.10.5.jar:/home/sk117/.m2/repository/com/google/protobuf/protobuf-java/3.19.4/protobuf-java-3.19.4.jar:/home/sk117/.m2/repository/com/google/protobuf/protobuf-java-util/3.19.4/protobuf-java-util-3.19.4.jar:/home/sk117/.m2/repository/com/google/j2objc/j2objc-annotations/1.3/j2objc-annotations-1.3.jar:/home/sk117/.m2/repository/org/apache/commons/commons-text/1.4/commons-text-1.4.jar:/home/sk117/.m2/repository/org/apache/commons/commons-lang3/3.12.0/commons-lang3-3.12.0.jar:/home/sk117/.m2/repository/org/yaml/snakeyaml/1.28/snakeyaml-1.28.jar:/home/sk117/.m2/repository/org/apache/skywalking/library-elasticsearch-client/9.2.0/library-elasticsearch-client-9.2.0.jar:/home/sk117/.m2/repository/com/linecorp/armeria/armeria/1.16.0/armeria-1.16.0.jar:/home/sk117/.m2/repository/com/fasterxml/jackson/core/jackson-core/2.13.2/jackson-core-2.13.2.jar:/home/sk117/.m2/repository/io/micrometer/micrometer-core/1.8.5/micrometer-core-1.8.5.jar:/home/sk117/.m2/repository/org/hdrhistogram/HdrHistogram/2.1.12/HdrHistogram-2.1.12.jar:/home/sk117/.m2/repository/org/latencyutils/LatencyUtils/2.0.3/LatencyUtils-2.0.3.jar:/home/sk117/.m2/repository/io/netty/netty-codec-haproxy/4.1.77.Final/netty-codec-haproxy-4.1.77.Final.jar:/home/sk117/.m2/repository/io/netty/netty-resolver-dns/4.1.77.Final/netty-resolver-dns-4.1.77.Final.jar:/home/sk117/.m2/repository/io/netty/netty-codec-dns/4.1.77.Final/netty-codec-dns-4.1.77.Final.jar:/home/sk117/.m2/repository/org/reactivestreams/reactive-streams/1.0.3/reactive-streams-1.0.3.jar:/home/sk117/.m2/repository/io/netty/netty-resolver-dns-native-macos/4.1.77.Final/netty-resolver-dns-native-macos-4.1.77.Final-osx-x86_64.jar:/home/sk117/.m2/repository/io/netty/netty-resolver-dns-classes-macos/4.1.77.Final/netty-resolver-dns-classes-macos-4.1.77.Final.jar:/home/sk117/.m2/repository/io/netty/netty-resolver-dns-native-macos/4.1.77.Final/netty-resolver-dns-native-macos-4.1.77.Final-osx-aarch_64.jar:/home/sk117/.m2/repository/io/netty/netty-transport-native-unix-common/4.1.77.Final/netty-transport-native-unix-common-4.1.77.Final-linux-x86_64.jar:/home/sk117/.m2/repository/io/netty/netty-transport-native-epoll/4.1.77.Final/netty-transport-native-epoll-4.1.77.Final-linux-x86_64.jar:/home/sk117/.m2/repository/io/netty/netty-transport-native-unix-common/4.1.77.Final/netty-transport-native-unix-common-4.1.77.Final.jar:/home/sk117/.m2/repository/io/netty/netty-transport-classes-epoll/4.1.77.Final/netty-transport-classes-epoll-4.1.77.Final.jar:/home/sk117/.m2/repository/io/netty/netty-tcnative-boringssl-static/2.0.52.Final/netty-tcnative-boringssl-static-2.0.52.Final-linux-x86_64.jar:/home/sk117/.m2/repository/io/netty/netty-tcnative-classes/2.0.52.Final/netty-tcnative-classes-2.0.52.Final.jar:/home/sk117/.m2/repository/io/netty/netty-tcnative-boringssl-static/2.0.52.Final/netty-tcnative-boringssl-static-2.0.52.Final-linux-aarch_64.jar:/home/sk117/.m2/repository/io/netty/netty-tcnative-boringssl-static/2.0.52.Final/netty-tcnative-boringssl-static-2.0.52.Final-osx-x86_64.jar:/home/sk117/.m2/repository/io/netty/netty-tcnative-boringssl-static/2.0.52.Final/netty-tcnative-boringssl-static-2.0.52.Final-osx-aarch_64.jar:/home/sk117/.m2/repository/io/netty/netty-tcnative-boringssl-static/2.0.52.Final/netty-tcnative-boringssl-static-2.0.52.Final-windows-x86_64.jar:/home/sk117/.m2/repository/com/aayushatharva/brotli4j/brotli4j/1.7.1/brotli4j-1.7.1.jar:/home/sk117/.m2/repository/io/grpc/grpc-core/1.46.0/grpc-core-1.46.0.jar:/home/sk117/.m2/repository/io/grpc/grpc-api/1.46.0/grpc-api-1.46.0.jar:/home/sk117/.m2/repository/io/grpc/grpc-context/1.46.0/grpc-context-1.46.0.jar:/home/sk117/.m2/repository/org/codehaus/mojo/animal-sniffer-annotations/1.19/animal-sniffer-annotations-1.19.jar:/home/sk117/.m2/repository/io/perfmark/perfmark-api/0.25.0/perfmark-api-0.25.0.jar:/home/sk117/.m2/repository/io/grpc/grpc-netty/1.46.0/grpc-netty-1.46.0.jar:/home/sk117/.m2/repository/io/netty/netty-codec-http2/4.1.77.Final/netty-codec-http2-4.1.77.Final.jar:/home/sk117/.m2/repository/io/netty/netty-common/4.1.77.Final/netty-common-4.1.77.Final.jar:/home/sk117/.m2/repository/io/netty/netty-buffer/4.1.77.Final/netty-buffer-4.1.77.Final.jar:/home/sk117/.m2/repository/io/netty/netty-transport/4.1.77.Final/netty-transport-4.1.77.Final.jar:/home/sk117/.m2/repository/io/netty/netty-codec/4.1.77.Final/netty-codec-4.1.77.Final.jar:/home/sk117/.m2/repository/io/netty/netty-codec-http/4.1.77.Final/netty-codec-http-4.1.77.Final.jar:/home/sk117/.m2/repository/io/netty/netty-handler/4.1.77.Final/netty-handler-4.1.77.Final.jar:/home/sk117/.m2/repository/io/netty/netty-resolver/4.1.77.Final/netty-resolver-4.1.77.Final.jar:/home/sk117/.m2/repository/io/netty/netty-handler-proxy/4.1.77.Final/netty-handler-proxy-4.1.77.Final.jar:/home/sk117/.m2/repository/io/netty/netty-codec-socks/4.1.77.Final/netty-codec-socks-4.1.77.Final.jar:/home/sk117/.m2/repository/com/google/code/gson/gson/2.9.0/gson-2.9.0.jar:/home/sk117/.m2/repository/com/zaxxer/HikariCP/3.1.0/HikariCP-3.1.0.jar:/home/sk117/.m2/repository/org/slf4j/jcl-over-slf4j/1.7.30/jcl-over-slf4j-1.7.30.jar:/home/sk117/.m2/repository/org/apache/skywalking/cluster-zookeeper-plugin/9.2.0/cluster-zookeeper-plugin-9.2.0.jar:/home/sk117/.m2/repository/org/apache/skywalking/server-core/9.2.0/server-core-9.2.0.jar:/home/sk117/.m2/repository/org/apache/skywalking/telemetry-api/9.2.0/telemetry-api-9.2.0.jar:/home/sk117/.m2/repository/org/apache/skywalking/library-server/9.2.0/library-server-9.2.0.jar:/home/sk117/.m2/repository/io/grpc/grpc-protobuf/1.46.0/grpc-protobuf-1.46.0.jar:/home/sk117/.m2/repository/com/google/api/grpc/proto-google-common-protos/2.0.1/proto-google-common-protos-2.0.1.jar:/home/sk117/.m2/repository/io/grpc/grpc-protobuf-lite/1.46.0/grpc-protobuf-lite-1.46.0.jar:/home/sk117/.m2/repository/io/grpc/grpc-stub/1.46.0/grpc-stub-1.46.0.jar:/home/sk117/.m2/repository/com/linecorp/armeria/armeria-protobuf/1.16.0/armeria-protobuf-1.16.0.jar:/home/sk117/.m2/repository/org/apache/skywalking/library-datacarrier-queue/9.2.0/library-datacarrier-queue-9.2.0.jar:/home/sk117/.m2/repository/org/apache/skywalking/apm-network/9.2.0/apm-network-9.2.0.jar:/home/sk117/.m2/repository/io/netty/netty-tcnative-boringssl-static/2.0.52.Final/netty-tcnative-boringssl-static-2.0.52.Final.jar:/home/sk117/.m2/repository/org/javassist/javassist/3.25.0-GA/javassist-3.25.0-GA.jar:/home/sk117/.m2/repository/io/vavr/vavr/0.10.3/vavr-0.10.3.jar:/home/sk117/.m2/repository/io/vavr/vavr-match/0.10.3/vavr-match-0.10.3.jar:/home/sk117/.m2/repository/io/zipkin/zipkin2/zipkin/2.23.16/zipkin-2.23.16.jar:/home/sk117/.m2/repository/org/apache/curator/curator-x-discovery/4.3.0/curator-x-discovery-4.3.0.jar:/home/sk117/.m2/repository/org/apache/curator/curator-recipes/4.3.0/curator-recipes-4.3.0.jar:/home/sk117/.m2/repository/org/apache/curator/curator-framework/4.3.0/curator-framework-4.3.0.jar:/home/sk117/.m2/repository/org/apache/curator/curator-client/4.3.0/curator-client-4.3.0.jar:/home/sk117/.m2/repository/org/apache/zookeeper/zookeeper/3.5.7/zookeeper-3.5.7.jar:/home/sk117/.m2/repository/org/apache/zookeeper/zookeeper-jute/3.5.7/zookeeper-jute-3.5.7.jar:/home/sk117/.m2/repository/org/apache/yetus/audience-annotations/0.5.0/audience-annotations-0.5.0.jar:/home/sk117/.m2/repository/io/netty/netty-transport-native-epoll/4.1.77.Final/netty-transport-native-epoll-4.1.77.Final.jar:/home/sk117/.m2/repository/com/fasterxml/jackson/core/jackson-databind/2.13.2.2/jackson-databind-2.13.2.2.jar:/home/sk117/.m2/repository/org/slf4j/slf4j-api/1.7.30/slf4j-api-1.7.30.jar:/home/sk117/.m2/repository/org/slf4j/log4j-over-slf4j/1.7.30/log4j-over-slf4j-1.7.30.jar:/home/sk117/.m2/repository/org/apache/logging/log4j/log4j-core/2.17.1/log4j-core-2.17.1.jar:/home/sk117/.m2/repository/org/apache/logging/log4j/log4j-api/2.17.1/log4j-api-2.17.1.jar:/home/sk117/.m2/repository/org/apache/logging/log4j/log4j-slf4j-impl/2.17.1/log4j-slf4j-impl-2.17.1.jar:/home/sk117/.m2/repository/com/google/guava/guava/31.1-jre/guava-31.1-jre.jar:/home/sk117/.m2/repository/com/google/guava/failureaccess/1.0.1/failureaccess-1.0.1.jar:/home/sk117/.m2/repository/com/google/guava/listenablefuture/9999.0-empty-to-avoid-conflict-with-guava/listenablefuture-9999.0-empty-to-avoid-conflict-with-guava.jar:/home/sk117/.m2/repository/com/google/code/findbugs/jsr305/3.0.2/jsr305-3.0.2.jar:/home/sk117/.m2/repository/org/checkerframework/checker-qual/3.12.0/checker-qual-3.12.0.jar:/home/sk117/.m2/repository/org/testcontainers/testcontainers/1.15.3/testcontainers-1.15.3.jar:/home/sk117/.m2/repository/org/apache/commons/commons-compress/1.21/commons-compress-1.21.jar:/home/sk117/.m2/repository/org/rnorth/duct-tape/duct-tape/1.0.8/duct-tape-1.0.8.jar:/home/sk117/.m2/repository/org/rnorth/visible-assertions/visible-assertions/2.1.2/visible-assertions-2.1.2.jar:/home/sk117/.m2/repository/net/java/dev/jna/jna/5.2.0/jna-5.2.0.jar:/home/sk117/.m2/repository/com/github/docker-java/docker-java-api/3.2.8/docker-java-api-3.2.8.jar:/home/sk117/.m2/repository/com/fasterxml/jackson/core/jackson-annotations/2.13.2/jackson-annotations-2.13.2.jar:/home/sk117/.m2/repository/com/github/docker-java/docker-java-transport-zerodep/3.2.8/docker-java-transport-zerodep-3.2.8.jar:/home/sk117/.m2/repository/com/github/docker-java/docker-java-transport/3.2.8/docker-java-transport-3.2.8.jar:/home/sk117/.m2/repository/com/google/errorprone/error_prone_annotations/2.11.0/error_prone_annotations-2.11.0.jar:/home/sk117/.m2/repository/junit/junit/4.13.1/junit-4.13.1.jar:/home/sk117/.m2/repository/org/hamcrest/hamcrest-core/1.3/hamcrest-core-1.3.jar:/home/sk117/.m2/repository/org/powermock/powermock-module-junit4/2.0.7/powermock-module-junit4-2.0.7.jar:/home/sk117/.m2/repository/org/powermock/powermock-module-junit4-common/2.0.7/powermock-module-junit4-common-2.0.7.jar:/home/sk117/.m2/repository/org/powermock/powermock-reflect/2.0.7/powermock-reflect-2.0.7.jar:/home/sk117/.m2/repository/net/bytebuddy/byte-buddy/1.9.10/byte-buddy-1.9.10.jar:/home/sk117/.m2/repository/net/bytebuddy/byte-buddy-agent/1.9.10/byte-buddy-agent-1.9.10.jar:/home/sk117/.m2/repository/org/powermock/powermock-core/2.0.7/powermock-core-2.0.7.jar:/home/sk117/.m2/repository/org/powermock/powermock-api-mockito2/2.0.7/powermock-api-mockito2-2.0.7.jar:/home/sk117/.m2/repository/org/powermock/powermock-api-support/2.0.7/powermock-api-support-2.0.7.jar:/home/sk117/.m2/repository/org/mockito/mockito-core/3.5.13/mockito-core-3.5.13.jar:/home/sk117/.m2/repository/org/objenesis/objenesis/3.1/objenesis-3.1.jar:/home/sk117/.m2/repository/org/assertj/assertj-core/3.20.2/assertj-core-3.20.2.jar:/home/sk117/.m2/repository/org/openjdk/jmh/jmh-core/1.21/jmh-core-1.21.jar:/home/sk117/.m2/repository/net/sf/jopt-simple/jopt-simple/4.6/jopt-simple-4.6.jar:/home/sk117/.m2/repository/org/apache/commons/commons-math3/3.2/commons-math3-3.2.jar:/home/sk117/.m2/repository/org/projectlombok/lombok/1.18.22/lombok-1.18.22.jar:/home/sk117/.m2/repository/javax/annotation/javax.annotation-api/1.3.2/javax.annotation-api-1.3.2.jar:"/>
    <property name="sun.cpu.endian" value="little"/>
    <property name="user.home" value="/home/sk117"/>
    <property name="user.language" value="en"/>
    <property name="java.specification.vendor" value="Oracle Corporation"/>
    <property name="java.version.date" value="2022-10-18"/>
    <property name="java.home" value="/usr/lib/jvm/java-11-openjdk-amd64"/>
    <property name="file.separator" value="/"/>
    <property name="basedir" value="/home/sk117/final-project/copy/apache-skywalking-apm-9.2.0/oap-server/server-configuration/configuration-zookeeper"/>
    <property name="java.vm.compressedOopsMode" value="32-bit"/>
    <property name="line.separator" value="&#10;"/>
    <property name="java.specification.name" value="Java Platform API Specification"/>
    <property name="java.vm.specification.vendor" value="Oracle Corporation"/>
    <property name="java.awt.graphicsenv" value="sun.awt.X11GraphicsEnvironment"/>
    <property name="surefire.real.class.path" value="/home/sk117/final-project/copy/apache-skywalking-apm-9.2.0/oap-server/server-configuration/configuration-zookeeper/target/surefire/surefirebooter13319936051813650657.jar"/>
    <property name="sun.management.compiler" value="HotSpot 64-Bit Tiered Compilers"/>
    <property name="java.runtime.version" value="11.0.17+8-post-Ubuntu-1ubuntu220.04"/>
    <property name="user.name" value="sk117"/>
    <property name="path.separator" value=":"/>
    <property name="os.version" value="5.4.0-132-generic"/>
    <property name="java.runtime.name" value="OpenJDK Runtime Environment"/>
    <property name="file.encoding" value="UTF-8"/>
    <property name="java.vm.name" value="OpenJDK 64-Bit Server VM"/>
    <property name="localRepository" value="/home/sk117/.m2/repository"/>
    <property name="java.vendor.url.bug" value="https://bugs.launchpad.net/ubuntu/+source/openjdk-lts"/>
    <property name="java.io.tmpdir" value="/tmp"/>
    <property name="java.version" value="11.0.17"/>
    <property name="user.dir" value="/home/sk117/final-project/copy/apache-skywalking-apm-9.2.0/oap-server/server-configuration/configuration-zookeeper"/>
    <property name="os.arch" value="amd64"/>
    <property name="java.vm.specification.name" value="Java Virtual Machine Specification"/>
    <property name="java.awt.printerjob" value="sun.print.PSPrinterJob"/>
    <property name="failIfNoTests" value="false"/>
    <property name="sun.os.patch.level" value="unknown"/>
    <property name="java.library.path" value="/usr/java/packages/lib:/usr/lib/x86_64-linux-gnu/jni:/lib/x86_64-linux-gnu:/usr/lib/x86_64-linux-gnu:/usr/lib/jni:/lib:/usr/lib"/>
    <property name="java.vm.info" value="mixed mode, sharing"/>
    <property name="java.vendor" value="Ubuntu"/>
    <property name="java.vm.version" value="11.0.17+8-post-Ubuntu-1ubuntu220.04"/>
    <property name="sun.io.unicode.encoding" value="UnicodeLittle"/>
    <property name="java.class.version" value="55.0"/>
  </properties>
  <testcase name="shouldReadUpdated4GroupConfig" classname="org.apache.skywalking.oap.server.configuration.zookeeper.it.ITZookeeperConfigurationTest" time="23.944">
    <error message="test timed out after 20000 milliseconds" type="org.junit.runners.model.TestTimedOutException">org.junit.runners.model.TestTimedOutException: test timed out after 20000 milliseconds
	at app//org.apache.skywalking.oap.server.configuration.zookeeper.it.ITZookeeperConfigurationTest.shouldReadUpdated4GroupConfig(ITZookeeperConfigurationTest.java:126)
</error>
    <system-out><![CDATA[2022-11-29 03:10:56,480 - org.testcontainers.dockerclient.DockerClientProviderStrategy -1291 [main] INFO  [] - Loaded org.testcontainers.dockerclient.UnixSocketClientProviderStrategy from ~/.testcontainers.properties, will try it first
2022-11-29 03:10:57,070 - org.testcontainers.dockerclient.DockerClientProviderStrategy -1881 [main] INFO  [] - Found Docker environment with local Unix socket (unix:///var/run/docker.sock)
2022-11-29 03:10:57,073 - org.testcontainers.DockerClientFactory -1884 [main] INFO  [] - Docker host IP address is localhost
2022-11-29 03:10:57,103 - org.testcontainers.DockerClientFactory -1914 [main] INFO  [] - Connected to docker: 
  Server Version: 20.10.21
  API Version: 1.41
  Operating System: Ubuntu 20.04.5 LTS
  Total Memory: 1982 MB
2022-11-29 03:10:57,107 - org.testcontainers.utility.ImageNameSubstitutor -1918 [main] INFO  [] - Image name substitution will be performed by: DefaultImageNameSubstitutor (composite of 'ConfigurationFileImageNameSubstitutor' and 'PrefixingImageNameSubstitutor')
2022-11-29 03:10:57,178 - org.testcontainers.utility.RegistryAuthLocator -1989 [main] INFO  [] - Failure when attempting to lookup auth config. Please ignore if you don't have images in an authenticated registry. Details: (dockerImageName: testcontainers/ryuk:0.3.1, configFile: /home/sk117/.docker/config.json. Falling back to docker-java default behaviour. Exception message: /home/sk117/.docker/config.json (No such file or directory)
2022-11-29 03:10:57,653 - org.testcontainers.DockerClientFactory -2464 [main] INFO  [] - Ryuk started - will monitor and terminate Testcontainers containers on JVM exit
2022-11-29 03:10:57,653 - org.testcontainers.DockerClientFactory -2464 [main] INFO  [] - Checking the system...
2022-11-29 03:10:57,654 - org.testcontainers.DockerClientFactory -2465 [main] INFO  [] - âœ”ï¸Ž Docker server version should be at least 1.6.0
2022-11-29 03:10:57,742 - org.testcontainers.DockerClientFactory -2553 [main] INFO  [] - âœ”ï¸Ž Docker environment should have more than 2GB free disk space
2022-11-29 03:10:57,760 - ðŸ³ [zookeeper:3.5] -2571 [main] INFO  [] - Creating container for image: zookeeper:3.5
2022-11-29 03:10:57,807 - ðŸ³ [zookeeper:3.5] -2618 [main] INFO  [] - Starting container with ID: 96a0700462529cc25809c8b0b5ef64931307fd5085ccaf074547b301bbd41876
2022-11-29 03:10:58,109 - ðŸ³ [zookeeper:3.5] -2920 [main] INFO  [] - Container zookeeper:3.5 is starting: 96a0700462529cc25809c8b0b5ef64931307fd5085ccaf074547b301bbd41876
2022-11-29 03:10:58,895 - ðŸ³ [zookeeper:3.5] -3706 [main] INFO  [] - Container zookeeper:3.5 started in PT1.151482S
2022-11-29 03:10:58,896 - org.apache.skywalking.oap.server.configuration.zookeeper.it.ITZookeeperConfigurationTest -3707 [main] WARN  [] - [CTEST][LOAD-PARAM]  java.lang.Thread	org.apache.skywalking.oap.server.configuration.zookeeper.it.ITZookeeperConfigurationTest	org.apache.skywalking.oap.server.configuration.zookeeper.it.ITZookeeperConfigurationTest	org.apache.skywalking.oap.server.configuration.zookeeper.it.ITZookeeperConfigurationTest	jdk.internal.reflect.NativeMethodAccessorImpl	jdk.internal.reflect.NativeMethodAccessorImpl	jdk.internal.reflect.DelegatingMethodAccessorImpl	java.lang.reflect.Method	org.junit.runners.model.FrameworkMethod$1	org.junit.internal.runners.model.ReflectiveCallable	org.junit.runners.model.FrameworkMethod	org.junit.internal.runners.statements.RunBefores	org.junit.internal.runners.statements.RunBefores	org.testcontainers.containers.FailureDetectingExternalResource$1	org.junit.runners.ParentRunner$3	org.junit.runners.BlockJUnit4ClassRunner$1	org.junit.runners.ParentRunner	org.junit.runners.BlockJUnit4ClassRunner	org.junit.runners.BlockJUnit4ClassRunner	org.junit.runners.ParentRunner$4	org.junit.runners.ParentRunner$1	org.junit.runners.ParentRunner	org.junit.runners.ParentRunner	org.junit.runners.ParentRunner$2	org.junit.runners.ParentRunner$3	org.junit.runners.ParentRunner	org.apache.maven.surefire.junit4.JUnit4Provider	org.apache.maven.surefire.junit4.JUnit4Provider	org.apache.maven.surefire.junit4.JUnit4Provider	org.apache.maven.surefire.junit4.JUnit4Provider	org.apache.maven.surefire.booter.ForkedBooter	org.apache.maven.surefire.booter.ForkedBooter	org.apache.maven.surefire.booter.ForkedBooter	org.apache.maven.surefire.booter.ForkedBooter	
2022-11-29 03:10:59,126 - org.apache.skywalking.oap.server.configuration.zookeeper.it.ITZookeeperConfigurationTest -3937 [main] WARN  [] - First output{
  "test-module" : {
    "default" : {
      "testKey" : 300
    }
  },
  "configuration" : {
    "zookeeper" : {
      "period" : 1,
      "namespace" : "/default",
      "hostPort" : "${zk.address}",
      "baseSleepTimeMs" : 1000,
      "maxRetries" : 3
    }
  }
}
2022-11-29 03:10:59,127 - org.apache.skywalking.oap.server.configuration.zookeeper.it.ITZookeeperConfigurationTest -3938 [main] WARN  [] - Second output{
  "configuration" : {
    "zookeeper" : {
      "namespace" : "/valid/file2"
    }
  }
}
2022-11-29 03:10:59,128 - org.apache.skywalking.oap.server.configuration.zookeeper.it.ITZookeeperConfigurationTest -3939 [main] WARN  [] - Final output{
  "test-module" : {
    "default" : {
      "testKey" : 300
    }
  },
  "configuration" : {
    "zookeeper" : {
      "period" : 1,
      "namespace" : "/valid/file2",
      "hostPort" : "${zk.address}",
      "baseSleepTimeMs" : 1000,
      "maxRetries" : 3
    }
  }
}
2022-11-29 03:10:59,128 - org.apache.skywalking.oap.server.configuration.zookeeper.it.ITZookeeperConfigurationTest -3939 [main] INFO  [] - moduleConfig{test-module={default={testKey=300}}, configuration={zookeeper={period=1, namespace=/valid/file2, hostPort=${zk.address}, baseSleepTimeMs=1000, maxRetries=3}}}
2022-11-29 03:10:59,129 - org.apache.skywalking.oap.server.library.module.ApplicationConfiguration -3940 [main] WARN  [] - [CTEST][getModuleConfiguration] ###test-module### java.lang.Thread	org.apache.skywalking.oap.server.library.module.ApplicationConfiguration	org.apache.skywalking.oap.server.library.module.ApplicationConfiguration	org.apache.skywalking.oap.server.configuration.zookeeper.it.ITZookeeperConfigurationTest	java.util.LinkedHashMap	org.apache.skywalking.oap.server.configuration.zookeeper.it.ITZookeeperConfigurationTest	org.apache.skywalking.oap.server.configuration.zookeeper.it.ITZookeeperConfigurationTest	jdk.internal.reflect.NativeMethodAccessorImpl	jdk.internal.reflect.NativeMethodAccessorImpl	jdk.internal.reflect.DelegatingMethodAccessorImpl	java.lang.reflect.Method	org.junit.runners.model.FrameworkMethod$1	org.junit.internal.runners.model.ReflectiveCallable	org.junit.runners.model.FrameworkMethod	org.junit.internal.runners.statements.RunBefores	org.junit.internal.runners.statements.RunBefores	org.testcontainers.containers.FailureDetectingExternalResource$1	org.junit.runners.ParentRunner$3	org.junit.runners.BlockJUnit4ClassRunner$1	org.junit.runners.ParentRunner	org.junit.runners.BlockJUnit4ClassRunner	org.junit.runners.BlockJUnit4ClassRunner	org.junit.runners.ParentRunner$4	org.junit.runners.ParentRunner$1	org.junit.runners.ParentRunner	org.junit.runners.ParentRunner	org.junit.runners.ParentRunner$2	org.junit.runners.ParentRunner$3	org.junit.runners.ParentRunner	org.apache.maven.surefire.junit4.JUnit4Provider	org.apache.maven.surefire.junit4.JUnit4Provider	org.apache.maven.surefire.junit4.JUnit4Provider	org.apache.maven.surefire.junit4.JUnit4Provider	org.apache.maven.surefire.booter.ForkedBooter	org.apache.maven.surefire.booter.ForkedBooter	org.apache.maven.surefire.booter.ForkedBooter	org.apache.maven.surefire.booter.ForkedBooter	
2022-11-29 03:10:59,131 - org.apache.skywalking.oap.server.library.module.ApplicationConfiguration$ModuleConfiguration -3942 [main] WARN  [] - [CTEST][getProviderConfiguration] ###default### providers {testKey=300} java.lang.Thread	org.apache.skywalking.oap.server.library.module.ApplicationConfiguration	org.apache.skywalking.oap.server.library.module.ApplicationConfiguration	org.apache.skywalking.oap.server.library.module.ApplicationConfiguration$ModuleConfiguration	org.apache.skywalking.oap.server.configuration.zookeeper.it.ITZookeeperConfigurationTest	java.util.LinkedHashMap	org.apache.skywalking.oap.server.configuration.zookeeper.it.ITZookeeperConfigurationTest	java.util.LinkedHashMap	org.apache.skywalking.oap.server.configuration.zookeeper.it.ITZookeeperConfigurationTest	org.apache.skywalking.oap.server.configuration.zookeeper.it.ITZookeeperConfigurationTest	jdk.internal.reflect.NativeMethodAccessorImpl	jdk.internal.reflect.NativeMethodAccessorImpl	jdk.internal.reflect.DelegatingMethodAccessorImpl	java.lang.reflect.Method	org.junit.runners.model.FrameworkMethod$1	org.junit.internal.runners.model.ReflectiveCallable	org.junit.runners.model.FrameworkMethod	org.junit.internal.runners.statements.RunBefores	org.junit.internal.runners.statements.RunBefores	org.testcontainers.containers.FailureDetectingExternalResource$1	org.junit.runners.ParentRunner$3	org.junit.runners.BlockJUnit4ClassRunner$1	org.junit.runners.ParentRunner	org.junit.runners.BlockJUnit4ClassRunner	org.junit.runners.BlockJUnit4ClassRunner	org.junit.runners.ParentRunner$4	org.junit.runners.ParentRunner$1	org.junit.runners.ParentRunner	org.junit.runners.ParentRunner	org.junit.runners.ParentRunner$2	org.junit.runners.ParentRunner$3	org.junit.runners.ParentRunner	org.apache.maven.surefire.junit4.JUnit4Provider	org.apache.maven.surefire.junit4.JUnit4Provider	org.apache.maven.surefire.junit4.JUnit4Provider	org.apache.maven.surefire.junit4.JUnit4Provider	org.apache.maven.surefire.booter.ForkedBooter	org.apache.maven.surefire.booter.ForkedBooter	org.apache.maven.surefire.booter.ForkedBooter	org.apache.maven.surefire.booter.ForkedBooter	
2022-11-29 03:10:59,136 - org.apache.skywalking.oap.server.library.module.ApplicationConfiguration$PropertiesWrapper -3947 [main] INFO  [] - [CTEST][PropertiesWrapper-reset] ###testKey### ***300***
2022-11-29 03:10:59,137 - org.apache.skywalking.oap.server.library.module.ApplicationConfiguration -3948 [main] WARN  [] - [CTEST][getModuleConfiguration] ###configuration### java.lang.Thread	org.apache.skywalking.oap.server.library.module.ApplicationConfiguration	org.apache.skywalking.oap.server.library.module.ApplicationConfiguration	org.apache.skywalking.oap.server.configuration.zookeeper.it.ITZookeeperConfigurationTest	java.util.LinkedHashMap	org.apache.skywalking.oap.server.configuration.zookeeper.it.ITZookeeperConfigurationTest	org.apache.skywalking.oap.server.configuration.zookeeper.it.ITZookeeperConfigurationTest	jdk.internal.reflect.NativeMethodAccessorImpl	jdk.internal.reflect.NativeMethodAccessorImpl	jdk.internal.reflect.DelegatingMethodAccessorImpl	java.lang.reflect.Method	org.junit.runners.model.FrameworkMethod$1	org.junit.internal.runners.model.ReflectiveCallable	org.junit.runners.model.FrameworkMethod	org.junit.internal.runners.statements.RunBefores	org.junit.internal.runners.statements.RunBefores	org.testcontainers.containers.FailureDetectingExternalResource$1	org.junit.runners.ParentRunner$3	org.junit.runners.BlockJUnit4ClassRunner$1	org.junit.runners.ParentRunner	org.junit.runners.BlockJUnit4ClassRunner	org.junit.runners.BlockJUnit4ClassRunner	org.junit.runners.ParentRunner$4	org.junit.runners.ParentRunner$1	org.junit.runners.ParentRunner	org.junit.runners.ParentRunner	org.junit.runners.ParentRunner$2	org.junit.runners.ParentRunner$3	org.junit.runners.ParentRunner	org.apache.maven.surefire.junit4.JUnit4Provider	org.apache.maven.surefire.junit4.JUnit4Provider	org.apache.maven.surefire.junit4.JUnit4Provider	org.apache.maven.surefire.junit4.JUnit4Provider	org.apache.maven.surefire.booter.ForkedBooter	org.apache.maven.surefire.booter.ForkedBooter	org.apache.maven.surefire.booter.ForkedBooter	org.apache.maven.surefire.booter.ForkedBooter	
2022-11-29 03:10:59,137 - org.apache.skywalking.oap.server.library.module.ApplicationConfiguration$ModuleConfiguration -3948 [main] WARN  [] - [CTEST][getProviderConfiguration] ###zookeeper### providers {period=1, maxRetries=3, baseSleepTimeMs=1000, namespace=/valid/file2, hostPort=localhost:49479} java.lang.Thread	org.apache.skywalking.oap.server.library.module.ApplicationConfiguration	org.apache.skywalking.oap.server.library.module.ApplicationConfiguration	org.apache.skywalking.oap.server.library.module.ApplicationConfiguration$ModuleConfiguration	org.apache.skywalking.oap.server.configuration.zookeeper.it.ITZookeeperConfigurationTest	java.util.LinkedHashMap	org.apache.skywalking.oap.server.configuration.zookeeper.it.ITZookeeperConfigurationTest	java.util.LinkedHashMap	org.apache.skywalking.oap.server.configuration.zookeeper.it.ITZookeeperConfigurationTest	org.apache.skywalking.oap.server.configuration.zookeeper.it.ITZookeeperConfigurationTest	jdk.internal.reflect.NativeMethodAccessorImpl	jdk.internal.reflect.NativeMethodAccessorImpl	jdk.internal.reflect.DelegatingMethodAccessorImpl	java.lang.reflect.Method	org.junit.runners.model.FrameworkMethod$1	org.junit.internal.runners.model.ReflectiveCallable	org.junit.runners.model.FrameworkMethod	org.junit.internal.runners.statements.RunBefores	org.junit.internal.runners.statements.RunBefores	org.testcontainers.containers.FailureDetectingExternalResource$1	org.junit.runners.ParentRunner$3	org.junit.runners.BlockJUnit4ClassRunner$1	org.junit.runners.ParentRunner	org.junit.runners.BlockJUnit4ClassRunner	org.junit.runners.BlockJUnit4ClassRunner	org.junit.runners.ParentRunner$4	org.junit.runners.ParentRunner$1	org.junit.runners.ParentRunner	org.junit.runners.ParentRunner	org.junit.runners.ParentRunner$2	org.junit.runners.ParentRunner$3	org.junit.runners.ParentRunner	org.apache.maven.surefire.junit4.JUnit4Provider	org.apache.maven.surefire.junit4.JUnit4Provider	org.apache.maven.surefire.junit4.JUnit4Provider	org.apache.maven.surefire.junit4.JUnit4Provider	org.apache.maven.surefire.booter.ForkedBooter	org.apache.maven.surefire.booter.ForkedBooter	org.apache.maven.surefire.booter.ForkedBooter	org.apache.maven.surefire.booter.ForkedBooter	
2022-11-29 03:10:59,138 - org.apache.skywalking.oap.server.library.module.ApplicationConfiguration$PropertiesWrapper -3949 [main] INFO  [] - [CTEST][PropertiesWrapper-reset] ###period### ***1***
2022-11-29 03:10:59,138 - org.apache.skywalking.oap.server.library.module.ApplicationConfiguration$PropertiesWrapper -3949 [main] INFO  [] - [CTEST][PropertiesWrapper-reset] ###maxRetries### ***3***
2022-11-29 03:10:59,138 - org.apache.skywalking.oap.server.library.module.ApplicationConfiguration$PropertiesWrapper -3949 [main] INFO  [] - [CTEST][PropertiesWrapper-reset] ###baseSleepTimeMs### ***1000***
2022-11-29 03:10:59,138 - org.apache.skywalking.oap.server.library.module.ApplicationConfiguration$PropertiesWrapper -3949 [main] INFO  [] - [CTEST][PropertiesWrapper-reset] ###namespace### ***/valid/file2***
2022-11-29 03:10:59,138 - org.apache.skywalking.oap.server.library.module.ApplicationConfiguration$PropertiesWrapper -3949 [main] INFO  [] - [CTEST][PropertiesWrapper-reset] ###hostPort### ***localhost:49479***
2022-11-29 03:10:59,141 - org.apache.skywalking.oap.server.library.module.ApplicationConfiguration -3952 [main] WARN  [] - [CTEST][getModuleConfiguration] ###configuration### java.lang.Thread	org.apache.skywalking.oap.server.library.module.ApplicationConfiguration	org.apache.skywalking.oap.server.library.module.ApplicationConfiguration	org.apache.skywalking.oap.server.library.module.ModuleManager	org.apache.skywalking.oap.server.configuration.zookeeper.it.ITZookeeperConfigurationTest	jdk.internal.reflect.NativeMethodAccessorImpl	jdk.internal.reflect.NativeMethodAccessorImpl	jdk.internal.reflect.DelegatingMethodAccessorImpl	java.lang.reflect.Method	org.junit.runners.model.FrameworkMethod$1	org.junit.internal.runners.model.ReflectiveCallable	org.junit.runners.model.FrameworkMethod	org.junit.internal.runners.statements.RunBefores	org.junit.internal.runners.statements.RunBefores	org.testcontainers.containers.FailureDetectingExternalResource$1	org.junit.runners.ParentRunner$3	org.junit.runners.BlockJUnit4ClassRunner$1	org.junit.runners.ParentRunner	org.junit.runners.BlockJUnit4ClassRunner	org.junit.runners.BlockJUnit4ClassRunner	org.junit.runners.ParentRunner$4	org.junit.runners.ParentRunner$1	org.junit.runners.ParentRunner	org.junit.runners.ParentRunner	org.junit.runners.ParentRunner$2	org.junit.runners.ParentRunner$3	org.junit.runners.ParentRunner	org.apache.maven.surefire.junit4.JUnit4Provider	org.apache.maven.surefire.junit4.JUnit4Provider	org.apache.maven.surefire.junit4.JUnit4Provider	org.apache.maven.surefire.junit4.JUnit4Provider	org.apache.maven.surefire.booter.ForkedBooter	org.apache.maven.surefire.booter.ForkedBooter	org.apache.maven.surefire.booter.ForkedBooter	org.apache.maven.surefire.booter.ForkedBooter	
2022-11-29 03:10:59,176 - org.apache.skywalking.oap.server.library.module.ModuleDefine -3987 [main] INFO  [] - Prepare the zookeeper provider in configuration module.
2022-11-29 03:10:59,177 - org.apache.skywalking.oap.server.library.module.ApplicationConfiguration$ModuleConfiguration -3988 [main] WARN  [] - [CTEST][getProviderConfiguration] ###zookeeper### providers {period=1, maxRetries=3, baseSleepTimeMs=1000, namespace=/valid/file2, hostPort=localhost:49479} java.lang.Thread	org.apache.skywalking.oap.server.library.module.ApplicationConfiguration	org.apache.skywalking.oap.server.library.module.ApplicationConfiguration	org.apache.skywalking.oap.server.library.module.ApplicationConfiguration$ModuleConfiguration	org.apache.skywalking.oap.server.library.module.ModuleDefine	org.apache.skywalking.oap.server.library.module.ModuleManager	org.apache.skywalking.oap.server.configuration.zookeeper.it.ITZookeeperConfigurationTest	jdk.internal.reflect.NativeMethodAccessorImpl	jdk.internal.reflect.NativeMethodAccessorImpl	jdk.internal.reflect.DelegatingMethodAccessorImpl	java.lang.reflect.Method	org.junit.runners.model.FrameworkMethod$1	org.junit.internal.runners.model.ReflectiveCallable	org.junit.runners.model.FrameworkMethod	org.junit.internal.runners.statements.RunBefores	org.junit.internal.runners.statements.RunBefores	org.testcontainers.containers.FailureDetectingExternalResource$1	org.junit.runners.ParentRunner$3	org.junit.runners.BlockJUnit4ClassRunner$1	org.junit.runners.ParentRunner	org.junit.runners.BlockJUnit4ClassRunner	org.junit.runners.BlockJUnit4ClassRunner	org.junit.runners.ParentRunner$4	org.junit.runners.ParentRunner$1	org.junit.runners.ParentRunner	org.junit.runners.ParentRunner	org.junit.runners.ParentRunner$2	org.junit.runners.ParentRunner$3	org.junit.runners.ParentRunner	org.apache.maven.surefire.junit4.JUnit4Provider	org.apache.maven.surefire.junit4.JUnit4Provider	org.apache.maven.surefire.junit4.JUnit4Provider	org.apache.maven.surefire.junit4.JUnit4Provider	org.apache.maven.surefire.booter.ForkedBooter	org.apache.maven.surefire.booter.ForkedBooter	org.apache.maven.surefire.booter.ForkedBooter	org.apache.maven.surefire.booter.ForkedBooter	
2022-11-29 03:10:59,177 - org.apache.skywalking.oap.server.library.module.ModuleDefine -3988 [main] INFO  [] - copyPropertiesZookeeperServerSettings(namespace=/default, hostPort=null, baseSleepTimeMs=1000, maxRetries=3, period=60) {period=1, maxRetries=3, baseSleepTimeMs=1000, namespace=/valid/file2, hostPort=localhost:49479} configuration zookeeper
2022-11-29 03:10:59,177 - org.apache.skywalking.oap.server.library.module.ApplicationConfiguration$ModuleConfiguration -3988 [main] WARN  [] - [CTEST][getProviderConfiguration] ###zookeeper### providers {period=1, maxRetries=3, baseSleepTimeMs=1000, namespace=/valid/file2, hostPort=localhost:49479} java.lang.Thread	org.apache.skywalking.oap.server.library.module.ApplicationConfiguration	org.apache.skywalking.oap.server.library.module.ApplicationConfiguration	org.apache.skywalking.oap.server.library.module.ApplicationConfiguration$ModuleConfiguration	org.apache.skywalking.oap.server.library.module.ModuleDefine	org.apache.skywalking.oap.server.library.module.ModuleManager	org.apache.skywalking.oap.server.configuration.zookeeper.it.ITZookeeperConfigurationTest	jdk.internal.reflect.NativeMethodAccessorImpl	jdk.internal.reflect.NativeMethodAccessorImpl	jdk.internal.reflect.DelegatingMethodAccessorImpl	java.lang.reflect.Method	org.junit.runners.model.FrameworkMethod$1	org.junit.internal.runners.model.ReflectiveCallable	org.junit.runners.model.FrameworkMethod	org.junit.internal.runners.statements.RunBefores	org.junit.internal.runners.statements.RunBefores	org.testcontainers.containers.FailureDetectingExternalResource$1	org.junit.runners.ParentRunner$3	org.junit.runners.BlockJUnit4ClassRunner$1	org.junit.runners.ParentRunner	org.junit.runners.BlockJUnit4ClassRunner	org.junit.runners.BlockJUnit4ClassRunner	org.junit.runners.ParentRunner$4	org.junit.runners.ParentRunner$1	org.junit.runners.ParentRunner	org.junit.runners.ParentRunner	org.junit.runners.ParentRunner$2	org.junit.runners.ParentRunner$3	org.junit.runners.ParentRunner	org.apache.maven.surefire.junit4.JUnit4Provider	org.apache.maven.surefire.junit4.JUnit4Provider	org.apache.maven.surefire.junit4.JUnit4Provider	org.apache.maven.surefire.junit4.JUnit4Provider	org.apache.maven.surefire.booter.ForkedBooter	org.apache.maven.surefire.booter.ForkedBooter	org.apache.maven.surefire.booter.ForkedBooter	org.apache.maven.surefire.booter.ForkedBooter	
2022-11-29 03:10:59,178 - org.apache.skywalking.oap.server.library.module.ApplicationConfiguration$PropertiesWrapper -3989 [main] INFO  [] - [CTEST][PropertiesWrapper] ###namespace### test
2022-11-29 03:10:59,178 - org.apache.skywalking.oap.server.library.module.ApplicationConfiguration$PropertiesWrapper -3989 [main] INFO  [] - [CTEST][PropertiesWrapper] ###hostPort### test
2022-11-29 03:10:59,178 - org.apache.skywalking.oap.server.library.module.ApplicationConfiguration$PropertiesWrapper -3989 [main] INFO  [] - [CTEST][PropertiesWrapper] ###period### test
2022-11-29 03:10:59,178 - org.apache.skywalking.oap.server.library.module.ApplicationConfiguration$PropertiesWrapper -3989 [main] INFO  [] - [CTEST][PropertiesWrapper] ###baseSleepTimeMs### test
2022-11-29 03:10:59,178 - org.apache.skywalking.oap.server.library.module.ApplicationConfiguration$PropertiesWrapper -3989 [main] INFO  [] - [CTEST][PropertiesWrapper] ###maxRetries### test
2022-11-29 03:10:59,247 - org.apache.zookeeper.ZooKeeper -4058 [main] INFO  [] - Client environment:zookeeper.version=3.5.7-f0fdd52973d373ffd9c86b81d99842dc2c7f660e, built on 02/10/2020 11:30 GMT
2022-11-29 03:10:59,247 - org.apache.zookeeper.ZooKeeper -4058 [main] INFO  [] - Client environment:host.name=fa22-cs527-049.cs.illinois.edu
2022-11-29 03:10:59,247 - org.apache.zookeeper.ZooKeeper -4058 [main] INFO  [] - Client environment:java.version=11.0.17
2022-11-29 03:10:59,248 - org.apache.zookeeper.ZooKeeper -4059 [main] INFO  [] - Client environment:java.vendor=Ubuntu
2022-11-29 03:10:59,248 - org.apache.zookeeper.ZooKeeper -4059 [main] INFO  [] - Client environment:java.home=/usr/lib/jvm/java-11-openjdk-amd64
2022-11-29 03:10:59,248 - org.apache.zookeeper.ZooKeeper -4059 [main] INFO  [] - Client environment:java.class.path=/home/sk117/final-project/copy/apache-skywalking-apm-9.2.0/oap-server/server-configuration/configuration-zookeeper/target/test-classes:/home/sk117/final-project/copy/apache-skywalking-apm-9.2.0/oap-server/server-configuration/configuration-zookeeper/target/classes:/home/sk117/.m2/repository/org/apache/skywalking/configuration-api/9.2.0/configuration-api-9.2.0.jar:/home/sk117/.m2/repository/org/apache/skywalking/library-module/9.2.0/library-module-9.2.0.jar:/home/sk117/.m2/repository/org/apache/skywalking/library-client/9.2.0/library-client-9.2.0.jar:/home/sk117/.m2/repository/org/apache/skywalking/library-util/9.2.0/library-util-9.2.0.jar:/home/sk117/.m2/repository/joda-time/joda-time/2.10.5/joda-time-2.10.5.jar:/home/sk117/.m2/repository/com/google/protobuf/protobuf-java/3.19.4/protobuf-java-3.19.4.jar:/home/sk117/.m2/repository/com/google/protobuf/protobuf-java-util/3.19.4/protobuf-java-util-3.19.4.jar:/home/sk117/.m2/repository/com/google/j2objc/j2objc-annotations/1.3/j2objc-annotations-1.3.jar:/home/sk117/.m2/repository/org/apache/commons/commons-text/1.4/commons-text-1.4.jar:/home/sk117/.m2/repository/org/apache/commons/commons-lang3/3.12.0/commons-lang3-3.12.0.jar:/home/sk117/.m2/repository/org/yaml/snakeyaml/1.28/snakeyaml-1.28.jar:/home/sk117/.m2/repository/org/apache/skywalking/library-elasticsearch-client/9.2.0/library-elasticsearch-client-9.2.0.jar:/home/sk117/.m2/repository/com/linecorp/armeria/armeria/1.16.0/armeria-1.16.0.jar:/home/sk117/.m2/repository/com/fasterxml/jackson/core/jackson-core/2.13.2/jackson-core-2.13.2.jar:/home/sk117/.m2/repository/io/micrometer/micrometer-core/1.8.5/micrometer-core-1.8.5.jar:/home/sk117/.m2/repository/org/hdrhistogram/HdrHistogram/2.1.12/HdrHistogram-2.1.12.jar:/home/sk117/.m2/repository/org/latencyutils/LatencyUtils/2.0.3/LatencyUtils-2.0.3.jar:/home/sk117/.m2/repository/io/netty/netty-codec-haproxy/4.1.77.Final/netty-codec-haproxy-4.1.77.Final.jar:/home/sk117/.m2/repository/io/netty/netty-resolver-dns/4.1.77.Final/netty-resolver-dns-4.1.77.Final.jar:/home/sk117/.m2/repository/io/netty/netty-codec-dns/4.1.77.Final/netty-codec-dns-4.1.77.Final.jar:/home/sk117/.m2/repository/org/reactivestreams/reactive-streams/1.0.3/reactive-streams-1.0.3.jar:/home/sk117/.m2/repository/io/netty/netty-resolver-dns-native-macos/4.1.77.Final/netty-resolver-dns-native-macos-4.1.77.Final-osx-x86_64.jar:/home/sk117/.m2/repository/io/netty/netty-resolver-dns-classes-macos/4.1.77.Final/netty-resolver-dns-classes-macos-4.1.77.Final.jar:/home/sk117/.m2/repository/io/netty/netty-resolver-dns-native-macos/4.1.77.Final/netty-resolver-dns-native-macos-4.1.77.Final-osx-aarch_64.jar:/home/sk117/.m2/repository/io/netty/netty-transport-native-unix-common/4.1.77.Final/netty-transport-native-unix-common-4.1.77.Final-linux-x86_64.jar:/home/sk117/.m2/repository/io/netty/netty-transport-native-epoll/4.1.77.Final/netty-transport-native-epoll-4.1.77.Final-linux-x86_64.jar:/home/sk117/.m2/repository/io/netty/netty-transport-native-unix-common/4.1.77.Final/netty-transport-native-unix-common-4.1.77.Final.jar:/home/sk117/.m2/repository/io/netty/netty-transport-classes-epoll/4.1.77.Final/netty-transport-classes-epoll-4.1.77.Final.jar:/home/sk117/.m2/repository/io/netty/netty-tcnative-boringssl-static/2.0.52.Final/netty-tcnative-boringssl-static-2.0.52.Final-linux-x86_64.jar:/home/sk117/.m2/repository/io/netty/netty-tcnative-classes/2.0.52.Final/netty-tcnative-classes-2.0.52.Final.jar:/home/sk117/.m2/repository/io/netty/netty-tcnative-boringssl-static/2.0.52.Final/netty-tcnative-boringssl-static-2.0.52.Final-linux-aarch_64.jar:/home/sk117/.m2/repository/io/netty/netty-tcnative-boringssl-static/2.0.52.Final/netty-tcnative-boringssl-static-2.0.52.Final-osx-x86_64.jar:/home/sk117/.m2/repository/io/netty/netty-tcnative-boringssl-static/2.0.52.Final/netty-tcnative-boringssl-static-2.0.52.Final-osx-aarch_64.jar:/home/sk117/.m2/repository/io/netty/netty-tcnative-boringssl-static/2.0.52.Final/netty-tcnative-boringssl-static-2.0.52.Final-windows-x86_64.jar:/home/sk117/.m2/repository/com/aayushatharva/brotli4j/brotli4j/1.7.1/brotli4j-1.7.1.jar:/home/sk117/.m2/repository/io/grpc/grpc-core/1.46.0/grpc-core-1.46.0.jar:/home/sk117/.m2/repository/io/grpc/grpc-api/1.46.0/grpc-api-1.46.0.jar:/home/sk117/.m2/repository/io/grpc/grpc-context/1.46.0/grpc-context-1.46.0.jar:/home/sk117/.m2/repository/org/codehaus/mojo/animal-sniffer-annotations/1.19/animal-sniffer-annotations-1.19.jar:/home/sk117/.m2/repository/io/perfmark/perfmark-api/0.25.0/perfmark-api-0.25.0.jar:/home/sk117/.m2/repository/io/grpc/grpc-netty/1.46.0/grpc-netty-1.46.0.jar:/home/sk117/.m2/repository/io/netty/netty-codec-http2/4.1.77.Final/netty-codec-http2-4.1.77.Final.jar:/home/sk117/.m2/repository/io/netty/netty-common/4.1.77.Final/netty-common-4.1.77.Final.jar:/home/sk117/.m2/repository/io/netty/netty-buffer/4.1.77.Final/netty-buffer-4.1.77.Final.jar:/home/sk117/.m2/repository/io/netty/netty-transport/4.1.77.Final/netty-transport-4.1.77.Final.jar:/home/sk117/.m2/repository/io/netty/netty-codec/4.1.77.Final/netty-codec-4.1.77.Final.jar:/home/sk117/.m2/repository/io/netty/netty-codec-http/4.1.77.Final/netty-codec-http-4.1.77.Final.jar:/home/sk117/.m2/repository/io/netty/netty-handler/4.1.77.Final/netty-handler-4.1.77.Final.jar:/home/sk117/.m2/repository/io/netty/netty-resolver/4.1.77.Final/netty-resolver-4.1.77.Final.jar:/home/sk117/.m2/repository/io/netty/netty-handler-proxy/4.1.77.Final/netty-handler-proxy-4.1.77.Final.jar:/home/sk117/.m2/repository/io/netty/netty-codec-socks/4.1.77.Final/netty-codec-socks-4.1.77.Final.jar:/home/sk117/.m2/repository/com/google/code/gson/gson/2.9.0/gson-2.9.0.jar:/home/sk117/.m2/repository/com/zaxxer/HikariCP/3.1.0/HikariCP-3.1.0.jar:/home/sk117/.m2/repository/org/slf4j/jcl-over-slf4j/1.7.30/jcl-over-slf4j-1.7.30.jar:/home/sk117/.m2/repository/org/apache/skywalking/cluster-zookeeper-plugin/9.2.0/cluster-zookeeper-plugin-9.2.0.jar:/home/sk117/.m2/repository/org/apache/skywalking/server-core/9.2.0/server-core-9.2.0.jar:/home/sk117/.m2/repository/org/apache/skywalking/telemetry-api/9.2.0/telemetry-api-9.2.0.jar:/home/sk117/.m2/repository/org/apache/skywalking/library-server/9.2.0/library-server-9.2.0.jar:/home/sk117/.m2/repository/io/grpc/grpc-protobuf/1.46.0/grpc-protobuf-1.46.0.jar:/home/sk117/.m2/repository/com/google/api/grpc/proto-google-common-protos/2.0.1/proto-google-common-protos-2.0.1.jar:/home/sk117/.m2/repository/io/grpc/grpc-protobuf-lite/1.46.0/grpc-protobuf-lite-1.46.0.jar:/home/sk117/.m2/repository/io/grpc/grpc-stub/1.46.0/grpc-stub-1.46.0.jar:/home/sk117/.m2/repository/com/linecorp/armeria/armeria-protobuf/1.16.0/armeria-protobuf-1.16.0.jar:/home/sk117/.m2/repository/org/apache/skywalking/library-datacarrier-queue/9.2.0/library-datacarrier-queue-9.2.0.jar:/home/sk117/.m2/repository/org/apache/skywalking/apm-network/9.2.0/apm-network-9.2.0.jar:/home/sk117/.m2/repository/io/netty/netty-tcnative-boringssl-static/2.0.52.Final/netty-tcnative-boringssl-static-2.0.52.Final.jar:/home/sk117/.m2/repository/org/javassist/javassist/3.25.0-GA/javassist-3.25.0-GA.jar:/home/sk117/.m2/repository/io/vavr/vavr/0.10.3/vavr-0.10.3.jar:/home/sk117/.m2/repository/io/vavr/vavr-match/0.10.3/vavr-match-0.10.3.jar:/home/sk117/.m2/repository/io/zipkin/zipkin2/zipkin/2.23.16/zipkin-2.23.16.jar:/home/sk117/.m2/repository/org/apache/curator/curator-x-discovery/4.3.0/curator-x-discovery-4.3.0.jar:/home/sk117/.m2/repository/org/apache/curator/curator-recipes/4.3.0/curator-recipes-4.3.0.jar:/home/sk117/.m2/repository/org/apache/curator/curator-framework/4.3.0/curator-framework-4.3.0.jar:/home/sk117/.m2/repository/org/apache/curator/curator-client/4.3.0/curator-client-4.3.0.jar:/home/sk117/.m2/repository/org/apache/zookeeper/zookeeper/3.5.7/zookeeper-3.5.7.jar:/home/sk117/.m2/repository/org/apache/zookeeper/zookeeper-jute/3.5.7/zookeeper-jute-3.5.7.jar:/home/sk117/.m2/repository/org/apache/yetus/audience-annotations/0.5.0/audience-annotations-0.5.0.jar:/home/sk117/.m2/repository/io/netty/netty-transport-native-epoll/4.1.77.Final/netty-transport-native-epoll-4.1.77.Final.jar:/home/sk117/.m2/repository/com/fasterxml/jackson/core/jackson-databind/2.13.2.2/jackson-databind-2.13.2.2.jar:/home/sk117/.m2/repository/org/slf4j/slf4j-api/1.7.30/slf4j-api-1.7.30.jar:/home/sk117/.m2/repository/org/slf4j/log4j-over-slf4j/1.7.30/log4j-over-slf4j-1.7.30.jar:/home/sk117/.m2/repository/org/apache/logging/log4j/log4j-core/2.17.1/log4j-core-2.17.1.jar:/home/sk117/.m2/repository/org/apache/logging/log4j/log4j-api/2.17.1/log4j-api-2.17.1.jar:/home/sk117/.m2/repository/org/apache/logging/log4j/log4j-slf4j-impl/2.17.1/log4j-slf4j-impl-2.17.1.jar:/home/sk117/.m2/repository/com/google/guava/guava/31.1-jre/guava-31.1-jre.jar:/home/sk117/.m2/repository/com/google/guava/failureaccess/1.0.1/failureaccess-1.0.1.jar:/home/sk117/.m2/repository/com/google/guava/listenablefuture/9999.0-empty-to-avoid-conflict-with-guava/listenablefuture-9999.0-empty-to-avoid-conflict-with-guava.jar:/home/sk117/.m2/repository/com/google/code/findbugs/jsr305/3.0.2/jsr305-3.0.2.jar:/home/sk117/.m2/repository/org/checkerframework/checker-qual/3.12.0/checker-qual-3.12.0.jar:/home/sk117/.m2/repository/org/testcontainers/testcontainers/1.15.3/testcontainers-1.15.3.jar:/home/sk117/.m2/repository/org/apache/commons/commons-compress/1.21/commons-compress-1.21.jar:/home/sk117/.m2/repository/org/rnorth/duct-tape/duct-tape/1.0.8/duct-tape-1.0.8.jar:/home/sk117/.m2/repository/org/rnorth/visible-assertions/visible-assertions/2.1.2/visible-assertions-2.1.2.jar:/home/sk117/.m2/repository/net/java/dev/jna/jna/5.2.0/jna-5.2.0.jar:/home/sk117/.m2/repository/com/github/docker-java/docker-java-api/3.2.8/docker-java-api-3.2.8.jar:/home/sk117/.m2/repository/com/fasterxml/jackson/core/jackson-annotations/2.13.2/jackson-annotations-2.13.2.jar:/home/sk117/.m2/repository/com/github/docker-java/docker-java-transport-zerodep/3.2.8/docker-java-transport-zerodep-3.2.8.jar:/home/sk117/.m2/repository/com/github/docker-java/docker-java-transport/3.2.8/docker-java-transport-3.2.8.jar:/home/sk117/.m2/repository/com/google/errorprone/error_prone_annotations/2.11.0/error_prone_annotations-2.11.0.jar:/home/sk117/.m2/repository/junit/junit/4.13.1/junit-4.13.1.jar:/home/sk117/.m2/repository/org/hamcrest/hamcrest-core/1.3/hamcrest-core-1.3.jar:/home/sk117/.m2/repository/org/powermock/powermock-module-junit4/2.0.7/powermock-module-junit4-2.0.7.jar:/home/sk117/.m2/repository/org/powermock/powermock-module-junit4-common/2.0.7/powermock-module-junit4-common-2.0.7.jar:/home/sk117/.m2/repository/org/powermock/powermock-reflect/2.0.7/powermock-reflect-2.0.7.jar:/home/sk117/.m2/repository/net/bytebuddy/byte-buddy/1.9.10/byte-buddy-1.9.10.jar:/home/sk117/.m2/repository/net/bytebuddy/byte-buddy-agent/1.9.10/byte-buddy-agent-1.9.10.jar:/home/sk117/.m2/repository/org/powermock/powermock-core/2.0.7/powermock-core-2.0.7.jar:/home/sk117/.m2/repository/org/powermock/powermock-api-mockito2/2.0.7/powermock-api-mockito2-2.0.7.jar:/home/sk117/.m2/repository/org/powermock/powermock-api-support/2.0.7/powermock-api-support-2.0.7.jar:/home/sk117/.m2/repository/org/mockito/mockito-core/3.5.13/mockito-core-3.5.13.jar:/home/sk117/.m2/repository/org/objenesis/objenesis/3.1/objenesis-3.1.jar:/home/sk117/.m2/repository/org/assertj/assertj-core/3.20.2/assertj-core-3.20.2.jar:/home/sk117/.m2/repository/org/openjdk/jmh/jmh-core/1.21/jmh-core-1.21.jar:/home/sk117/.m2/repository/net/sf/jopt-simple/jopt-simple/4.6/jopt-simple-4.6.jar:/home/sk117/.m2/repository/org/apache/commons/commons-math3/3.2/commons-math3-3.2.jar:/home/sk117/.m2/repository/org/projectlombok/lombok/1.18.22/lombok-1.18.22.jar:/home/sk117/.m2/repository/javax/annotation/javax.annotation-api/1.3.2/javax.annotation-api-1.3.2.jar:
2022-11-29 03:10:59,256 - org.apache.zookeeper.ZooKeeper -4067 [main] INFO  [] - Client environment:java.library.path=/usr/java/packages/lib:/usr/lib/x86_64-linux-gnu/jni:/lib/x86_64-linux-gnu:/usr/lib/x86_64-linux-gnu:/usr/lib/jni:/lib:/usr/lib
2022-11-29 03:10:59,257 - org.apache.zookeeper.ZooKeeper -4068 [main] INFO  [] - Client environment:java.io.tmpdir=/tmp
2022-11-29 03:10:59,257 - org.apache.zookeeper.ZooKeeper -4068 [main] INFO  [] - Client environment:java.compiler=<NA>
2022-11-29 03:10:59,257 - org.apache.zookeeper.ZooKeeper -4068 [main] INFO  [] - Client environment:os.name=Linux
2022-11-29 03:10:59,257 - org.apache.zookeeper.ZooKeeper -4068 [main] INFO  [] - Client environment:os.arch=amd64
2022-11-29 03:10:59,257 - org.apache.zookeeper.ZooKeeper -4068 [main] INFO  [] - Client environment:os.version=5.4.0-132-generic
2022-11-29 03:10:59,257 - org.apache.zookeeper.ZooKeeper -4068 [main] INFO  [] - Client environment:user.name=sk117
2022-11-29 03:10:59,257 - org.apache.zookeeper.ZooKeeper -4068 [main] INFO  [] - Client environment:user.home=/home/sk117
2022-11-29 03:10:59,257 - org.apache.zookeeper.ZooKeeper -4068 [main] INFO  [] - Client environment:user.dir=/home/sk117/final-project/copy/apache-skywalking-apm-9.2.0/oap-server/server-configuration/configuration-zookeeper
2022-11-29 03:10:59,257 - org.apache.zookeeper.ZooKeeper -4068 [main] INFO  [] - Client environment:os.memory.free=41MB
2022-11-29 03:10:59,257 - org.apache.zookeeper.ZooKeeper -4068 [main] INFO  [] - Client environment:os.memory.max=496MB
2022-11-29 03:10:59,264 - org.apache.zookeeper.ZooKeeper -4075 [main] INFO  [] - Client environment:os.memory.total=62MB
2022-11-29 03:10:59,265 - org.apache.curator.utils.Compatibility -4076 [main] INFO  [] - Using emulated InjectSessionExpiration
2022-11-29 03:10:59,301 - org.apache.curator.framework.imps.CuratorFrameworkImpl -4112 [main] INFO  [] - Starting
2022-11-29 03:10:59,315 - org.apache.zookeeper.ZooKeeper -4126 [main] INFO  [] - Initiating client connection, connectString=localhost:49479 sessionTimeout=60000 watcher=org.apache.curator.ConnectionState@629adce
2022-11-29 03:10:59,323 - org.apache.zookeeper.common.X509Util -4134 [main] INFO  [] - Setting -D jdk.tls.rejectClientInitiatedRenegotiation=true to disable client-initiated TLS renegotiation
2022-11-29 03:10:59,327 - org.apache.zookeeper.ClientCnxnSocket -4138 [main] INFO  [] - jute.maxbuffer value is 4194304 Bytes
2022-11-29 03:10:59,332 - org.apache.zookeeper.ClientCnxn -4143 [main] INFO  [] - zookeeper.request.timeout value is 0. feature enabled=
2022-11-29 03:10:59,342 - org.apache.curator.framework.imps.CuratorFrameworkImpl -4153 [main] INFO  [] - Default schema
2022-11-29 03:10:59,350 - org.apache.zookeeper.ClientCnxn -4161 [main-SendThread(localhost:49479)] INFO  [] - Opening socket connection to server localhost/127.0.0.1:49479. Will not attempt to authenticate using SASL (unknown error)
2022-11-29 03:10:59,362 - org.apache.zookeeper.ClientCnxn -4173 [main-SendThread(localhost:49479)] INFO  [] - Socket connection established, initiating session, client: /127.0.0.1:58550, server: localhost/127.0.0.1:49479
2022-11-29 03:10:59,367 - org.apache.skywalking.oap.server.library.module.ApplicationConfiguration -4178 [main] WARN  [] - [CTEST][getModuleConfiguration] ###test-module### java.lang.Thread	org.apache.skywalking.oap.server.library.module.ApplicationConfiguration	org.apache.skywalking.oap.server.library.module.ApplicationConfiguration	org.apache.skywalking.oap.server.library.module.ModuleManager	org.apache.skywalking.oap.server.configuration.zookeeper.it.ITZookeeperConfigurationTest	jdk.internal.reflect.NativeMethodAccessorImpl	jdk.internal.reflect.NativeMethodAccessorImpl	jdk.internal.reflect.DelegatingMethodAccessorImpl	java.lang.reflect.Method	org.junit.runners.model.FrameworkMethod$1	org.junit.internal.runners.model.ReflectiveCallable	org.junit.runners.model.FrameworkMethod	org.junit.internal.runners.statements.RunBefores	org.junit.internal.runners.statements.RunBefores	org.testcontainers.containers.FailureDetectingExternalResource$1	org.junit.runners.ParentRunner$3	org.junit.runners.BlockJUnit4ClassRunner$1	org.junit.runners.ParentRunner	org.junit.runners.BlockJUnit4ClassRunner	org.junit.runners.BlockJUnit4ClassRunner	org.junit.runners.ParentRunner$4	org.junit.runners.ParentRunner$1	org.junit.runners.ParentRunner	org.junit.runners.ParentRunner	org.junit.runners.ParentRunner$2	org.junit.runners.ParentRunner$3	org.junit.runners.ParentRunner	org.apache.maven.surefire.junit4.JUnit4Provider	org.apache.maven.surefire.junit4.JUnit4Provider	org.apache.maven.surefire.junit4.JUnit4Provider	org.apache.maven.surefire.junit4.JUnit4Provider	org.apache.maven.surefire.booter.ForkedBooter	org.apache.maven.surefire.booter.ForkedBooter	org.apache.maven.surefire.booter.ForkedBooter	org.apache.maven.surefire.booter.ForkedBooter	
2022-11-29 03:10:59,368 - org.apache.skywalking.oap.server.library.module.ModuleDefine -4179 [main] INFO  [] - Prepare the default provider in test-module module.
2022-11-29 03:10:59,370 - org.apache.skywalking.oap.server.library.module.ApplicationConfiguration$ModuleConfiguration -4181 [main] WARN  [] - [CTEST][getProviderConfiguration] ###default### providers {testKey=300} java.lang.Thread	org.apache.skywalking.oap.server.library.module.ApplicationConfiguration	org.apache.skywalking.oap.server.library.module.ApplicationConfiguration	org.apache.skywalking.oap.server.library.module.ApplicationConfiguration$ModuleConfiguration	org.apache.skywalking.oap.server.library.module.ModuleDefine	org.apache.skywalking.oap.server.library.module.ModuleManager	org.apache.skywalking.oap.server.configuration.zookeeper.it.ITZookeeperConfigurationTest	jdk.internal.reflect.NativeMethodAccessorImpl	jdk.internal.reflect.NativeMethodAccessorImpl	jdk.internal.reflect.DelegatingMethodAccessorImpl	java.lang.reflect.Method	org.junit.runners.model.FrameworkMethod$1	org.junit.internal.runners.model.ReflectiveCallable	org.junit.runners.model.FrameworkMethod	org.junit.internal.runners.statements.RunBefores	org.junit.internal.runners.statements.RunBefores	org.testcontainers.containers.FailureDetectingExternalResource$1	org.junit.runners.ParentRunner$3	org.junit.runners.BlockJUnit4ClassRunner$1	org.junit.runners.ParentRunner	org.junit.runners.BlockJUnit4ClassRunner	org.junit.runners.BlockJUnit4ClassRunner	org.junit.runners.ParentRunner$4	org.junit.runners.ParentRunner$1	org.junit.runners.ParentRunner	org.junit.runners.ParentRunner	org.junit.runners.ParentRunner$2	org.junit.runners.ParentRunner$3	org.junit.runners.ParentRunner	org.apache.maven.surefire.junit4.JUnit4Provider	org.apache.maven.surefire.junit4.JUnit4Provider	org.apache.maven.surefire.junit4.JUnit4Provider	org.apache.maven.surefire.junit4.JUnit4Provider	org.apache.maven.surefire.booter.ForkedBooter	org.apache.maven.surefire.booter.ForkedBooter	org.apache.maven.surefire.booter.ForkedBooter	org.apache.maven.surefire.booter.ForkedBooter	
2022-11-29 03:10:59,371 - org.apache.skywalking.oap.server.library.module.ModuleDefine -4182 [main] INFO  [] - copyPropertiesorg.apache.skywalking.oap.server.configuration.zookeeper.it.MockZookeeperConfigurationProvider$1@6fca5907 {testKey=300} test-module default
2022-11-29 03:10:59,377 - org.apache.skywalking.oap.server.library.module.ApplicationConfiguration$ModuleConfiguration -4188 [main] WARN  [] - [CTEST][getProviderConfiguration] ###default### providers {testKey=300} java.lang.Thread	org.apache.skywalking.oap.server.library.module.ApplicationConfiguration	org.apache.skywalking.oap.server.library.module.ApplicationConfiguration	org.apache.skywalking.oap.server.library.module.ApplicationConfiguration$ModuleConfiguration	org.apache.skywalking.oap.server.library.module.ModuleDefine	org.apache.skywalking.oap.server.library.module.ModuleManager	org.apache.skywalking.oap.server.configuration.zookeeper.it.ITZookeeperConfigurationTest	jdk.internal.reflect.NativeMethodAccessorImpl	jdk.internal.reflect.NativeMethodAccessorImpl	jdk.internal.reflect.DelegatingMethodAccessorImpl	java.lang.reflect.Method	org.junit.runners.model.FrameworkMethod$1	org.junit.internal.runners.model.ReflectiveCallable	org.junit.runners.model.FrameworkMethod	org.junit.internal.runners.statements.RunBefores	org.junit.internal.runners.statements.RunBefores	org.testcontainers.containers.FailureDetectingExternalResource$1	org.junit.runners.ParentRunner$3	org.junit.runners.BlockJUnit4ClassRunner$1	org.junit.runners.ParentRunner	org.junit.runners.BlockJUnit4ClassRunner	org.junit.runners.BlockJUnit4ClassRunner	org.junit.runners.ParentRunner$4	org.junit.runners.ParentRunner$1	org.junit.runners.ParentRunner	org.junit.runners.ParentRunner	org.junit.runners.ParentRunner$2	org.junit.runners.ParentRunner$3	org.junit.runners.ParentRunner	org.apache.maven.surefire.junit4.JUnit4Provider	org.apache.maven.surefire.junit4.JUnit4Provider	org.apache.maven.surefire.junit4.JUnit4Provider	org.apache.maven.surefire.junit4.JUnit4Provider	org.apache.maven.surefire.booter.ForkedBooter	org.apache.maven.surefire.booter.ForkedBooter	org.apache.maven.surefire.booter.ForkedBooter	org.apache.maven.surefire.booter.ForkedBooter	
2022-11-29 03:10:59,377 - org.apache.skywalking.oap.server.library.module.ModuleDefine -4188 [main] WARN  [] - testKey setting is not supported in default provider of test-module module
2022-11-29 03:10:59,397 - org.apache.zookeeper.ClientCnxn -4208 [main-SendThread(localhost:49479)] INFO  [] - Session establishment complete on server localhost/127.0.0.1:49479, sessionid = 0x1000216455b0000, negotiated timeout = 40000
2022-11-29 03:10:59,404 - org.apache.curator.framework.state.ConnectionStateManager -4215 [main-EventThread] INFO  [] - State change: CONNECTED
2022-11-29 03:10:59,411 - org.apache.skywalking.oap.server.library.module.ModuleDefine -4222 [main] INFO  [] - ModuleProvider provider org.apache.skywalking.oap.server.configuration.zookeeper.it.MockZookeeperConfigurationProvider@554cd74a
2022-11-29 03:10:59,416 - org.apache.skywalking.oap.server.library.module.ModuleDefine -4227 [main] INFO  [] - ModuleProvider provider org.apache.skywalking.oap.server.configuration.zookeeper.it.MockZookeeperConfigurationProvider@554cd74a
2022-11-29 03:10:59,417 - org.apache.skywalking.oap.server.library.module.ModuleDefine -4228 [main] INFO  [] - ModuleProvider provider org.apache.skywalking.oap.server.configuration.zookeeper.ZookeeperConfigurationProvider@37ed010a
2022-11-29 03:10:59,417 - org.apache.skywalking.oap.server.library.module.ModuleDefine -4228 [main] INFO  [] - ModuleProvider provider org.apache.skywalking.oap.server.configuration.zookeeper.ZookeeperConfigurationProvider@37ed010a
2022-11-29 03:10:59,417 - org.apache.skywalking.oap.server.library.module.BootstrapFlow -4228 [main] INFO  [] - start the provider zookeeper in configuration module.
2022-11-29 03:10:59,417 - org.apache.skywalking.oap.server.library.module.BootstrapFlow -4228 [main] INFO  [] - start the provider default in test-module module.
2022-11-29 03:10:59,417 - org.apache.skywalking.oap.server.library.module.ModuleManager -4228 [main] ERROR [] - ModuleProviderHolder find org.apache.skywalking.oap.server.configuration.api.ConfigurationModule@633a2e99
2022-11-29 03:10:59,417 - org.apache.skywalking.oap.server.library.module.ModuleDefine -4228 [main] INFO  [] - ModuleProvider provider org.apache.skywalking.oap.server.configuration.zookeeper.ZookeeperConfigurationProvider@37ed010a
2022-11-29 03:10:59,418 - org.apache.skywalking.oap.server.library.module.ModuleManager -4229 [main] ERROR [] - ModuleProviderHolder find org.apache.skywalking.oap.server.configuration.api.ConfigurationModule@633a2e99
2022-11-29 03:10:59,418 - org.apache.skywalking.oap.server.library.module.ModuleDefine -4229 [main] INFO  [] - ModuleProvider provider org.apache.skywalking.oap.server.configuration.zookeeper.ZookeeperConfigurationProvider@37ed010a
2022-11-29 03:10:59,426 - org.apache.curator.framework.imps.EnsembleTracker -4237 [main-EventThread] INFO  [] - New config event received: {}
2022-11-29 03:10:59,427 - org.apache.curator.framework.imps.EnsembleTracker -4238 [main-EventThread] INFO  [] - New config event received: {}
2022-11-29 03:10:59,427 - org.apache.skywalking.oap.server.configuration.api.ConfigWatcherRegister -4238 [main] INFO  [] - Current configurations after the bootstrap sync.
Following dynamic config items are available.
---------------------------------------------
key:test-module.default.testKey    module:test-module    provider:default    value(current):null

2022-11-29 03:10:59,429 - org.apache.skywalking.oap.server.library.module.ModuleManager -4240 [main] ERROR [] - ModuleProviderHolder find org.apache.skywalking.oap.server.configuration.zookeeper.it.MockZookeeperConfigurationModule@7ed9499e
2022-11-29 03:10:59,429 - org.apache.skywalking.oap.server.library.module.ModuleDefine -4240 [main] INFO  [] - ModuleProvider provider org.apache.skywalking.oap.server.configuration.zookeeper.it.MockZookeeperConfigurationProvider@554cd74a
2022-11-29 03:10:59,458 - org.apache.curator.framework.imps.CuratorFrameworkImpl -4269 [Time-limited test] INFO  [] - Starting
2022-11-29 03:10:59,454 - org.apache.skywalking.oap.server.configuration.zookeeper.ZookeeperConfigWatcherRegister -4265 [pool-6-thread-1] ERROR [] - KeeperErrorCode = NoNode for /valid/file2/test-module.default.testKeyGroup
org.apache.zookeeper.KeeperException$NoNodeException: KeeperErrorCode = NoNode for /valid/file2/test-module.default.testKeyGroup
	at org.apache.zookeeper.KeeperException.create(KeeperException.java:118) ~[zookeeper-3.5.7.jar:3.5.7]
	at org.apache.zookeeper.KeeperException.create(KeeperException.java:54) ~[zookeeper-3.5.7.jar:3.5.7]
	at org.apache.zookeeper.ZooKeeper.getChildren(ZooKeeper.java:2707) ~[zookeeper-3.5.7.jar:3.5.7]
	at org.apache.curator.framework.imps.GetChildrenBuilderImpl$3.call(GetChildrenBuilderImpl.java:242) ~[curator-framework-4.3.0.jar:4.3.0]
	at org.apache.curator.framework.imps.GetChildrenBuilderImpl$3.call(GetChildrenBuilderImpl.java:231) ~[curator-framework-4.3.0.jar:4.3.0]
	at org.apache.curator.connection.StandardConnectionHandlingPolicy.callWithRetry(StandardConnectionHandlingPolicy.java:67) ~[curator-client-4.3.0.jar:?]
	at org.apache.curator.RetryLoop.callWithRetry(RetryLoop.java:81) ~[curator-client-4.3.0.jar:?]
	at org.apache.curator.framework.imps.GetChildrenBuilderImpl.pathInForeground(GetChildrenBuilderImpl.java:228) ~[curator-framework-4.3.0.jar:4.3.0]
	at org.apache.curator.framework.imps.GetChildrenBuilderImpl.forPath(GetChildrenBuilderImpl.java:219) ~[curator-framework-4.3.0.jar:4.3.0]
	at org.apache.curator.framework.imps.GetChildrenBuilderImpl.forPath(GetChildrenBuilderImpl.java:41) ~[curator-framework-4.3.0.jar:4.3.0]
	at org.apache.skywalking.oap.server.configuration.zookeeper.ZookeeperConfigWatcherRegister.lambda$readGroupConfig$2(ZookeeperConfigWatcherRegister.java:71) ~[classes/:?]
	at java.util.HashMap$KeySet.forEach(HashMap.java:929) ~[?:?]
	at org.apache.skywalking.oap.server.configuration.zookeeper.ZookeeperConfigWatcherRegister.readGroupConfig(ZookeeperConfigWatcherRegister.java:68) ~[classes/:?]
	at org.apache.skywalking.oap.server.configuration.api.ConfigWatcherRegister.groupConfigsSync(ConfigWatcherRegister.java:138) ~[configuration-api-9.2.0.jar:9.2.0]
	at org.apache.skywalking.oap.server.configuration.api.ConfigWatcherRegister.configSync(ConfigWatcherRegister.java:91) ~[configuration-api-9.2.0.jar:9.2.0]
	at org.apache.skywalking.oap.server.library.util.RunnableWithExceptionProtection.run(RunnableWithExceptionProtection.java:33) [library-util-9.2.0.jar:9.2.0]
	at java.util.concurrent.Executors$RunnableAdapter.call(Executors.java:515) [?:?]
	at java.util.concurrent.FutureTask.runAndReset(FutureTask.java:305) [?:?]
	at java.util.concurrent.ScheduledThreadPoolExecutor$ScheduledFutureTask.run(ScheduledThreadPoolExecutor.java:305) [?:?]
	at java.util.concurrent.ThreadPoolExecutor.runWorker(ThreadPoolExecutor.java:1128) [?:?]
	at java.util.concurrent.ThreadPoolExecutor$Worker.run(ThreadPoolExecutor.java:628) [?:?]
	at java.lang.Thread.run(Thread.java:829) [?:?]
2022-11-29 03:10:59,479 - org.apache.zookeeper.ZooKeeper -4290 [Time-limited test] INFO  [] - Initiating client connection, connectString=localhost:49479 sessionTimeout=60000 watcher=org.apache.curator.ConnectionState@37a246aa
2022-11-29 03:10:59,479 - org.apache.zookeeper.ClientCnxnSocket -4290 [Time-limited test] INFO  [] - jute.maxbuffer value is 4194304 Bytes
2022-11-29 03:10:59,479 - org.apache.zookeeper.ClientCnxn -4290 [Time-limited test] INFO  [] - zookeeper.request.timeout value is 0. feature enabled=
2022-11-29 03:10:59,497 - org.apache.curator.framework.imps.CuratorFrameworkImpl -4308 [Time-limited test] INFO  [] - Default schema
2022-11-29 03:10:59,497 - org.apache.skywalking.oap.server.configuration.zookeeper.it.ITZookeeperConfigurationTest -4308 [Time-limited test] INFO  [] - per path: /default/test-module.default.testKeyGroup
2022-11-29 03:10:59,500 - org.apache.zookeeper.ClientCnxn -4311 [Time-limited test-SendThread(localhost:49479)] INFO  [] - Opening socket connection to server localhost/127.0.0.1:49479. Will not attempt to authenticate using SASL (unknown error)
2022-11-29 03:10:59,501 - org.apache.zookeeper.ClientCnxn -4312 [Time-limited test-SendThread(localhost:49479)] INFO  [] - Socket connection established, initiating session, client: /127.0.0.1:58556, server: localhost/127.0.0.1:49479
2022-11-29 03:10:59,503 - org.apache.zookeeper.ClientCnxn -4314 [Time-limited test-SendThread(localhost:49479)] INFO  [] - Session establishment complete on server localhost/127.0.0.1:49479, sessionid = 0x1000216455b0001, negotiated timeout = 40000
2022-11-29 03:10:59,504 - org.apache.curator.framework.state.ConnectionStateManager -4315 [Time-limited test-EventThread] INFO  [] - State change: CONNECTED
2022-11-29 03:10:59,512 - org.apache.curator.framework.imps.EnsembleTracker -4323 [Time-limited test-EventThread] INFO  [] - New config event received: {}
2022-11-29 03:10:59,515 - org.apache.curator.framework.imps.EnsembleTracker -4326 [Time-limited test-EventThread] INFO  [] - New config event received: {}
2022-11-29 03:10:59,530 - org.apache.skywalking.oap.server.configuration.zookeeper.it.ITZookeeperConfigurationTest -4341 [Time-limited test] INFO  [] - data: 100
2022-11-29 03:10:59,535 - org.apache.skywalking.oap.server.configuration.zookeeper.it.ITZookeeperConfigurationTest -4346 [Time-limited test] INFO  [] - data: 200
2022-11-29 03:11:00,430 - org.apache.skywalking.oap.server.configuration.zookeeper.ZookeeperConfigWatcherRegister -5241 [pool-6-thread-1] ERROR [] - KeeperErrorCode = NoNode for /valid/file2/test-module.default.testKeyGroup
org.apache.zookeeper.KeeperException$NoNodeException: KeeperErrorCode = NoNode for /valid/file2/test-module.default.testKeyGroup
	at org.apache.zookeeper.KeeperException.create(KeeperException.java:118) ~[zookeeper-3.5.7.jar:3.5.7]
	at org.apache.zookeeper.KeeperException.create(KeeperException.java:54) ~[zookeeper-3.5.7.jar:3.5.7]
	at org.apache.zookeeper.ZooKeeper.getChildren(ZooKeeper.java:2707) ~[zookeeper-3.5.7.jar:3.5.7]
	at org.apache.curator.framework.imps.GetChildrenBuilderImpl$3.call(GetChildrenBuilderImpl.java:242) ~[curator-framework-4.3.0.jar:4.3.0]
	at org.apache.curator.framework.imps.GetChildrenBuilderImpl$3.call(GetChildrenBuilderImpl.java:231) ~[curator-framework-4.3.0.jar:4.3.0]
	at org.apache.curator.connection.StandardConnectionHandlingPolicy.callWithRetry(StandardConnectionHandlingPolicy.java:67) ~[curator-client-4.3.0.jar:?]
	at org.apache.curator.RetryLoop.callWithRetry(RetryLoop.java:81) ~[curator-client-4.3.0.jar:?]
	at org.apache.curator.framework.imps.GetChildrenBuilderImpl.pathInForeground(GetChildrenBuilderImpl.java:228) ~[curator-framework-4.3.0.jar:4.3.0]
	at org.apache.curator.framework.imps.GetChildrenBuilderImpl.forPath(GetChildrenBuilderImpl.java:219) ~[curator-framework-4.3.0.jar:4.3.0]
	at org.apache.curator.framework.imps.GetChildrenBuilderImpl.forPath(GetChildrenBuilderImpl.java:41) ~[curator-framework-4.3.0.jar:4.3.0]
	at org.apache.skywalking.oap.server.configuration.zookeeper.ZookeeperConfigWatcherRegister.lambda$readGroupConfig$2(ZookeeperConfigWatcherRegister.java:71) ~[classes/:?]
	at java.util.HashMap$KeySet.forEach(HashMap.java:929) ~[?:?]
	at org.apache.skywalking.oap.server.configuration.zookeeper.ZookeeperConfigWatcherRegister.readGroupConfig(ZookeeperConfigWatcherRegister.java:68) ~[classes/:?]
	at org.apache.skywalking.oap.server.configuration.api.ConfigWatcherRegister.groupConfigsSync(ConfigWatcherRegister.java:138) ~[configuration-api-9.2.0.jar:9.2.0]
	at org.apache.skywalking.oap.server.configuration.api.ConfigWatcherRegister.configSync(ConfigWatcherRegister.java:91) ~[configuration-api-9.2.0.jar:9.2.0]
	at org.apache.skywalking.oap.server.library.util.RunnableWithExceptionProtection.run(RunnableWithExceptionProtection.java:33) [library-util-9.2.0.jar:9.2.0]
	at java.util.concurrent.Executors$RunnableAdapter.call(Executors.java:515) [?:?]
	at java.util.concurrent.FutureTask.runAndReset(FutureTask.java:305) [?:?]
	at java.util.concurrent.ScheduledThreadPoolExecutor$ScheduledFutureTask.run(ScheduledThreadPoolExecutor.java:305) [?:?]
	at java.util.concurrent.ThreadPoolExecutor.runWorker(ThreadPoolExecutor.java:1128) [?:?]
	at java.util.concurrent.ThreadPoolExecutor$Worker.run(ThreadPoolExecutor.java:628) [?:?]
	at java.lang.Thread.run(Thread.java:829) [?:?]
2022-11-29 03:11:01,431 - org.apache.skywalking.oap.server.configuration.zookeeper.ZookeeperConfigWatcherRegister -6242 [pool-6-thread-1] ERROR [] - KeeperErrorCode = NoNode for /valid/file2/test-module.default.testKeyGroup
org.apache.zookeeper.KeeperException$NoNodeException: KeeperErrorCode = NoNode for /valid/file2/test-module.default.testKeyGroup
	at org.apache.zookeeper.KeeperException.create(KeeperException.java:118) ~[zookeeper-3.5.7.jar:3.5.7]
	at org.apache.zookeeper.KeeperException.create(KeeperException.java:54) ~[zookeeper-3.5.7.jar:3.5.7]
	at org.apache.zookeeper.ZooKeeper.getChildren(ZooKeeper.java:2707) ~[zookeeper-3.5.7.jar:3.5.7]
	at org.apache.curator.framework.imps.GetChildrenBuilderImpl$3.call(GetChildrenBuilderImpl.java:242) ~[curator-framework-4.3.0.jar:4.3.0]
	at org.apache.curator.framework.imps.GetChildrenBuilderImpl$3.call(GetChildrenBuilderImpl.java:231) ~[curator-framework-4.3.0.jar:4.3.0]
	at org.apache.curator.connection.StandardConnectionHandlingPolicy.callWithRetry(StandardConnectionHandlingPolicy.java:67) ~[curator-client-4.3.0.jar:?]
	at org.apache.curator.RetryLoop.callWithRetry(RetryLoop.java:81) ~[curator-client-4.3.0.jar:?]
	at org.apache.curator.framework.imps.GetChildrenBuilderImpl.pathInForeground(GetChildrenBuilderImpl.java:228) ~[curator-framework-4.3.0.jar:4.3.0]
	at org.apache.curator.framework.imps.GetChildrenBuilderImpl.forPath(GetChildrenBuilderImpl.java:219) ~[curator-framework-4.3.0.jar:4.3.0]
	at org.apache.curator.framework.imps.GetChildrenBuilderImpl.forPath(GetChildrenBuilderImpl.java:41) ~[curator-framework-4.3.0.jar:4.3.0]
	at org.apache.skywalking.oap.server.configuration.zookeeper.ZookeeperConfigWatcherRegister.lambda$readGroupConfig$2(ZookeeperConfigWatcherRegister.java:71) ~[classes/:?]
	at java.util.HashMap$KeySet.forEach(HashMap.java:929) ~[?:?]
	at org.apache.skywalking.oap.server.configuration.zookeeper.ZookeeperConfigWatcherRegister.readGroupConfig(ZookeeperConfigWatcherRegister.java:68) ~[classes/:?]
	at org.apache.skywalking.oap.server.configuration.api.ConfigWatcherRegister.groupConfigsSync(ConfigWatcherRegister.java:138) ~[configuration-api-9.2.0.jar:9.2.0]
	at org.apache.skywalking.oap.server.configuration.api.ConfigWatcherRegister.configSync(ConfigWatcherRegister.java:91) ~[configuration-api-9.2.0.jar:9.2.0]
	at org.apache.skywalking.oap.server.library.util.RunnableWithExceptionProtection.run(RunnableWithExceptionProtection.java:33) [library-util-9.2.0.jar:9.2.0]
	at java.util.concurrent.Executors$RunnableAdapter.call(Executors.java:515) [?:?]
	at java.util.concurrent.FutureTask.runAndReset(FutureTask.java:305) [?:?]
	at java.util.concurrent.ScheduledThreadPoolExecutor$ScheduledFutureTask.run(ScheduledThreadPoolExecutor.java:305) [?:?]
	at java.util.concurrent.ThreadPoolExecutor.runWorker(ThreadPoolExecutor.java:1128) [?:?]
	at java.util.concurrent.ThreadPoolExecutor$Worker.run(ThreadPoolExecutor.java:628) [?:?]
	at java.lang.Thread.run(Thread.java:829) [?:?]
2022-11-29 03:11:02,431 - org.apache.skywalking.oap.server.configuration.zookeeper.ZookeeperConfigWatcherRegister -7242 [pool-6-thread-1] ERROR [] - KeeperErrorCode = NoNode for /valid/file2/test-module.default.testKeyGroup
org.apache.zookeeper.KeeperException$NoNodeException: KeeperErrorCode = NoNode for /valid/file2/test-module.default.testKeyGroup
	at org.apache.zookeeper.KeeperException.create(KeeperException.java:118) ~[zookeeper-3.5.7.jar:3.5.7]
	at org.apache.zookeeper.KeeperException.create(KeeperException.java:54) ~[zookeeper-3.5.7.jar:3.5.7]
	at org.apache.zookeeper.ZooKeeper.getChildren(ZooKeeper.java:2707) ~[zookeeper-3.5.7.jar:3.5.7]
	at org.apache.curator.framework.imps.GetChildrenBuilderImpl$3.call(GetChildrenBuilderImpl.java:242) ~[curator-framework-4.3.0.jar:4.3.0]
	at org.apache.curator.framework.imps.GetChildrenBuilderImpl$3.call(GetChildrenBuilderImpl.java:231) ~[curator-framework-4.3.0.jar:4.3.0]
	at org.apache.curator.connection.StandardConnectionHandlingPolicy.callWithRetry(StandardConnectionHandlingPolicy.java:67) ~[curator-client-4.3.0.jar:?]
	at org.apache.curator.RetryLoop.callWithRetry(RetryLoop.java:81) ~[curator-client-4.3.0.jar:?]
	at org.apache.curator.framework.imps.GetChildrenBuilderImpl.pathInForeground(GetChildrenBuilderImpl.java:228) ~[curator-framework-4.3.0.jar:4.3.0]
	at org.apache.curator.framework.imps.GetChildrenBuilderImpl.forPath(GetChildrenBuilderImpl.java:219) ~[curator-framework-4.3.0.jar:4.3.0]
	at org.apache.curator.framework.imps.GetChildrenBuilderImpl.forPath(GetChildrenBuilderImpl.java:41) ~[curator-framework-4.3.0.jar:4.3.0]
	at org.apache.skywalking.oap.server.configuration.zookeeper.ZookeeperConfigWatcherRegister.lambda$readGroupConfig$2(ZookeeperConfigWatcherRegister.java:71) ~[classes/:?]
	at java.util.HashMap$KeySet.forEach(HashMap.java:929) ~[?:?]
	at org.apache.skywalking.oap.server.configuration.zookeeper.ZookeeperConfigWatcherRegister.readGroupConfig(ZookeeperConfigWatcherRegister.java:68) ~[classes/:?]
	at org.apache.skywalking.oap.server.configuration.api.ConfigWatcherRegister.groupConfigsSync(ConfigWatcherRegister.java:138) ~[configuration-api-9.2.0.jar:9.2.0]
	at org.apache.skywalking.oap.server.configuration.api.ConfigWatcherRegister.configSync(ConfigWatcherRegister.java:91) ~[configuration-api-9.2.0.jar:9.2.0]
	at org.apache.skywalking.oap.server.library.util.RunnableWithExceptionProtection.run(RunnableWithExceptionProtection.java:33) [library-util-9.2.0.jar:9.2.0]
	at java.util.concurrent.Executors$RunnableAdapter.call(Executors.java:515) [?:?]
	at java.util.concurrent.FutureTask.runAndReset(FutureTask.java:305) [?:?]
	at java.util.concurrent.ScheduledThreadPoolExecutor$ScheduledFutureTask.run(ScheduledThreadPoolExecutor.java:305) [?:?]
	at java.util.concurrent.ThreadPoolExecutor.runWorker(ThreadPoolExecutor.java:1128) [?:?]
	at java.util.concurrent.ThreadPoolExecutor$Worker.run(ThreadPoolExecutor.java:628) [?:?]
	at java.lang.Thread.run(Thread.java:829) [?:?]
2022-11-29 03:11:03,440 - org.apache.skywalking.oap.server.configuration.zookeeper.ZookeeperConfigWatcherRegister -8251 [pool-6-thread-1] ERROR [] - KeeperErrorCode = NoNode for /valid/file2/test-module.default.testKeyGroup
org.apache.zookeeper.KeeperException$NoNodeException: KeeperErrorCode = NoNode for /valid/file2/test-module.default.testKeyGroup
	at org.apache.zookeeper.KeeperException.create(KeeperException.java:118) ~[zookeeper-3.5.7.jar:3.5.7]
	at org.apache.zookeeper.KeeperException.create(KeeperException.java:54) ~[zookeeper-3.5.7.jar:3.5.7]
	at org.apache.zookeeper.ZooKeeper.getChildren(ZooKeeper.java:2707) ~[zookeeper-3.5.7.jar:3.5.7]
	at org.apache.curator.framework.imps.GetChildrenBuilderImpl$3.call(GetChildrenBuilderImpl.java:242) ~[curator-framework-4.3.0.jar:4.3.0]
	at org.apache.curator.framework.imps.GetChildrenBuilderImpl$3.call(GetChildrenBuilderImpl.java:231) ~[curator-framework-4.3.0.jar:4.3.0]
	at org.apache.curator.connection.StandardConnectionHandlingPolicy.callWithRetry(StandardConnectionHandlingPolicy.java:67) ~[curator-client-4.3.0.jar:?]
	at org.apache.curator.RetryLoop.callWithRetry(RetryLoop.java:81) ~[curator-client-4.3.0.jar:?]
	at org.apache.curator.framework.imps.GetChildrenBuilderImpl.pathInForeground(GetChildrenBuilderImpl.java:228) ~[curator-framework-4.3.0.jar:4.3.0]
	at org.apache.curator.framework.imps.GetChildrenBuilderImpl.forPath(GetChildrenBuilderImpl.java:219) ~[curator-framework-4.3.0.jar:4.3.0]
	at org.apache.curator.framework.imps.GetChildrenBuilderImpl.forPath(GetChildrenBuilderImpl.java:41) ~[curator-framework-4.3.0.jar:4.3.0]
	at org.apache.skywalking.oap.server.configuration.zookeeper.ZookeeperConfigWatcherRegister.lambda$readGroupConfig$2(ZookeeperConfigWatcherRegister.java:71) ~[classes/:?]
	at java.util.HashMap$KeySet.forEach(HashMap.java:929) ~[?:?]
	at org.apache.skywalking.oap.server.configuration.zookeeper.ZookeeperConfigWatcherRegister.readGroupConfig(ZookeeperConfigWatcherRegister.java:68) ~[classes/:?]
	at org.apache.skywalking.oap.server.configuration.api.ConfigWatcherRegister.groupConfigsSync(ConfigWatcherRegister.java:138) ~[configuration-api-9.2.0.jar:9.2.0]
	at org.apache.skywalking.oap.server.configuration.api.ConfigWatcherRegister.configSync(ConfigWatcherRegister.java:91) ~[configuration-api-9.2.0.jar:9.2.0]
	at org.apache.skywalking.oap.server.library.util.RunnableWithExceptionProtection.run(RunnableWithExceptionProtection.java:33) [library-util-9.2.0.jar:9.2.0]
	at java.util.concurrent.Executors$RunnableAdapter.call(Executors.java:515) [?:?]
	at java.util.concurrent.FutureTask.runAndReset(FutureTask.java:305) [?:?]
	at java.util.concurrent.ScheduledThreadPoolExecutor$ScheduledFutureTask.run(ScheduledThreadPoolExecutor.java:305) [?:?]
	at java.util.concurrent.ThreadPoolExecutor.runWorker(ThreadPoolExecutor.java:1128) [?:?]
	at java.util.concurrent.ThreadPoolExecutor$Worker.run(ThreadPoolExecutor.java:628) [?:?]
	at java.lang.Thread.run(Thread.java:829) [?:?]
2022-11-29 03:11:04,432 - org.apache.skywalking.oap.server.configuration.zookeeper.ZookeeperConfigWatcherRegister -9243 [pool-6-thread-1] ERROR [] - KeeperErrorCode = NoNode for /valid/file2/test-module.default.testKeyGroup
org.apache.zookeeper.KeeperException$NoNodeException: KeeperErrorCode = NoNode for /valid/file2/test-module.default.testKeyGroup
	at org.apache.zookeeper.KeeperException.create(KeeperException.java:118) ~[zookeeper-3.5.7.jar:3.5.7]
	at org.apache.zookeeper.KeeperException.create(KeeperException.java:54) ~[zookeeper-3.5.7.jar:3.5.7]
	at org.apache.zookeeper.ZooKeeper.getChildren(ZooKeeper.java:2707) ~[zookeeper-3.5.7.jar:3.5.7]
	at org.apache.curator.framework.imps.GetChildrenBuilderImpl$3.call(GetChildrenBuilderImpl.java:242) ~[curator-framework-4.3.0.jar:4.3.0]
	at org.apache.curator.framework.imps.GetChildrenBuilderImpl$3.call(GetChildrenBuilderImpl.java:231) ~[curator-framework-4.3.0.jar:4.3.0]
	at org.apache.curator.connection.StandardConnectionHandlingPolicy.callWithRetry(StandardConnectionHandlingPolicy.java:67) ~[curator-client-4.3.0.jar:?]
	at org.apache.curator.RetryLoop.callWithRetry(RetryLoop.java:81) ~[curator-client-4.3.0.jar:?]
	at org.apache.curator.framework.imps.GetChildrenBuilderImpl.pathInForeground(GetChildrenBuilderImpl.java:228) ~[curator-framework-4.3.0.jar:4.3.0]
	at org.apache.curator.framework.imps.GetChildrenBuilderImpl.forPath(GetChildrenBuilderImpl.java:219) ~[curator-framework-4.3.0.jar:4.3.0]
	at org.apache.curator.framework.imps.GetChildrenBuilderImpl.forPath(GetChildrenBuilderImpl.java:41) ~[curator-framework-4.3.0.jar:4.3.0]
	at org.apache.skywalking.oap.server.configuration.zookeeper.ZookeeperConfigWatcherRegister.lambda$readGroupConfig$2(ZookeeperConfigWatcherRegister.java:71) ~[classes/:?]
	at java.util.HashMap$KeySet.forEach(HashMap.java:929) ~[?:?]
	at org.apache.skywalking.oap.server.configuration.zookeeper.ZookeeperConfigWatcherRegister.readGroupConfig(ZookeeperConfigWatcherRegister.java:68) ~[classes/:?]
	at org.apache.skywalking.oap.server.configuration.api.ConfigWatcherRegister.groupConfigsSync(ConfigWatcherRegister.java:138) ~[configuration-api-9.2.0.jar:9.2.0]
	at org.apache.skywalking.oap.server.configuration.api.ConfigWatcherRegister.configSync(ConfigWatcherRegister.java:91) ~[configuration-api-9.2.0.jar:9.2.0]
	at org.apache.skywalking.oap.server.library.util.RunnableWithExceptionProtection.run(RunnableWithExceptionProtection.java:33) [library-util-9.2.0.jar:9.2.0]
	at java.util.concurrent.Executors$RunnableAdapter.call(Executors.java:515) [?:?]
	at java.util.concurrent.FutureTask.runAndReset(FutureTask.java:305) [?:?]
	at java.util.concurrent.ScheduledThreadPoolExecutor$ScheduledFutureTask.run(ScheduledThreadPoolExecutor.java:305) [?:?]
	at java.util.concurrent.ThreadPoolExecutor.runWorker(ThreadPoolExecutor.java:1128) [?:?]
	at java.util.concurrent.ThreadPoolExecutor$Worker.run(ThreadPoolExecutor.java:628) [?:?]
	at java.lang.Thread.run(Thread.java:829) [?:?]
2022-11-29 03:11:05,431 - org.apache.skywalking.oap.server.configuration.zookeeper.ZookeeperConfigWatcherRegister -10242 [pool-6-thread-1] ERROR [] - KeeperErrorCode = NoNode for /valid/file2/test-module.default.testKeyGroup
org.apache.zookeeper.KeeperException$NoNodeException: KeeperErrorCode = NoNode for /valid/file2/test-module.default.testKeyGroup
	at org.apache.zookeeper.KeeperException.create(KeeperException.java:118) ~[zookeeper-3.5.7.jar:3.5.7]
	at org.apache.zookeeper.KeeperException.create(KeeperException.java:54) ~[zookeeper-3.5.7.jar:3.5.7]
	at org.apache.zookeeper.ZooKeeper.getChildren(ZooKeeper.java:2707) ~[zookeeper-3.5.7.jar:3.5.7]
	at org.apache.curator.framework.imps.GetChildrenBuilderImpl$3.call(GetChildrenBuilderImpl.java:242) ~[curator-framework-4.3.0.jar:4.3.0]
	at org.apache.curator.framework.imps.GetChildrenBuilderImpl$3.call(GetChildrenBuilderImpl.java:231) ~[curator-framework-4.3.0.jar:4.3.0]
	at org.apache.curator.connection.StandardConnectionHandlingPolicy.callWithRetry(StandardConnectionHandlingPolicy.java:67) ~[curator-client-4.3.0.jar:?]
	at org.apache.curator.RetryLoop.callWithRetry(RetryLoop.java:81) ~[curator-client-4.3.0.jar:?]
	at org.apache.curator.framework.imps.GetChildrenBuilderImpl.pathInForeground(GetChildrenBuilderImpl.java:228) ~[curator-framework-4.3.0.jar:4.3.0]
	at org.apache.curator.framework.imps.GetChildrenBuilderImpl.forPath(GetChildrenBuilderImpl.java:219) ~[curator-framework-4.3.0.jar:4.3.0]
	at org.apache.curator.framework.imps.GetChildrenBuilderImpl.forPath(GetChildrenBuilderImpl.java:41) ~[curator-framework-4.3.0.jar:4.3.0]
	at org.apache.skywalking.oap.server.configuration.zookeeper.ZookeeperConfigWatcherRegister.lambda$readGroupConfig$2(ZookeeperConfigWatcherRegister.java:71) ~[classes/:?]
	at java.util.HashMap$KeySet.forEach(HashMap.java:929) ~[?:?]
	at org.apache.skywalking.oap.server.configuration.zookeeper.ZookeeperConfigWatcherRegister.readGroupConfig(ZookeeperConfigWatcherRegister.java:68) ~[classes/:?]
	at org.apache.skywalking.oap.server.configuration.api.ConfigWatcherRegister.groupConfigsSync(ConfigWatcherRegister.java:138) ~[configuration-api-9.2.0.jar:9.2.0]
	at org.apache.skywalking.oap.server.configuration.api.ConfigWatcherRegister.configSync(ConfigWatcherRegister.java:91) ~[configuration-api-9.2.0.jar:9.2.0]
	at org.apache.skywalking.oap.server.library.util.RunnableWithExceptionProtection.run(RunnableWithExceptionProtection.java:33) [library-util-9.2.0.jar:9.2.0]
	at java.util.concurrent.Executors$RunnableAdapter.call(Executors.java:515) [?:?]
	at java.util.concurrent.FutureTask.runAndReset(FutureTask.java:305) [?:?]
	at java.util.concurrent.ScheduledThreadPoolExecutor$ScheduledFutureTask.run(ScheduledThreadPoolExecutor.java:305) [?:?]
	at java.util.concurrent.ThreadPoolExecutor.runWorker(ThreadPoolExecutor.java:1128) [?:?]
	at java.util.concurrent.ThreadPoolExecutor$Worker.run(ThreadPoolExecutor.java:628) [?:?]
	at java.lang.Thread.run(Thread.java:829) [?:?]
2022-11-29 03:11:06,431 - org.apache.skywalking.oap.server.configuration.zookeeper.ZookeeperConfigWatcherRegister -11242 [pool-6-thread-1] ERROR [] - KeeperErrorCode = NoNode for /valid/file2/test-module.default.testKeyGroup
org.apache.zookeeper.KeeperException$NoNodeException: KeeperErrorCode = NoNode for /valid/file2/test-module.default.testKeyGroup
	at org.apache.zookeeper.KeeperException.create(KeeperException.java:118) ~[zookeeper-3.5.7.jar:3.5.7]
	at org.apache.zookeeper.KeeperException.create(KeeperException.java:54) ~[zookeeper-3.5.7.jar:3.5.7]
	at org.apache.zookeeper.ZooKeeper.getChildren(ZooKeeper.java:2707) ~[zookeeper-3.5.7.jar:3.5.7]
	at org.apache.curator.framework.imps.GetChildrenBuilderImpl$3.call(GetChildrenBuilderImpl.java:242) ~[curator-framework-4.3.0.jar:4.3.0]
	at org.apache.curator.framework.imps.GetChildrenBuilderImpl$3.call(GetChildrenBuilderImpl.java:231) ~[curator-framework-4.3.0.jar:4.3.0]
	at org.apache.curator.connection.StandardConnectionHandlingPolicy.callWithRetry(StandardConnectionHandlingPolicy.java:67) ~[curator-client-4.3.0.jar:?]
	at org.apache.curator.RetryLoop.callWithRetry(RetryLoop.java:81) ~[curator-client-4.3.0.jar:?]
	at org.apache.curator.framework.imps.GetChildrenBuilderImpl.pathInForeground(GetChildrenBuilderImpl.java:228) ~[curator-framework-4.3.0.jar:4.3.0]
	at org.apache.curator.framework.imps.GetChildrenBuilderImpl.forPath(GetChildrenBuilderImpl.java:219) ~[curator-framework-4.3.0.jar:4.3.0]
	at org.apache.curator.framework.imps.GetChildrenBuilderImpl.forPath(GetChildrenBuilderImpl.java:41) ~[curator-framework-4.3.0.jar:4.3.0]
	at org.apache.skywalking.oap.server.configuration.zookeeper.ZookeeperConfigWatcherRegister.lambda$readGroupConfig$2(ZookeeperConfigWatcherRegister.java:71) ~[classes/:?]
	at java.util.HashMap$KeySet.forEach(HashMap.java:929) ~[?:?]
	at org.apache.skywalking.oap.server.configuration.zookeeper.ZookeeperConfigWatcherRegister.readGroupConfig(ZookeeperConfigWatcherRegister.java:68) ~[classes/:?]
	at org.apache.skywalking.oap.server.configuration.api.ConfigWatcherRegister.groupConfigsSync(ConfigWatcherRegister.java:138) ~[configuration-api-9.2.0.jar:9.2.0]
	at org.apache.skywalking.oap.server.configuration.api.ConfigWatcherRegister.configSync(ConfigWatcherRegister.java:91) ~[configuration-api-9.2.0.jar:9.2.0]
	at org.apache.skywalking.oap.server.library.util.RunnableWithExceptionProtection.run(RunnableWithExceptionProtection.java:33) [library-util-9.2.0.jar:9.2.0]
	at java.util.concurrent.Executors$RunnableAdapter.call(Executors.java:515) [?:?]
	at java.util.concurrent.FutureTask.runAndReset(FutureTask.java:305) [?:?]
	at java.util.concurrent.ScheduledThreadPoolExecutor$ScheduledFutureTask.run(ScheduledThreadPoolExecutor.java:305) [?:?]
	at java.util.concurrent.ThreadPoolExecutor.runWorker(ThreadPoolExecutor.java:1128) [?:?]
	at java.util.concurrent.ThreadPoolExecutor$Worker.run(ThreadPoolExecutor.java:628) [?:?]
	at java.lang.Thread.run(Thread.java:829) [?:?]
2022-11-29 03:11:07,433 - org.apache.skywalking.oap.server.configuration.zookeeper.ZookeeperConfigWatcherRegister -12244 [pool-6-thread-1] ERROR [] - KeeperErrorCode = NoNode for /valid/file2/test-module.default.testKeyGroup
org.apache.zookeeper.KeeperException$NoNodeException: KeeperErrorCode = NoNode for /valid/file2/test-module.default.testKeyGroup
	at org.apache.zookeeper.KeeperException.create(KeeperException.java:118) ~[zookeeper-3.5.7.jar:3.5.7]
	at org.apache.zookeeper.KeeperException.create(KeeperException.java:54) ~[zookeeper-3.5.7.jar:3.5.7]
	at org.apache.zookeeper.ZooKeeper.getChildren(ZooKeeper.java:2707) ~[zookeeper-3.5.7.jar:3.5.7]
	at org.apache.curator.framework.imps.GetChildrenBuilderImpl$3.call(GetChildrenBuilderImpl.java:242) ~[curator-framework-4.3.0.jar:4.3.0]
	at org.apache.curator.framework.imps.GetChildrenBuilderImpl$3.call(GetChildrenBuilderImpl.java:231) ~[curator-framework-4.3.0.jar:4.3.0]
	at org.apache.curator.connection.StandardConnectionHandlingPolicy.callWithRetry(StandardConnectionHandlingPolicy.java:67) ~[curator-client-4.3.0.jar:?]
	at org.apache.curator.RetryLoop.callWithRetry(RetryLoop.java:81) ~[curator-client-4.3.0.jar:?]
	at org.apache.curator.framework.imps.GetChildrenBuilderImpl.pathInForeground(GetChildrenBuilderImpl.java:228) ~[curator-framework-4.3.0.jar:4.3.0]
	at org.apache.curator.framework.imps.GetChildrenBuilderImpl.forPath(GetChildrenBuilderImpl.java:219) ~[curator-framework-4.3.0.jar:4.3.0]
	at org.apache.curator.framework.imps.GetChildrenBuilderImpl.forPath(GetChildrenBuilderImpl.java:41) ~[curator-framework-4.3.0.jar:4.3.0]
	at org.apache.skywalking.oap.server.configuration.zookeeper.ZookeeperConfigWatcherRegister.lambda$readGroupConfig$2(ZookeeperConfigWatcherRegister.java:71) ~[classes/:?]
	at java.util.HashMap$KeySet.forEach(HashMap.java:929) ~[?:?]
	at org.apache.skywalking.oap.server.configuration.zookeeper.ZookeeperConfigWatcherRegister.readGroupConfig(ZookeeperConfigWatcherRegister.java:68) ~[classes/:?]
	at org.apache.skywalking.oap.server.configuration.api.ConfigWatcherRegister.groupConfigsSync(ConfigWatcherRegister.java:138) ~[configuration-api-9.2.0.jar:9.2.0]
	at org.apache.skywalking.oap.server.configuration.api.ConfigWatcherRegister.configSync(ConfigWatcherRegister.java:91) ~[configuration-api-9.2.0.jar:9.2.0]
	at org.apache.skywalking.oap.server.library.util.RunnableWithExceptionProtection.run(RunnableWithExceptionProtection.java:33) [library-util-9.2.0.jar:9.2.0]
	at java.util.concurrent.Executors$RunnableAdapter.call(Executors.java:515) [?:?]
	at java.util.concurrent.FutureTask.runAndReset(FutureTask.java:305) [?:?]
	at java.util.concurrent.ScheduledThreadPoolExecutor$ScheduledFutureTask.run(ScheduledThreadPoolExecutor.java:305) [?:?]
	at java.util.concurrent.ThreadPoolExecutor.runWorker(ThreadPoolExecutor.java:1128) [?:?]
	at java.util.concurrent.ThreadPoolExecutor$Worker.run(ThreadPoolExecutor.java:628) [?:?]
	at java.lang.Thread.run(Thread.java:829) [?:?]
2022-11-29 03:11:08,431 - org.apache.skywalking.oap.server.configuration.zookeeper.ZookeeperConfigWatcherRegister -13242 [pool-6-thread-1] ERROR [] - KeeperErrorCode = NoNode for /valid/file2/test-module.default.testKeyGroup
org.apache.zookeeper.KeeperException$NoNodeException: KeeperErrorCode = NoNode for /valid/file2/test-module.default.testKeyGroup
	at org.apache.zookeeper.KeeperException.create(KeeperException.java:118) ~[zookeeper-3.5.7.jar:3.5.7]
	at org.apache.zookeeper.KeeperException.create(KeeperException.java:54) ~[zookeeper-3.5.7.jar:3.5.7]
	at org.apache.zookeeper.ZooKeeper.getChildren(ZooKeeper.java:2707) ~[zookeeper-3.5.7.jar:3.5.7]
	at org.apache.curator.framework.imps.GetChildrenBuilderImpl$3.call(GetChildrenBuilderImpl.java:242) ~[curator-framework-4.3.0.jar:4.3.0]
	at org.apache.curator.framework.imps.GetChildrenBuilderImpl$3.call(GetChildrenBuilderImpl.java:231) ~[curator-framework-4.3.0.jar:4.3.0]
	at org.apache.curator.connection.StandardConnectionHandlingPolicy.callWithRetry(StandardConnectionHandlingPolicy.java:67) ~[curator-client-4.3.0.jar:?]
	at org.apache.curator.RetryLoop.callWithRetry(RetryLoop.java:81) ~[curator-client-4.3.0.jar:?]
	at org.apache.curator.framework.imps.GetChildrenBuilderImpl.pathInForeground(GetChildrenBuilderImpl.java:228) ~[curator-framework-4.3.0.jar:4.3.0]
	at org.apache.curator.framework.imps.GetChildrenBuilderImpl.forPath(GetChildrenBuilderImpl.java:219) ~[curator-framework-4.3.0.jar:4.3.0]
	at org.apache.curator.framework.imps.GetChildrenBuilderImpl.forPath(GetChildrenBuilderImpl.java:41) ~[curator-framework-4.3.0.jar:4.3.0]
	at org.apache.skywalking.oap.server.configuration.zookeeper.ZookeeperConfigWatcherRegister.lambda$readGroupConfig$2(ZookeeperConfigWatcherRegister.java:71) ~[classes/:?]
	at java.util.HashMap$KeySet.forEach(HashMap.java:929) ~[?:?]
	at org.apache.skywalking.oap.server.configuration.zookeeper.ZookeeperConfigWatcherRegister.readGroupConfig(ZookeeperConfigWatcherRegister.java:68) ~[classes/:?]
	at org.apache.skywalking.oap.server.configuration.api.ConfigWatcherRegister.groupConfigsSync(ConfigWatcherRegister.java:138) ~[configuration-api-9.2.0.jar:9.2.0]
	at org.apache.skywalking.oap.server.configuration.api.ConfigWatcherRegister.configSync(ConfigWatcherRegister.java:91) ~[configuration-api-9.2.0.jar:9.2.0]
	at org.apache.skywalking.oap.server.library.util.RunnableWithExceptionProtection.run(RunnableWithExceptionProtection.java:33) [library-util-9.2.0.jar:9.2.0]
	at java.util.concurrent.Executors$RunnableAdapter.call(Executors.java:515) [?:?]
	at java.util.concurrent.FutureTask.runAndReset(FutureTask.java:305) [?:?]
	at java.util.concurrent.ScheduledThreadPoolExecutor$ScheduledFutureTask.run(ScheduledThreadPoolExecutor.java:305) [?:?]
	at java.util.concurrent.ThreadPoolExecutor.runWorker(ThreadPoolExecutor.java:1128) [?:?]
	at java.util.concurrent.ThreadPoolExecutor$Worker.run(ThreadPoolExecutor.java:628) [?:?]
	at java.lang.Thread.run(Thread.java:829) [?:?]
2022-11-29 03:11:09,431 - org.apache.skywalking.oap.server.configuration.zookeeper.ZookeeperConfigWatcherRegister -14242 [pool-6-thread-1] ERROR [] - KeeperErrorCode = NoNode for /valid/file2/test-module.default.testKeyGroup
org.apache.zookeeper.KeeperException$NoNodeException: KeeperErrorCode = NoNode for /valid/file2/test-module.default.testKeyGroup
	at org.apache.zookeeper.KeeperException.create(KeeperException.java:118) ~[zookeeper-3.5.7.jar:3.5.7]
	at org.apache.zookeeper.KeeperException.create(KeeperException.java:54) ~[zookeeper-3.5.7.jar:3.5.7]
	at org.apache.zookeeper.ZooKeeper.getChildren(ZooKeeper.java:2707) ~[zookeeper-3.5.7.jar:3.5.7]
	at org.apache.curator.framework.imps.GetChildrenBuilderImpl$3.call(GetChildrenBuilderImpl.java:242) ~[curator-framework-4.3.0.jar:4.3.0]
	at org.apache.curator.framework.imps.GetChildrenBuilderImpl$3.call(GetChildrenBuilderImpl.java:231) ~[curator-framework-4.3.0.jar:4.3.0]
	at org.apache.curator.connection.StandardConnectionHandlingPolicy.callWithRetry(StandardConnectionHandlingPolicy.java:67) ~[curator-client-4.3.0.jar:?]
	at org.apache.curator.RetryLoop.callWithRetry(RetryLoop.java:81) ~[curator-client-4.3.0.jar:?]
	at org.apache.curator.framework.imps.GetChildrenBuilderImpl.pathInForeground(GetChildrenBuilderImpl.java:228) ~[curator-framework-4.3.0.jar:4.3.0]
	at org.apache.curator.framework.imps.GetChildrenBuilderImpl.forPath(GetChildrenBuilderImpl.java:219) ~[curator-framework-4.3.0.jar:4.3.0]
	at org.apache.curator.framework.imps.GetChildrenBuilderImpl.forPath(GetChildrenBuilderImpl.java:41) ~[curator-framework-4.3.0.jar:4.3.0]
	at org.apache.skywalking.oap.server.configuration.zookeeper.ZookeeperConfigWatcherRegister.lambda$readGroupConfig$2(ZookeeperConfigWatcherRegister.java:71) ~[classes/:?]
	at java.util.HashMap$KeySet.forEach(HashMap.java:929) ~[?:?]
	at org.apache.skywalking.oap.server.configuration.zookeeper.ZookeeperConfigWatcherRegister.readGroupConfig(ZookeeperConfigWatcherRegister.java:68) ~[classes/:?]
	at org.apache.skywalking.oap.server.configuration.api.ConfigWatcherRegister.groupConfigsSync(ConfigWatcherRegister.java:138) ~[configuration-api-9.2.0.jar:9.2.0]
	at org.apache.skywalking.oap.server.configuration.api.ConfigWatcherRegister.configSync(ConfigWatcherRegister.java:91) ~[configuration-api-9.2.0.jar:9.2.0]
	at org.apache.skywalking.oap.server.library.util.RunnableWithExceptionProtection.run(RunnableWithExceptionProtection.java:33) [library-util-9.2.0.jar:9.2.0]
	at java.util.concurrent.Executors$RunnableAdapter.call(Executors.java:515) [?:?]
	at java.util.concurrent.FutureTask.runAndReset(FutureTask.java:305) [?:?]
	at java.util.concurrent.ScheduledThreadPoolExecutor$ScheduledFutureTask.run(ScheduledThreadPoolExecutor.java:305) [?:?]
	at java.util.concurrent.ThreadPoolExecutor.runWorker(ThreadPoolExecutor.java:1128) [?:?]
	at java.util.concurrent.ThreadPoolExecutor$Worker.run(ThreadPoolExecutor.java:628) [?:?]
	at java.lang.Thread.run(Thread.java:829) [?:?]
2022-11-29 03:11:10,432 - org.apache.skywalking.oap.server.configuration.zookeeper.ZookeeperConfigWatcherRegister -15243 [pool-6-thread-1] ERROR [] - KeeperErrorCode = NoNode for /valid/file2/test-module.default.testKeyGroup
org.apache.zookeeper.KeeperException$NoNodeException: KeeperErrorCode = NoNode for /valid/file2/test-module.default.testKeyGroup
	at org.apache.zookeeper.KeeperException.create(KeeperException.java:118) ~[zookeeper-3.5.7.jar:3.5.7]
	at org.apache.zookeeper.KeeperException.create(KeeperException.java:54) ~[zookeeper-3.5.7.jar:3.5.7]
	at org.apache.zookeeper.ZooKeeper.getChildren(ZooKeeper.java:2707) ~[zookeeper-3.5.7.jar:3.5.7]
	at org.apache.curator.framework.imps.GetChildrenBuilderImpl$3.call(GetChildrenBuilderImpl.java:242) ~[curator-framework-4.3.0.jar:4.3.0]
	at org.apache.curator.framework.imps.GetChildrenBuilderImpl$3.call(GetChildrenBuilderImpl.java:231) ~[curator-framework-4.3.0.jar:4.3.0]
	at org.apache.curator.connection.StandardConnectionHandlingPolicy.callWithRetry(StandardConnectionHandlingPolicy.java:67) ~[curator-client-4.3.0.jar:?]
	at org.apache.curator.RetryLoop.callWithRetry(RetryLoop.java:81) ~[curator-client-4.3.0.jar:?]
	at org.apache.curator.framework.imps.GetChildrenBuilderImpl.pathInForeground(GetChildrenBuilderImpl.java:228) ~[curator-framework-4.3.0.jar:4.3.0]
	at org.apache.curator.framework.imps.GetChildrenBuilderImpl.forPath(GetChildrenBuilderImpl.java:219) ~[curator-framework-4.3.0.jar:4.3.0]
	at org.apache.curator.framework.imps.GetChildrenBuilderImpl.forPath(GetChildrenBuilderImpl.java:41) ~[curator-framework-4.3.0.jar:4.3.0]
	at org.apache.skywalking.oap.server.configuration.zookeeper.ZookeeperConfigWatcherRegister.lambda$readGroupConfig$2(ZookeeperConfigWatcherRegister.java:71) ~[classes/:?]
	at java.util.HashMap$KeySet.forEach(HashMap.java:929) ~[?:?]
	at org.apache.skywalking.oap.server.configuration.zookeeper.ZookeeperConfigWatcherRegister.readGroupConfig(ZookeeperConfigWatcherRegister.java:68) ~[classes/:?]
	at org.apache.skywalking.oap.server.configuration.api.ConfigWatcherRegister.groupConfigsSync(ConfigWatcherRegister.java:138) ~[configuration-api-9.2.0.jar:9.2.0]
	at org.apache.skywalking.oap.server.configuration.api.ConfigWatcherRegister.configSync(ConfigWatcherRegister.java:91) ~[configuration-api-9.2.0.jar:9.2.0]
	at org.apache.skywalking.oap.server.library.util.RunnableWithExceptionProtection.run(RunnableWithExceptionProtection.java:33) [library-util-9.2.0.jar:9.2.0]
	at java.util.concurrent.Executors$RunnableAdapter.call(Executors.java:515) [?:?]
	at java.util.concurrent.FutureTask.runAndReset(FutureTask.java:305) [?:?]
	at java.util.concurrent.ScheduledThreadPoolExecutor$ScheduledFutureTask.run(ScheduledThreadPoolExecutor.java:305) [?:?]
	at java.util.concurrent.ThreadPoolExecutor.runWorker(ThreadPoolExecutor.java:1128) [?:?]
	at java.util.concurrent.ThreadPoolExecutor$Worker.run(ThreadPoolExecutor.java:628) [?:?]
	at java.lang.Thread.run(Thread.java:829) [?:?]
2022-11-29 03:11:11,431 - org.apache.skywalking.oap.server.configuration.zookeeper.ZookeeperConfigWatcherRegister -16242 [pool-6-thread-1] ERROR [] - KeeperErrorCode = NoNode for /valid/file2/test-module.default.testKeyGroup
org.apache.zookeeper.KeeperException$NoNodeException: KeeperErrorCode = NoNode for /valid/file2/test-module.default.testKeyGroup
	at org.apache.zookeeper.KeeperException.create(KeeperException.java:118) ~[zookeeper-3.5.7.jar:3.5.7]
	at org.apache.zookeeper.KeeperException.create(KeeperException.java:54) ~[zookeeper-3.5.7.jar:3.5.7]
	at org.apache.zookeeper.ZooKeeper.getChildren(ZooKeeper.java:2707) ~[zookeeper-3.5.7.jar:3.5.7]
	at org.apache.curator.framework.imps.GetChildrenBuilderImpl$3.call(GetChildrenBuilderImpl.java:242) ~[curator-framework-4.3.0.jar:4.3.0]
	at org.apache.curator.framework.imps.GetChildrenBuilderImpl$3.call(GetChildrenBuilderImpl.java:231) ~[curator-framework-4.3.0.jar:4.3.0]
	at org.apache.curator.connection.StandardConnectionHandlingPolicy.callWithRetry(StandardConnectionHandlingPolicy.java:67) ~[curator-client-4.3.0.jar:?]
	at org.apache.curator.RetryLoop.callWithRetry(RetryLoop.java:81) ~[curator-client-4.3.0.jar:?]
	at org.apache.curator.framework.imps.GetChildrenBuilderImpl.pathInForeground(GetChildrenBuilderImpl.java:228) ~[curator-framework-4.3.0.jar:4.3.0]
	at org.apache.curator.framework.imps.GetChildrenBuilderImpl.forPath(GetChildrenBuilderImpl.java:219) ~[curator-framework-4.3.0.jar:4.3.0]
	at org.apache.curator.framework.imps.GetChildrenBuilderImpl.forPath(GetChildrenBuilderImpl.java:41) ~[curator-framework-4.3.0.jar:4.3.0]
	at org.apache.skywalking.oap.server.configuration.zookeeper.ZookeeperConfigWatcherRegister.lambda$readGroupConfig$2(ZookeeperConfigWatcherRegister.java:71) ~[classes/:?]
	at java.util.HashMap$KeySet.forEach(HashMap.java:929) ~[?:?]
	at org.apache.skywalking.oap.server.configuration.zookeeper.ZookeeperConfigWatcherRegister.readGroupConfig(ZookeeperConfigWatcherRegister.java:68) ~[classes/:?]
	at org.apache.skywalking.oap.server.configuration.api.ConfigWatcherRegister.groupConfigsSync(ConfigWatcherRegister.java:138) ~[configuration-api-9.2.0.jar:9.2.0]
	at org.apache.skywalking.oap.server.configuration.api.ConfigWatcherRegister.configSync(ConfigWatcherRegister.java:91) ~[configuration-api-9.2.0.jar:9.2.0]
	at org.apache.skywalking.oap.server.library.util.RunnableWithExceptionProtection.run(RunnableWithExceptionProtection.java:33) [library-util-9.2.0.jar:9.2.0]
	at java.util.concurrent.Executors$RunnableAdapter.call(Executors.java:515) [?:?]
	at java.util.concurrent.FutureTask.runAndReset(FutureTask.java:305) [?:?]
	at java.util.concurrent.ScheduledThreadPoolExecutor$ScheduledFutureTask.run(ScheduledThreadPoolExecutor.java:305) [?:?]
	at java.util.concurrent.ThreadPoolExecutor.runWorker(ThreadPoolExecutor.java:1128) [?:?]
	at java.util.concurrent.ThreadPoolExecutor$Worker.run(ThreadPoolExecutor.java:628) [?:?]
	at java.lang.Thread.run(Thread.java:829) [?:?]
2022-11-29 03:11:12,431 - org.apache.skywalking.oap.server.configuration.zookeeper.ZookeeperConfigWatcherRegister -17242 [pool-6-thread-1] ERROR [] - KeeperErrorCode = NoNode for /valid/file2/test-module.default.testKeyGroup
org.apache.zookeeper.KeeperException$NoNodeException: KeeperErrorCode = NoNode for /valid/file2/test-module.default.testKeyGroup
	at org.apache.zookeeper.KeeperException.create(KeeperException.java:118) ~[zookeeper-3.5.7.jar:3.5.7]
	at org.apache.zookeeper.KeeperException.create(KeeperException.java:54) ~[zookeeper-3.5.7.jar:3.5.7]
	at org.apache.zookeeper.ZooKeeper.getChildren(ZooKeeper.java:2707) ~[zookeeper-3.5.7.jar:3.5.7]
	at org.apache.curator.framework.imps.GetChildrenBuilderImpl$3.call(GetChildrenBuilderImpl.java:242) ~[curator-framework-4.3.0.jar:4.3.0]
	at org.apache.curator.framework.imps.GetChildrenBuilderImpl$3.call(GetChildrenBuilderImpl.java:231) ~[curator-framework-4.3.0.jar:4.3.0]
	at org.apache.curator.connection.StandardConnectionHandlingPolicy.callWithRetry(StandardConnectionHandlingPolicy.java:67) ~[curator-client-4.3.0.jar:?]
	at org.apache.curator.RetryLoop.callWithRetry(RetryLoop.java:81) ~[curator-client-4.3.0.jar:?]
	at org.apache.curator.framework.imps.GetChildrenBuilderImpl.pathInForeground(GetChildrenBuilderImpl.java:228) ~[curator-framework-4.3.0.jar:4.3.0]
	at org.apache.curator.framework.imps.GetChildrenBuilderImpl.forPath(GetChildrenBuilderImpl.java:219) ~[curator-framework-4.3.0.jar:4.3.0]
	at org.apache.curator.framework.imps.GetChildrenBuilderImpl.forPath(GetChildrenBuilderImpl.java:41) ~[curator-framework-4.3.0.jar:4.3.0]
	at org.apache.skywalking.oap.server.configuration.zookeeper.ZookeeperConfigWatcherRegister.lambda$readGroupConfig$2(ZookeeperConfigWatcherRegister.java:71) ~[classes/:?]
	at java.util.HashMap$KeySet.forEach(HashMap.java:929) ~[?:?]
	at org.apache.skywalking.oap.server.configuration.zookeeper.ZookeeperConfigWatcherRegister.readGroupConfig(ZookeeperConfigWatcherRegister.java:68) ~[classes/:?]
	at org.apache.skywalking.oap.server.configuration.api.ConfigWatcherRegister.groupConfigsSync(ConfigWatcherRegister.java:138) ~[configuration-api-9.2.0.jar:9.2.0]
	at org.apache.skywalking.oap.server.configuration.api.ConfigWatcherRegister.configSync(ConfigWatcherRegister.java:91) ~[configuration-api-9.2.0.jar:9.2.0]
	at org.apache.skywalking.oap.server.library.util.RunnableWithExceptionProtection.run(RunnableWithExceptionProtection.java:33) [library-util-9.2.0.jar:9.2.0]
	at java.util.concurrent.Executors$RunnableAdapter.call(Executors.java:515) [?:?]
	at java.util.concurrent.FutureTask.runAndReset(FutureTask.java:305) [?:?]
	at java.util.concurrent.ScheduledThreadPoolExecutor$ScheduledFutureTask.run(ScheduledThreadPoolExecutor.java:305) [?:?]
	at java.util.concurrent.ThreadPoolExecutor.runWorker(ThreadPoolExecutor.java:1128) [?:?]
	at java.util.concurrent.ThreadPoolExecutor$Worker.run(ThreadPoolExecutor.java:628) [?:?]
	at java.lang.Thread.run(Thread.java:829) [?:?]
2022-11-29 03:11:13,431 - org.apache.skywalking.oap.server.configuration.zookeeper.ZookeeperConfigWatcherRegister -18242 [pool-6-thread-1] ERROR [] - KeeperErrorCode = NoNode for /valid/file2/test-module.default.testKeyGroup
org.apache.zookeeper.KeeperException$NoNodeException: KeeperErrorCode = NoNode for /valid/file2/test-module.default.testKeyGroup
	at org.apache.zookeeper.KeeperException.create(KeeperException.java:118) ~[zookeeper-3.5.7.jar:3.5.7]
	at org.apache.zookeeper.KeeperException.create(KeeperException.java:54) ~[zookeeper-3.5.7.jar:3.5.7]
	at org.apache.zookeeper.ZooKeeper.getChildren(ZooKeeper.java:2707) ~[zookeeper-3.5.7.jar:3.5.7]
	at org.apache.curator.framework.imps.GetChildrenBuilderImpl$3.call(GetChildrenBuilderImpl.java:242) ~[curator-framework-4.3.0.jar:4.3.0]
	at org.apache.curator.framework.imps.GetChildrenBuilderImpl$3.call(GetChildrenBuilderImpl.java:231) ~[curator-framework-4.3.0.jar:4.3.0]
	at org.apache.curator.connection.StandardConnectionHandlingPolicy.callWithRetry(StandardConnectionHandlingPolicy.java:67) ~[curator-client-4.3.0.jar:?]
	at org.apache.curator.RetryLoop.callWithRetry(RetryLoop.java:81) ~[curator-client-4.3.0.jar:?]
	at org.apache.curator.framework.imps.GetChildrenBuilderImpl.pathInForeground(GetChildrenBuilderImpl.java:228) ~[curator-framework-4.3.0.jar:4.3.0]
	at org.apache.curator.framework.imps.GetChildrenBuilderImpl.forPath(GetChildrenBuilderImpl.java:219) ~[curator-framework-4.3.0.jar:4.3.0]
	at org.apache.curator.framework.imps.GetChildrenBuilderImpl.forPath(GetChildrenBuilderImpl.java:41) ~[curator-framework-4.3.0.jar:4.3.0]
	at org.apache.skywalking.oap.server.configuration.zookeeper.ZookeeperConfigWatcherRegister.lambda$readGroupConfig$2(ZookeeperConfigWatcherRegister.java:71) ~[classes/:?]
	at java.util.HashMap$KeySet.forEach(HashMap.java:929) ~[?:?]
	at org.apache.skywalking.oap.server.configuration.zookeeper.ZookeeperConfigWatcherRegister.readGroupConfig(ZookeeperConfigWatcherRegister.java:68) ~[classes/:?]
	at org.apache.skywalking.oap.server.configuration.api.ConfigWatcherRegister.groupConfigsSync(ConfigWatcherRegister.java:138) ~[configuration-api-9.2.0.jar:9.2.0]
	at org.apache.skywalking.oap.server.configuration.api.ConfigWatcherRegister.configSync(ConfigWatcherRegister.java:91) ~[configuration-api-9.2.0.jar:9.2.0]
	at org.apache.skywalking.oap.server.library.util.RunnableWithExceptionProtection.run(RunnableWithExceptionProtection.java:33) [library-util-9.2.0.jar:9.2.0]
	at java.util.concurrent.Executors$RunnableAdapter.call(Executors.java:515) [?:?]
	at java.util.concurrent.FutureTask.runAndReset(FutureTask.java:305) [?:?]
	at java.util.concurrent.ScheduledThreadPoolExecutor$ScheduledFutureTask.run(ScheduledThreadPoolExecutor.java:305) [?:?]
	at java.util.concurrent.ThreadPoolExecutor.runWorker(ThreadPoolExecutor.java:1128) [?:?]
	at java.util.concurrent.ThreadPoolExecutor$Worker.run(ThreadPoolExecutor.java:628) [?:?]
	at java.lang.Thread.run(Thread.java:829) [?:?]
2022-11-29 03:11:14,431 - org.apache.skywalking.oap.server.configuration.zookeeper.ZookeeperConfigWatcherRegister -19242 [pool-6-thread-1] ERROR [] - KeeperErrorCode = NoNode for /valid/file2/test-module.default.testKeyGroup
org.apache.zookeeper.KeeperException$NoNodeException: KeeperErrorCode = NoNode for /valid/file2/test-module.default.testKeyGroup
	at org.apache.zookeeper.KeeperException.create(KeeperException.java:118) ~[zookeeper-3.5.7.jar:3.5.7]
	at org.apache.zookeeper.KeeperException.create(KeeperException.java:54) ~[zookeeper-3.5.7.jar:3.5.7]
	at org.apache.zookeeper.ZooKeeper.getChildren(ZooKeeper.java:2707) ~[zookeeper-3.5.7.jar:3.5.7]
	at org.apache.curator.framework.imps.GetChildrenBuilderImpl$3.call(GetChildrenBuilderImpl.java:242) ~[curator-framework-4.3.0.jar:4.3.0]
	at org.apache.curator.framework.imps.GetChildrenBuilderImpl$3.call(GetChildrenBuilderImpl.java:231) ~[curator-framework-4.3.0.jar:4.3.0]
	at org.apache.curator.connection.StandardConnectionHandlingPolicy.callWithRetry(StandardConnectionHandlingPolicy.java:67) ~[curator-client-4.3.0.jar:?]
	at org.apache.curator.RetryLoop.callWithRetry(RetryLoop.java:81) ~[curator-client-4.3.0.jar:?]
	at org.apache.curator.framework.imps.GetChildrenBuilderImpl.pathInForeground(GetChildrenBuilderImpl.java:228) ~[curator-framework-4.3.0.jar:4.3.0]
	at org.apache.curator.framework.imps.GetChildrenBuilderImpl.forPath(GetChildrenBuilderImpl.java:219) ~[curator-framework-4.3.0.jar:4.3.0]
	at org.apache.curator.framework.imps.GetChildrenBuilderImpl.forPath(GetChildrenBuilderImpl.java:41) ~[curator-framework-4.3.0.jar:4.3.0]
	at org.apache.skywalking.oap.server.configuration.zookeeper.ZookeeperConfigWatcherRegister.lambda$readGroupConfig$2(ZookeeperConfigWatcherRegister.java:71) ~[classes/:?]
	at java.util.HashMap$KeySet.forEach(HashMap.java:929) ~[?:?]
	at org.apache.skywalking.oap.server.configuration.zookeeper.ZookeeperConfigWatcherRegister.readGroupConfig(ZookeeperConfigWatcherRegister.java:68) ~[classes/:?]
	at org.apache.skywalking.oap.server.configuration.api.ConfigWatcherRegister.groupConfigsSync(ConfigWatcherRegister.java:138) ~[configuration-api-9.2.0.jar:9.2.0]
	at org.apache.skywalking.oap.server.configuration.api.ConfigWatcherRegister.configSync(ConfigWatcherRegister.java:91) ~[configuration-api-9.2.0.jar:9.2.0]
	at org.apache.skywalking.oap.server.library.util.RunnableWithExceptionProtection.run(RunnableWithExceptionProtection.java:33) [library-util-9.2.0.jar:9.2.0]
	at java.util.concurrent.Executors$RunnableAdapter.call(Executors.java:515) [?:?]
	at java.util.concurrent.FutureTask.runAndReset(FutureTask.java:305) [?:?]
	at java.util.concurrent.ScheduledThreadPoolExecutor$ScheduledFutureTask.run(ScheduledThreadPoolExecutor.java:305) [?:?]
	at java.util.concurrent.ThreadPoolExecutor.runWorker(ThreadPoolExecutor.java:1128) [?:?]
	at java.util.concurrent.ThreadPoolExecutor$Worker.run(ThreadPoolExecutor.java:628) [?:?]
	at java.lang.Thread.run(Thread.java:829) [?:?]
2022-11-29 03:11:15,435 - org.apache.skywalking.oap.server.configuration.zookeeper.ZookeeperConfigWatcherRegister -20246 [pool-6-thread-1] ERROR [] - KeeperErrorCode = NoNode for /valid/file2/test-module.default.testKeyGroup
org.apache.zookeeper.KeeperException$NoNodeException: KeeperErrorCode = NoNode for /valid/file2/test-module.default.testKeyGroup
	at org.apache.zookeeper.KeeperException.create(KeeperException.java:118) ~[zookeeper-3.5.7.jar:3.5.7]
	at org.apache.zookeeper.KeeperException.create(KeeperException.java:54) ~[zookeeper-3.5.7.jar:3.5.7]
	at org.apache.zookeeper.ZooKeeper.getChildren(ZooKeeper.java:2707) ~[zookeeper-3.5.7.jar:3.5.7]
	at org.apache.curator.framework.imps.GetChildrenBuilderImpl$3.call(GetChildrenBuilderImpl.java:242) ~[curator-framework-4.3.0.jar:4.3.0]
	at org.apache.curator.framework.imps.GetChildrenBuilderImpl$3.call(GetChildrenBuilderImpl.java:231) ~[curator-framework-4.3.0.jar:4.3.0]
	at org.apache.curator.connection.StandardConnectionHandlingPolicy.callWithRetry(StandardConnectionHandlingPolicy.java:67) ~[curator-client-4.3.0.jar:?]
	at org.apache.curator.RetryLoop.callWithRetry(RetryLoop.java:81) ~[curator-client-4.3.0.jar:?]
	at org.apache.curator.framework.imps.GetChildrenBuilderImpl.pathInForeground(GetChildrenBuilderImpl.java:228) ~[curator-framework-4.3.0.jar:4.3.0]
	at org.apache.curator.framework.imps.GetChildrenBuilderImpl.forPath(GetChildrenBuilderImpl.java:219) ~[curator-framework-4.3.0.jar:4.3.0]
	at org.apache.curator.framework.imps.GetChildrenBuilderImpl.forPath(GetChildrenBuilderImpl.java:41) ~[curator-framework-4.3.0.jar:4.3.0]
	at org.apache.skywalking.oap.server.configuration.zookeeper.ZookeeperConfigWatcherRegister.lambda$readGroupConfig$2(ZookeeperConfigWatcherRegister.java:71) ~[classes/:?]
	at java.util.HashMap$KeySet.forEach(HashMap.java:929) ~[?:?]
	at org.apache.skywalking.oap.server.configuration.zookeeper.ZookeeperConfigWatcherRegister.readGroupConfig(ZookeeperConfigWatcherRegister.java:68) ~[classes/:?]
	at org.apache.skywalking.oap.server.configuration.api.ConfigWatcherRegister.groupConfigsSync(ConfigWatcherRegister.java:138) ~[configuration-api-9.2.0.jar:9.2.0]
	at org.apache.skywalking.oap.server.configuration.api.ConfigWatcherRegister.configSync(ConfigWatcherRegister.java:91) ~[configuration-api-9.2.0.jar:9.2.0]
	at org.apache.skywalking.oap.server.library.util.RunnableWithExceptionProtection.run(RunnableWithExceptionProtection.java:33) [library-util-9.2.0.jar:9.2.0]
	at java.util.concurrent.Executors$RunnableAdapter.call(Executors.java:515) [?:?]
	at java.util.concurrent.FutureTask.runAndReset(FutureTask.java:305) [?:?]
	at java.util.concurrent.ScheduledThreadPoolExecutor$ScheduledFutureTask.run(ScheduledThreadPoolExecutor.java:305) [?:?]
	at java.util.concurrent.ThreadPoolExecutor.runWorker(ThreadPoolExecutor.java:1128) [?:?]
	at java.util.concurrent.ThreadPoolExecutor$Worker.run(ThreadPoolExecutor.java:628) [?:?]
	at java.lang.Thread.run(Thread.java:829) [?:?]
2022-11-29 03:11:16,430 - org.apache.skywalking.oap.server.configuration.zookeeper.ZookeeperConfigWatcherRegister -21241 [pool-6-thread-1] ERROR [] - KeeperErrorCode = NoNode for /valid/file2/test-module.default.testKeyGroup
org.apache.zookeeper.KeeperException$NoNodeException: KeeperErrorCode = NoNode for /valid/file2/test-module.default.testKeyGroup
	at org.apache.zookeeper.KeeperException.create(KeeperException.java:118) ~[zookeeper-3.5.7.jar:3.5.7]
	at org.apache.zookeeper.KeeperException.create(KeeperException.java:54) ~[zookeeper-3.5.7.jar:3.5.7]
	at org.apache.zookeeper.ZooKeeper.getChildren(ZooKeeper.java:2707) ~[zookeeper-3.5.7.jar:3.5.7]
	at org.apache.curator.framework.imps.GetChildrenBuilderImpl$3.call(GetChildrenBuilderImpl.java:242) ~[curator-framework-4.3.0.jar:4.3.0]
	at org.apache.curator.framework.imps.GetChildrenBuilderImpl$3.call(GetChildrenBuilderImpl.java:231) ~[curator-framework-4.3.0.jar:4.3.0]
	at org.apache.curator.connection.StandardConnectionHandlingPolicy.callWithRetry(StandardConnectionHandlingPolicy.java:67) ~[curator-client-4.3.0.jar:?]
	at org.apache.curator.RetryLoop.callWithRetry(RetryLoop.java:81) ~[curator-client-4.3.0.jar:?]
	at org.apache.curator.framework.imps.GetChildrenBuilderImpl.pathInForeground(GetChildrenBuilderImpl.java:228) ~[curator-framework-4.3.0.jar:4.3.0]
	at org.apache.curator.framework.imps.GetChildrenBuilderImpl.forPath(GetChildrenBuilderImpl.java:219) ~[curator-framework-4.3.0.jar:4.3.0]
	at org.apache.curator.framework.imps.GetChildrenBuilderImpl.forPath(GetChildrenBuilderImpl.java:41) ~[curator-framework-4.3.0.jar:4.3.0]
	at org.apache.skywalking.oap.server.configuration.zookeeper.ZookeeperConfigWatcherRegister.lambda$readGroupConfig$2(ZookeeperConfigWatcherRegister.java:71) ~[classes/:?]
	at java.util.HashMap$KeySet.forEach(HashMap.java:929) ~[?:?]
	at org.apache.skywalking.oap.server.configuration.zookeeper.ZookeeperConfigWatcherRegister.readGroupConfig(ZookeeperConfigWatcherRegister.java:68) ~[classes/:?]
	at org.apache.skywalking.oap.server.configuration.api.ConfigWatcherRegister.groupConfigsSync(ConfigWatcherRegister.java:138) ~[configuration-api-9.2.0.jar:9.2.0]
	at org.apache.skywalking.oap.server.configuration.api.ConfigWatcherRegister.configSync(ConfigWatcherRegister.java:91) ~[configuration-api-9.2.0.jar:9.2.0]
	at org.apache.skywalking.oap.server.library.util.RunnableWithExceptionProtection.run(RunnableWithExceptionProtection.java:33) [library-util-9.2.0.jar:9.2.0]
	at java.util.concurrent.Executors$RunnableAdapter.call(Executors.java:515) [?:?]
	at java.util.concurrent.FutureTask.runAndReset(FutureTask.java:305) [?:?]
	at java.util.concurrent.ScheduledThreadPoolExecutor$ScheduledFutureTask.run(ScheduledThreadPoolExecutor.java:305) [?:?]
	at java.util.concurrent.ThreadPoolExecutor.runWorker(ThreadPoolExecutor.java:1128) [?:?]
	at java.util.concurrent.ThreadPoolExecutor$Worker.run(ThreadPoolExecutor.java:628) [?:?]
	at java.lang.Thread.run(Thread.java:829) [?:?]
2022-11-29 03:11:17,430 - org.apache.skywalking.oap.server.configuration.zookeeper.ZookeeperConfigWatcherRegister -22241 [pool-6-thread-1] ERROR [] - KeeperErrorCode = NoNode for /valid/file2/test-module.default.testKeyGroup
org.apache.zookeeper.KeeperException$NoNodeException: KeeperErrorCode = NoNode for /valid/file2/test-module.default.testKeyGroup
	at org.apache.zookeeper.KeeperException.create(KeeperException.java:118) ~[zookeeper-3.5.7.jar:3.5.7]
	at org.apache.zookeeper.KeeperException.create(KeeperException.java:54) ~[zookeeper-3.5.7.jar:3.5.7]
	at org.apache.zookeeper.ZooKeeper.getChildren(ZooKeeper.java:2707) ~[zookeeper-3.5.7.jar:3.5.7]
	at org.apache.curator.framework.imps.GetChildrenBuilderImpl$3.call(GetChildrenBuilderImpl.java:242) ~[curator-framework-4.3.0.jar:4.3.0]
	at org.apache.curator.framework.imps.GetChildrenBuilderImpl$3.call(GetChildrenBuilderImpl.java:231) ~[curator-framework-4.3.0.jar:4.3.0]
	at org.apache.curator.connection.StandardConnectionHandlingPolicy.callWithRetry(StandardConnectionHandlingPolicy.java:67) ~[curator-client-4.3.0.jar:?]
	at org.apache.curator.RetryLoop.callWithRetry(RetryLoop.java:81) ~[curator-client-4.3.0.jar:?]
	at org.apache.curator.framework.imps.GetChildrenBuilderImpl.pathInForeground(GetChildrenBuilderImpl.java:228) ~[curator-framework-4.3.0.jar:4.3.0]
	at org.apache.curator.framework.imps.GetChildrenBuilderImpl.forPath(GetChildrenBuilderImpl.java:219) ~[curator-framework-4.3.0.jar:4.3.0]
	at org.apache.curator.framework.imps.GetChildrenBuilderImpl.forPath(GetChildrenBuilderImpl.java:41) ~[curator-framework-4.3.0.jar:4.3.0]
	at org.apache.skywalking.oap.server.configuration.zookeeper.ZookeeperConfigWatcherRegister.lambda$readGroupConfig$2(ZookeeperConfigWatcherRegister.java:71) ~[classes/:?]
	at java.util.HashMap$KeySet.forEach(HashMap.java:929) ~[?:?]
	at org.apache.skywalking.oap.server.configuration.zookeeper.ZookeeperConfigWatcherRegister.readGroupConfig(ZookeeperConfigWatcherRegister.java:68) ~[classes/:?]
	at org.apache.skywalking.oap.server.configuration.api.ConfigWatcherRegister.groupConfigsSync(ConfigWatcherRegister.java:138) ~[configuration-api-9.2.0.jar:9.2.0]
	at org.apache.skywalking.oap.server.configuration.api.ConfigWatcherRegister.configSync(ConfigWatcherRegister.java:91) ~[configuration-api-9.2.0.jar:9.2.0]
	at org.apache.skywalking.oap.server.library.util.RunnableWithExceptionProtection.run(RunnableWithExceptionProtection.java:33) [library-util-9.2.0.jar:9.2.0]
	at java.util.concurrent.Executors$RunnableAdapter.call(Executors.java:515) [?:?]
	at java.util.concurrent.FutureTask.runAndReset(FutureTask.java:305) [?:?]
	at java.util.concurrent.ScheduledThreadPoolExecutor$ScheduledFutureTask.run(ScheduledThreadPoolExecutor.java:305) [?:?]
	at java.util.concurrent.ThreadPoolExecutor.runWorker(ThreadPoolExecutor.java:1128) [?:?]
	at java.util.concurrent.ThreadPoolExecutor$Worker.run(ThreadPoolExecutor.java:628) [?:?]
	at java.lang.Thread.run(Thread.java:829) [?:?]
2022-11-29 03:11:18,431 - org.apache.skywalking.oap.server.configuration.zookeeper.ZookeeperConfigWatcherRegister -23242 [pool-6-thread-1] ERROR [] - KeeperErrorCode = NoNode for /valid/file2/test-module.default.testKeyGroup
org.apache.zookeeper.KeeperException$NoNodeException: KeeperErrorCode = NoNode for /valid/file2/test-module.default.testKeyGroup
	at org.apache.zookeeper.KeeperException.create(KeeperException.java:118) ~[zookeeper-3.5.7.jar:3.5.7]
	at org.apache.zookeeper.KeeperException.create(KeeperException.java:54) ~[zookeeper-3.5.7.jar:3.5.7]
	at org.apache.zookeeper.ZooKeeper.getChildren(ZooKeeper.java:2707) ~[zookeeper-3.5.7.jar:3.5.7]
	at org.apache.curator.framework.imps.GetChildrenBuilderImpl$3.call(GetChildrenBuilderImpl.java:242) ~[curator-framework-4.3.0.jar:4.3.0]
	at org.apache.curator.framework.imps.GetChildrenBuilderImpl$3.call(GetChildrenBuilderImpl.java:231) ~[curator-framework-4.3.0.jar:4.3.0]
	at org.apache.curator.connection.StandardConnectionHandlingPolicy.callWithRetry(StandardConnectionHandlingPolicy.java:67) ~[curator-client-4.3.0.jar:?]
	at org.apache.curator.RetryLoop.callWithRetry(RetryLoop.java:81) ~[curator-client-4.3.0.jar:?]
	at org.apache.curator.framework.imps.GetChildrenBuilderImpl.pathInForeground(GetChildrenBuilderImpl.java:228) ~[curator-framework-4.3.0.jar:4.3.0]
	at org.apache.curator.framework.imps.GetChildrenBuilderImpl.forPath(GetChildrenBuilderImpl.java:219) ~[curator-framework-4.3.0.jar:4.3.0]
	at org.apache.curator.framework.imps.GetChildrenBuilderImpl.forPath(GetChildrenBuilderImpl.java:41) ~[curator-framework-4.3.0.jar:4.3.0]
	at org.apache.skywalking.oap.server.configuration.zookeeper.ZookeeperConfigWatcherRegister.lambda$readGroupConfig$2(ZookeeperConfigWatcherRegister.java:71) ~[classes/:?]
	at java.util.HashMap$KeySet.forEach(HashMap.java:929) ~[?:?]
	at org.apache.skywalking.oap.server.configuration.zookeeper.ZookeeperConfigWatcherRegister.readGroupConfig(ZookeeperConfigWatcherRegister.java:68) ~[classes/:?]
	at org.apache.skywalking.oap.server.configuration.api.ConfigWatcherRegister.groupConfigsSync(ConfigWatcherRegister.java:138) ~[configuration-api-9.2.0.jar:9.2.0]
	at org.apache.skywalking.oap.server.configuration.api.ConfigWatcherRegister.configSync(ConfigWatcherRegister.java:91) ~[configuration-api-9.2.0.jar:9.2.0]
	at org.apache.skywalking.oap.server.library.util.RunnableWithExceptionProtection.run(RunnableWithExceptionProtection.java:33) [library-util-9.2.0.jar:9.2.0]
	at java.util.concurrent.Executors$RunnableAdapter.call(Executors.java:515) [?:?]
	at java.util.concurrent.FutureTask.runAndReset(FutureTask.java:305) [?:?]
	at java.util.concurrent.ScheduledThreadPoolExecutor$ScheduledFutureTask.run(ScheduledThreadPoolExecutor.java:305) [?:?]
	at java.util.concurrent.ThreadPoolExecutor.runWorker(ThreadPoolExecutor.java:1128) [?:?]
	at java.util.concurrent.ThreadPoolExecutor$Worker.run(ThreadPoolExecutor.java:628) [?:?]
	at java.lang.Thread.run(Thread.java:829) [?:?]
2022-11-29 03:11:19,434 - org.apache.skywalking.oap.server.configuration.zookeeper.ZookeeperConfigWatcherRegister -24245 [pool-6-thread-1] ERROR [] - KeeperErrorCode = NoNode for /valid/file2/test-module.default.testKeyGroup
org.apache.zookeeper.KeeperException$NoNodeException: KeeperErrorCode = NoNode for /valid/file2/test-module.default.testKeyGroup
	at org.apache.zookeeper.KeeperException.create(KeeperException.java:118) ~[zookeeper-3.5.7.jar:3.5.7]
	at org.apache.zookeeper.KeeperException.create(KeeperException.java:54) ~[zookeeper-3.5.7.jar:3.5.7]
	at org.apache.zookeeper.ZooKeeper.getChildren(ZooKeeper.java:2707) ~[zookeeper-3.5.7.jar:3.5.7]
	at org.apache.curator.framework.imps.GetChildrenBuilderImpl$3.call(GetChildrenBuilderImpl.java:242) ~[curator-framework-4.3.0.jar:4.3.0]
	at org.apache.curator.framework.imps.GetChildrenBuilderImpl$3.call(GetChildrenBuilderImpl.java:231) ~[curator-framework-4.3.0.jar:4.3.0]
	at org.apache.curator.connection.StandardConnectionHandlingPolicy.callWithRetry(StandardConnectionHandlingPolicy.java:67) ~[curator-client-4.3.0.jar:?]
	at org.apache.curator.RetryLoop.callWithRetry(RetryLoop.java:81) ~[curator-client-4.3.0.jar:?]
	at org.apache.curator.framework.imps.GetChildrenBuilderImpl.pathInForeground(GetChildrenBuilderImpl.java:228) ~[curator-framework-4.3.0.jar:4.3.0]
	at org.apache.curator.framework.imps.GetChildrenBuilderImpl.forPath(GetChildrenBuilderImpl.java:219) ~[curator-framework-4.3.0.jar:4.3.0]
	at org.apache.curator.framework.imps.GetChildrenBuilderImpl.forPath(GetChildrenBuilderImpl.java:41) ~[curator-framework-4.3.0.jar:4.3.0]
	at org.apache.skywalking.oap.server.configuration.zookeeper.ZookeeperConfigWatcherRegister.lambda$readGroupConfig$2(ZookeeperConfigWatcherRegister.java:71) ~[classes/:?]
	at java.util.HashMap$KeySet.forEach(HashMap.java:929) ~[?:?]
	at org.apache.skywalking.oap.server.configuration.zookeeper.ZookeeperConfigWatcherRegister.readGroupConfig(ZookeeperConfigWatcherRegister.java:68) ~[classes/:?]
	at org.apache.skywalking.oap.server.configuration.api.ConfigWatcherRegister.groupConfigsSync(ConfigWatcherRegister.java:138) ~[configuration-api-9.2.0.jar:9.2.0]
	at org.apache.skywalking.oap.server.configuration.api.ConfigWatcherRegister.configSync(ConfigWatcherRegister.java:91) ~[configuration-api-9.2.0.jar:9.2.0]
	at org.apache.skywalking.oap.server.library.util.RunnableWithExceptionProtection.run(RunnableWithExceptionProtection.java:33) [library-util-9.2.0.jar:9.2.0]
	at java.util.concurrent.Executors$RunnableAdapter.call(Executors.java:515) [?:?]
	at java.util.concurrent.FutureTask.runAndReset(FutureTask.java:305) [?:?]
	at java.util.concurrent.ScheduledThreadPoolExecutor$ScheduledFutureTask.run(ScheduledThreadPoolExecutor.java:305) [?:?]
	at java.util.concurrent.ThreadPoolExecutor.runWorker(ThreadPoolExecutor.java:1128) [?:?]
	at java.util.concurrent.ThreadPoolExecutor$Worker.run(ThreadPoolExecutor.java:628) [?:?]
	at java.lang.Thread.run(Thread.java:829) [?:?]
2022-11-29 03:11:19,488 - org.apache.zookeeper.ClientCnxn -24299 [Time-limited test-SendThread(localhost:49479)] INFO  [] - Unable to read additional data from server sessionid 0x1000216455b0001, likely server has closed socket, closing socket connection and attempting reconnect
2022-11-29 03:11:19,488 - org.apache.zookeeper.ClientCnxn -24299 [main-SendThread(localhost:49479)] INFO  [] - Unable to read additional data from server sessionid 0x1000216455b0000, likely server has closed socket, closing socket connection and attempting reconnect
2022-11-29 03:11:19,589 - org.apache.curator.framework.state.ConnectionStateManager -24400 [Time-limited test-EventThread] INFO  [] - State change: SUSPENDED
2022-11-29 03:11:19,589 - org.apache.curator.framework.state.ConnectionStateManager -24400 [main-EventThread] INFO  [] - State change: SUSPENDED
]]></system-out>
  </testcase>
</testsuite>