<?xml version="1.0" encoding="UTF-8"?>
<testsuite xmlns:xsi="http://www.w3.org/2001/XMLSchema-instance" xsi:noNamespaceSchemaLocation="https://maven.apache.org/surefire/maven-surefire-plugin/xsd/surefire-test-report.xsd" name="org.apache.skywalking.oap.server.configuration.apollo.ITApolloConfigurationTest" time="82.372" tests="1" errors="1" skipped="0" failures="0">
  <properties>
[...]
</properties>
  <testcase name="shouldReadUpdated4Group" classname="org.apache.skywalking.oap.server.configuration.apollo.ITApolloConfigurationTest" time="0.575">
    <error message="Can not set int field org.apache.skywalking.oap.server.configuration.apollo.ApolloConfigurationCenterSettings.period to java.lang.Long" type="java.lang.IllegalArgumentException">java.lang.IllegalArgumentException: Can not set int field org.apache.skywalking.oap.server.configuration.apollo.ApolloConfigurationCenterSettings.period to java.lang.Long
	at org.apache.skywalking.oap.server.configuration.apollo.ITApolloConfigurationTest.setUp(ITApolloConfigurationTest.java:99)
</error>
    <system-out><![CDATA[2022-11-29 02:55:51,803 - org.testcontainers.dockerclient.DockerClientProviderStrategy -1379 [main] INFO  [] - Loaded org.testcontainers.dockerclient.UnixSocketClientProviderStrategy from ~/.testcontainers.properties, will try it first
2022-11-29 02:55:52,604 - org.testcontainers.dockerclient.DockerClientProviderStrategy -2180 [main] INFO  [] - Found Docker environment with local Unix socket (unix:///var/run/docker.sock)
2022-11-29 02:55:52,621 - org.testcontainers.DockerClientFactory -2197 [main] INFO  [] - Docker host IP address is localhost
2022-11-29 02:55:52,658 - org.testcontainers.DockerClientFactory -2234 [main] INFO  [] - Connected to docker: 
  Server Version: 20.10.21
  API Version: 1.41
  Operating System: Ubuntu 20.04.5 LTS
  Total Memory: 1982 MB
2022-11-29 02:55:52,672 - org.testcontainers.utility.ImageNameSubstitutor -2248 [main] INFO  [] - Image name substitution will be performed by: DefaultImageNameSubstitutor (composite of 'ConfigurationFileImageNameSubstitutor' and 'PrefixingImageNameSubstitutor')
2022-11-29 02:55:52,721 - org.testcontainers.utility.RegistryAuthLocator -2297 [main] INFO  [] - Failure when attempting to lookup auth config. Please ignore if you don't have images in an authenticated registry. Details: (dockerImageName: testcontainers/ryuk:0.3.1, configFile: /home/sk117/.docker/config.json. Falling back to docker-java default behaviour. Exception message: /home/sk117/.docker/config.json (No such file or directory)
2022-11-29 02:55:53,168 - org.testcontainers.DockerClientFactory -2744 [main] INFO  [] - Ryuk started - will monitor and terminate Testcontainers containers on JVM exit
2022-11-29 02:55:53,168 - org.testcontainers.DockerClientFactory -2744 [main] INFO  [] - Checking the system...
2022-11-29 02:55:53,169 - org.testcontainers.DockerClientFactory -2745 [main] INFO  [] - ✔︎ Docker server version should be at least 1.6.0
2022-11-29 02:55:53,239 - org.testcontainers.DockerClientFactory -2815 [main] INFO  [] - ✔︎ Docker environment should have more than 2GB free disk space
2022-11-29 02:55:53,243 - org.testcontainers.containers.DockerComposeContainer -2819 [main] INFO  [] - Preemptively checking local images for 'kezhenxu94/apollo:1.2', referenced via a compose file or transitive Dockerfile. If not available, it will be pulled.
2022-11-29 02:55:53,249 - org.testcontainers.containers.DockerComposeContainer -2825 [main] INFO  [] - Preemptively checking local images for 'alpine:3.13.6', referenced via a compose file or transitive Dockerfile. If not available, it will be pulled.
2022-11-29 02:55:53,251 - org.testcontainers.containers.DockerComposeContainer -2827 [main] INFO  [] - Preemptively checking local images for 'mysql:5.7', referenced via a compose file or transitive Dockerfile. If not available, it will be pulled.
2022-11-29 02:55:53,275 - 🐳 [docker/compose:1.24.1] -2851 [main] INFO  [] - Creating container for image: docker/compose:1.24.1
2022-11-29 02:55:53,821 - 🐳 [docker/compose:1.24.1] -3397 [main] INFO  [] - Starting container with ID: f4cfc02d3cdd7ef45924be0f7b4b5260f8e61aa468b96eba5e6a3ec07a35c9ac
2022-11-29 02:55:54,080 - 🐳 [docker/compose:1.24.1] -3656 [main] INFO  [] - Container docker/compose:1.24.1 is starting: f4cfc02d3cdd7ef45924be0f7b4b5260f8e61aa468b96eba5e6a3ec07a35c9ac
2022-11-29 02:55:56,383 - 🐳 [docker/compose:1.24.1] -5959 [main] INFO  [] - Container docker/compose:1.24.1 started in PT3.108938S
2022-11-29 02:55:56,386 - 🐳 [docker/compose:1.24.1] -5962 [main] INFO  [] - Docker Compose container is running for command: up -d
2022-11-29 02:55:56,388 - 🐳 [docker/compose:1.24.1] -5964 [main] INFO  [] - Docker Compose has finished running
2022-11-29 02:55:56,392 - 🐳 [alpine/socat:1.7.3.4-r0] -5968 [main] INFO  [] - Creating container for image: alpine/socat:1.7.3.4-r0
2022-11-29 02:55:56,415 - 🐳 [docker/compose:1.24.1] -5991 [docker-java-stream-165236947] INFO  [] - STDERR: Creating network "nkjvjwpyhfpf_default" with the default driver
2022-11-29 02:55:56,418 - 🐳 [docker/compose:1.24.1] -5994 [docker-java-stream-165236947] INFO  [] - STDERR: Creating nkjvjwpyhfpf_apollo-dbdata_1 ... 
2022-11-29 02:55:56,419 - 🐳 [docker/compose:1.24.1] -5995 [docker-java-stream-165236947] INFO  [] - STDERR: &amp#27;[1A&amp#27;[2KCreating nkjvjwpyhfpf_apollo-dbdata_1 ... done&amp#27;[1BCreating nkjvjwpyhfpf_apollo-db_1     ... 
2022-11-29 02:55:56,419 - 🐳 [docker/compose:1.24.1] -5995 [docker-java-stream-165236947] INFO  [] - STDERR: &amp#27;[1A&amp#27;[2KCreating nkjvjwpyhfpf_apollo-db_1     ... done&amp#27;[1BCreating nkjvjwpyhfpf_apollo-config-and-portal_1 ... 
2022-11-29 02:55:56,419 - 🐳 [docker/compose:1.24.1] -5995 [docker-java-stream-165236947] INFO  [] - STDERR: &amp#27;[1A&amp#27;[2KCreating nkjvjwpyhfpf_apollo-config-and-portal_1 ... done&amp#27;[1B
2022-11-29 02:55:56,576 - 🐳 [alpine/socat:1.7.3.4-r0] -6152 [main] INFO  [] - Starting container with ID: 8f19fbe50a753535d01d17edbd01f1d0cb9745b5447b7f83547f0e8cf7dc10db
2022-11-29 02:55:57,098 - 🐳 [alpine/socat:1.7.3.4-r0] -6674 [main] INFO  [] - Container alpine/socat:1.7.3.4-r0 is starting: 8f19fbe50a753535d01d17edbd01f1d0cb9745b5447b7f83547f0e8cf7dc10db
2022-11-29 02:55:57,233 - 🐳 [alpine/socat:1.7.3.4-r0] -6809 [main] INFO  [] - Container alpine/socat:1.7.3.4-r0 started in PT0.841241S
2022-11-29 02:56:58,949 - org.apache.skywalking.oap.server.configuration.apollo.ITApolloConfigurationTest -68525 [main] INFO  [] - apollo.configService: http://localhost:49399
2022-11-29 02:56:58,949 - org.apache.skywalking.oap.server.configuration.apollo.ITApolloConfigurationTest -68525 [main] INFO  [] - baseUrl: http://localhost:49398
2022-11-29 02:56:58,953 - org.apache.skywalking.oap.server.configuration.apollo.ITApolloConfigurationTest -68529 [main] WARN  [] - [CTEST][LOAD-PARAM]  java.lang.Thread	org.apache.skywalking.oap.server.configuration.apollo.ITApolloConfigurationTest	org.apache.skywalking.oap.server.configuration.apollo.ITApolloConfigurationTest	org.apache.skywalking.oap.server.configuration.apollo.ITApolloConfigurationTest	jdk.internal.reflect.NativeMethodAccessorImpl	jdk.internal.reflect.NativeMethodAccessorImpl	jdk.internal.reflect.DelegatingMethodAccessorImpl	java.lang.reflect.Method	org.junit.runners.model.FrameworkMethod$1	org.junit.internal.runners.model.ReflectiveCallable	org.junit.runners.model.FrameworkMethod	org.junit.internal.runners.statements.RunBefores	org.junit.internal.runners.statements.RunBefores	org.junit.runners.ParentRunner$3	org.junit.runners.BlockJUnit4ClassRunner$1	org.junit.runners.ParentRunner	org.junit.runners.BlockJUnit4ClassRunner	org.junit.runners.BlockJUnit4ClassRunner	org.junit.runners.ParentRunner$4	org.junit.runners.ParentRunner$1	org.junit.runners.ParentRunner	org.junit.runners.ParentRunner	org.junit.runners.ParentRunner$2	org.testcontainers.containers.FailureDetectingExternalResource$1	org.junit.rules.RunRules	org.junit.runners.ParentRunner$3	org.junit.runners.ParentRunner	org.apache.maven.surefire.junit4.JUnit4Provider	org.apache.maven.surefire.junit4.JUnit4Provider	org.apache.maven.surefire.junit4.JUnit4Provider	org.apache.maven.surefire.junit4.JUnit4Provider	org.apache.maven.surefire.booter.ForkedBooter	org.apache.maven.surefire.booter.ForkedBooter	org.apache.maven.surefire.booter.ForkedBooter	org.apache.maven.surefire.booter.ForkedBooter	
2022-11-29 02:56:59,177 - org.apache.skywalking.oap.server.configuration.apollo.ITApolloConfigurationTest -68753 [main] WARN  [] - First output{
  "test-module" : {
    "default" : {
      "testKey" : 300
    }
  },
  "configuration" : {
    "apollo" : {
      "apolloMeta" : "http://${apollo.meta.host}:${apollo.meta.port}",
      "apolloCluster" : "default",
      "apolloEnv" : "DEV",
      "appId" : "SampleApp",
      "period" : 1
    }
  }
}
2022-11-29 02:56:59,184 - org.apache.skywalking.oap.server.configuration.apollo.ITApolloConfigurationTest -68760 [main] WARN  [] - Second output{
  "configuration" : {
    "apollo" : {
      "period" : -2000000000000
    }
  }
}
2022-11-29 02:56:59,186 - org.apache.skywalking.oap.server.configuration.apollo.ITApolloConfigurationTest -68762 [main] WARN  [] - Final output{
  "test-module" : {
    "default" : {
      "testKey" : 300
    }
  },
  "configuration" : {
    "apollo" : {
      "apolloMeta" : "http://${apollo.meta.host}:${apollo.meta.port}",
      "apolloCluster" : "default",
      "apolloEnv" : "DEV",
      "appId" : "SampleApp",
      "period" : -2000000000000
    }
  }
}
2022-11-29 02:56:59,187 - org.apache.skywalking.oap.server.configuration.apollo.ITApolloConfigurationTest -68763 [main] INFO  [] - moduleConfig{test-module={default={testKey=300}}, configuration={apollo={apolloMeta=http://${apollo.meta.host}:${apollo.meta.port}, apolloCluster=default, apolloEnv=DEV, appId=SampleApp, period=-2000000000000}}}
2022-11-29 02:56:59,193 - org.apache.skywalking.oap.server.configuration.apollo.ITApolloConfigurationTest -68769 [main] INFO  [] - moduleNametest-module
2022-11-29 02:56:59,196 - org.apache.skywalking.oap.server.configuration.apollo.ITApolloConfigurationTest -68772 [main] INFO  [] - providerConfig{default={testKey=300}}
2022-11-29 02:56:59,196 - org.apache.skywalking.oap.server.library.module.ApplicationConfiguration -68772 [main] WARN  [] - [CTEST][getModuleConfiguration] ###test-module### java.lang.Thread	org.apache.skywalking.oap.server.library.module.ApplicationConfiguration	org.apache.skywalking.oap.server.library.module.ApplicationConfiguration	org.apache.skywalking.oap.server.configuration.apollo.ITApolloConfigurationTest	java.util.LinkedHashMap	org.apache.skywalking.oap.server.configuration.apollo.ITApolloConfigurationTest	org.apache.skywalking.oap.server.configuration.apollo.ITApolloConfigurationTest	jdk.internal.reflect.NativeMethodAccessorImpl	jdk.internal.reflect.NativeMethodAccessorImpl	jdk.internal.reflect.DelegatingMethodAccessorImpl	java.lang.reflect.Method	org.junit.runners.model.FrameworkMethod$1	org.junit.internal.runners.model.ReflectiveCallable	org.junit.runners.model.FrameworkMethod	org.junit.internal.runners.statements.RunBefores	org.junit.internal.runners.statements.RunBefores	org.junit.runners.ParentRunner$3	org.junit.runners.BlockJUnit4ClassRunner$1	org.junit.runners.ParentRunner	org.junit.runners.BlockJUnit4ClassRunner	org.junit.runners.BlockJUnit4ClassRunner	org.junit.runners.ParentRunner$4	org.junit.runners.ParentRunner$1	org.junit.runners.ParentRunner	org.junit.runners.ParentRunner	org.junit.runners.ParentRunner$2	org.testcontainers.containers.FailureDetectingExternalResource$1	org.junit.rules.RunRules	org.junit.runners.ParentRunner$3	org.junit.runners.ParentRunner	org.apache.maven.surefire.junit4.JUnit4Provider	org.apache.maven.surefire.junit4.JUnit4Provider	org.apache.maven.surefire.junit4.JUnit4Provider	org.apache.maven.surefire.junit4.JUnit4Provider	org.apache.maven.surefire.booter.ForkedBooter	org.apache.maven.surefire.booter.ForkedBooter	org.apache.maven.surefire.booter.ForkedBooter	org.apache.maven.surefire.booter.ForkedBooter	
2022-11-29 02:56:59,203 - org.apache.skywalking.oap.server.library.module.ApplicationConfiguration$ModuleConfiguration -68779 [main] WARN  [] - [CTEST][getProviderConfiguration] ###default### providers {testKey=300} java.lang.Thread	org.apache.skywalking.oap.server.library.module.ApplicationConfiguration	org.apache.skywalking.oap.server.library.module.ApplicationConfiguration	org.apache.skywalking.oap.server.library.module.ApplicationConfiguration$ModuleConfiguration	org.apache.skywalking.oap.server.configuration.apollo.ITApolloConfigurationTest	java.util.LinkedHashMap	org.apache.skywalking.oap.server.configuration.apollo.ITApolloConfigurationTest	java.util.LinkedHashMap	org.apache.skywalking.oap.server.configuration.apollo.ITApolloConfigurationTest	org.apache.skywalking.oap.server.configuration.apollo.ITApolloConfigurationTest	jdk.internal.reflect.NativeMethodAccessorImpl	jdk.internal.reflect.NativeMethodAccessorImpl	jdk.internal.reflect.DelegatingMethodAccessorImpl	java.lang.reflect.Method	org.junit.runners.model.FrameworkMethod$1	org.junit.internal.runners.model.ReflectiveCallable	org.junit.runners.model.FrameworkMethod	org.junit.internal.runners.statements.RunBefores	org.junit.internal.runners.statements.RunBefores	org.junit.runners.ParentRunner$3	org.junit.runners.BlockJUnit4ClassRunner$1	org.junit.runners.ParentRunner	org.junit.runners.BlockJUnit4ClassRunner	org.junit.runners.BlockJUnit4ClassRunner	org.junit.runners.ParentRunner$4	org.junit.runners.ParentRunner$1	org.junit.runners.ParentRunner	org.junit.runners.ParentRunner	org.junit.runners.ParentRunner$2	org.testcontainers.containers.FailureDetectingExternalResource$1	org.junit.rules.RunRules	org.junit.runners.ParentRunner$3	org.junit.runners.ParentRunner	org.apache.maven.surefire.junit4.JUnit4Provider	org.apache.maven.surefire.junit4.JUnit4Provider	org.apache.maven.surefire.junit4.JUnit4Provider	org.apache.maven.surefire.junit4.JUnit4Provider	org.apache.maven.surefire.booter.ForkedBooter	org.apache.maven.surefire.booter.ForkedBooter	org.apache.maven.surefire.booter.ForkedBooter	org.apache.maven.surefire.booter.ForkedBooter	
2022-11-29 02:56:59,210 - org.apache.skywalking.oap.server.library.module.ApplicationConfiguration$PropertiesWrapper -68786 [main] INFO  [] - [CTEST][PropertiesWrapper-reset] ###testKey### ***300***
2022-11-29 02:56:59,210 - org.apache.skywalking.oap.server.configuration.apollo.ITApolloConfigurationTest -68786 [main] INFO  [] - moduleNameconfiguration
2022-11-29 02:56:59,211 - org.apache.skywalking.oap.server.configuration.apollo.ITApolloConfigurationTest -68787 [main] INFO  [] - providerConfig{apollo={apolloMeta=http://${apollo.meta.host}:${apollo.meta.port}, apolloCluster=default, apolloEnv=DEV, appId=SampleApp, period=-2000000000000}}
2022-11-29 02:56:59,212 - org.apache.skywalking.oap.server.library.module.ApplicationConfiguration -68788 [main] WARN  [] - [CTEST][getModuleConfiguration] ###configuration### java.lang.Thread	org.apache.skywalking.oap.server.library.module.ApplicationConfiguration	org.apache.skywalking.oap.server.library.module.ApplicationConfiguration	org.apache.skywalking.oap.server.configuration.apollo.ITApolloConfigurationTest	java.util.LinkedHashMap	org.apache.skywalking.oap.server.configuration.apollo.ITApolloConfigurationTest	org.apache.skywalking.oap.server.configuration.apollo.ITApolloConfigurationTest	jdk.internal.reflect.NativeMethodAccessorImpl	jdk.internal.reflect.NativeMethodAccessorImpl	jdk.internal.reflect.DelegatingMethodAccessorImpl	java.lang.reflect.Method	org.junit.runners.model.FrameworkMethod$1	org.junit.internal.runners.model.ReflectiveCallable	org.junit.runners.model.FrameworkMethod	org.junit.internal.runners.statements.RunBefores	org.junit.internal.runners.statements.RunBefores	org.junit.runners.ParentRunner$3	org.junit.runners.BlockJUnit4ClassRunner$1	org.junit.runners.ParentRunner	org.junit.runners.BlockJUnit4ClassRunner	org.junit.runners.BlockJUnit4ClassRunner	org.junit.runners.ParentRunner$4	org.junit.runners.ParentRunner$1	org.junit.runners.ParentRunner	org.junit.runners.ParentRunner	org.junit.runners.ParentRunner$2	org.testcontainers.containers.FailureDetectingExternalResource$1	org.junit.rules.RunRules	org.junit.runners.ParentRunner$3	org.junit.runners.ParentRunner	org.apache.maven.surefire.junit4.JUnit4Provider	org.apache.maven.surefire.junit4.JUnit4Provider	org.apache.maven.surefire.junit4.JUnit4Provider	org.apache.maven.surefire.junit4.JUnit4Provider	org.apache.maven.surefire.booter.ForkedBooter	org.apache.maven.surefire.booter.ForkedBooter	org.apache.maven.surefire.booter.ForkedBooter	org.apache.maven.surefire.booter.ForkedBooter	
2022-11-29 02:56:59,220 - org.apache.skywalking.oap.server.library.module.ApplicationConfiguration$ModuleConfiguration -68796 [main] WARN  [] - [CTEST][getProviderConfiguration] ###apollo### providers {period=-2000000000000, apolloMeta=http://localhost:49399, appId=SampleApp, apolloEnv=DEV, apolloCluster=default} java.lang.Thread	org.apache.skywalking.oap.server.library.module.ApplicationConfiguration	org.apache.skywalking.oap.server.library.module.ApplicationConfiguration	org.apache.skywalking.oap.server.library.module.ApplicationConfiguration$ModuleConfiguration	org.apache.skywalking.oap.server.configuration.apollo.ITApolloConfigurationTest	java.util.LinkedHashMap	org.apache.skywalking.oap.server.configuration.apollo.ITApolloConfigurationTest	java.util.LinkedHashMap	org.apache.skywalking.oap.server.configuration.apollo.ITApolloConfigurationTest	org.apache.skywalking.oap.server.configuration.apollo.ITApolloConfigurationTest	jdk.internal.reflect.NativeMethodAccessorImpl	jdk.internal.reflect.NativeMethodAccessorImpl	jdk.internal.reflect.DelegatingMethodAccessorImpl	java.lang.reflect.Method	org.junit.runners.model.FrameworkMethod$1	org.junit.internal.runners.model.ReflectiveCallable	org.junit.runners.model.FrameworkMethod	org.junit.internal.runners.statements.RunBefores	org.junit.internal.runners.statements.RunBefores	org.junit.runners.ParentRunner$3	org.junit.runners.BlockJUnit4ClassRunner$1	org.junit.runners.ParentRunner	org.junit.runners.BlockJUnit4ClassRunner	org.junit.runners.BlockJUnit4ClassRunner	org.junit.runners.ParentRunner$4	org.junit.runners.ParentRunner$1	org.junit.runners.ParentRunner	org.junit.runners.ParentRunner	org.junit.runners.ParentRunner$2	org.testcontainers.containers.FailureDetectingExternalResource$1	org.junit.rules.RunRules	org.junit.runners.ParentRunner$3	org.junit.runners.ParentRunner	org.apache.maven.surefire.junit4.JUnit4Provider	org.apache.maven.surefire.junit4.JUnit4Provider	org.apache.maven.surefire.junit4.JUnit4Provider	org.apache.maven.surefire.junit4.JUnit4Provider	org.apache.maven.surefire.booter.ForkedBooter	org.apache.maven.surefire.booter.ForkedBooter	org.apache.maven.surefire.booter.ForkedBooter	org.apache.maven.surefire.booter.ForkedBooter	
2022-11-29 02:56:59,223 - org.apache.skywalking.oap.server.library.module.ApplicationConfiguration$PropertiesWrapper -68799 [main] INFO  [] - [CTEST][PropertiesWrapper-reset] ###period### ***-2000000000000***
2022-11-29 02:56:59,225 - org.apache.skywalking.oap.server.library.module.ApplicationConfiguration$PropertiesWrapper -68801 [main] INFO  [] - [CTEST][PropertiesWrapper-reset] ###apolloMeta### ***http://localhost:49399***
2022-11-29 02:56:59,230 - org.apache.skywalking.oap.server.library.module.ApplicationConfiguration$PropertiesWrapper -68806 [main] INFO  [] - [CTEST][PropertiesWrapper-reset] ###appId### ***SampleApp***
2022-11-29 02:56:59,230 - org.apache.skywalking.oap.server.library.module.ApplicationConfiguration$PropertiesWrapper -68806 [main] INFO  [] - [CTEST][PropertiesWrapper-reset] ###apolloEnv### ***DEV***
2022-11-29 02:56:59,230 - org.apache.skywalking.oap.server.library.module.ApplicationConfiguration$PropertiesWrapper -68806 [main] INFO  [] - [CTEST][PropertiesWrapper-reset] ###apolloCluster### ***default***
2022-11-29 02:56:59,238 - org.apache.skywalking.oap.server.library.module.ApplicationConfiguration -68814 [main] WARN  [] - [CTEST][getModuleConfiguration] ###configuration### java.lang.Thread	org.apache.skywalking.oap.server.library.module.ApplicationConfiguration	org.apache.skywalking.oap.server.library.module.ApplicationConfiguration	org.apache.skywalking.oap.server.library.module.ModuleManager	org.apache.skywalking.oap.server.configuration.apollo.ITApolloConfigurationTest	jdk.internal.reflect.NativeMethodAccessorImpl	jdk.internal.reflect.NativeMethodAccessorImpl	jdk.internal.reflect.DelegatingMethodAccessorImpl	java.lang.reflect.Method	org.junit.runners.model.FrameworkMethod$1	org.junit.internal.runners.model.ReflectiveCallable	org.junit.runners.model.FrameworkMethod	org.junit.internal.runners.statements.RunBefores	org.junit.internal.runners.statements.RunBefores	org.junit.runners.ParentRunner$3	org.junit.runners.BlockJUnit4ClassRunner$1	org.junit.runners.ParentRunner	org.junit.runners.BlockJUnit4ClassRunner	org.junit.runners.BlockJUnit4ClassRunner	org.junit.runners.ParentRunner$4	org.junit.runners.ParentRunner$1	org.junit.runners.ParentRunner	org.junit.runners.ParentRunner	org.junit.runners.ParentRunner$2	org.testcontainers.containers.FailureDetectingExternalResource$1	org.junit.rules.RunRules	org.junit.runners.ParentRunner$3	org.junit.runners.ParentRunner	org.apache.maven.surefire.junit4.JUnit4Provider	org.apache.maven.surefire.junit4.JUnit4Provider	org.apache.maven.surefire.junit4.JUnit4Provider	org.apache.maven.surefire.junit4.JUnit4Provider	org.apache.maven.surefire.booter.ForkedBooter	org.apache.maven.surefire.booter.ForkedBooter	org.apache.maven.surefire.booter.ForkedBooter	org.apache.maven.surefire.booter.ForkedBooter	
2022-11-29 02:56:59,247 - org.apache.skywalking.oap.server.library.module.ModuleDefine -68823 [main] INFO  [] - Prepare the apollo provider in configuration module.
2022-11-29 02:56:59,249 - org.apache.skywalking.oap.server.library.module.ApplicationConfiguration$ModuleConfiguration -68825 [main] WARN  [] - [CTEST][getProviderConfiguration] ###apollo### providers {period=-2000000000000, apolloMeta=http://localhost:49399, appId=SampleApp, apolloEnv=DEV, apolloCluster=default} java.lang.Thread	org.apache.skywalking.oap.server.library.module.ApplicationConfiguration	org.apache.skywalking.oap.server.library.module.ApplicationConfiguration	org.apache.skywalking.oap.server.library.module.ApplicationConfiguration$ModuleConfiguration	org.apache.skywalking.oap.server.library.module.ModuleDefine	org.apache.skywalking.oap.server.library.module.ModuleManager	org.apache.skywalking.oap.server.configuration.apollo.ITApolloConfigurationTest	jdk.internal.reflect.NativeMethodAccessorImpl	jdk.internal.reflect.NativeMethodAccessorImpl	jdk.internal.reflect.DelegatingMethodAccessorImpl	java.lang.reflect.Method	org.junit.runners.model.FrameworkMethod$1	org.junit.internal.runners.model.ReflectiveCallable	org.junit.runners.model.FrameworkMethod	org.junit.internal.runners.statements.RunBefores	org.junit.internal.runners.statements.RunBefores	org.junit.runners.ParentRunner$3	org.junit.runners.BlockJUnit4ClassRunner$1	org.junit.runners.ParentRunner	org.junit.runners.BlockJUnit4ClassRunner	org.junit.runners.BlockJUnit4ClassRunner	org.junit.runners.ParentRunner$4	org.junit.runners.ParentRunner$1	org.junit.runners.ParentRunner	org.junit.runners.ParentRunner	org.junit.runners.ParentRunner$2	org.testcontainers.containers.FailureDetectingExternalResource$1	org.junit.rules.RunRules	org.junit.runners.ParentRunner$3	org.junit.runners.ParentRunner	org.apache.maven.surefire.junit4.JUnit4Provider	org.apache.maven.surefire.junit4.JUnit4Provider	org.apache.maven.surefire.junit4.JUnit4Provider	org.apache.maven.surefire.junit4.JUnit4Provider	org.apache.maven.surefire.booter.ForkedBooter	org.apache.maven.surefire.booter.ForkedBooter	org.apache.maven.surefire.booter.ForkedBooter	org.apache.maven.surefire.booter.ForkedBooter	
2022-11-29 02:56:59,253 - org.apache.skywalking.oap.server.library.module.ModuleDefine -68829 [main] INFO  [] - copyPropertiesApolloConfigurationCenterSettings(apolloCluster=default, apolloMeta=null, apolloEnv=null, appId=skywalking, namespace=application, clusterName=default, period=60) {period=-2000000000000, apolloMeta=http://localhost:49399, appId=SampleApp, apolloEnv=DEV, apolloCluster=default} configuration apollo
2022-11-29 02:56:59,254 - org.apache.skywalking.oap.server.library.module.ApplicationConfiguration$ModuleConfiguration -68830 [main] WARN  [] - [CTEST][getProviderConfiguration] ###apollo### providers {period=-2000000000000, apolloMeta=http://localhost:49399, appId=SampleApp, apolloEnv=DEV, apolloCluster=default} java.lang.Thread	org.apache.skywalking.oap.server.library.module.ApplicationConfiguration	org.apache.skywalking.oap.server.library.module.ApplicationConfiguration	org.apache.skywalking.oap.server.library.module.ApplicationConfiguration$ModuleConfiguration	org.apache.skywalking.oap.server.library.module.ModuleDefine	org.apache.skywalking.oap.server.library.module.ModuleManager	org.apache.skywalking.oap.server.configuration.apollo.ITApolloConfigurationTest	jdk.internal.reflect.NativeMethodAccessorImpl	jdk.internal.reflect.NativeMethodAccessorImpl	jdk.internal.reflect.DelegatingMethodAccessorImpl	java.lang.reflect.Method	org.junit.runners.model.FrameworkMethod$1	org.junit.internal.runners.model.ReflectiveCallable	org.junit.runners.model.FrameworkMethod	org.junit.internal.runners.statements.RunBefores	org.junit.internal.runners.statements.RunBefores	org.junit.runners.ParentRunner$3	org.junit.runners.BlockJUnit4ClassRunner$1	org.junit.runners.ParentRunner	org.junit.runners.BlockJUnit4ClassRunner	org.junit.runners.BlockJUnit4ClassRunner	org.junit.runners.ParentRunner$4	org.junit.runners.ParentRunner$1	org.junit.runners.ParentRunner	org.junit.runners.ParentRunner	org.junit.runners.ParentRunner$2	org.testcontainers.containers.FailureDetectingExternalResource$1	org.junit.rules.RunRules	org.junit.runners.ParentRunner$3	org.junit.runners.ParentRunner	org.apache.maven.surefire.junit4.JUnit4Provider	org.apache.maven.surefire.junit4.JUnit4Provider	org.apache.maven.surefire.junit4.JUnit4Provider	org.apache.maven.surefire.junit4.JUnit4Provider	org.apache.maven.surefire.booter.ForkedBooter	org.apache.maven.surefire.booter.ForkedBooter	org.apache.maven.surefire.booter.ForkedBooter	org.apache.maven.surefire.booter.ForkedBooter	
2022-11-29 02:56:59,257 - org.apache.skywalking.oap.server.library.module.ApplicationConfiguration$PropertiesWrapper -68833 [main] INFO  [] - [CTEST][PropertiesWrapper] ###apolloCluster### test
2022-11-29 02:56:59,258 - org.apache.skywalking.oap.server.library.module.ApplicationConfiguration$PropertiesWrapper -68834 [main] INFO  [] - [CTEST][PropertiesWrapper] ###apolloMeta### test
2022-11-29 02:56:59,258 - org.apache.skywalking.oap.server.library.module.ApplicationConfiguration$PropertiesWrapper -68834 [main] INFO  [] - [CTEST][PropertiesWrapper] ###apolloEnv### test
2022-11-29 02:56:59,259 - org.apache.skywalking.oap.server.library.module.ApplicationConfiguration$PropertiesWrapper -68835 [main] INFO  [] - [CTEST][PropertiesWrapper] ###appId### test
2022-11-29 02:56:59,259 - org.apache.skywalking.oap.server.library.module.ApplicationConfiguration$PropertiesWrapper -68835 [main] INFO  [] - [CTEST][PropertiesWrapper] ###period### test
]]></system-out>
  </testcase>
</testsuite>