-------------------------------------------------------------------------------
Test set: org.apache.skywalking.oap.server.starter.config.ApplicationConfigLoaderTestCase
-------------------------------------------------------------------------------
Tests run: 1, Failures: 1, Errors: 0, Skipped: 0, Time elapsed: 2.325 s <<< FAILURE! - in org.apache.skywalking.oap.server.starter.config.ApplicationConfigLoaderTestCase
testLoadIntegerTypeConfig(org.apache.skywalking.oap.server.starter.config.ApplicationConfigLoaderTestCase)  Time elapsed: 2.17 s  <<< FAILURE!
java.lang.AssertionError: expected:<9411> but was:<18822>
	at org.apache.skywalking.oap.server.starter.config.ApplicationConfigLoaderTestCase.testLoadIntegerTypeConfig(ApplicationConfigLoaderTestCase.java:72)

