<?xml version="1.0" encoding="UTF-8"?>
<testsuite xmlns:xsi="http://www.w3.org/2001/XMLSchema-instance" xsi:noNamespaceSchemaLocation="https://maven.apache.org/surefire/maven-surefire-plugin/xsd/surefire-test-report.xsd" name="org.apache.skywalking.oap.server.starter.config.ApplicationConfigLoaderTestCase" time="2.325" tests="1" errors="0" skipped="0" failures="1">
  <properties>
[...]
</properties>
  <testcase name="testLoadIntegerTypeConfig" classname="org.apache.skywalking.oap.server.starter.config.ApplicationConfigLoaderTestCase" time="2.17">
    <failure message="expected:&lt;9411&gt; but was:&lt;18822&gt;" type="java.lang.AssertionError"><![CDATA[java.lang.AssertionError: expected:<9411> but was:<18822>
	at org.apache.skywalking.oap.server.starter.config.ApplicationConfigLoaderTestCase.testLoadIntegerTypeConfig(ApplicationConfigLoaderTestCase.java:72)
]]></failure>
    <system-out><![CDATA[2022-11-29 03:14:19,383 main DEBUG Apache Log4j Core 2.17.1 initializing configuration OapConfiguration[location=/home/sk117/final-project/copy/apache-skywalking-apm-9.2.0/oap-server/server-starter/target/classes/log4j2.xml]
2022-11-29 03:14:19,398 main DEBUG Installed 2 script engines
2022-11-29 03:14:19,399 main DEBUG MVEL (MVFLEX Expression Language) version: 2.3, language: mvel, threading: THREAD-ISOLATED, compile: true, names: [mvel], factory class: org.mvel2.jsr223.MvelScriptEngineFactory
2022-11-29 03:14:19,706 main DEBUG Oracle Nashorn version: 11.0.17, language: ECMAScript, threading: Not Thread Safe, compile: true, names: [nashorn, Nashorn, js, JS, JavaScript, javascript, ECMAScript, ecmascript], factory class: jdk.nashorn.api.scripting.NashornScriptEngineFactory
2022-11-29 03:14:19,707 main DEBUG PluginManager 'Core' found 127 plugins
2022-11-29 03:14:19,716 main DEBUG PluginManager 'Level' found 0 plugins
2022-11-29 03:14:19,720 main DEBUG PluginManager 'Lookup' found 16 plugins
2022-11-29 03:14:19,729 main DEBUG Building Plugin[name=PatternMatch, class=org.apache.logging.log4j.core.layout.PatternMatch].
2022-11-29 03:14:19,739 main DEBUG PluginManager 'TypeConverter' found 26 plugins
2022-11-29 03:14:19,751 main DEBUG PatternMatch$Builder(, key="ERROR", pattern="%d %c %L [%t] %-5p %x - [%swversion] %m%n")
2022-11-29 03:14:19,751 main DEBUG Building Plugin[name=patternSelector, class=org.apache.logging.log4j.core.layout.LevelPatternSelector].
2022-11-29 03:14:19,762 main DEBUG LevelPatternSelector$Builder(={ERROR=%d %c %L [%t] %-5p %x - [%swversion] %m%n}, defaultPattern="%d %c %L [%t] %-5p %x - %m%n", alwaysWriteExceptions="null", disableAnsi="null", noConsoleNoAnsi="null", Configuration(/home/sk117/final-project/copy/apache-skywalking-apm-9.2.0/oap-server/server-starter/target/classes/log4j2.xml))
2022-11-29 03:14:19,764 main DEBUG PluginManager 'Converter' found 46 plugins
2022-11-29 03:14:19,784 main DEBUG Building Plugin[name=layout, class=org.apache.logging.log4j.core.layout.PatternLayout].
2022-11-29 03:14:19,787 main DEBUG PatternLayout$Builder(pattern="null", LevelPatternSelector(key="ERROR", pattern="%d %c %L [%t] %-5p %x - [%swversion] %m%n", default="%d %c %L [%t] %-5p %x - %m%n"), Configuration(/home/sk117/final-project/copy/apache-skywalking-apm-9.2.0/oap-server/server-starter/target/classes/log4j2.xml), Replace=null, charset="null", alwaysWriteExceptions="null", disableAnsi="null", noConsoleNoAnsi="null", header="null", footer="null")
2022-11-29 03:14:19,789 main DEBUG Building Plugin[name=appender, class=org.apache.logging.log4j.core.appender.ConsoleAppender].
2022-11-29 03:14:19,806 main DEBUG ConsoleAppender$Builder(target="SYSTEM_OUT", follow="null", direct="null", bufferedIo="null", bufferSize="null", immediateFlush="null", ignoreExceptions="null", PatternLayout(key="ERROR", pattern="%d %c %L [%t] %-5p %x - [%swversion] %m%n", default="%d %c %L [%t] %-5p %x - %m%n"), name="Console", Configuration(/home/sk117/final-project/copy/apache-skywalking-apm-9.2.0/oap-server/server-starter/target/classes/log4j2.xml), Filter=null, ={})
2022-11-29 03:14:19,818 main DEBUG Starting OutputStreamManager SYSTEM_OUT.false.false
2022-11-29 03:14:19,818 main DEBUG Building Plugin[name=appenders, class=org.apache.logging.log4j.core.config.AppendersPlugin].
2022-11-29 03:14:19,820 main DEBUG createAppenders(={Console})
2022-11-29 03:14:19,820 main DEBUG Building Plugin[name=logger, class=org.apache.logging.log4j.core.config.LoggerConfig].
2022-11-29 03:14:19,825 main DEBUG createLogger(additivity="true", level="INFO", name="org.apache.zookeeper", includeLocation="null", ={}, ={}, Configuration(/home/sk117/final-project/copy/apache-skywalking-apm-9.2.0/oap-server/server-starter/target/classes/log4j2.xml), Filter=null)
2022-11-29 03:14:19,845 main DEBUG Building Plugin[name=logger, class=org.apache.logging.log4j.core.config.LoggerConfig].
2022-11-29 03:14:19,846 main DEBUG createLogger(additivity="true", level="INFO", name="io.grpc.netty", includeLocation="null", ={}, ={}, Configuration(/home/sk117/final-project/copy/apache-skywalking-apm-9.2.0/oap-server/server-starter/target/classes/log4j2.xml), Filter=null)
2022-11-29 03:14:19,851 main DEBUG Building Plugin[name=logger, class=org.apache.logging.log4j.core.config.LoggerConfig].
2022-11-29 03:14:19,855 main DEBUG createLogger(additivity="true", level="INFO", name="io.netty", includeLocation="null", ={}, ={}, Configuration(/home/sk117/final-project/copy/apache-skywalking-apm-9.2.0/oap-server/server-starter/target/classes/log4j2.xml), Filter=null)
2022-11-29 03:14:19,856 main DEBUG Building Plugin[name=logger, class=org.apache.logging.log4j.core.config.LoggerConfig].
2022-11-29 03:14:19,858 main DEBUG createLogger(additivity="true", level="INFO", name="org.apache.http", includeLocation="null", ={}, ={}, Configuration(/home/sk117/final-project/copy/apache-skywalking-apm-9.2.0/oap-server/server-starter/target/classes/log4j2.xml), Filter=null)
2022-11-29 03:14:19,867 main DEBUG Building Plugin[name=logger, class=org.apache.logging.log4j.core.config.LoggerConfig].
2022-11-29 03:14:19,869 main DEBUG createLogger(additivity="true", level="DEBUG", name="org.apache.skywalking.oap.server.core", includeLocation="null", ={}, ={}, Configuration(/home/sk117/final-project/copy/apache-skywalking-apm-9.2.0/oap-server/server-starter/target/classes/log4j2.xml), Filter=null)
2022-11-29 03:14:19,876 main DEBUG Building Plugin[name=logger, class=org.apache.logging.log4j.core.config.LoggerConfig].
2022-11-29 03:14:19,877 main DEBUG createLogger(additivity="true", level="INFO", name="org.apache.skywalking.oap.server.core.storage.PersistenceTimer", includeLocation="null", ={}, ={}, Configuration(/home/sk117/final-project/copy/apache-skywalking-apm-9.2.0/oap-server/server-starter/target/classes/log4j2.xml), Filter=null)
2022-11-29 03:14:19,878 main DEBUG Building Plugin[name=logger, class=org.apache.logging.log4j.core.config.LoggerConfig].
2022-11-29 03:14:19,879 main DEBUG createLogger(additivity="true", level="DEBUG", name="org.apache.skywalking.oap.server.core.analysis.worker", includeLocation="null", ={}, ={}, Configuration(/home/sk117/final-project/copy/apache-skywalking-apm-9.2.0/oap-server/server-starter/target/classes/log4j2.xml), Filter=null)
2022-11-29 03:14:19,884 main DEBUG Building Plugin[name=logger, class=org.apache.logging.log4j.core.config.LoggerConfig].
2022-11-29 03:14:19,885 main DEBUG createLogger(additivity="true", level="DEBUG", name="org.apache.skywalking.oap.server.core.remote.client", includeLocation="null", ={}, ={}, Configuration(/home/sk117/final-project/copy/apache-skywalking-apm-9.2.0/oap-server/server-starter/target/classes/log4j2.xml), Filter=null)
2022-11-29 03:14:19,886 main DEBUG Building Plugin[name=logger, class=org.apache.logging.log4j.core.config.LoggerConfig].
2022-11-29 03:14:19,887 main DEBUG createLogger(additivity="true", level="INFO", name="org.apache.skywalking.oap.server.library.buffer", includeLocation="null", ={}, ={}, Configuration(/home/sk117/final-project/copy/apache-skywalking-apm-9.2.0/oap-server/server-starter/target/classes/log4j2.xml), Filter=null)
2022-11-29 03:14:19,888 main DEBUG Building Plugin[name=logger, class=org.apache.logging.log4j.core.config.LoggerConfig].
2022-11-29 03:14:19,890 main DEBUG createLogger(additivity="true", level="INFO", name="org.apache.skywalking.oap.server.receiver.envoy.MetricServiceGRPCHandler", includeLocation="null", ={}, ={}, Configuration(/home/sk117/final-project/copy/apache-skywalking-apm-9.2.0/oap-server/server-starter/target/classes/log4j2.xml), Filter=null)
2022-11-29 03:14:19,891 main DEBUG Building Plugin[name=logger, class=org.apache.logging.log4j.core.config.LoggerConfig].
2022-11-29 03:14:19,891 main DEBUG createLogger(additivity="true", level="INFO", name="org.apache.skywalking.oap.meter.analyzer.prometheus.PrometheusMetricConverter", includeLocation="null", ={}, ={}, Configuration(/home/sk117/final-project/copy/apache-skywalking-apm-9.2.0/oap-server/server-starter/target/classes/log4j2.xml), Filter=null)
2022-11-29 03:14:19,892 main DEBUG Building Plugin[name=logger, class=org.apache.logging.log4j.core.config.LoggerConfig].
2022-11-29 03:14:19,894 main DEBUG createLogger(additivity="true", level="DEBUG", name="org.apache.skywalking.library.elasticsearch", includeLocation="null", ={}, ={}, Configuration(/home/sk117/final-project/copy/apache-skywalking-apm-9.2.0/oap-server/server-starter/target/classes/log4j2.xml), Filter=null)
2022-11-29 03:14:19,897 main DEBUG Building Plugin[name=AppenderRef, class=org.apache.logging.log4j.core.config.AppenderRef].
2022-11-29 03:14:19,898 main DEBUG createAppenderRef(ref="Console", level="null", Filter=null)
2022-11-29 03:14:19,899 main DEBUG Building Plugin[name=root, class=org.apache.logging.log4j.core.config.LoggerConfig$RootLogger].
2022-11-29 03:14:19,901 main DEBUG createLogger(additivity="null", level="DEBUG", includeLocation="null", ={Console}, ={}, Configuration(/home/sk117/final-project/copy/apache-skywalking-apm-9.2.0/oap-server/server-starter/target/classes/log4j2.xml), Filter=null)
2022-11-29 03:14:19,903 main DEBUG Building Plugin[name=loggers, class=org.apache.logging.log4j.core.config.LoggersPlugin].
2022-11-29 03:14:19,905 main DEBUG createLoggers(={org.apache.zookeeper, io.grpc.netty, io.netty, org.apache.http, org.apache.skywalking.oap.server.core, org.apache.skywalking.oap.server.core.storage.PersistenceTimer, org.apache.skywalking.oap.server.core.analysis.worker, org.apache.skywalking.oap.server.core.remote.client, org.apache.skywalking.oap.server.library.buffer, org.apache.skywalking.oap.server.receiver.envoy.MetricServiceGRPCHandler, org.apache.skywalking.oap.meter.analyzer.prometheus.PrometheusMetricConverter, org.apache.skywalking.library.elasticsearch, root})
2022-11-29 03:14:19,907 main DEBUG Configuration OapConfiguration[location=/home/sk117/final-project/copy/apache-skywalking-apm-9.2.0/oap-server/server-starter/target/classes/log4j2.xml] initialized
2022-11-29 03:14:19,908 main DEBUG Starting configuration OapConfiguration[location=/home/sk117/final-project/copy/apache-skywalking-apm-9.2.0/oap-server/server-starter/target/classes/log4j2.xml]
2022-11-29 03:14:19,909 main DEBUG Started configuration OapConfiguration[location=/home/sk117/final-project/copy/apache-skywalking-apm-9.2.0/oap-server/server-starter/target/classes/log4j2.xml] OK.
2022-11-29 03:14:19,910 main DEBUG Shutting down OutputStreamManager SYSTEM_OUT.false.false-1
2022-11-29 03:14:19,911 main DEBUG OutputStream closed
2022-11-29 03:14:19,917 main DEBUG Shut down OutputStreamManager SYSTEM_OUT.false.false-1, all resources released: true
2022-11-29 03:14:19,917 main DEBUG Appender DefaultConsole-1 stopped with status true
2022-11-29 03:14:19,918 main DEBUG Stopped org.apache.logging.log4j.core.config.DefaultConfiguration@3daa422a OK
2022-11-29 03:14:20,055 main DEBUG Registering MBean org.apache.logging.log4j2:type=55054057
2022-11-29 03:14:20,066 main DEBUG Registering MBean org.apache.logging.log4j2:type=55054057,component=StatusLogger
2022-11-29 03:14:20,068 main DEBUG Registering MBean org.apache.logging.log4j2:type=55054057,component=ContextSelector
2022-11-29 03:14:20,072 main DEBUG Registering MBean org.apache.logging.log4j2:type=55054057,component=Loggers,name=
2022-11-29 03:14:20,073 main DEBUG Registering MBean org.apache.logging.log4j2:type=55054057,component=Loggers,name=org.apache.skywalking.oap.server.receiver.envoy.MetricServiceGRPCHandler
2022-11-29 03:14:20,074 main DEBUG Registering MBean org.apache.logging.log4j2:type=55054057,component=Loggers,name=org.apache.skywalking.oap.meter.analyzer.prometheus.PrometheusMetricConverter
2022-11-29 03:14:20,075 main DEBUG Registering MBean org.apache.logging.log4j2:type=55054057,component=Loggers,name=org.apache.zookeeper
2022-11-29 03:14:20,075 main DEBUG Registering MBean org.apache.logging.log4j2:type=55054057,component=Loggers,name=org.apache.http
2022-11-29 03:14:20,082 main DEBUG Registering MBean org.apache.logging.log4j2:type=55054057,component=Loggers,name=org.apache.skywalking.oap.server.core
2022-11-29 03:14:20,083 main DEBUG Registering MBean org.apache.logging.log4j2:type=55054057,component=Loggers,name=io.grpc.netty
2022-11-29 03:14:20,084 main DEBUG Registering MBean org.apache.logging.log4j2:type=55054057,component=Loggers,name=io.netty
2022-11-29 03:14:20,085 main DEBUG Registering MBean org.apache.logging.log4j2:type=55054057,component=Loggers,name=org.apache.skywalking.oap.server.library.buffer
2022-11-29 03:14:20,086 main DEBUG Registering MBean org.apache.logging.log4j2:type=55054057,component=Loggers,name=org.apache.skywalking.library.elasticsearch
2022-11-29 03:14:20,087 main DEBUG Registering MBean org.apache.logging.log4j2:type=55054057,component=Loggers,name=org.apache.skywalking.oap.server.core.remote.client
2022-11-29 03:14:20,087 main DEBUG Registering MBean org.apache.logging.log4j2:type=55054057,component=Loggers,name=org.apache.skywalking.oap.server.core.analysis.worker
2022-11-29 03:14:20,090 main DEBUG Registering MBean org.apache.logging.log4j2:type=55054057,component=Loggers,name=org.apache.skywalking.oap.server.core.storage.PersistenceTimer
2022-11-29 03:14:20,092 main DEBUG Registering MBean org.apache.logging.log4j2:type=55054057,component=Appenders,name=Console
2022-11-29 03:14:20,101 main DEBUG org.apache.logging.log4j.core.util.SystemClock supports precise timestamps.
2022-11-29 03:14:20,102 main DEBUG Reconfiguration complete for context[name=55054057] at URI /home/sk117/final-project/copy/apache-skywalking-apm-9.2.0/oap-server/server-starter/target/classes/log4j2.xml (org.apache.logging.log4j.core.LoggerContext@fc258b1) with optional ClassLoader: null
2022-11-29 03:14:20,103 main DEBUG Shutdown hook enabled. Registering a new one.
2022-11-29 03:14:20,105 main DEBUG LoggerContext[name=55054057, org.apache.logging.log4j.core.LoggerContext@fc258b1] started OK.
2022-11-29 03:14:20,124 org.apache.skywalking.oap.server.starter.config.ApplicationConfigLoaderTestCase 40 [main] ERROR [] - [9.2.0-707eae5] System.getProperty1 null
2022-11-29 03:14:20,132 org.apache.skywalking.oap.server.starter.config.ApplicationConfigLoaderTestCase 42 [main] ERROR [] - [9.2.0-707eae5] System.getProperty2 mysql
2022-11-29 03:14:20,160 org.apache.skywalking.oap.server.starter.config.ApplicationConfigLoader 63 [main] WARN  [] - [CTEST][LOAD-PARAM]  java.lang.Thread	org.apache.skywalking.oap.server.starter.config.ApplicationConfigLoader	org.apache.skywalking.oap.server.starter.config.ApplicationConfigLoader	org.apache.skywalking.oap.server.starter.config.ApplicationConfigLoader	org.apache.skywalking.oap.server.starter.config.ApplicationConfigLoaderTestCase	jdk.internal.reflect.NativeMethodAccessorImpl	jdk.internal.reflect.NativeMethodAccessorImpl	jdk.internal.reflect.DelegatingMethodAccessorImpl	java.lang.reflect.Method	org.junit.runners.model.FrameworkMethod$1	org.junit.internal.runners.model.ReflectiveCallable	org.junit.runners.model.FrameworkMethod	org.junit.internal.runners.statements.RunBefores	org.junit.internal.runners.statements.RunBefores	org.junit.runners.ParentRunner$3	org.junit.runners.BlockJUnit4ClassRunner$1	org.junit.runners.ParentRunner	org.junit.runners.BlockJUnit4ClassRunner	org.junit.runners.BlockJUnit4ClassRunner	org.junit.runners.ParentRunner$4	org.junit.runners.ParentRunner$1	org.junit.runners.ParentRunner	org.junit.runners.ParentRunner	org.junit.runners.ParentRunner$2	org.junit.runners.ParentRunner$3	org.junit.runners.ParentRunner	org.apache.maven.surefire.junit4.JUnit4Provider	org.apache.maven.surefire.junit4.JUnit4Provider	org.apache.maven.surefire.junit4.JUnit4Provider	org.apache.maven.surefire.junit4.JUnit4Provider	org.apache.maven.surefire.booter.ForkedBooter	org.apache.maven.surefire.booter.ForkedBooter	org.apache.maven.surefire.booter.ForkedBooter	org.apache.maven.surefire.booter.ForkedBooter	
2022-11-29 03:14:20,387 org.apache.skywalking.oap.server.starter.config.ApplicationConfigLoader 66 [main] WARN  [] - First output{
  "cluster" : {
    "selector" : "${SW_CLUSTER:standalone}",
    "standalone" : null,
    "zookeeper" : {
      "namespace" : "${SW_NAMESPACE:\"\"}",
      "hostPort" : "${SW_CLUSTER_ZK_HOST_PORT:localhost:2181}",
      "baseSleepTimeMs" : "${SW_CLUSTER_ZK_SLEEP_TIME:1000}",
      "maxRetries" : "${SW_CLUSTER_ZK_MAX_RETRIES:3}",
      "enableACL" : "${SW_ZK_ENABLE_ACL:false}",
      "schema" : "${SW_ZK_SCHEMA:digest}",
      "expression" : "${SW_ZK_EXPRESSION:skywalking:skywalking}",
      "internalComHost" : "${SW_CLUSTER_INTERNAL_COM_HOST:\"\"}",
      "internalComPort" : "${SW_CLUSTER_INTERNAL_COM_PORT:-1}"
    },
    "kubernetes" : {
      "namespace" : "${SW_CLUSTER_K8S_NAMESPACE:default}",
      "labelSelector" : "${SW_CLUSTER_K8S_LABEL:app=collector,release=skywalking}",
      "uidEnvName" : "${SW_CLUSTER_K8S_UID:SKYWALKING_COLLECTOR_UID}"
    },
    "consul" : {
      "serviceName" : "${SW_SERVICE_NAME:\"SkyWalking_OAP_Cluster\"}",
      "hostPort" : "${SW_CLUSTER_CONSUL_HOST_PORT:localhost:8500}",
      "aclToken" : "${SW_CLUSTER_CONSUL_ACLTOKEN:\"\"}",
      "internalComHost" : "${SW_CLUSTER_INTERNAL_COM_HOST:\"\"}",
      "internalComPort" : "${SW_CLUSTER_INTERNAL_COM_PORT:-1}"
    },
    "etcd" : {
      "endpoints" : "${SW_CLUSTER_ETCD_ENDPOINTS:localhost:2379}",
      "namespace" : "${SW_CLUSTER_ETCD_NAMESPACE:/skywalking}",
      "serviceName" : "${SW_CLUSTER_ETCD_SERVICE_NAME:\"SkyWalking_OAP_Cluster\"}",
      "authentication" : "${SW_CLUSTER_ETCD_AUTHENTICATION:false}",
      "user" : "${SW_CLUSTER_ETCD_USER:}",
      "password" : "${SW_CLUSTER_ETCD_PASSWORD:}",
      "internalComHost" : "${SW_CLUSTER_INTERNAL_COM_HOST:\"\"}",
      "internalComPort" : "${SW_CLUSTER_INTERNAL_COM_PORT:-1}"
    },
    "nacos" : {
      "serviceName" : "${SW_SERVICE_NAME:\"SkyWalking_OAP_Cluster\"}",
      "hostPort" : "${SW_CLUSTER_NACOS_HOST_PORT:localhost:8848}",
      "namespace" : "${SW_CLUSTER_NACOS_NAMESPACE:\"public\"}",
      "username" : "${SW_CLUSTER_NACOS_USERNAME:\"\"}",
      "password" : "${SW_CLUSTER_NACOS_PASSWORD:\"\"}",
      "accessKey" : "${SW_CLUSTER_NACOS_ACCESSKEY:\"\"}",
      "secretKey" : "${SW_CLUSTER_NACOS_SECRETKEY:\"\"}",
      "internalComHost" : "${SW_CLUSTER_INTERNAL_COM_HOST:\"\"}",
      "internalComPort" : "${SW_CLUSTER_INTERNAL_COM_PORT:-1}"
    }
  },
  "core" : {
    "selector" : "${SW_CORE:default}",
    "default" : {
      "role" : "${SW_CORE_ROLE:Mixed}",
      "restHost" : "${SW_CORE_REST_HOST:0.0.0.0}",
      "restPort" : "${SW_CORE_REST_PORT:12800}",
      "restContextPath" : "${SW_CORE_REST_CONTEXT_PATH:/}",
      "restMaxThreads" : "${SW_CORE_REST_MAX_THREADS:200}",
      "restIdleTimeOut" : "${SW_CORE_REST_IDLE_TIMEOUT:30000}",
      "restAcceptQueueSize" : "${SW_CORE_REST_QUEUE_SIZE:0}",
      "httpMaxRequestHeaderSize" : "${SW_CORE_HTTP_MAX_REQUEST_HEADER_SIZE:8192}",
      "gRPCHost" : "${SW_CORE_GRPC_HOST:0.0.0.0}",
      "gRPCPort" : "${SW_CORE_GRPC_PORT:11800}",
      "maxConcurrentCallsPerConnection" : "${SW_CORE_GRPC_MAX_CONCURRENT_CALL:0}",
      "maxMessageSize" : "${SW_CORE_GRPC_MAX_MESSAGE_SIZE:0}",
      "gRPCThreadPoolQueueSize" : "${SW_CORE_GRPC_POOL_QUEUE_SIZE:-1}",
      "gRPCThreadPoolSize" : "${SW_CORE_GRPC_THREAD_POOL_SIZE:-1}",
      "gRPCSslEnabled" : "${SW_CORE_GRPC_SSL_ENABLED:false}",
      "gRPCSslKeyPath" : "${SW_CORE_GRPC_SSL_KEY_PATH:\"\"}",
      "gRPCSslCertChainPath" : "${SW_CORE_GRPC_SSL_CERT_CHAIN_PATH:\"\"}",
      "gRPCSslTrustedCAPath" : "${SW_CORE_GRPC_SSL_TRUSTED_CA_PATH:\"\"}",
      "downsampling" : [ "Hour", "Day" ],
      "enableDataKeeperExecutor" : "${SW_CORE_ENABLE_DATA_KEEPER_EXECUTOR:true}",
      "dataKeeperExecutePeriod" : "${SW_CORE_DATA_KEEPER_EXECUTE_PERIOD:5}",
      "recordDataTTL" : "${SW_CORE_RECORD_DATA_TTL:3}",
      "metricsDataTTL" : "${SW_CORE_METRICS_DATA_TTL:7}",
      "l1FlushPeriod" : "${SW_CORE_L1_AGGREGATION_FLUSH_PERIOD:500}",
      "storageSessionTimeout" : "${SW_CORE_STORAGE_SESSION_TIMEOUT:70000}",
      "persistentPeriod" : "${SW_CORE_PERSISTENT_PERIOD:25}",
      "enableDatabaseSession" : "${SW_CORE_ENABLE_DATABASE_SESSION:true}",
      "topNReportPeriod" : "${SW_CORE_TOPN_REPORT_PERIOD:10}",
      "activeExtraModelColumns" : "${SW_CORE_ACTIVE_EXTRA_MODEL_COLUMNS:false}",
      "serviceNameMaxLength" : "${SW_SERVICE_NAME_MAX_LENGTH:70}",
      "instanceNameMaxLength" : "${SW_INSTANCE_NAME_MAX_LENGTH:70}",
      "endpointNameMaxLength" : "${SW_ENDPOINT_NAME_MAX_LENGTH:150}",
      "searchableTracesTags" : "${SW_SEARCHABLE_TAG_KEYS:http.method,http.status_code,rpc.status_code,db.type,db.instance,mq.queue,mq.topic,mq.broker}",
      "searchableLogsTags" : "${SW_SEARCHABLE_LOGS_TAG_KEYS:level}",
      "searchableAlarmTags" : "${SW_SEARCHABLE_ALARM_TAG_KEYS:level}",
      "autocompleteTagKeysQueryMaxSize" : "${SW_AUTOCOMPLETE_TAG_KEYS_QUERY_MAX_SIZE:100}",
      "autocompleteTagValuesQueryMaxSize" : "${SW_AUTOCOMPLETE_TAG_VALUES_QUERY_MAX_SIZE:100}",
      "prepareThreads" : "${SW_CORE_PREPARE_THREADS:2}",
      "enableEndpointNameGroupingByOpenapi" : "${SW_CORE_ENABLE_ENDPOINT_NAME_GROUPING_BY_OPAENAPI:true}"
    }
  },
  "storage" : {
    "selector" : "${SW_STORAGE:h2}",
    "elasticsearch" : {
      "namespace" : "${SW_NAMESPACE:\"\"}",
      "clusterNodes" : "${SW_STORAGE_ES_CLUSTER_NODES:localhost:9200}",
      "protocol" : "${SW_STORAGE_ES_HTTP_PROTOCOL:\"http\"}",
      "connectTimeout" : "${SW_STORAGE_ES_CONNECT_TIMEOUT:3000}",
      "socketTimeout" : "${SW_STORAGE_ES_SOCKET_TIMEOUT:30000}",
      "responseTimeout" : "${SW_STORAGE_ES_RESPONSE_TIMEOUT:15000}",
      "numHttpClientThread" : "${SW_STORAGE_ES_NUM_HTTP_CLIENT_THREAD:0}",
      "user" : "${SW_ES_USER:\"\"}",
      "password" : "${SW_ES_PASSWORD:\"\"}",
      "trustStorePath" : "${SW_STORAGE_ES_SSL_JKS_PATH:\"\"}",
      "trustStorePass" : "${SW_STORAGE_ES_SSL_JKS_PASS:\"\"}",
      "secretsManagementFile" : "${SW_ES_SECRETS_MANAGEMENT_FILE:\"\"}",
      "dayStep" : "${SW_STORAGE_DAY_STEP:1}",
      "indexShardsNumber" : "${SW_STORAGE_ES_INDEX_SHARDS_NUMBER:1}",
      "indexReplicasNumber" : "${SW_STORAGE_ES_INDEX_REPLICAS_NUMBER:1}",
      "superDatasetDayStep" : "${SW_SUPERDATASET_STORAGE_DAY_STEP:-1}",
      "superDatasetIndexShardsFactor" : "${SW_STORAGE_ES_SUPER_DATASET_INDEX_SHARDS_FACTOR:5}",
      "superDatasetIndexReplicasNumber" : "${SW_STORAGE_ES_SUPER_DATASET_INDEX_REPLICAS_NUMBER:0}",
      "indexTemplateOrder" : "${SW_STORAGE_ES_INDEX_TEMPLATE_ORDER:0}",
      "bulkActions" : "${SW_STORAGE_ES_BULK_ACTIONS:5000}",
      "flushInterval" : "${SW_STORAGE_ES_FLUSH_INTERVAL:15}",
      "concurrentRequests" : "${SW_STORAGE_ES_CONCURRENT_REQUESTS:2}",
      "resultWindowMaxSize" : "${SW_STORAGE_ES_QUERY_MAX_WINDOW_SIZE:10000}",
      "metadataQueryMaxSize" : "${SW_STORAGE_ES_QUERY_MAX_SIZE:10000}",
      "scrollingBatchSize" : "${SW_STORAGE_ES_SCROLLING_BATCH_SIZE:5000}",
      "segmentQueryMaxSize" : "${SW_STORAGE_ES_QUERY_SEGMENT_SIZE:200}",
      "profileTaskQueryMaxSize" : "${SW_STORAGE_ES_QUERY_PROFILE_TASK_SIZE:200}",
      "profileDataQueryBatchSize" : "${SW_STORAGE_ES_QUERY_PROFILE_DATA_BATCH_SIZE:100}",
      "oapAnalyzer" : "${SW_STORAGE_ES_OAP_ANALYZER:\"{\\\"analyzer\\\":{\\\"oap_analyzer\\\":{\\\"type\\\":\\\"stop\\\"}}}\"}",
      "oapLogAnalyzer" : "${SW_STORAGE_ES_OAP_LOG_ANALYZER:\"{\\\"analyzer\\\":{\\\"oap_log_analyzer\\\":{\\\"type\\\":\\\"standard\\\"}}}\"}",
      "advanced" : "${SW_STORAGE_ES_ADVANCED:\"\"}",
      "logicSharding" : "${SW_STORAGE_ES_LOGIC_SHARDING:false}"
    },
    "h2" : {
      "driver" : "${SW_STORAGE_H2_DRIVER:org.h2.jdbcx.JdbcDataSource}",
      "url" : "${SW_STORAGE_H2_URL:jdbc:h2:mem:skywalking-oap-db;DB_CLOSE_DELAY=-1}",
      "user" : "${SW_STORAGE_H2_USER:sa}",
      "metadataQueryMaxSize" : "${SW_STORAGE_H2_QUERY_MAX_SIZE:5000}",
      "maxSizeOfBatchSql" : "${SW_STORAGE_MAX_SIZE_OF_BATCH_SQL:100}",
      "asyncBatchPersistentPoolSize" : "${SW_STORAGE_ASYNC_BATCH_PERSISTENT_POOL_SIZE:1}"
    },
    "mysql" : {
      "properties" : {
        "jdbcUrl" : "${SW_JDBC_URL:\"jdbc:mysql://localhost:3306/swtest?rewriteBatchedStatements=true\"}",
        "dataSource.user" : "${SW_DATA_SOURCE_USER:root}",
        "dataSource.password" : "${SW_DATA_SOURCE_PASSWORD:root@1234}",
        "dataSource.cachePrepStmts" : "${SW_DATA_SOURCE_CACHE_PREP_STMTS:true}",
        "dataSource.prepStmtCacheSize" : "${SW_DATA_SOURCE_PREP_STMT_CACHE_SQL_SIZE:250}",
        "dataSource.prepStmtCacheSqlLimit" : "${SW_DATA_SOURCE_PREP_STMT_CACHE_SQL_LIMIT:2048}",
        "dataSource.useServerPrepStmts" : "${SW_DATA_SOURCE_USE_SERVER_PREP_STMTS:true}"
      },
      "metadataQueryMaxSize" : "${SW_STORAGE_MYSQL_QUERY_MAX_SIZE:5000}",
      "maxSizeOfBatchSql" : "${SW_STORAGE_MAX_SIZE_OF_BATCH_SQL:2000}",
      "asyncBatchPersistentPoolSize" : "${SW_STORAGE_ASYNC_BATCH_PERSISTENT_POOL_SIZE:4}"
    },
    "tidb" : {
      "properties" : {
        "jdbcUrl" : "${SW_JDBC_URL:\"jdbc:mysql://localhost:4000/tidbswtest?rewriteBatchedStatements=true\"}",
        "dataSource.user" : "${SW_DATA_SOURCE_USER:root}",
        "dataSource.password" : "${SW_DATA_SOURCE_PASSWORD:\"\"}",
        "dataSource.cachePrepStmts" : "${SW_DATA_SOURCE_CACHE_PREP_STMTS:true}",
        "dataSource.prepStmtCacheSize" : "${SW_DATA_SOURCE_PREP_STMT_CACHE_SQL_SIZE:250}",
        "dataSource.prepStmtCacheSqlLimit" : "${SW_DATA_SOURCE_PREP_STMT_CACHE_SQL_LIMIT:2048}",
        "dataSource.useServerPrepStmts" : "${SW_DATA_SOURCE_USE_SERVER_PREP_STMTS:true}",
        "dataSource.useAffectedRows" : "${SW_DATA_SOURCE_USE_AFFECTED_ROWS:true}"
      },
      "metadataQueryMaxSize" : "${SW_STORAGE_MYSQL_QUERY_MAX_SIZE:5000}",
      "maxSizeOfBatchSql" : "${SW_STORAGE_MAX_SIZE_OF_BATCH_SQL:2000}",
      "asyncBatchPersistentPoolSize" : "${SW_STORAGE_ASYNC_BATCH_PERSISTENT_POOL_SIZE:4}"
    },
    "postgresql" : {
      "properties" : {
        "jdbcUrl" : "${SW_JDBC_URL:\"jdbc:postgresql://localhost:5432/skywalking\"}",
        "dataSource.user" : "${SW_DATA_SOURCE_USER:postgres}",
        "dataSource.password" : "${SW_DATA_SOURCE_PASSWORD:123456}",
        "dataSource.cachePrepStmts" : "${SW_DATA_SOURCE_CACHE_PREP_STMTS:true}",
        "dataSource.prepStmtCacheSize" : "${SW_DATA_SOURCE_PREP_STMT_CACHE_SQL_SIZE:250}",
        "dataSource.prepStmtCacheSqlLimit" : "${SW_DATA_SOURCE_PREP_STMT_CACHE_SQL_LIMIT:2048}",
        "dataSource.useServerPrepStmts" : "${SW_DATA_SOURCE_USE_SERVER_PREP_STMTS:true}"
      },
      "metadataQueryMaxSize" : "${SW_STORAGE_MYSQL_QUERY_MAX_SIZE:5000}",
      "maxSizeOfBatchSql" : "${SW_STORAGE_MAX_SIZE_OF_BATCH_SQL:2000}",
      "asyncBatchPersistentPoolSize" : "${SW_STORAGE_ASYNC_BATCH_PERSISTENT_POOL_SIZE:4}"
    },
    "banyandb" : {
      "host" : "${SW_STORAGE_BANYANDB_HOST:127.0.0.1}",
      "port" : "${SW_STORAGE_BANYANDB_PORT:17912}",
      "maxBulkSize" : "${SW_STORAGE_BANYANDB_MAX_BULK_SIZE:5000}",
      "flushInterval" : "${SW_STORAGE_BANYANDB_FLUSH_INTERVAL:15}",
      "metricsShardsNumber" : "${SW_STORAGE_BANYANDB_METRICS_SHARDS_NUMBER:1}",
      "recordShardsNumber" : "${SW_STORAGE_BANYANDB_RECORD_SHARDS_NUMBER:1}",
      "superDatasetShardsFactor" : "${SW_STORAGE_BANYANDB_SUPERDATASET_SHARDS_FACTOR:2}",
      "concurrentWriteThreads" : "${SW_STORAGE_BANYANDB_CONCURRENT_WRITE_THREADS:15}",
      "profileTaskQueryMaxSize" : "${SW_STORAGE_BANYANDB_PROFILE_TASK_QUERY_MAX_SIZE:200}"
    }
  },
  "agent-analyzer" : {
    "selector" : "${SW_AGENT_ANALYZER:default}",
    "default" : {
      "traceSamplingPolicySettingsFile" : "${SW_TRACE_SAMPLING_POLICY_SETTINGS_FILE:trace-sampling-policy-settings.yml}",
      "slowDBAccessThreshold" : "${SW_SLOW_DB_THRESHOLD:default:200,mongodb:100}",
      "forceSampleErrorSegment" : "${SW_FORCE_SAMPLE_ERROR_SEGMENT:true}",
      "segmentStatusAnalysisStrategy" : "${SW_SEGMENT_STATUS_ANALYSIS_STRATEGY:FROM_SPAN_STATUS}",
      "noUpstreamRealAddressAgents" : "${SW_NO_UPSTREAM_REAL_ADDRESS:6000,9000}",
      "meterAnalyzerActiveFiles" : "${SW_METER_ANALYZER_ACTIVE_FILES:datasource,threadpool,satellite}"
    }
  },
  "log-analyzer" : {
    "selector" : "${SW_LOG_ANALYZER:default}",
    "default" : {
      "lalFiles" : "${SW_LOG_LAL_FILES:default}",
      "malFiles" : "${SW_LOG_MAL_FILES:\"\"}"
    }
  },
  "event-analyzer" : {
    "selector" : "${SW_EVENT_ANALYZER:default}",
    "default" : null
  },
  "receiver-sharing-server" : {
    "selector" : "${SW_RECEIVER_SHARING_SERVER:default}",
    "default" : {
      "restHost" : "${SW_RECEIVER_SHARING_REST_HOST:0.0.0.0}",
      "restPort" : "${SW_RECEIVER_SHARING_REST_PORT:0}",
      "restContextPath" : "${SW_RECEIVER_SHARING_REST_CONTEXT_PATH:/}",
      "restMaxThreads" : "${SW_RECEIVER_SHARING_REST_MAX_THREADS:200}",
      "restIdleTimeOut" : "${SW_RECEIVER_SHARING_REST_IDLE_TIMEOUT:30000}",
      "restAcceptQueueSize" : "${SW_RECEIVER_SHARING_REST_QUEUE_SIZE:0}",
      "httpMaxRequestHeaderSize" : "${SW_RECEIVER_SHARING_HTTP_MAX_REQUEST_HEADER_SIZE:8192}",
      "gRPCHost" : "${SW_RECEIVER_GRPC_HOST:0.0.0.0}",
      "gRPCPort" : "${SW_RECEIVER_GRPC_PORT:0}",
      "maxConcurrentCallsPerConnection" : "${SW_RECEIVER_GRPC_MAX_CONCURRENT_CALL:0}",
      "maxMessageSize" : "${SW_RECEIVER_GRPC_MAX_MESSAGE_SIZE:0}",
      "gRPCThreadPoolQueueSize" : "${SW_RECEIVER_GRPC_POOL_QUEUE_SIZE:0}",
      "gRPCThreadPoolSize" : "${SW_RECEIVER_GRPC_THREAD_POOL_SIZE:0}",
      "gRPCSslEnabled" : "${SW_RECEIVER_GRPC_SSL_ENABLED:false}",
      "gRPCSslKeyPath" : "${SW_RECEIVER_GRPC_SSL_KEY_PATH:\"\"}",
      "gRPCSslCertChainPath" : "${SW_RECEIVER_GRPC_SSL_CERT_CHAIN_PATH:\"\"}",
      "gRPCSslTrustedCAsPath" : "${SW_RECEIVER_GRPC_SSL_TRUSTED_CAS_PATH:\"\"}",
      "authentication" : "${SW_AUTHENTICATION:\"\"}"
    }
  },
  "receiver-register" : {
    "selector" : "${SW_RECEIVER_REGISTER:default}",
    "default" : null
  },
  "receiver-trace" : {
    "selector" : "${SW_RECEIVER_TRACE:default}",
    "default" : null
  },
  "receiver-jvm" : {
    "selector" : "${SW_RECEIVER_JVM:default}",
    "default" : null
  },
  "receiver-clr" : {
    "selector" : "${SW_RECEIVER_CLR:default}",
    "default" : null
  },
  "receiver-profile" : {
    "selector" : "${SW_RECEIVER_PROFILE:default}",
    "default" : null
  },
  "receiver-zabbix" : {
    "selector" : "${SW_RECEIVER_ZABBIX:-}",
    "default" : {
      "port" : "${SW_RECEIVER_ZABBIX_PORT:10051}",
      "host" : "${SW_RECEIVER_ZABBIX_HOST:0.0.0.0}",
      "activeFiles" : "${SW_RECEIVER_ZABBIX_ACTIVE_FILES:agent}"
    }
  },
  "service-mesh" : {
    "selector" : "${SW_SERVICE_MESH:default}",
    "default" : null
  },
  "envoy-metric" : {
    "selector" : "${SW_ENVOY_METRIC:default}",
    "default" : {
      "acceptMetricsService" : "${SW_ENVOY_METRIC_SERVICE:true}",
      "alsHTTPAnalysis" : "${SW_ENVOY_METRIC_ALS_HTTP_ANALYSIS:\"\"}",
      "alsTCPAnalysis" : "${SW_ENVOY_METRIC_ALS_TCP_ANALYSIS:\"\"}",
      "k8sServiceNameRule" : "${K8S_SERVICE_NAME_RULE:\"${pod.metadata.labels.(service.istio.io/canonical-name)}\"}"
    }
  },
  "prometheus-fetcher" : {
    "selector" : "${SW_PROMETHEUS_FETCHER:-}",
    "default" : {
      "enabledRules" : "${SW_PROMETHEUS_FETCHER_ENABLED_RULES:\"self\"}",
      "maxConvertWorker" : "${SW_PROMETHEUS_FETCHER_NUM_CONVERT_WORKER:-1}"
    }
  },
  "kafka-fetcher" : {
    "selector" : "${SW_KAFKA_FETCHER:-}",
    "default" : {
      "bootstrapServers" : "${SW_KAFKA_FETCHER_SERVERS:localhost:9092}",
      "namespace" : "${SW_NAMESPACE:\"\"}",
      "partitions" : "${SW_KAFKA_FETCHER_PARTITIONS:3}",
      "replicationFactor" : "${SW_KAFKA_FETCHER_PARTITIONS_FACTOR:2}",
      "enableNativeProtoLog" : "${SW_KAFKA_FETCHER_ENABLE_NATIVE_PROTO_LOG:true}",
      "enableNativeJsonLog" : "${SW_KAFKA_FETCHER_ENABLE_NATIVE_JSON_LOG:true}",
      "consumers" : "${SW_KAFKA_FETCHER_CONSUMERS:1}",
      "kafkaHandlerThreadPoolSize" : "${SW_KAFKA_HANDLER_THREAD_POOL_SIZE:-1}",
      "kafkaHandlerThreadPoolQueueSize" : "${SW_KAFKA_HANDLER_THREAD_POOL_QUEUE_SIZE:-1}"
    }
  },
  "receiver-meter" : {
    "selector" : "${SW_RECEIVER_METER:default}",
    "default" : null
  },
  "receiver-otel" : {
    "selector" : "${SW_OTEL_RECEIVER:default}",
    "default" : {
      "enabledHandlers" : "${SW_OTEL_RECEIVER_ENABLED_HANDLERS:\"oc,otlp\"}",
      "enabledOtelRules" : "${SW_OTEL_RECEIVER_ENABLED_OTEL_RULES:\"istio-controlplane,k8s-node,oap,vm,mysql,postgresql\"}"
    }
  },
  "receiver-zipkin" : {
    "selector" : "${SW_RECEIVER_ZIPKIN:-}",
    "default" : {
      "searchableTracesTags" : "${SW_ZIPKIN_SEARCHABLE_TAG_KEYS:http.method}",
      "sampleRate" : "${SW_ZIPKIN_SAMPLE_RATE:10000}",
      "enableHttpCollector" : "${SW_ZIPKIN_HTTP_COLLECTOR_ENABLED:true}",
      "restHost" : "${SW_RECEIVER_ZIPKIN_REST_HOST:0.0.0.0}",
      "restPort" : "${SW_RECEIVER_ZIPKIN_REST_PORT:9411}",
      "restContextPath" : "${SW_RECEIVER_ZIPKIN_REST_CONTEXT_PATH:/}",
      "restMaxThreads" : "${SW_RECEIVER_ZIPKIN_REST_MAX_THREADS:200}",
      "restIdleTimeOut" : "${SW_RECEIVER_ZIPKIN_REST_IDLE_TIMEOUT:30000}",
      "restAcceptQueueSize" : "${SW_RECEIVER_ZIPKIN_REST_QUEUE_SIZE:0}",
      "enableKafkaCollector" : "${SW_ZIPKIN_KAFKA_COLLECTOR_ENABLED:false}",
      "kafkaBootstrapServers" : "${SW_ZIPKIN_KAFKA_SERVERS:localhost:9092}",
      "kafkaGroupId" : "${SW_ZIPKIN_KAFKA_GROUP_ID:zipkin}",
      "kafkaTopic" : "${SW_ZIPKIN_KAFKA_TOPIC:zipkin}",
      "kafkaConsumerConfig" : "${SW_ZIPKIN_KAFKA_CONSUMER_CONFIG:\"{\\\"auto.offset.reset\\\":\\\"earliest\\\",\\\"enable.auto.commit\\\":true}\"}",
      "kafkaConsumers" : "${SW_ZIPKIN_KAFKA_CONSUMERS:1}",
      "kafkaHandlerThreadPoolSize" : "${SW_ZIPKIN_KAFKA_HANDLER_THREAD_POOL_SIZE:-1}",
      "kafkaHandlerThreadPoolQueueSize" : "${SW_ZIPKIN_KAFKA_HANDLER_THREAD_POOL_QUEUE_SIZE:-1}"
    }
  },
  "receiver-browser" : {
    "selector" : "${SW_RECEIVER_BROWSER:default}",
    "default" : {
      "sampleRate" : "${SW_RECEIVER_BROWSER_SAMPLE_RATE:10000}"
    }
  },
  "receiver-log" : {
    "selector" : "${SW_RECEIVER_LOG:default}",
    "default" : null
  },
  "query" : {
    "selector" : "${SW_QUERY:graphql}",
    "graphql" : {
      "enableLogTestTool" : "${SW_QUERY_GRAPHQL_ENABLE_LOG_TEST_TOOL:false}",
      "maxQueryComplexity" : "${SW_QUERY_MAX_QUERY_COMPLEXITY:1000}",
      "enableUpdateUITemplate" : "${SW_ENABLE_UPDATE_UI_TEMPLATE:false}",
      "enableOnDemandPodLog" : "${SW_ENABLE_ON_DEMAND_POD_LOG:false}"
    }
  },
  "query-zipkin" : {
    "selector" : "${SW_QUERY_ZIPKIN:-}",
    "default" : {
      "restHost" : "${SW_QUERY_ZIPKIN_REST_HOST:0.0.0.0}",
      "restPort" : "${SW_QUERY_ZIPKIN_REST_PORT:9412}",
      "restContextPath" : "${SW_QUERY_ZIPKIN_REST_CONTEXT_PATH:/zipkin}",
      "restMaxThreads" : "${SW_QUERY_ZIPKIN_REST_MAX_THREADS:200}",
      "restIdleTimeOut" : "${SW_QUERY_ZIPKIN_REST_IDLE_TIMEOUT:30000}",
      "restAcceptQueueSize" : "${SW_QUERY_ZIPKIN_REST_QUEUE_SIZE:0}",
      "lookback" : "${SW_QUERY_ZIPKIN_LOOKBACK:86400000}",
      "namesMaxAge" : "${SW_QUERY_ZIPKIN_NAMES_MAX_AGE:300}",
      "uiQueryLimit" : "${SW_QUERY_ZIPKIN_UI_QUERY_LIMIT:10}",
      "uiDefaultLookback" : "${SW_QUERY_ZIPKIN_UI_DEFAULT_LOOKBACK:900000}"
    }
  },
  "alarm" : {
    "selector" : "${SW_ALARM:default}",
    "default" : null
  },
  "telemetry" : {
    "selector" : "${SW_TELEMETRY:none}",
    "none" : null,
    "prometheus" : {
      "host" : "${SW_TELEMETRY_PROMETHEUS_HOST:0.0.0.0}",
      "port" : "${SW_TELEMETRY_PROMETHEUS_PORT:1234}",
      "sslEnabled" : "${SW_TELEMETRY_PROMETHEUS_SSL_ENABLED:false}",
      "sslKeyPath" : "${SW_TELEMETRY_PROMETHEUS_SSL_KEY_PATH:\"\"}",
      "sslCertChainPath" : "${SW_TELEMETRY_PROMETHEUS_SSL_CERT_CHAIN_PATH:\"\"}"
    }
  },
  "configuration" : {
    "selector" : "${SW_CONFIGURATION:none}",
    "none" : null,
    "grpc" : {
      "host" : "${SW_DCS_SERVER_HOST:\"\"}",
      "port" : "${SW_DCS_SERVER_PORT:80}",
      "clusterName" : "${SW_DCS_CLUSTER_NAME:SkyWalking}",
      "period" : "${SW_DCS_PERIOD:20}"
    },
    "apollo" : {
      "apolloMeta" : "${SW_CONFIG_APOLLO:http://localhost:8080}",
      "apolloCluster" : "${SW_CONFIG_APOLLO_CLUSTER:default}",
      "apolloEnv" : "${SW_CONFIG_APOLLO_ENV:\"\"}",
      "appId" : "${SW_CONFIG_APOLLO_APP_ID:skywalking}",
      "period" : "${SW_CONFIG_APOLLO_PERIOD:60}"
    },
    "zookeeper" : {
      "period" : "${SW_CONFIG_ZK_PERIOD:60}",
      "namespace" : "${SW_CONFIG_ZK_NAMESPACE:/default}",
      "hostPort" : "${SW_CONFIG_ZK_HOST_PORT:localhost:2181}",
      "baseSleepTimeMs" : "${SW_CONFIG_ZK_BASE_SLEEP_TIME_MS:1000}",
      "maxRetries" : "${SW_CONFIG_ZK_MAX_RETRIES:3}"
    },
    "etcd" : {
      "period" : "${SW_CONFIG_ETCD_PERIOD:60}",
      "endpoints" : "${SW_CONFIG_ETCD_ENDPOINTS:http://localhost:2379}",
      "namespace" : "${SW_CONFIG_ETCD_NAMESPACE:/skywalking}",
      "authentication" : "${SW_CONFIG_ETCD_AUTHENTICATION:false}",
      "user" : "${SW_CONFIG_ETCD_USER:}",
      "password" : "${SW_CONFIG_ETCD_password:}"
    },
    "consul" : {
      "hostAndPorts" : "${SW_CONFIG_CONSUL_HOST_AND_PORTS:1.2.3.4:8500}",
      "period" : "${SW_CONFIG_CONSUL_PERIOD:60}",
      "aclToken" : "${SW_CONFIG_CONSUL_ACL_TOKEN:\"\"}"
    },
    "k8s-configmap" : {
      "period" : "${SW_CONFIG_CONFIGMAP_PERIOD:60}",
      "namespace" : "${SW_CLUSTER_K8S_NAMESPACE:default}",
      "labelSelector" : "${SW_CLUSTER_K8S_LABEL:app=collector,release=skywalking}"
    },
    "nacos" : {
      "serverAddr" : "${SW_CONFIG_NACOS_SERVER_ADDR:127.0.0.1}",
      "port" : "${SW_CONFIG_NACOS_SERVER_PORT:8848}",
      "group" : "${SW_CONFIG_NACOS_SERVER_GROUP:skywalking}",
      "namespace" : "${SW_CONFIG_NACOS_SERVER_NAMESPACE:}",
      "period" : "${SW_CONFIG_NACOS_PERIOD:60}",
      "username" : "${SW_CONFIG_NACOS_USERNAME:\"\"}",
      "password" : "${SW_CONFIG_NACOS_PASSWORD:\"\"}",
      "accessKey" : "${SW_CONFIG_NACOS_ACCESSKEY:\"\"}",
      "secretKey" : "${SW_CONFIG_NACOS_SECRETKEY:\"\"}"
    }
  },
  "exporter" : {
    "selector" : "${SW_EXPORTER:-}",
    "grpc" : {
      "targetHost" : "${SW_EXPORTER_GRPC_HOST:127.0.0.1}",
      "targetPort" : "${SW_EXPORTER_GRPC_PORT:9870}"
    }
  },
  "health-checker" : {
    "selector" : "${SW_HEALTH_CHECKER:-}",
    "default" : {
      "checkIntervalSeconds" : "${SW_HEALTH_CHECKER_INTERVAL_SECONDS:5}"
    }
  },
  "configuration-discovery" : {
    "selector" : "${SW_CONFIGURATION_DISCOVERY:default}",
    "default" : {
      "disableMessageDigest" : "${SW_DISABLE_MESSAGE_DIGEST:false}"
    }
  },
  "receiver-event" : {
    "selector" : "${SW_RECEIVER_EVENT:default}",
    "default" : null
  },
  "receiver-ebpf" : {
    "selector" : "${SW_RECEIVER_EBPF:default}",
    "default" : null
  }
}
2022-11-29 03:14:20,401 org.apache.skywalking.oap.server.starter.config.ApplicationConfigLoader 69 [main] WARN  [] - Second output{
  "receiver-zipkin" : {
    "default" : {
      "restPort" : 18822
    }
  }
}
2022-11-29 03:14:20,403 org.apache.skywalking.oap.server.starter.config.ApplicationConfigLoader 72 [main] WARN  [] - Final output{
  "cluster" : {
    "selector" : "${SW_CLUSTER:standalone}",
    "standalone" : null,
    "zookeeper" : {
      "namespace" : "${SW_NAMESPACE:\"\"}",
      "hostPort" : "${SW_CLUSTER_ZK_HOST_PORT:localhost:2181}",
      "baseSleepTimeMs" : "${SW_CLUSTER_ZK_SLEEP_TIME:1000}",
      "maxRetries" : "${SW_CLUSTER_ZK_MAX_RETRIES:3}",
      "enableACL" : "${SW_ZK_ENABLE_ACL:false}",
      "schema" : "${SW_ZK_SCHEMA:digest}",
      "expression" : "${SW_ZK_EXPRESSION:skywalking:skywalking}",
      "internalComHost" : "${SW_CLUSTER_INTERNAL_COM_HOST:\"\"}",
      "internalComPort" : "${SW_CLUSTER_INTERNAL_COM_PORT:-1}"
    },
    "kubernetes" : {
      "namespace" : "${SW_CLUSTER_K8S_NAMESPACE:default}",
      "labelSelector" : "${SW_CLUSTER_K8S_LABEL:app=collector,release=skywalking}",
      "uidEnvName" : "${SW_CLUSTER_K8S_UID:SKYWALKING_COLLECTOR_UID}"
    },
    "consul" : {
      "serviceName" : "${SW_SERVICE_NAME:\"SkyWalking_OAP_Cluster\"}",
      "hostPort" : "${SW_CLUSTER_CONSUL_HOST_PORT:localhost:8500}",
      "aclToken" : "${SW_CLUSTER_CONSUL_ACLTOKEN:\"\"}",
      "internalComHost" : "${SW_CLUSTER_INTERNAL_COM_HOST:\"\"}",
      "internalComPort" : "${SW_CLUSTER_INTERNAL_COM_PORT:-1}"
    },
    "etcd" : {
      "endpoints" : "${SW_CLUSTER_ETCD_ENDPOINTS:localhost:2379}",
      "namespace" : "${SW_CLUSTER_ETCD_NAMESPACE:/skywalking}",
      "serviceName" : "${SW_CLUSTER_ETCD_SERVICE_NAME:\"SkyWalking_OAP_Cluster\"}",
      "authentication" : "${SW_CLUSTER_ETCD_AUTHENTICATION:false}",
      "user" : "${SW_CLUSTER_ETCD_USER:}",
      "password" : "${SW_CLUSTER_ETCD_PASSWORD:}",
      "internalComHost" : "${SW_CLUSTER_INTERNAL_COM_HOST:\"\"}",
      "internalComPort" : "${SW_CLUSTER_INTERNAL_COM_PORT:-1}"
    },
    "nacos" : {
      "serviceName" : "${SW_SERVICE_NAME:\"SkyWalking_OAP_Cluster\"}",
      "hostPort" : "${SW_CLUSTER_NACOS_HOST_PORT:localhost:8848}",
      "namespace" : "${SW_CLUSTER_NACOS_NAMESPACE:\"public\"}",
      "username" : "${SW_CLUSTER_NACOS_USERNAME:\"\"}",
      "password" : "${SW_CLUSTER_NACOS_PASSWORD:\"\"}",
      "accessKey" : "${SW_CLUSTER_NACOS_ACCESSKEY:\"\"}",
      "secretKey" : "${SW_CLUSTER_NACOS_SECRETKEY:\"\"}",
      "internalComHost" : "${SW_CLUSTER_INTERNAL_COM_HOST:\"\"}",
      "internalComPort" : "${SW_CLUSTER_INTERNAL_COM_PORT:-1}"
    }
  },
  "core" : {
    "selector" : "${SW_CORE:default}",
    "default" : {
      "role" : "${SW_CORE_ROLE:Mixed}",
      "restHost" : "${SW_CORE_REST_HOST:0.0.0.0}",
      "restPort" : "${SW_CORE_REST_PORT:12800}",
      "restContextPath" : "${SW_CORE_REST_CONTEXT_PATH:/}",
      "restMaxThreads" : "${SW_CORE_REST_MAX_THREADS:200}",
      "restIdleTimeOut" : "${SW_CORE_REST_IDLE_TIMEOUT:30000}",
      "restAcceptQueueSize" : "${SW_CORE_REST_QUEUE_SIZE:0}",
      "httpMaxRequestHeaderSize" : "${SW_CORE_HTTP_MAX_REQUEST_HEADER_SIZE:8192}",
      "gRPCHost" : "${SW_CORE_GRPC_HOST:0.0.0.0}",
      "gRPCPort" : "${SW_CORE_GRPC_PORT:11800}",
      "maxConcurrentCallsPerConnection" : "${SW_CORE_GRPC_MAX_CONCURRENT_CALL:0}",
      "maxMessageSize" : "${SW_CORE_GRPC_MAX_MESSAGE_SIZE:0}",
      "gRPCThreadPoolQueueSize" : "${SW_CORE_GRPC_POOL_QUEUE_SIZE:-1}",
      "gRPCThreadPoolSize" : "${SW_CORE_GRPC_THREAD_POOL_SIZE:-1}",
      "gRPCSslEnabled" : "${SW_CORE_GRPC_SSL_ENABLED:false}",
      "gRPCSslKeyPath" : "${SW_CORE_GRPC_SSL_KEY_PATH:\"\"}",
      "gRPCSslCertChainPath" : "${SW_CORE_GRPC_SSL_CERT_CHAIN_PATH:\"\"}",
      "gRPCSslTrustedCAPath" : "${SW_CORE_GRPC_SSL_TRUSTED_CA_PATH:\"\"}",
      "downsampling" : [ "Hour", "Day" ],
      "enableDataKeeperExecutor" : "${SW_CORE_ENABLE_DATA_KEEPER_EXECUTOR:true}",
      "dataKeeperExecutePeriod" : "${SW_CORE_DATA_KEEPER_EXECUTE_PERIOD:5}",
      "recordDataTTL" : "${SW_CORE_RECORD_DATA_TTL:3}",
      "metricsDataTTL" : "${SW_CORE_METRICS_DATA_TTL:7}",
      "l1FlushPeriod" : "${SW_CORE_L1_AGGREGATION_FLUSH_PERIOD:500}",
      "storageSessionTimeout" : "${SW_CORE_STORAGE_SESSION_TIMEOUT:70000}",
      "persistentPeriod" : "${SW_CORE_PERSISTENT_PERIOD:25}",
      "enableDatabaseSession" : "${SW_CORE_ENABLE_DATABASE_SESSION:true}",
      "topNReportPeriod" : "${SW_CORE_TOPN_REPORT_PERIOD:10}",
      "activeExtraModelColumns" : "${SW_CORE_ACTIVE_EXTRA_MODEL_COLUMNS:false}",
      "serviceNameMaxLength" : "${SW_SERVICE_NAME_MAX_LENGTH:70}",
      "instanceNameMaxLength" : "${SW_INSTANCE_NAME_MAX_LENGTH:70}",
      "endpointNameMaxLength" : "${SW_ENDPOINT_NAME_MAX_LENGTH:150}",
      "searchableTracesTags" : "${SW_SEARCHABLE_TAG_KEYS:http.method,http.status_code,rpc.status_code,db.type,db.instance,mq.queue,mq.topic,mq.broker}",
      "searchableLogsTags" : "${SW_SEARCHABLE_LOGS_TAG_KEYS:level}",
      "searchableAlarmTags" : "${SW_SEARCHABLE_ALARM_TAG_KEYS:level}",
      "autocompleteTagKeysQueryMaxSize" : "${SW_AUTOCOMPLETE_TAG_KEYS_QUERY_MAX_SIZE:100}",
      "autocompleteTagValuesQueryMaxSize" : "${SW_AUTOCOMPLETE_TAG_VALUES_QUERY_MAX_SIZE:100}",
      "prepareThreads" : "${SW_CORE_PREPARE_THREADS:2}",
      "enableEndpointNameGroupingByOpenapi" : "${SW_CORE_ENABLE_ENDPOINT_NAME_GROUPING_BY_OPAENAPI:true}"
    }
  },
  "storage" : {
    "selector" : "${SW_STORAGE:h2}",
    "elasticsearch" : {
      "namespace" : "${SW_NAMESPACE:\"\"}",
      "clusterNodes" : "${SW_STORAGE_ES_CLUSTER_NODES:localhost:9200}",
      "protocol" : "${SW_STORAGE_ES_HTTP_PROTOCOL:\"http\"}",
      "connectTimeout" : "${SW_STORAGE_ES_CONNECT_TIMEOUT:3000}",
      "socketTimeout" : "${SW_STORAGE_ES_SOCKET_TIMEOUT:30000}",
      "responseTimeout" : "${SW_STORAGE_ES_RESPONSE_TIMEOUT:15000}",
      "numHttpClientThread" : "${SW_STORAGE_ES_NUM_HTTP_CLIENT_THREAD:0}",
      "user" : "${SW_ES_USER:\"\"}",
      "password" : "${SW_ES_PASSWORD:\"\"}",
      "trustStorePath" : "${SW_STORAGE_ES_SSL_JKS_PATH:\"\"}",
      "trustStorePass" : "${SW_STORAGE_ES_SSL_JKS_PASS:\"\"}",
      "secretsManagementFile" : "${SW_ES_SECRETS_MANAGEMENT_FILE:\"\"}",
      "dayStep" : "${SW_STORAGE_DAY_STEP:1}",
      "indexShardsNumber" : "${SW_STORAGE_ES_INDEX_SHARDS_NUMBER:1}",
      "indexReplicasNumber" : "${SW_STORAGE_ES_INDEX_REPLICAS_NUMBER:1}",
      "superDatasetDayStep" : "${SW_SUPERDATASET_STORAGE_DAY_STEP:-1}",
      "superDatasetIndexShardsFactor" : "${SW_STORAGE_ES_SUPER_DATASET_INDEX_SHARDS_FACTOR:5}",
      "superDatasetIndexReplicasNumber" : "${SW_STORAGE_ES_SUPER_DATASET_INDEX_REPLICAS_NUMBER:0}",
      "indexTemplateOrder" : "${SW_STORAGE_ES_INDEX_TEMPLATE_ORDER:0}",
      "bulkActions" : "${SW_STORAGE_ES_BULK_ACTIONS:5000}",
      "flushInterval" : "${SW_STORAGE_ES_FLUSH_INTERVAL:15}",
      "concurrentRequests" : "${SW_STORAGE_ES_CONCURRENT_REQUESTS:2}",
      "resultWindowMaxSize" : "${SW_STORAGE_ES_QUERY_MAX_WINDOW_SIZE:10000}",
      "metadataQueryMaxSize" : "${SW_STORAGE_ES_QUERY_MAX_SIZE:10000}",
      "scrollingBatchSize" : "${SW_STORAGE_ES_SCROLLING_BATCH_SIZE:5000}",
      "segmentQueryMaxSize" : "${SW_STORAGE_ES_QUERY_SEGMENT_SIZE:200}",
      "profileTaskQueryMaxSize" : "${SW_STORAGE_ES_QUERY_PROFILE_TASK_SIZE:200}",
      "profileDataQueryBatchSize" : "${SW_STORAGE_ES_QUERY_PROFILE_DATA_BATCH_SIZE:100}",
      "oapAnalyzer" : "${SW_STORAGE_ES_OAP_ANALYZER:\"{\\\"analyzer\\\":{\\\"oap_analyzer\\\":{\\\"type\\\":\\\"stop\\\"}}}\"}",
      "oapLogAnalyzer" : "${SW_STORAGE_ES_OAP_LOG_ANALYZER:\"{\\\"analyzer\\\":{\\\"oap_log_analyzer\\\":{\\\"type\\\":\\\"standard\\\"}}}\"}",
      "advanced" : "${SW_STORAGE_ES_ADVANCED:\"\"}",
      "logicSharding" : "${SW_STORAGE_ES_LOGIC_SHARDING:false}"
    },
    "h2" : {
      "driver" : "${SW_STORAGE_H2_DRIVER:org.h2.jdbcx.JdbcDataSource}",
      "url" : "${SW_STORAGE_H2_URL:jdbc:h2:mem:skywalking-oap-db;DB_CLOSE_DELAY=-1}",
      "user" : "${SW_STORAGE_H2_USER:sa}",
      "metadataQueryMaxSize" : "${SW_STORAGE_H2_QUERY_MAX_SIZE:5000}",
      "maxSizeOfBatchSql" : "${SW_STORAGE_MAX_SIZE_OF_BATCH_SQL:100}",
      "asyncBatchPersistentPoolSize" : "${SW_STORAGE_ASYNC_BATCH_PERSISTENT_POOL_SIZE:1}"
    },
    "mysql" : {
      "properties" : {
        "jdbcUrl" : "${SW_JDBC_URL:\"jdbc:mysql://localhost:3306/swtest?rewriteBatchedStatements=true\"}",
        "dataSource.user" : "${SW_DATA_SOURCE_USER:root}",
        "dataSource.password" : "${SW_DATA_SOURCE_PASSWORD:root@1234}",
        "dataSource.cachePrepStmts" : "${SW_DATA_SOURCE_CACHE_PREP_STMTS:true}",
        "dataSource.prepStmtCacheSize" : "${SW_DATA_SOURCE_PREP_STMT_CACHE_SQL_SIZE:250}",
        "dataSource.prepStmtCacheSqlLimit" : "${SW_DATA_SOURCE_PREP_STMT_CACHE_SQL_LIMIT:2048}",
        "dataSource.useServerPrepStmts" : "${SW_DATA_SOURCE_USE_SERVER_PREP_STMTS:true}"
      },
      "metadataQueryMaxSize" : "${SW_STORAGE_MYSQL_QUERY_MAX_SIZE:5000}",
      "maxSizeOfBatchSql" : "${SW_STORAGE_MAX_SIZE_OF_BATCH_SQL:2000}",
      "asyncBatchPersistentPoolSize" : "${SW_STORAGE_ASYNC_BATCH_PERSISTENT_POOL_SIZE:4}"
    },
    "tidb" : {
      "properties" : {
        "jdbcUrl" : "${SW_JDBC_URL:\"jdbc:mysql://localhost:4000/tidbswtest?rewriteBatchedStatements=true\"}",
        "dataSource.user" : "${SW_DATA_SOURCE_USER:root}",
        "dataSource.password" : "${SW_DATA_SOURCE_PASSWORD:\"\"}",
        "dataSource.cachePrepStmts" : "${SW_DATA_SOURCE_CACHE_PREP_STMTS:true}",
        "dataSource.prepStmtCacheSize" : "${SW_DATA_SOURCE_PREP_STMT_CACHE_SQL_SIZE:250}",
        "dataSource.prepStmtCacheSqlLimit" : "${SW_DATA_SOURCE_PREP_STMT_CACHE_SQL_LIMIT:2048}",
        "dataSource.useServerPrepStmts" : "${SW_DATA_SOURCE_USE_SERVER_PREP_STMTS:true}",
        "dataSource.useAffectedRows" : "${SW_DATA_SOURCE_USE_AFFECTED_ROWS:true}"
      },
      "metadataQueryMaxSize" : "${SW_STORAGE_MYSQL_QUERY_MAX_SIZE:5000}",
      "maxSizeOfBatchSql" : "${SW_STORAGE_MAX_SIZE_OF_BATCH_SQL:2000}",
      "asyncBatchPersistentPoolSize" : "${SW_STORAGE_ASYNC_BATCH_PERSISTENT_POOL_SIZE:4}"
    },
    "postgresql" : {
      "properties" : {
        "jdbcUrl" : "${SW_JDBC_URL:\"jdbc:postgresql://localhost:5432/skywalking\"}",
        "dataSource.user" : "${SW_DATA_SOURCE_USER:postgres}",
        "dataSource.password" : "${SW_DATA_SOURCE_PASSWORD:123456}",
        "dataSource.cachePrepStmts" : "${SW_DATA_SOURCE_CACHE_PREP_STMTS:true}",
        "dataSource.prepStmtCacheSize" : "${SW_DATA_SOURCE_PREP_STMT_CACHE_SQL_SIZE:250}",
        "dataSource.prepStmtCacheSqlLimit" : "${SW_DATA_SOURCE_PREP_STMT_CACHE_SQL_LIMIT:2048}",
        "dataSource.useServerPrepStmts" : "${SW_DATA_SOURCE_USE_SERVER_PREP_STMTS:true}"
      },
      "metadataQueryMaxSize" : "${SW_STORAGE_MYSQL_QUERY_MAX_SIZE:5000}",
      "maxSizeOfBatchSql" : "${SW_STORAGE_MAX_SIZE_OF_BATCH_SQL:2000}",
      "asyncBatchPersistentPoolSize" : "${SW_STORAGE_ASYNC_BATCH_PERSISTENT_POOL_SIZE:4}"
    },
    "banyandb" : {
      "host" : "${SW_STORAGE_BANYANDB_HOST:127.0.0.1}",
      "port" : "${SW_STORAGE_BANYANDB_PORT:17912}",
      "maxBulkSize" : "${SW_STORAGE_BANYANDB_MAX_BULK_SIZE:5000}",
      "flushInterval" : "${SW_STORAGE_BANYANDB_FLUSH_INTERVAL:15}",
      "metricsShardsNumber" : "${SW_STORAGE_BANYANDB_METRICS_SHARDS_NUMBER:1}",
      "recordShardsNumber" : "${SW_STORAGE_BANYANDB_RECORD_SHARDS_NUMBER:1}",
      "superDatasetShardsFactor" : "${SW_STORAGE_BANYANDB_SUPERDATASET_SHARDS_FACTOR:2}",
      "concurrentWriteThreads" : "${SW_STORAGE_BANYANDB_CONCURRENT_WRITE_THREADS:15}",
      "profileTaskQueryMaxSize" : "${SW_STORAGE_BANYANDB_PROFILE_TASK_QUERY_MAX_SIZE:200}"
    }
  },
  "agent-analyzer" : {
    "selector" : "${SW_AGENT_ANALYZER:default}",
    "default" : {
      "traceSamplingPolicySettingsFile" : "${SW_TRACE_SAMPLING_POLICY_SETTINGS_FILE:trace-sampling-policy-settings.yml}",
      "slowDBAccessThreshold" : "${SW_SLOW_DB_THRESHOLD:default:200,mongodb:100}",
      "forceSampleErrorSegment" : "${SW_FORCE_SAMPLE_ERROR_SEGMENT:true}",
      "segmentStatusAnalysisStrategy" : "${SW_SEGMENT_STATUS_ANALYSIS_STRATEGY:FROM_SPAN_STATUS}",
      "noUpstreamRealAddressAgents" : "${SW_NO_UPSTREAM_REAL_ADDRESS:6000,9000}",
      "meterAnalyzerActiveFiles" : "${SW_METER_ANALYZER_ACTIVE_FILES:datasource,threadpool,satellite}"
    }
  },
  "log-analyzer" : {
    "selector" : "${SW_LOG_ANALYZER:default}",
    "default" : {
      "lalFiles" : "${SW_LOG_LAL_FILES:default}",
      "malFiles" : "${SW_LOG_MAL_FILES:\"\"}"
    }
  },
  "event-analyzer" : {
    "selector" : "${SW_EVENT_ANALYZER:default}",
    "default" : null
  },
  "receiver-sharing-server" : {
    "selector" : "${SW_RECEIVER_SHARING_SERVER:default}",
    "default" : {
      "restHost" : "${SW_RECEIVER_SHARING_REST_HOST:0.0.0.0}",
      "restPort" : "${SW_RECEIVER_SHARING_REST_PORT:0}",
      "restContextPath" : "${SW_RECEIVER_SHARING_REST_CONTEXT_PATH:/}",
      "restMaxThreads" : "${SW_RECEIVER_SHARING_REST_MAX_THREADS:200}",
      "restIdleTimeOut" : "${SW_RECEIVER_SHARING_REST_IDLE_TIMEOUT:30000}",
      "restAcceptQueueSize" : "${SW_RECEIVER_SHARING_REST_QUEUE_SIZE:0}",
      "httpMaxRequestHeaderSize" : "${SW_RECEIVER_SHARING_HTTP_MAX_REQUEST_HEADER_SIZE:8192}",
      "gRPCHost" : "${SW_RECEIVER_GRPC_HOST:0.0.0.0}",
      "gRPCPort" : "${SW_RECEIVER_GRPC_PORT:0}",
      "maxConcurrentCallsPerConnection" : "${SW_RECEIVER_GRPC_MAX_CONCURRENT_CALL:0}",
      "maxMessageSize" : "${SW_RECEIVER_GRPC_MAX_MESSAGE_SIZE:0}",
      "gRPCThreadPoolQueueSize" : "${SW_RECEIVER_GRPC_POOL_QUEUE_SIZE:0}",
      "gRPCThreadPoolSize" : "${SW_RECEIVER_GRPC_THREAD_POOL_SIZE:0}",
      "gRPCSslEnabled" : "${SW_RECEIVER_GRPC_SSL_ENABLED:false}",
      "gRPCSslKeyPath" : "${SW_RECEIVER_GRPC_SSL_KEY_PATH:\"\"}",
      "gRPCSslCertChainPath" : "${SW_RECEIVER_GRPC_SSL_CERT_CHAIN_PATH:\"\"}",
      "gRPCSslTrustedCAsPath" : "${SW_RECEIVER_GRPC_SSL_TRUSTED_CAS_PATH:\"\"}",
      "authentication" : "${SW_AUTHENTICATION:\"\"}"
    }
  },
  "receiver-register" : {
    "selector" : "${SW_RECEIVER_REGISTER:default}",
    "default" : null
  },
  "receiver-trace" : {
    "selector" : "${SW_RECEIVER_TRACE:default}",
    "default" : null
  },
  "receiver-jvm" : {
    "selector" : "${SW_RECEIVER_JVM:default}",
    "default" : null
  },
  "receiver-clr" : {
    "selector" : "${SW_RECEIVER_CLR:default}",
    "default" : null
  },
  "receiver-profile" : {
    "selector" : "${SW_RECEIVER_PROFILE:default}",
    "default" : null
  },
  "receiver-zabbix" : {
    "selector" : "${SW_RECEIVER_ZABBIX:-}",
    "default" : {
      "port" : "${SW_RECEIVER_ZABBIX_PORT:10051}",
      "host" : "${SW_RECEIVER_ZABBIX_HOST:0.0.0.0}",
      "activeFiles" : "${SW_RECEIVER_ZABBIX_ACTIVE_FILES:agent}"
    }
  },
  "service-mesh" : {
    "selector" : "${SW_SERVICE_MESH:default}",
    "default" : null
  },
  "envoy-metric" : {
    "selector" : "${SW_ENVOY_METRIC:default}",
    "default" : {
      "acceptMetricsService" : "${SW_ENVOY_METRIC_SERVICE:true}",
      "alsHTTPAnalysis" : "${SW_ENVOY_METRIC_ALS_HTTP_ANALYSIS:\"\"}",
      "alsTCPAnalysis" : "${SW_ENVOY_METRIC_ALS_TCP_ANALYSIS:\"\"}",
      "k8sServiceNameRule" : "${K8S_SERVICE_NAME_RULE:\"${pod.metadata.labels.(service.istio.io/canonical-name)}\"}"
    }
  },
  "prometheus-fetcher" : {
    "selector" : "${SW_PROMETHEUS_FETCHER:-}",
    "default" : {
      "enabledRules" : "${SW_PROMETHEUS_FETCHER_ENABLED_RULES:\"self\"}",
      "maxConvertWorker" : "${SW_PROMETHEUS_FETCHER_NUM_CONVERT_WORKER:-1}"
    }
  },
  "kafka-fetcher" : {
    "selector" : "${SW_KAFKA_FETCHER:-}",
    "default" : {
      "bootstrapServers" : "${SW_KAFKA_FETCHER_SERVERS:localhost:9092}",
      "namespace" : "${SW_NAMESPACE:\"\"}",
      "partitions" : "${SW_KAFKA_FETCHER_PARTITIONS:3}",
      "replicationFactor" : "${SW_KAFKA_FETCHER_PARTITIONS_FACTOR:2}",
      "enableNativeProtoLog" : "${SW_KAFKA_FETCHER_ENABLE_NATIVE_PROTO_LOG:true}",
      "enableNativeJsonLog" : "${SW_KAFKA_FETCHER_ENABLE_NATIVE_JSON_LOG:true}",
      "consumers" : "${SW_KAFKA_FETCHER_CONSUMERS:1}",
      "kafkaHandlerThreadPoolSize" : "${SW_KAFKA_HANDLER_THREAD_POOL_SIZE:-1}",
      "kafkaHandlerThreadPoolQueueSize" : "${SW_KAFKA_HANDLER_THREAD_POOL_QUEUE_SIZE:-1}"
    }
  },
  "receiver-meter" : {
    "selector" : "${SW_RECEIVER_METER:default}",
    "default" : null
  },
  "receiver-otel" : {
    "selector" : "${SW_OTEL_RECEIVER:default}",
    "default" : {
      "enabledHandlers" : "${SW_OTEL_RECEIVER_ENABLED_HANDLERS:\"oc,otlp\"}",
      "enabledOtelRules" : "${SW_OTEL_RECEIVER_ENABLED_OTEL_RULES:\"istio-controlplane,k8s-node,oap,vm,mysql,postgresql\"}"
    }
  },
  "receiver-zipkin" : {
    "selector" : "${SW_RECEIVER_ZIPKIN:-}",
    "default" : {
      "searchableTracesTags" : "${SW_ZIPKIN_SEARCHABLE_TAG_KEYS:http.method}",
      "sampleRate" : "${SW_ZIPKIN_SAMPLE_RATE:10000}",
      "enableHttpCollector" : "${SW_ZIPKIN_HTTP_COLLECTOR_ENABLED:true}",
      "restHost" : "${SW_RECEIVER_ZIPKIN_REST_HOST:0.0.0.0}",
      "restPort" : 18822,
      "restContextPath" : "${SW_RECEIVER_ZIPKIN_REST_CONTEXT_PATH:/}",
      "restMaxThreads" : "${SW_RECEIVER_ZIPKIN_REST_MAX_THREADS:200}",
      "restIdleTimeOut" : "${SW_RECEIVER_ZIPKIN_REST_IDLE_TIMEOUT:30000}",
      "restAcceptQueueSize" : "${SW_RECEIVER_ZIPKIN_REST_QUEUE_SIZE:0}",
      "enableKafkaCollector" : "${SW_ZIPKIN_KAFKA_COLLECTOR_ENABLED:false}",
      "kafkaBootstrapServers" : "${SW_ZIPKIN_KAFKA_SERVERS:localhost:9092}",
      "kafkaGroupId" : "${SW_ZIPKIN_KAFKA_GROUP_ID:zipkin}",
      "kafkaTopic" : "${SW_ZIPKIN_KAFKA_TOPIC:zipkin}",
      "kafkaConsumerConfig" : "${SW_ZIPKIN_KAFKA_CONSUMER_CONFIG:\"{\\\"auto.offset.reset\\\":\\\"earliest\\\",\\\"enable.auto.commit\\\":true}\"}",
      "kafkaConsumers" : "${SW_ZIPKIN_KAFKA_CONSUMERS:1}",
      "kafkaHandlerThreadPoolSize" : "${SW_ZIPKIN_KAFKA_HANDLER_THREAD_POOL_SIZE:-1}",
      "kafkaHandlerThreadPoolQueueSize" : "${SW_ZIPKIN_KAFKA_HANDLER_THREAD_POOL_QUEUE_SIZE:-1}"
    }
  },
  "receiver-browser" : {
    "selector" : "${SW_RECEIVER_BROWSER:default}",
    "default" : {
      "sampleRate" : "${SW_RECEIVER_BROWSER_SAMPLE_RATE:10000}"
    }
  },
  "receiver-log" : {
    "selector" : "${SW_RECEIVER_LOG:default}",
    "default" : null
  },
  "query" : {
    "selector" : "${SW_QUERY:graphql}",
    "graphql" : {
      "enableLogTestTool" : "${SW_QUERY_GRAPHQL_ENABLE_LOG_TEST_TOOL:false}",
      "maxQueryComplexity" : "${SW_QUERY_MAX_QUERY_COMPLEXITY:1000}",
      "enableUpdateUITemplate" : "${SW_ENABLE_UPDATE_UI_TEMPLATE:false}",
      "enableOnDemandPodLog" : "${SW_ENABLE_ON_DEMAND_POD_LOG:false}"
    }
  },
  "query-zipkin" : {
    "selector" : "${SW_QUERY_ZIPKIN:-}",
    "default" : {
      "restHost" : "${SW_QUERY_ZIPKIN_REST_HOST:0.0.0.0}",
      "restPort" : "${SW_QUERY_ZIPKIN_REST_PORT:9412}",
      "restContextPath" : "${SW_QUERY_ZIPKIN_REST_CONTEXT_PATH:/zipkin}",
      "restMaxThreads" : "${SW_QUERY_ZIPKIN_REST_MAX_THREADS:200}",
      "restIdleTimeOut" : "${SW_QUERY_ZIPKIN_REST_IDLE_TIMEOUT:30000}",
      "restAcceptQueueSize" : "${SW_QUERY_ZIPKIN_REST_QUEUE_SIZE:0}",
      "lookback" : "${SW_QUERY_ZIPKIN_LOOKBACK:86400000}",
      "namesMaxAge" : "${SW_QUERY_ZIPKIN_NAMES_MAX_AGE:300}",
      "uiQueryLimit" : "${SW_QUERY_ZIPKIN_UI_QUERY_LIMIT:10}",
      "uiDefaultLookback" : "${SW_QUERY_ZIPKIN_UI_DEFAULT_LOOKBACK:900000}"
    }
  },
  "alarm" : {
    "selector" : "${SW_ALARM:default}",
    "default" : null
  },
  "telemetry" : {
    "selector" : "${SW_TELEMETRY:none}",
    "none" : null,
    "prometheus" : {
      "host" : "${SW_TELEMETRY_PROMETHEUS_HOST:0.0.0.0}",
      "port" : "${SW_TELEMETRY_PROMETHEUS_PORT:1234}",
      "sslEnabled" : "${SW_TELEMETRY_PROMETHEUS_SSL_ENABLED:false}",
      "sslKeyPath" : "${SW_TELEMETRY_PROMETHEUS_SSL_KEY_PATH:\"\"}",
      "sslCertChainPath" : "${SW_TELEMETRY_PROMETHEUS_SSL_CERT_CHAIN_PATH:\"\"}"
    }
  },
  "configuration" : {
    "selector" : "${SW_CONFIGURATION:none}",
    "none" : null,
    "grpc" : {
      "host" : "${SW_DCS_SERVER_HOST:\"\"}",
      "port" : "${SW_DCS_SERVER_PORT:80}",
      "clusterName" : "${SW_DCS_CLUSTER_NAME:SkyWalking}",
      "period" : "${SW_DCS_PERIOD:20}"
    },
    "apollo" : {
      "apolloMeta" : "${SW_CONFIG_APOLLO:http://localhost:8080}",
      "apolloCluster" : "${SW_CONFIG_APOLLO_CLUSTER:default}",
      "apolloEnv" : "${SW_CONFIG_APOLLO_ENV:\"\"}",
      "appId" : "${SW_CONFIG_APOLLO_APP_ID:skywalking}",
      "period" : "${SW_CONFIG_APOLLO_PERIOD:60}"
    },
    "zookeeper" : {
      "period" : "${SW_CONFIG_ZK_PERIOD:60}",
      "namespace" : "${SW_CONFIG_ZK_NAMESPACE:/default}",
      "hostPort" : "${SW_CONFIG_ZK_HOST_PORT:localhost:2181}",
      "baseSleepTimeMs" : "${SW_CONFIG_ZK_BASE_SLEEP_TIME_MS:1000}",
      "maxRetries" : "${SW_CONFIG_ZK_MAX_RETRIES:3}"
    },
    "etcd" : {
      "period" : "${SW_CONFIG_ETCD_PERIOD:60}",
      "endpoints" : "${SW_CONFIG_ETCD_ENDPOINTS:http://localhost:2379}",
      "namespace" : "${SW_CONFIG_ETCD_NAMESPACE:/skywalking}",
      "authentication" : "${SW_CONFIG_ETCD_AUTHENTICATION:false}",
      "user" : "${SW_CONFIG_ETCD_USER:}",
      "password" : "${SW_CONFIG_ETCD_password:}"
    },
    "consul" : {
      "hostAndPorts" : "${SW_CONFIG_CONSUL_HOST_AND_PORTS:1.2.3.4:8500}",
      "period" : "${SW_CONFIG_CONSUL_PERIOD:60}",
      "aclToken" : "${SW_CONFIG_CONSUL_ACL_TOKEN:\"\"}"
    },
    "k8s-configmap" : {
      "period" : "${SW_CONFIG_CONFIGMAP_PERIOD:60}",
      "namespace" : "${SW_CLUSTER_K8S_NAMESPACE:default}",
      "labelSelector" : "${SW_CLUSTER_K8S_LABEL:app=collector,release=skywalking}"
    },
    "nacos" : {
      "serverAddr" : "${SW_CONFIG_NACOS_SERVER_ADDR:127.0.0.1}",
      "port" : "${SW_CONFIG_NACOS_SERVER_PORT:8848}",
      "group" : "${SW_CONFIG_NACOS_SERVER_GROUP:skywalking}",
      "namespace" : "${SW_CONFIG_NACOS_SERVER_NAMESPACE:}",
      "period" : "${SW_CONFIG_NACOS_PERIOD:60}",
      "username" : "${SW_CONFIG_NACOS_USERNAME:\"\"}",
      "password" : "${SW_CONFIG_NACOS_PASSWORD:\"\"}",
      "accessKey" : "${SW_CONFIG_NACOS_ACCESSKEY:\"\"}",
      "secretKey" : "${SW_CONFIG_NACOS_SECRETKEY:\"\"}"
    }
  },
  "exporter" : {
    "selector" : "${SW_EXPORTER:-}",
    "grpc" : {
      "targetHost" : "${SW_EXPORTER_GRPC_HOST:127.0.0.1}",
      "targetPort" : "${SW_EXPORTER_GRPC_PORT:9870}"
    }
  },
  "health-checker" : {
    "selector" : "${SW_HEALTH_CHECKER:-}",
    "default" : {
      "checkIntervalSeconds" : "${SW_HEALTH_CHECKER_INTERVAL_SECONDS:5}"
    }
  },
  "configuration-discovery" : {
    "selector" : "${SW_CONFIGURATION_DISCOVERY:default}",
    "default" : {
      "disableMessageDigest" : "${SW_DISABLE_MESSAGE_DIGEST:false}"
    }
  },
  "receiver-event" : {
    "selector" : "${SW_RECEIVER_EVENT:default}",
    "default" : null
  },
  "receiver-ebpf" : {
    "selector" : "${SW_RECEIVER_EBPF:default}",
    "default" : null
  }
}
2022-11-29 03:14:20,405 org.apache.skywalking.oap.server.starter.config.ApplicationConfigLoader 75 [main] WARN  [] - [CTEST][CONFIG-PARAM] {cluster={selector=${SW_CLUSTER:standalone}, standalone=null, zookeeper={namespace=${SW_NAMESPACE:""}, hostPort=${SW_CLUSTER_ZK_HOST_PORT:localhost:2181}, baseSleepTimeMs=${SW_CLUSTER_ZK_SLEEP_TIME:1000}, maxRetries=${SW_CLUSTER_ZK_MAX_RETRIES:3}, enableACL=${SW_ZK_ENABLE_ACL:false}, schema=${SW_ZK_SCHEMA:digest}, expression=${SW_ZK_EXPRESSION:skywalking:skywalking}, internalComHost=${SW_CLUSTER_INTERNAL_COM_HOST:""}, internalComPort=${SW_CLUSTER_INTERNAL_COM_PORT:-1}}, kubernetes={namespace=${SW_CLUSTER_K8S_NAMESPACE:default}, labelSelector=${SW_CLUSTER_K8S_LABEL:app=collector,release=skywalking}, uidEnvName=${SW_CLUSTER_K8S_UID:SKYWALKING_COLLECTOR_UID}}, consul={serviceName=${SW_SERVICE_NAME:"SkyWalking_OAP_Cluster"}, hostPort=${SW_CLUSTER_CONSUL_HOST_PORT:localhost:8500}, aclToken=${SW_CLUSTER_CONSUL_ACLTOKEN:""}, internalComHost=${SW_CLUSTER_INTERNAL_COM_HOST:""}, internalComPort=${SW_CLUSTER_INTERNAL_COM_PORT:-1}}, etcd={endpoints=${SW_CLUSTER_ETCD_ENDPOINTS:localhost:2379}, namespace=${SW_CLUSTER_ETCD_NAMESPACE:/skywalking}, serviceName=${SW_CLUSTER_ETCD_SERVICE_NAME:"SkyWalking_OAP_Cluster"}, authentication=${SW_CLUSTER_ETCD_AUTHENTICATION:false}, user=${SW_CLUSTER_ETCD_USER:}, password=${SW_CLUSTER_ETCD_PASSWORD:}, internalComHost=${SW_CLUSTER_INTERNAL_COM_HOST:""}, internalComPort=${SW_CLUSTER_INTERNAL_COM_PORT:-1}}, nacos={serviceName=${SW_SERVICE_NAME:"SkyWalking_OAP_Cluster"}, hostPort=${SW_CLUSTER_NACOS_HOST_PORT:localhost:8848}, namespace=${SW_CLUSTER_NACOS_NAMESPACE:"public"}, username=${SW_CLUSTER_NACOS_USERNAME:""}, password=${SW_CLUSTER_NACOS_PASSWORD:""}, accessKey=${SW_CLUSTER_NACOS_ACCESSKEY:""}, secretKey=${SW_CLUSTER_NACOS_SECRETKEY:""}, internalComHost=${SW_CLUSTER_INTERNAL_COM_HOST:""}, internalComPort=${SW_CLUSTER_INTERNAL_COM_PORT:-1}}}, core={selector=${SW_CORE:default}, default={role=${SW_CORE_ROLE:Mixed}, restHost=${SW_CORE_REST_HOST:0.0.0.0}, restPort=${SW_CORE_REST_PORT:12800}, restContextPath=${SW_CORE_REST_CONTEXT_PATH:/}, restMaxThreads=${SW_CORE_REST_MAX_THREADS:200}, restIdleTimeOut=${SW_CORE_REST_IDLE_TIMEOUT:30000}, restAcceptQueueSize=${SW_CORE_REST_QUEUE_SIZE:0}, httpMaxRequestHeaderSize=${SW_CORE_HTTP_MAX_REQUEST_HEADER_SIZE:8192}, gRPCHost=${SW_CORE_GRPC_HOST:0.0.0.0}, gRPCPort=${SW_CORE_GRPC_PORT:11800}, maxConcurrentCallsPerConnection=${SW_CORE_GRPC_MAX_CONCURRENT_CALL:0}, maxMessageSize=${SW_CORE_GRPC_MAX_MESSAGE_SIZE:0}, gRPCThreadPoolQueueSize=${SW_CORE_GRPC_POOL_QUEUE_SIZE:-1}, gRPCThreadPoolSize=${SW_CORE_GRPC_THREAD_POOL_SIZE:-1}, gRPCSslEnabled=${SW_CORE_GRPC_SSL_ENABLED:false}, gRPCSslKeyPath=${SW_CORE_GRPC_SSL_KEY_PATH:""}, gRPCSslCertChainPath=${SW_CORE_GRPC_SSL_CERT_CHAIN_PATH:""}, gRPCSslTrustedCAPath=${SW_CORE_GRPC_SSL_TRUSTED_CA_PATH:""}, downsampling=[Hour, Day], enableDataKeeperExecutor=${SW_CORE_ENABLE_DATA_KEEPER_EXECUTOR:true}, dataKeeperExecutePeriod=${SW_CORE_DATA_KEEPER_EXECUTE_PERIOD:5}, recordDataTTL=${SW_CORE_RECORD_DATA_TTL:3}, metricsDataTTL=${SW_CORE_METRICS_DATA_TTL:7}, l1FlushPeriod=${SW_CORE_L1_AGGREGATION_FLUSH_PERIOD:500}, storageSessionTimeout=${SW_CORE_STORAGE_SESSION_TIMEOUT:70000}, persistentPeriod=${SW_CORE_PERSISTENT_PERIOD:25}, enableDatabaseSession=${SW_CORE_ENABLE_DATABASE_SESSION:true}, topNReportPeriod=${SW_CORE_TOPN_REPORT_PERIOD:10}, activeExtraModelColumns=${SW_CORE_ACTIVE_EXTRA_MODEL_COLUMNS:false}, serviceNameMaxLength=${SW_SERVICE_NAME_MAX_LENGTH:70}, instanceNameMaxLength=${SW_INSTANCE_NAME_MAX_LENGTH:70}, endpointNameMaxLength=${SW_ENDPOINT_NAME_MAX_LENGTH:150}, searchableTracesTags=${SW_SEARCHABLE_TAG_KEYS:http.method,http.status_code,rpc.status_code,db.type,db.instance,mq.queue,mq.topic,mq.broker}, searchableLogsTags=${SW_SEARCHABLE_LOGS_TAG_KEYS:level}, searchableAlarmTags=${SW_SEARCHABLE_ALARM_TAG_KEYS:level}, autocompleteTagKeysQueryMaxSize=${SW_AUTOCOMPLETE_TAG_KEYS_QUERY_MAX_SIZE:100}, autocompleteTagValuesQueryMaxSize=${SW_AUTOCOMPLETE_TAG_VALUES_QUERY_MAX_SIZE:100}, prepareThreads=${SW_CORE_PREPARE_THREADS:2}, enableEndpointNameGroupingByOpenapi=${SW_CORE_ENABLE_ENDPOINT_NAME_GROUPING_BY_OPAENAPI:true}}}, storage={selector=${SW_STORAGE:h2}, elasticsearch={namespace=${SW_NAMESPACE:""}, clusterNodes=${SW_STORAGE_ES_CLUSTER_NODES:localhost:9200}, protocol=${SW_STORAGE_ES_HTTP_PROTOCOL:"http"}, connectTimeout=${SW_STORAGE_ES_CONNECT_TIMEOUT:3000}, socketTimeout=${SW_STORAGE_ES_SOCKET_TIMEOUT:30000}, responseTimeout=${SW_STORAGE_ES_RESPONSE_TIMEOUT:15000}, numHttpClientThread=${SW_STORAGE_ES_NUM_HTTP_CLIENT_THREAD:0}, user=${SW_ES_USER:""}, password=${SW_ES_PASSWORD:""}, trustStorePath=${SW_STORAGE_ES_SSL_JKS_PATH:""}, trustStorePass=${SW_STORAGE_ES_SSL_JKS_PASS:""}, secretsManagementFile=${SW_ES_SECRETS_MANAGEMENT_FILE:""}, dayStep=${SW_STORAGE_DAY_STEP:1}, indexShardsNumber=${SW_STORAGE_ES_INDEX_SHARDS_NUMBER:1}, indexReplicasNumber=${SW_STORAGE_ES_INDEX_REPLICAS_NUMBER:1}, superDatasetDayStep=${SW_SUPERDATASET_STORAGE_DAY_STEP:-1}, superDatasetIndexShardsFactor=${SW_STORAGE_ES_SUPER_DATASET_INDEX_SHARDS_FACTOR:5}, superDatasetIndexReplicasNumber=${SW_STORAGE_ES_SUPER_DATASET_INDEX_REPLICAS_NUMBER:0}, indexTemplateOrder=${SW_STORAGE_ES_INDEX_TEMPLATE_ORDER:0}, bulkActions=${SW_STORAGE_ES_BULK_ACTIONS:5000}, flushInterval=${SW_STORAGE_ES_FLUSH_INTERVAL:15}, concurrentRequests=${SW_STORAGE_ES_CONCURRENT_REQUESTS:2}, resultWindowMaxSize=${SW_STORAGE_ES_QUERY_MAX_WINDOW_SIZE:10000}, metadataQueryMaxSize=${SW_STORAGE_ES_QUERY_MAX_SIZE:10000}, scrollingBatchSize=${SW_STORAGE_ES_SCROLLING_BATCH_SIZE:5000}, segmentQueryMaxSize=${SW_STORAGE_ES_QUERY_SEGMENT_SIZE:200}, profileTaskQueryMaxSize=${SW_STORAGE_ES_QUERY_PROFILE_TASK_SIZE:200}, profileDataQueryBatchSize=${SW_STORAGE_ES_QUERY_PROFILE_DATA_BATCH_SIZE:100}, oapAnalyzer=${SW_STORAGE_ES_OAP_ANALYZER:"{\"analyzer\":{\"oap_analyzer\":{\"type\":\"stop\"}}}"}, oapLogAnalyzer=${SW_STORAGE_ES_OAP_LOG_ANALYZER:"{\"analyzer\":{\"oap_log_analyzer\":{\"type\":\"standard\"}}}"}, advanced=${SW_STORAGE_ES_ADVANCED:""}, logicSharding=${SW_STORAGE_ES_LOGIC_SHARDING:false}}, h2={driver=${SW_STORAGE_H2_DRIVER:org.h2.jdbcx.JdbcDataSource}, url=${SW_STORAGE_H2_URL:jdbc:h2:mem:skywalking-oap-db;DB_CLOSE_DELAY=-1}, user=${SW_STORAGE_H2_USER:sa}, metadataQueryMaxSize=${SW_STORAGE_H2_QUERY_MAX_SIZE:5000}, maxSizeOfBatchSql=${SW_STORAGE_MAX_SIZE_OF_BATCH_SQL:100}, asyncBatchPersistentPoolSize=${SW_STORAGE_ASYNC_BATCH_PERSISTENT_POOL_SIZE:1}}, mysql={properties={jdbcUrl=${SW_JDBC_URL:"jdbc:mysql://localhost:3306/swtest?rewriteBatchedStatements=true"}, dataSource.user=${SW_DATA_SOURCE_USER:root}, dataSource.password=${SW_DATA_SOURCE_PASSWORD:root@1234}, dataSource.cachePrepStmts=${SW_DATA_SOURCE_CACHE_PREP_STMTS:true}, dataSource.prepStmtCacheSize=${SW_DATA_SOURCE_PREP_STMT_CACHE_SQL_SIZE:250}, dataSource.prepStmtCacheSqlLimit=${SW_DATA_SOURCE_PREP_STMT_CACHE_SQL_LIMIT:2048}, dataSource.useServerPrepStmts=${SW_DATA_SOURCE_USE_SERVER_PREP_STMTS:true}}, metadataQueryMaxSize=${SW_STORAGE_MYSQL_QUERY_MAX_SIZE:5000}, maxSizeOfBatchSql=${SW_STORAGE_MAX_SIZE_OF_BATCH_SQL:2000}, asyncBatchPersistentPoolSize=${SW_STORAGE_ASYNC_BATCH_PERSISTENT_POOL_SIZE:4}}, tidb={properties={jdbcUrl=${SW_JDBC_URL:"jdbc:mysql://localhost:4000/tidbswtest?rewriteBatchedStatements=true"}, dataSource.user=${SW_DATA_SOURCE_USER:root}, dataSource.password=${SW_DATA_SOURCE_PASSWORD:""}, dataSource.cachePrepStmts=${SW_DATA_SOURCE_CACHE_PREP_STMTS:true}, dataSource.prepStmtCacheSize=${SW_DATA_SOURCE_PREP_STMT_CACHE_SQL_SIZE:250}, dataSource.prepStmtCacheSqlLimit=${SW_DATA_SOURCE_PREP_STMT_CACHE_SQL_LIMIT:2048}, dataSource.useServerPrepStmts=${SW_DATA_SOURCE_USE_SERVER_PREP_STMTS:true}, dataSource.useAffectedRows=${SW_DATA_SOURCE_USE_AFFECTED_ROWS:true}}, metadataQueryMaxSize=${SW_STORAGE_MYSQL_QUERY_MAX_SIZE:5000}, maxSizeOfBatchSql=${SW_STORAGE_MAX_SIZE_OF_BATCH_SQL:2000}, asyncBatchPersistentPoolSize=${SW_STORAGE_ASYNC_BATCH_PERSISTENT_POOL_SIZE:4}}, postgresql={properties={jdbcUrl=${SW_JDBC_URL:"jdbc:postgresql://localhost:5432/skywalking"}, dataSource.user=${SW_DATA_SOURCE_USER:postgres}, dataSource.password=${SW_DATA_SOURCE_PASSWORD:123456}, dataSource.cachePrepStmts=${SW_DATA_SOURCE_CACHE_PREP_STMTS:true}, dataSource.prepStmtCacheSize=${SW_DATA_SOURCE_PREP_STMT_CACHE_SQL_SIZE:250}, dataSource.prepStmtCacheSqlLimit=${SW_DATA_SOURCE_PREP_STMT_CACHE_SQL_LIMIT:2048}, dataSource.useServerPrepStmts=${SW_DATA_SOURCE_USE_SERVER_PREP_STMTS:true}}, metadataQueryMaxSize=${SW_STORAGE_MYSQL_QUERY_MAX_SIZE:5000}, maxSizeOfBatchSql=${SW_STORAGE_MAX_SIZE_OF_BATCH_SQL:2000}, asyncBatchPersistentPoolSize=${SW_STORAGE_ASYNC_BATCH_PERSISTENT_POOL_SIZE:4}}, banyandb={host=${SW_STORAGE_BANYANDB_HOST:127.0.0.1}, port=${SW_STORAGE_BANYANDB_PORT:17912}, maxBulkSize=${SW_STORAGE_BANYANDB_MAX_BULK_SIZE:5000}, flushInterval=${SW_STORAGE_BANYANDB_FLUSH_INTERVAL:15}, metricsShardsNumber=${SW_STORAGE_BANYANDB_METRICS_SHARDS_NUMBER:1}, recordShardsNumber=${SW_STORAGE_BANYANDB_RECORD_SHARDS_NUMBER:1}, superDatasetShardsFactor=${SW_STORAGE_BANYANDB_SUPERDATASET_SHARDS_FACTOR:2}, concurrentWriteThreads=${SW_STORAGE_BANYANDB_CONCURRENT_WRITE_THREADS:15}, profileTaskQueryMaxSize=${SW_STORAGE_BANYANDB_PROFILE_TASK_QUERY_MAX_SIZE:200}}}, agent-analyzer={selector=${SW_AGENT_ANALYZER:default}, default={traceSamplingPolicySettingsFile=${SW_TRACE_SAMPLING_POLICY_SETTINGS_FILE:trace-sampling-policy-settings.yml}, slowDBAccessThreshold=${SW_SLOW_DB_THRESHOLD:default:200,mongodb:100}, forceSampleErrorSegment=${SW_FORCE_SAMPLE_ERROR_SEGMENT:true}, segmentStatusAnalysisStrategy=${SW_SEGMENT_STATUS_ANALYSIS_STRATEGY:FROM_SPAN_STATUS}, noUpstreamRealAddressAgents=${SW_NO_UPSTREAM_REAL_ADDRESS:6000,9000}, meterAnalyzerActiveFiles=${SW_METER_ANALYZER_ACTIVE_FILES:datasource,threadpool,satellite}}}, log-analyzer={selector=${SW_LOG_ANALYZER:default}, default={lalFiles=${SW_LOG_LAL_FILES:default}, malFiles=${SW_LOG_MAL_FILES:""}}}, event-analyzer={selector=${SW_EVENT_ANALYZER:default}, default=null}, receiver-sharing-server={selector=${SW_RECEIVER_SHARING_SERVER:default}, default={restHost=${SW_RECEIVER_SHARING_REST_HOST:0.0.0.0}, restPort=${SW_RECEIVER_SHARING_REST_PORT:0}, restContextPath=${SW_RECEIVER_SHARING_REST_CONTEXT_PATH:/}, restMaxThreads=${SW_RECEIVER_SHARING_REST_MAX_THREADS:200}, restIdleTimeOut=${SW_RECEIVER_SHARING_REST_IDLE_TIMEOUT:30000}, restAcceptQueueSize=${SW_RECEIVER_SHARING_REST_QUEUE_SIZE:0}, httpMaxRequestHeaderSize=${SW_RECEIVER_SHARING_HTTP_MAX_REQUEST_HEADER_SIZE:8192}, gRPCHost=${SW_RECEIVER_GRPC_HOST:0.0.0.0}, gRPCPort=${SW_RECEIVER_GRPC_PORT:0}, maxConcurrentCallsPerConnection=${SW_RECEIVER_GRPC_MAX_CONCURRENT_CALL:0}, maxMessageSize=${SW_RECEIVER_GRPC_MAX_MESSAGE_SIZE:0}, gRPCThreadPoolQueueSize=${SW_RECEIVER_GRPC_POOL_QUEUE_SIZE:0}, gRPCThreadPoolSize=${SW_RECEIVER_GRPC_THREAD_POOL_SIZE:0}, gRPCSslEnabled=${SW_RECEIVER_GRPC_SSL_ENABLED:false}, gRPCSslKeyPath=${SW_RECEIVER_GRPC_SSL_KEY_PATH:""}, gRPCSslCertChainPath=${SW_RECEIVER_GRPC_SSL_CERT_CHAIN_PATH:""}, gRPCSslTrustedCAsPath=${SW_RECEIVER_GRPC_SSL_TRUSTED_CAS_PATH:""}, authentication=${SW_AUTHENTICATION:""}}}, receiver-register={selector=${SW_RECEIVER_REGISTER:default}, default=null}, receiver-trace={selector=${SW_RECEIVER_TRACE:default}, default=null}, receiver-jvm={selector=${SW_RECEIVER_JVM:default}, default=null}, receiver-clr={selector=${SW_RECEIVER_CLR:default}, default=null}, receiver-profile={selector=${SW_RECEIVER_PROFILE:default}, default=null}, receiver-zabbix={selector=${SW_RECEIVER_ZABBIX:-}, default={port=${SW_RECEIVER_ZABBIX_PORT:10051}, host=${SW_RECEIVER_ZABBIX_HOST:0.0.0.0}, activeFiles=${SW_RECEIVER_ZABBIX_ACTIVE_FILES:agent}}}, service-mesh={selector=${SW_SERVICE_MESH:default}, default=null}, envoy-metric={selector=${SW_ENVOY_METRIC:default}, default={acceptMetricsService=${SW_ENVOY_METRIC_SERVICE:true}, alsHTTPAnalysis=${SW_ENVOY_METRIC_ALS_HTTP_ANALYSIS:""}, alsTCPAnalysis=${SW_ENVOY_METRIC_ALS_TCP_ANALYSIS:""}, k8sServiceNameRule=${K8S_SERVICE_NAME_RULE:"${pod.metadata.labels.(service.istio.io/canonical-name)}"}}}, prometheus-fetcher={selector=${SW_PROMETHEUS_FETCHER:-}, default={enabledRules=${SW_PROMETHEUS_FETCHER_ENABLED_RULES:"self"}, maxConvertWorker=${SW_PROMETHEUS_FETCHER_NUM_CONVERT_WORKER:-1}}}, kafka-fetcher={selector=${SW_KAFKA_FETCHER:-}, default={bootstrapServers=${SW_KAFKA_FETCHER_SERVERS:localhost:9092}, namespace=${SW_NAMESPACE:""}, partitions=${SW_KAFKA_FETCHER_PARTITIONS:3}, replicationFactor=${SW_KAFKA_FETCHER_PARTITIONS_FACTOR:2}, enableNativeProtoLog=${SW_KAFKA_FETCHER_ENABLE_NATIVE_PROTO_LOG:true}, enableNativeJsonLog=${SW_KAFKA_FETCHER_ENABLE_NATIVE_JSON_LOG:true}, consumers=${SW_KAFKA_FETCHER_CONSUMERS:1}, kafkaHandlerThreadPoolSize=${SW_KAFKA_HANDLER_THREAD_POOL_SIZE:-1}, kafkaHandlerThreadPoolQueueSize=${SW_KAFKA_HANDLER_THREAD_POOL_QUEUE_SIZE:-1}}}, receiver-meter={selector=${SW_RECEIVER_METER:default}, default=null}, receiver-otel={selector=${SW_OTEL_RECEIVER:default}, default={enabledHandlers=${SW_OTEL_RECEIVER_ENABLED_HANDLERS:"oc,otlp"}, enabledOtelRules=${SW_OTEL_RECEIVER_ENABLED_OTEL_RULES:"istio-controlplane,k8s-node,oap,vm,mysql,postgresql"}}}, receiver-zipkin={selector=${SW_RECEIVER_ZIPKIN:-}, default={searchableTracesTags=${SW_ZIPKIN_SEARCHABLE_TAG_KEYS:http.method}, sampleRate=${SW_ZIPKIN_SAMPLE_RATE:10000}, enableHttpCollector=${SW_ZIPKIN_HTTP_COLLECTOR_ENABLED:true}, restHost=${SW_RECEIVER_ZIPKIN_REST_HOST:0.0.0.0}, restPort=18822, restContextPath=${SW_RECEIVER_ZIPKIN_REST_CONTEXT_PATH:/}, restMaxThreads=${SW_RECEIVER_ZIPKIN_REST_MAX_THREADS:200}, restIdleTimeOut=${SW_RECEIVER_ZIPKIN_REST_IDLE_TIMEOUT:30000}, restAcceptQueueSize=${SW_RECEIVER_ZIPKIN_REST_QUEUE_SIZE:0}, enableKafkaCollector=${SW_ZIPKIN_KAFKA_COLLECTOR_ENABLED:false}, kafkaBootstrapServers=${SW_ZIPKIN_KAFKA_SERVERS:localhost:9092}, kafkaGroupId=${SW_ZIPKIN_KAFKA_GROUP_ID:zipkin}, kafkaTopic=${SW_ZIPKIN_KAFKA_TOPIC:zipkin}, kafkaConsumerConfig=${SW_ZIPKIN_KAFKA_CONSUMER_CONFIG:"{\"auto.offset.reset\":\"earliest\",\"enable.auto.commit\":true}"}, kafkaConsumers=${SW_ZIPKIN_KAFKA_CONSUMERS:1}, kafkaHandlerThreadPoolSize=${SW_ZIPKIN_KAFKA_HANDLER_THREAD_POOL_SIZE:-1}, kafkaHandlerThreadPoolQueueSize=${SW_ZIPKIN_KAFKA_HANDLER_THREAD_POOL_QUEUE_SIZE:-1}}}, receiver-browser={selector=${SW_RECEIVER_BROWSER:default}, default={sampleRate=${SW_RECEIVER_BROWSER_SAMPLE_RATE:10000}}}, receiver-log={selector=${SW_RECEIVER_LOG:default}, default=null}, query={selector=${SW_QUERY:graphql}, graphql={enableLogTestTool=${SW_QUERY_GRAPHQL_ENABLE_LOG_TEST_TOOL:false}, maxQueryComplexity=${SW_QUERY_MAX_QUERY_COMPLEXITY:1000}, enableUpdateUITemplate=${SW_ENABLE_UPDATE_UI_TEMPLATE:false}, enableOnDemandPodLog=${SW_ENABLE_ON_DEMAND_POD_LOG:false}}}, query-zipkin={selector=${SW_QUERY_ZIPKIN:-}, default={restHost=${SW_QUERY_ZIPKIN_REST_HOST:0.0.0.0}, restPort=${SW_QUERY_ZIPKIN_REST_PORT:9412}, restContextPath=${SW_QUERY_ZIPKIN_REST_CONTEXT_PATH:/zipkin}, restMaxThreads=${SW_QUERY_ZIPKIN_REST_MAX_THREADS:200}, restIdleTimeOut=${SW_QUERY_ZIPKIN_REST_IDLE_TIMEOUT:30000}, restAcceptQueueSize=${SW_QUERY_ZIPKIN_REST_QUEUE_SIZE:0}, lookback=${SW_QUERY_ZIPKIN_LOOKBACK:86400000}, namesMaxAge=${SW_QUERY_ZIPKIN_NAMES_MAX_AGE:300}, uiQueryLimit=${SW_QUERY_ZIPKIN_UI_QUERY_LIMIT:10}, uiDefaultLookback=${SW_QUERY_ZIPKIN_UI_DEFAULT_LOOKBACK:900000}}}, alarm={selector=${SW_ALARM:default}, default=null}, telemetry={selector=${SW_TELEMETRY:none}, none=null, prometheus={host=${SW_TELEMETRY_PROMETHEUS_HOST:0.0.0.0}, port=${SW_TELEMETRY_PROMETHEUS_PORT:1234}, sslEnabled=${SW_TELEMETRY_PROMETHEUS_SSL_ENABLED:false}, sslKeyPath=${SW_TELEMETRY_PROMETHEUS_SSL_KEY_PATH:""}, sslCertChainPath=${SW_TELEMETRY_PROMETHEUS_SSL_CERT_CHAIN_PATH:""}}}, configuration={selector=${SW_CONFIGURATION:none}, none=null, grpc={host=${SW_DCS_SERVER_HOST:""}, port=${SW_DCS_SERVER_PORT:80}, clusterName=${SW_DCS_CLUSTER_NAME:SkyWalking}, period=${SW_DCS_PERIOD:20}}, apollo={apolloMeta=${SW_CONFIG_APOLLO:http://localhost:8080}, apolloCluster=${SW_CONFIG_APOLLO_CLUSTER:default}, apolloEnv=${SW_CONFIG_APOLLO_ENV:""}, appId=${SW_CONFIG_APOLLO_APP_ID:skywalking}, period=${SW_CONFIG_APOLLO_PERIOD:60}}, zookeeper={period=${SW_CONFIG_ZK_PERIOD:60}, namespace=${SW_CONFIG_ZK_NAMESPACE:/default}, hostPort=${SW_CONFIG_ZK_HOST_PORT:localhost:2181}, baseSleepTimeMs=${SW_CONFIG_ZK_BASE_SLEEP_TIME_MS:1000}, maxRetries=${SW_CONFIG_ZK_MAX_RETRIES:3}}, etcd={period=${SW_CONFIG_ETCD_PERIOD:60}, endpoints=${SW_CONFIG_ETCD_ENDPOINTS:http://localhost:2379}, namespace=${SW_CONFIG_ETCD_NAMESPACE:/skywalking}, authentication=${SW_CONFIG_ETCD_AUTHENTICATION:false}, user=${SW_CONFIG_ETCD_USER:}, password=${SW_CONFIG_ETCD_password:}}, consul={hostAndPorts=${SW_CONFIG_CONSUL_HOST_AND_PORTS:1.2.3.4:8500}, period=${SW_CONFIG_CONSUL_PERIOD:60}, aclToken=${SW_CONFIG_CONSUL_ACL_TOKEN:""}}, k8s-configmap={period=${SW_CONFIG_CONFIGMAP_PERIOD:60}, namespace=${SW_CLUSTER_K8S_NAMESPACE:default}, labelSelector=${SW_CLUSTER_K8S_LABEL:app=collector,release=skywalking}}, nacos={serverAddr=${SW_CONFIG_NACOS_SERVER_ADDR:127.0.0.1}, port=${SW_CONFIG_NACOS_SERVER_PORT:8848}, group=${SW_CONFIG_NACOS_SERVER_GROUP:skywalking}, namespace=${SW_CONFIG_NACOS_SERVER_NAMESPACE:}, period=${SW_CONFIG_NACOS_PERIOD:60}, username=${SW_CONF
[...]
2022-11-29 03:14:20,624 org.apache.skywalking.oap.server.library.module.ApplicationConfiguration 48 [main] WARN  [] - [CTEST][getModuleConfiguration] ###java### java.lang.Thread	org.apache.skywalking.oap.server.library.module.ApplicationConfiguration	org.apache.skywalking.oap.server.library.module.ApplicationConfiguration	org.apache.skywalking.oap.server.starter.config.ApplicationConfigLoader	org.apache.skywalking.oap.server.starter.config.ApplicationConfigLoader	org.apache.skywalking.oap.server.starter.config.ApplicationConfigLoader	org.apache.skywalking.oap.server.starter.config.ApplicationConfigLoaderTestCase	jdk.internal.reflect.NativeMethodAccessorImpl	jdk.internal.reflect.NativeMethodAccessorImpl	jdk.internal.reflect.DelegatingMethodAccessorImpl	java.lang.reflect.Method	org.junit.runners.model.FrameworkMethod$1	org.junit.internal.runners.model.ReflectiveCallable	org.junit.runners.model.FrameworkMethod	org.junit.internal.runners.statements.RunBefores	org.junit.internal.runners.statements.RunBefores	org.junit.runners.ParentRunner$3	org.junit.runners.BlockJUnit4ClassRunner$1	org.junit.runners.ParentRunner	org.junit.runners.BlockJUnit4ClassRunner	org.junit.runners.BlockJUnit4ClassRunner	org.junit.runners.ParentRunner$4	org.junit.runners.ParentRunner$1	org.junit.runners.ParentRunner	org.junit.runners.ParentRunner	org.junit.runners.ParentRunner$2	org.junit.runners.ParentRunner$3	org.junit.runners.ParentRunner	org.apache.maven.surefire.junit4.JUnit4Provider	org.apache.maven.surefire.junit4.JUnit4Provider	org.apache.maven.surefire.junit4.JUnit4Provider	org.apache.maven.surefire.junit4.JUnit4Provider	org.apache.maven.surefire.booter.ForkedBooter	org.apache.maven.surefire.booter.ForkedBooter	org.apache.maven.surefire.booter.ForkedBooter	org.apache.maven.surefire.booter.ForkedBooter	
2022-11-29 03:14:20,624 org.apache.skywalking.oap.server.library.module.ApplicationConfiguration 48 [main] WARN  [] - [CTEST][getModuleConfiguration] ###sun### java.lang.Thread	org.apache.skywalking.oap.server.library.module.ApplicationConfiguration	org.apache.skywalking.oap.server.library.module.ApplicationConfiguration	org.apache.skywalking.oap.server.starter.config.ApplicationConfigLoader	org.apache.skywalking.oap.server.starter.config.ApplicationConfigLoader	org.apache.skywalking.oap.server.starter.config.ApplicationConfigLoader	org.apache.skywalking.oap.server.starter.config.ApplicationConfigLoaderTestCase	jdk.internal.reflect.NativeMethodAccessorImpl	jdk.internal.reflect.NativeMethodAccessorImpl	jdk.internal.reflect.DelegatingMethodAccessorImpl	java.lang.reflect.Method	org.junit.runners.model.FrameworkMethod$1	org.junit.internal.runners.model.ReflectiveCallable	org.junit.runners.model.FrameworkMethod	org.junit.internal.runners.statements.RunBefores	org.junit.internal.runners.statements.RunBefores	org.junit.runners.ParentRunner$3	org.junit.runners.BlockJUnit4ClassRunner$1	org.junit.runners.ParentRunner	org.junit.runners.BlockJUnit4ClassRunner	org.junit.runners.BlockJUnit4ClassRunner	org.junit.runners.ParentRunner$4	org.junit.runners.ParentRunner$1	org.junit.runners.ParentRunner	org.junit.runners.ParentRunner	org.junit.runners.ParentRunner$2	org.junit.runners.ParentRunner$3	org.junit.runners.ParentRunner	org.apache.maven.surefire.junit4.JUnit4Provider	org.apache.maven.surefire.junit4.JUnit4Provider	org.apache.maven.surefire.junit4.JUnit4Provider	org.apache.maven.surefire.junit4.JUnit4Provider	org.apache.maven.surefire.booter.ForkedBooter	org.apache.maven.surefire.booter.ForkedBooter	org.apache.maven.surefire.booter.ForkedBooter	org.apache.maven.surefire.booter.ForkedBooter	
2022-11-29 03:14:20,626 org.apache.skywalking.oap.server.library.module.ApplicationConfiguration 48 [main] WARN  [] - [CTEST][getModuleConfiguration] ###java### java.lang.Thread	org.apache.skywalking.oap.server.library.module.ApplicationConfiguration	org.apache.skywalking.oap.server.library.module.ApplicationConfiguration	org.apache.skywalking.oap.server.starter.config.ApplicationConfigLoader	org.apache.skywalking.oap.server.starter.config.ApplicationConfigLoader	org.apache.skywalking.oap.server.starter.config.ApplicationConfigLoader	org.apache.skywalking.oap.server.starter.config.ApplicationConfigLoaderTestCase	jdk.internal.reflect.NativeMethodAccessorImpl	jdk.internal.reflect.NativeMethodAccessorImpl	jdk.internal.reflect.DelegatingMethodAccessorImpl	java.lang.reflect.Method	org.junit.runners.model.FrameworkMethod$1	org.junit.internal.runners.model.ReflectiveCallable	org.junit.runners.model.FrameworkMethod	org.junit.internal.runners.statements.RunBefores	org.junit.internal.runners.statements.RunBefores	org.junit.runners.ParentRunner$3	org.junit.runners.BlockJUnit4ClassRunner$1	org.junit.runners.ParentRunner	org.junit.runners.BlockJUnit4ClassRunner	org.junit.runners.BlockJUnit4ClassRunner	org.junit.runners.ParentRunner$4	org.junit.runners.ParentRunner$1	org.junit.runners.ParentRunner	org.junit.runners.ParentRunner	org.junit.runners.ParentRunner$2	org.junit.runners.ParentRunner$3	org.junit.runners.ParentRunner	org.apache.maven.surefire.junit4.JUnit4Provider	org.apache.maven.surefire.junit4.JUnit4Provider	org.apache.maven.surefire.junit4.JUnit4Provider	org.apache.maven.surefire.junit4.JUnit4Provider	org.apache.maven.surefire.booter.ForkedBooter	org.apache.maven.surefire.booter.ForkedBooter	org.apache.maven.surefire.booter.ForkedBooter	org.apache.maven.surefire.booter.ForkedBooter	
2022-11-29 03:14:20,627 org.apache.skywalking.oap.server.library.module.ApplicationConfiguration 48 [main] WARN  [] - [CTEST][getModuleConfiguration] ###java### java.lang.Thread	org.apache.skywalking.oap.server.library.module.ApplicationConfiguration	org.apache.skywalking.oap.server.library.module.ApplicationConfiguration	org.apache.skywalking.oap.server.starter.config.ApplicationConfigLoader	org.apache.skywalking.oap.server.starter.config.ApplicationConfigLoader	org.apache.skywalking.oap.server.starter.config.ApplicationConfigLoader	org.apache.skywalking.oap.server.starter.config.ApplicationConfigLoaderTestCase	jdk.internal.reflect.NativeMethodAccessorImpl	jdk.internal.reflect.NativeMethodAccessorImpl	jdk.internal.reflect.DelegatingMethodAccessorImpl	java.lang.reflect.Method	org.junit.runners.model.FrameworkMethod$1	org.junit.internal.runners.model.ReflectiveCallable	org.junit.runners.model.FrameworkMethod	org.junit.internal.runners.statements.RunBefores	org.junit.internal.runners.statements.RunBefores	org.junit.runners.ParentRunner$3	org.junit.runners.BlockJUnit4ClassRunner$1	org.junit.runners.ParentRunner	org.junit.runners.BlockJUnit4ClassRunner	org.junit.runners.BlockJUnit4ClassRunner	org.junit.runners.ParentRunner$4	org.junit.runners.ParentRunner$1	org.junit.runners.ParentRunner	org.junit.runners.ParentRunner	org.junit.runners.ParentRunner$2	org.junit.runners.ParentRunner$3	org.junit.runners.ParentRunner	org.apache.maven.surefire.junit4.JUnit4Provider	org.apache.maven.surefire.junit4.JUnit4Provider	org.apache.maven.surefire.junit4.JUnit4Provider	org.apache.maven.surefire.junit4.JUnit4Provider	org.apache.maven.surefire.booter.ForkedBooter	org.apache.maven.surefire.booter.ForkedBooter	org.apache.maven.surefire.booter.ForkedBooter	org.apache.maven.surefire.booter.ForkedBooter	
2022-11-29 03:14:20,627 org.apache.skywalking.oap.server.library.module.ApplicationConfiguration 48 [main] WARN  [] - [CTEST][getModuleConfiguration] ###java### java.lang.Thread	org.apache.skywalking.oap.server.library.module.ApplicationConfiguration	org.apache.skywalking.oap.server.library.module.ApplicationConfiguration	org.apache.skywalking.oap.server.starter.config.ApplicationConfigLoader	org.apache.skywalking.oap.server.starter.config.ApplicationConfigLoader	org.apache.skywalking.oap.server.starter.config.ApplicationConfigLoader	org.apache.skywalking.oap.server.starter.config.ApplicationConfigLoaderTestCase	jdk.internal.reflect.NativeMethodAccessorImpl	jdk.internal.reflect.NativeMethodAccessorImpl	jdk.internal.reflect.DelegatingMethodAccessorImpl	java.lang.reflect.Method	org.junit.runners.model.FrameworkMethod$1	org.junit.internal.runners.model.ReflectiveCallable	org.junit.runners.model.FrameworkMethod	org.junit.internal.runners.statements.RunBefores	org.junit.internal.runners.statements.RunBefores	org.junit.runners.ParentRunner$3	org.junit.runners.BlockJUnit4ClassRunner$1	org.junit.runners.ParentRunner	org.junit.runners.BlockJUnit4ClassRunner	org.junit.runners.BlockJUnit4ClassRunner	org.junit.runners.ParentRunner$4	org.junit.runners.ParentRunner$1	org.junit.runners.ParentRunner	org.junit.runners.ParentRunner	org.junit.runners.ParentRunner$2	org.junit.runners.ParentRunner$3	org.junit.runners.ParentRunner	org.apache.maven.surefire.junit4.JUnit4Provider	org.apache.maven.surefire.junit4.JUnit4Provider	org.apache.maven.surefire.junit4.JUnit4Provider	org.apache.maven.surefire.junit4.JUnit4Provider	org.apache.maven.surefire.booter.ForkedBooter	org.apache.maven.surefire.booter.ForkedBooter	org.apache.maven.surefire.booter.ForkedBooter	org.apache.maven.surefire.booter.ForkedBooter	
2022-11-29 03:14:20,627 org.apache.skywalking.oap.server.library.module.ApplicationConfiguration 48 [main] WARN  [] - [CTEST][getModuleConfiguration] ###java### java.lang.Thread	org.apache.skywalking.oap.server.library.module.ApplicationConfiguration	org.apache.skywalking.oap.server.library.module.ApplicationConfiguration	org.apache.skywalking.oap.server.starter.config.ApplicationConfigLoader	org.apache.skywalking.oap.server.starter.config.ApplicationConfigLoader	org.apache.skywalking.oap.server.starter.config.ApplicationConfigLoader	org.apache.skywalking.oap.server.starter.config.ApplicationConfigLoaderTestCase	jdk.internal.reflect.NativeMethodAccessorImpl	jdk.internal.reflect.NativeMethodAccessorImpl	jdk.internal.reflect.DelegatingMethodAccessorImpl	java.lang.reflect.Method	org.junit.runners.model.FrameworkMethod$1	org.junit.internal.runners.model.ReflectiveCallable	org.junit.runners.model.FrameworkMethod	org.junit.internal.runners.statements.RunBefores	org.junit.internal.runners.statements.RunBefores	org.junit.runners.ParentRunner$3	org.junit.runners.BlockJUnit4ClassRunner$1	org.junit.runners.ParentRunner	org.junit.runners.BlockJUnit4ClassRunner	org.junit.runners.BlockJUnit4ClassRunner	org.junit.runners.ParentRunner$4	org.junit.runners.ParentRunner$1	org.junit.runners.ParentRunner	org.junit.runners.ParentRunner	org.junit.runners.ParentRunner$2	org.junit.runners.ParentRunner$3	org.junit.runners.ParentRunner	org.apache.maven.surefire.junit4.JUnit4Provider	org.apache.maven.surefire.junit4.JUnit4Provider	org.apache.maven.surefire.junit4.JUnit4Provider	org.apache.maven.surefire.junit4.JUnit4Provider	org.apache.maven.surefire.booter.ForkedBooter	org.apache.maven.surefire.booter.ForkedBooter	org.apache.maven.surefire.booter.ForkedBooter	org.apache.maven.surefire.booter.ForkedBooter	
2022-11-29 03:14:20,627 org.apache.skywalking.oap.server.library.module.ApplicationConfiguration 48 [main] WARN  [] - [CTEST][getModuleConfiguration] ###sun### java.lang.Thread	org.apache.skywalking.oap.server.library.module.ApplicationConfiguration	org.apache.skywalking.oap.server.library.module.ApplicationConfiguration	org.apache.skywalking.oap.server.starter.config.ApplicationConfigLoader	org.apache.skywalking.oap.server.starter.config.ApplicationConfigLoader	org.apache.skywalking.oap.server.starter.config.ApplicationConfigLoader	org.apache.skywalking.oap.server.starter.config.ApplicationConfigLoaderTestCase	jdk.internal.reflect.NativeMethodAccessorImpl	jdk.internal.reflect.NativeMethodAccessorImpl	jdk.internal.reflect.DelegatingMethodAccessorImpl	java.lang.reflect.Method	org.junit.runners.model.FrameworkMethod$1	org.junit.internal.runners.model.ReflectiveCallable	org.junit.runners.model.FrameworkMethod	org.junit.internal.runners.statements.RunBefores	org.junit.internal.runners.statements.RunBefores	org.junit.runners.ParentRunner$3	org.junit.runners.BlockJUnit4ClassRunner$1	org.junit.runners.ParentRunner	org.junit.runners.BlockJUnit4ClassRunner	org.junit.runners.BlockJUnit4ClassRunner	org.junit.runners.ParentRunner$4	org.junit.runners.ParentRunner$1	org.junit.runners.ParentRunner	org.junit.runners.ParentRunner	org.junit.runners.ParentRunner$2	org.junit.runners.ParentRunner$3	org.junit.runners.ParentRunner	org.apache.maven.surefire.junit4.JUnit4Provider	org.apache.maven.surefire.junit4.JUnit4Provider	org.apache.maven.surefire.junit4.JUnit4Provider	org.apache.maven.surefire.junit4.JUnit4Provider	org.apache.maven.surefire.booter.ForkedBooter	org.apache.maven.surefire.booter.ForkedBooter	org.apache.maven.surefire.booter.ForkedBooter	org.apache.maven.surefire.booter.ForkedBooter	
2022-11-29 03:14:20,627 org.apache.skywalking.oap.server.library.module.ApplicationConfiguration 48 [main] WARN  [] - [CTEST][getModuleConfiguration] ###java### java.lang.Thread	org.apache.skywalking.oap.server.library.module.ApplicationConfiguration	org.apache.skywalking.oap.server.library.module.ApplicationConfiguration	org.apache.skywalking.oap.server.starter.config.ApplicationConfigLoader	org.apache.skywalking.oap.server.starter.config.ApplicationConfigLoader	org.apache.skywalking.oap.server.starter.config.ApplicationConfigLoader	org.apache.skywalking.oap.server.starter.config.ApplicationConfigLoaderTestCase	jdk.internal.reflect.NativeMethodAccessorImpl	jdk.internal.reflect.NativeMethodAccessorImpl	jdk.internal.reflect.DelegatingMethodAccessorImpl	java.lang.reflect.Method	org.junit.runners.model.FrameworkMethod$1	org.junit.internal.runners.model.ReflectiveCallable	org.junit.runners.model.FrameworkMethod	org.junit.internal.runners.statements.RunBefores	org.junit.internal.runners.statements.RunBefores	org.junit.runners.ParentRunner$3	org.junit.runners.BlockJUnit4ClassRunner$1	org.junit.runners.ParentRunner	org.junit.runners.BlockJUnit4ClassRunner	org.junit.runners.BlockJUnit4ClassRunner	org.junit.runners.ParentRunner$4	org.junit.runners.ParentRunner$1	org.junit.runners.ParentRunner	org.junit.runners.ParentRunner	org.junit.runners.ParentRunner$2	org.junit.runners.ParentRunner$3	org.junit.runners.ParentRunner	org.apache.maven.surefire.junit4.JUnit4Provider	org.apache.maven.surefire.junit4.JUnit4Provider	org.apache.maven.surefire.junit4.JUnit4Provider	org.apache.maven.surefire.junit4.JUnit4Provider	org.apache.maven.surefire.booter.ForkedBooter	org.apache.maven.surefire.booter.ForkedBooter	org.apache.maven.surefire.booter.ForkedBooter	org.apache.maven.surefire.booter.ForkedBooter	
2022-11-29 03:14:20,633 org.apache.skywalking.oap.server.library.module.ApplicationConfiguration 48 [main] WARN  [] - [CTEST][getModuleConfiguration] ###receiver-zipkin### java.lang.Thread	org.apache.skywalking.oap.server.library.module.ApplicationConfiguration	org.apache.skywalking.oap.server.library.module.ApplicationConfiguration	org.apache.skywalking.oap.server.starter.config.ApplicationConfigLoaderTestCase	jdk.internal.reflect.NativeMethodAccessorImpl	jdk.internal.reflect.NativeMethodAccessorImpl	jdk.internal.reflect.DelegatingMethodAccessorImpl	java.lang.reflect.Method	org.junit.runners.model.FrameworkMethod$1	org.junit.internal.runners.model.ReflectiveCallable	org.junit.runners.model.FrameworkMethod	org.junit.internal.runners.statements.InvokeMethod	org.junit.internal.runners.statements.RunBefores	org.junit.runners.ParentRunner$3	org.junit.runners.BlockJUnit4ClassRunner$1	org.junit.runners.ParentRunner	org.junit.runners.BlockJUnit4ClassRunner	org.junit.runners.BlockJUnit4ClassRunner	org.junit.runners.ParentRunner$4	org.junit.runners.ParentRunner$1	org.junit.runners.ParentRunner	org.junit.runners.ParentRunner	org.junit.runners.ParentRunner$2	org.junit.runners.ParentRunner$3	org.junit.runners.ParentRunner	org.apache.maven.surefire.junit4.JUnit4Provider	org.apache.maven.surefire.junit4.JUnit4Provider	org.apache.maven.surefire.junit4.JUnit4Provider	org.apache.maven.surefire.junit4.JUnit4Provider	org.apache.maven.surefire.booter.ForkedBooter	org.apache.maven.surefire.booter.ForkedBooter	org.apache.maven.surefire.booter.ForkedBooter	org.apache.maven.surefire.booter.ForkedBooter	
2022-11-29 03:14:20,634 org.apache.skywalking.oap.server.library.module.ApplicationConfiguration$ModuleConfiguration 71 [main] WARN  [] - [CTEST][getProviderConfiguration] ###default### providers {restHost=0.0.0.0, kafkaTopic=zipkin, searchableTracesTags=http.method, sampleRate=10000, restIdleTimeOut=30000, kafkaConsumers=1, kafkaHandlerThreadPoolSize=-1, restPort=18822, enableKafkaCollector=false, restContextPath=/, restMaxThreads=200, kafkaConsumerConfig={"auto.offset.reset":"earliest","enable.auto.commit":true}, kafkaGroupId=zipkin, kafkaBootstrapServers=localhost:9092, enableHttpCollector=true, restAcceptQueueSize=0, kafkaHandlerThreadPoolQueueSize=-1} java.lang.Thread	org.apache.skywalking.oap.server.library.module.ApplicationConfiguration	org.apache.skywalking.oap.server.library.module.ApplicationConfiguration	org.apache.skywalking.oap.server.library.module.ApplicationConfiguration$ModuleConfiguration	org.apache.skywalking.oap.server.starter.config.ApplicationConfigLoaderTestCase	jdk.internal.reflect.NativeMethodAccessorImpl	jdk.internal.reflect.NativeMethodAccessorImpl	jdk.internal.reflect.DelegatingMethodAccessorImpl	java.lang.reflect.Method	org.junit.runners.model.FrameworkMethod$1	org.junit.internal.runners.model.ReflectiveCallable	org.junit.runners.model.FrameworkMethod	org.junit.internal.runners.statements.InvokeMethod	org.junit.internal.runners.statements.RunBefores	org.junit.runners.ParentRunner$3	org.junit.runners.BlockJUnit4ClassRunner$1	org.junit.runners.ParentRunner	org.junit.runners.BlockJUnit4ClassRunner	org.junit.runners.BlockJUnit4ClassRunner	org.junit.runners.ParentRunner$4	org.junit.runners.ParentRunner$1	org.junit.runners.ParentRunner	org.junit.runners.ParentRunner	org.junit.runners.ParentRunner$2	org.junit.runners.ParentRunner$3	org.junit.runners.ParentRunner	org.apache.maven.surefire.junit4.JUnit4Provider	org.apache.maven.surefire.junit4.JUnit4Provider	org.apache.maven.surefire.junit4.JUnit4Provider	org.apache.maven.surefire.junit4.JUnit4Provider	org.apache.maven.surefire.booter.ForkedBooter	org.apache.maven.surefire.booter.ForkedBooter	org.apache.maven.surefire.booter.ForkedBooter	org.apache.maven.surefire.booter.ForkedBooter	
2022-11-29 03:14:20,637 org.apache.skywalking.oap.server.library.module.ApplicationConfiguration$PropertiesWrapper 91 [main] INFO  [] - [CTEST][PropertiesWrapper] ###restPort### test
]]></system-out>
    <system-err><![CDATA[Warning: Nashorn engine is planned to be removed from a future JDK release
]]></system-err>
  </testcase>
</testsuite>