<?xml version="1.0" encoding="UTF-8"?>
<testsuite xmlns:xsi="http://www.w3.org/2001/XMLSchema-instance" xsi:noNamespaceSchemaLocation="https://maven.apache.org/surefire/maven-surefire-plugin/xsd/surefire-test-report.xsd" name="org.apache.skywalking.oap.server.configuration.etcd.ITEtcdConfigurationTest" time="23.423" tests="1" errors="1" skipped="0" failures="0">
  <properties>
[...]
</properties>
  <testcase name="shouldReadUpdated" classname="org.apache.skywalking.oap.server.configuration.etcd.ITEtcdConfigurationTest" time="23.339">
    <error message="test timed out after 20000 milliseconds" type="org.junit.runners.model.TestTimedOutException">org.junit.runners.model.TestTimedOutException: test timed out after 20000 milliseconds
	at app//org.apache.skywalking.oap.server.configuration.etcd.ITEtcdConfigurationTest.shouldReadUpdated(ITEtcdConfigurationTest.java:100)
</error>
    <system-out><![CDATA[2022-11-29 02:58:16,788 - org.testcontainers.dockerclient.DockerClientProviderStrategy -1072 [main] INFO  [] - Loaded org.testcontainers.dockerclient.UnixSocketClientProviderStrategy from ~/.testcontainers.properties, will try it first
2022-11-29 02:58:17,406 - org.testcontainers.dockerclient.DockerClientProviderStrategy -1690 [main] INFO  [] - Found Docker environment with local Unix socket (unix:///var/run/docker.sock)
2022-11-29 02:58:17,409 - org.testcontainers.DockerClientFactory -1693 [main] INFO  [] - Docker host IP address is localhost
2022-11-29 02:58:17,444 - org.testcontainers.DockerClientFactory -1728 [main] INFO  [] - Connected to docker: 
  Server Version: 20.10.21
  API Version: 1.41
  Operating System: Ubuntu 20.04.5 LTS
  Total Memory: 1982 MB
2022-11-29 02:58:17,450 - org.testcontainers.utility.ImageNameSubstitutor -1734 [main] INFO  [] - Image name substitution will be performed by: DefaultImageNameSubstitutor (composite of 'ConfigurationFileImageNameSubstitutor' and 'PrefixingImageNameSubstitutor')
2022-11-29 02:58:17,516 - org.testcontainers.utility.RegistryAuthLocator -1800 [main] INFO  [] - Failure when attempting to lookup auth config. Please ignore if you don't have images in an authenticated registry. Details: (dockerImageName: testcontainers/ryuk:0.3.1, configFile: /home/sk117/.docker/config.json. Falling back to docker-java default behaviour. Exception message: /home/sk117/.docker/config.json (No such file or directory)
2022-11-29 02:58:17,986 - org.testcontainers.DockerClientFactory -2270 [main] INFO  [] - Ryuk started - will monitor and terminate Testcontainers containers on JVM exit
2022-11-29 02:58:17,986 - org.testcontainers.DockerClientFactory -2270 [main] INFO  [] - Checking the system...
2022-11-29 02:58:17,986 - org.testcontainers.DockerClientFactory -2270 [main] INFO  [] - ✔︎ Docker server version should be at least 1.6.0
2022-11-29 02:58:18,079 - org.testcontainers.DockerClientFactory -2363 [main] INFO  [] - ✔︎ Docker environment should have more than 2GB free disk space
2022-11-29 02:58:18,093 - 🐳 [quay.io/coreos/etcd:v3.5.0] -2377 [main] INFO  [] - Creating container for image: quay.io/coreos/etcd:v3.5.0
2022-11-29 02:58:18,094 - org.testcontainers.utility.RegistryAuthLocator -2378 [main] INFO  [] - Failure when attempting to lookup auth config. Please ignore if you don't have images in an authenticated registry. Details: (dockerImageName: quay.io/coreos/etcd:v3.5.0, configFile: /home/sk117/.docker/config.json. Falling back to docker-java default behaviour. Exception message: /home/sk117/.docker/config.json (No such file or directory)
2022-11-29 02:58:18,140 - 🐳 [quay.io/coreos/etcd:v3.5.0] -2424 [main] INFO  [] - Starting container with ID: aa3085fb859958096bfefbdb33d73205ace7d26e56d1c15a606ab789d3e5d0e9
2022-11-29 02:58:18,404 - 🐳 [quay.io/coreos/etcd:v3.5.0] -2688 [main] INFO  [] - Container quay.io/coreos/etcd:v3.5.0 is starting: aa3085fb859958096bfefbdb33d73205ace7d26e56d1c15a606ab789d3e5d0e9
2022-11-29 02:58:18,851 - 🐳 [quay.io/coreos/etcd:v3.5.0] -3135 [main] INFO  [] - Container quay.io/coreos/etcd:v3.5.0 started in PT0.771114S
2022-11-29 02:58:18,889 - org.apache.skywalking.oap.server.configuration.etcd.ITEtcdConfigurationTest -3173 [main] WARN  [] - [CTEST][LOAD-PARAM]  java.lang.Thread	org.apache.skywalking.oap.server.configuration.etcd.ITEtcdConfigurationTest	org.apache.skywalking.oap.server.configuration.etcd.ITEtcdConfigurationTest	org.apache.skywalking.oap.server.configuration.etcd.ITEtcdConfigurationTest	jdk.internal.reflect.NativeMethodAccessorImpl	jdk.internal.reflect.NativeMethodAccessorImpl	jdk.internal.reflect.DelegatingMethodAccessorImpl	java.lang.reflect.Method	org.junit.runners.model.FrameworkMethod$1	org.junit.internal.runners.model.ReflectiveCallable	org.junit.runners.model.FrameworkMethod	org.junit.internal.runners.statements.RunBefores	org.junit.internal.runners.statements.RunBefores	org.testcontainers.containers.FailureDetectingExternalResource$1	org.junit.runners.ParentRunner$3	org.junit.runners.BlockJUnit4ClassRunner$1	org.junit.runners.ParentRunner	org.junit.runners.BlockJUnit4ClassRunner	org.junit.runners.BlockJUnit4ClassRunner	org.junit.runners.ParentRunner$4	org.junit.runners.ParentRunner$1	org.junit.runners.ParentRunner	org.junit.runners.ParentRunner	org.junit.runners.ParentRunner$2	org.junit.runners.ParentRunner$3	org.junit.runners.ParentRunner	org.apache.maven.surefire.junit4.JUnit4Provider	org.apache.maven.surefire.junit4.JUnit4Provider	org.apache.maven.surefire.junit4.JUnit4Provider	org.apache.maven.surefire.junit4.JUnit4Provider	org.apache.maven.surefire.booter.ForkedBooter	org.apache.maven.surefire.booter.ForkedBooter	org.apache.maven.surefire.booter.ForkedBooter	org.apache.maven.surefire.booter.ForkedBooter	
2022-11-29 02:58:18,929 - org.apache.skywalking.oap.server.configuration.etcd.ITEtcdConfigurationTest -3213 [main] WARN  [] - First output{
  "test-module" : {
    "default" : {
      "testKey" : 300
    }
  },
  "configuration" : {
    "etcd" : {
      "endpoints" : "${etcd.endpoint}",
      "namespace" : "/skywalking/",
      "period" : 1
    }
  }
}
2022-11-29 02:58:18,931 - org.apache.skywalking.oap.server.configuration.etcd.ITEtcdConfigurationTest -3215 [main] WARN  [] - Second output{
  "configuration" : {
    "etcd" : {
      "namespace" : "/valid/file2"
    }
  }
}
2022-11-29 02:58:18,935 - org.apache.skywalking.oap.server.configuration.etcd.ITEtcdConfigurationTest -3219 [main] WARN  [] - Final output{
  "test-module" : {
    "default" : {
      "testKey" : 300
    }
  },
  "configuration" : {
    "etcd" : {
      "endpoints" : "${etcd.endpoint}",
      "namespace" : "/valid/file2",
      "period" : 1
    }
  }
}
2022-11-29 02:58:18,936 - org.apache.skywalking.oap.server.configuration.etcd.ITEtcdConfigurationTest -3220 [main] INFO  [] - moduleConfig{test-module={default={testKey=300}}, configuration={etcd={endpoints=${etcd.endpoint}, namespace=/valid/file2, period=1}}}
2022-11-29 02:58:18,948 - org.apache.skywalking.oap.server.library.module.ApplicationConfiguration -3232 [main] WARN  [] - [CTEST][getModuleConfiguration] ###test-module### java.lang.Thread	org.apache.skywalking.oap.server.library.module.ApplicationConfiguration	org.apache.skywalking.oap.server.library.module.ApplicationConfiguration	org.apache.skywalking.oap.server.configuration.etcd.ITEtcdConfigurationTest	java.util.LinkedHashMap	org.apache.skywalking.oap.server.configuration.etcd.ITEtcdConfigurationTest	org.apache.skywalking.oap.server.configuration.etcd.ITEtcdConfigurationTest	jdk.internal.reflect.NativeMethodAccessorImpl	jdk.internal.reflect.NativeMethodAccessorImpl	jdk.internal.reflect.DelegatingMethodAccessorImpl	java.lang.reflect.Method	org.junit.runners.model.FrameworkMethod$1	org.junit.internal.runners.model.ReflectiveCallable	org.junit.runners.model.FrameworkMethod	org.junit.internal.runners.statements.RunBefores	org.junit.internal.runners.statements.RunBefores	org.testcontainers.containers.FailureDetectingExternalResource$1	org.junit.runners.ParentRunner$3	org.junit.runners.BlockJUnit4ClassRunner$1	org.junit.runners.ParentRunner	org.junit.runners.BlockJUnit4ClassRunner	org.junit.runners.BlockJUnit4ClassRunner	org.junit.runners.ParentRunner$4	org.junit.runners.ParentRunner$1	org.junit.runners.ParentRunner	org.junit.runners.ParentRunner	org.junit.runners.ParentRunner$2	org.junit.runners.ParentRunner$3	org.junit.runners.ParentRunner	org.apache.maven.surefire.junit4.JUnit4Provider	org.apache.maven.surefire.junit4.JUnit4Provider	org.apache.maven.surefire.junit4.JUnit4Provider	org.apache.maven.surefire.junit4.JUnit4Provider	org.apache.maven.surefire.booter.ForkedBooter	org.apache.maven.surefire.booter.ForkedBooter	org.apache.maven.surefire.booter.ForkedBooter	org.apache.maven.surefire.booter.ForkedBooter	
2022-11-29 02:58:18,958 - org.apache.skywalking.oap.server.library.module.ApplicationConfiguration$ModuleConfiguration -3242 [main] WARN  [] - [CTEST][getProviderConfiguration] ###default### providers {testKey=300} java.lang.Thread	org.apache.skywalking.oap.server.library.module.ApplicationConfiguration	org.apache.skywalking.oap.server.library.module.ApplicationConfiguration	org.apache.skywalking.oap.server.library.module.ApplicationConfiguration$ModuleConfiguration	org.apache.skywalking.oap.server.configuration.etcd.ITEtcdConfigurationTest	java.util.LinkedHashMap	org.apache.skywalking.oap.server.configuration.etcd.ITEtcdConfigurationTest	java.util.LinkedHashMap	org.apache.skywalking.oap.server.configuration.etcd.ITEtcdConfigurationTest	org.apache.skywalking.oap.server.configuration.etcd.ITEtcdConfigurationTest	jdk.internal.reflect.NativeMethodAccessorImpl	jdk.internal.reflect.NativeMethodAccessorImpl	jdk.internal.reflect.DelegatingMethodAccessorImpl	java.lang.reflect.Method	org.junit.runners.model.FrameworkMethod$1	org.junit.internal.runners.model.ReflectiveCallable	org.junit.runners.model.FrameworkMethod	org.junit.internal.runners.statements.RunBefores	org.junit.internal.runners.statements.RunBefores	org.testcontainers.containers.FailureDetectingExternalResource$1	org.junit.runners.ParentRunner$3	org.junit.runners.BlockJUnit4ClassRunner$1	org.junit.runners.ParentRunner	org.junit.runners.BlockJUnit4ClassRunner	org.junit.runners.BlockJUnit4ClassRunner	org.junit.runners.ParentRunner$4	org.junit.runners.ParentRunner$1	org.junit.runners.ParentRunner	org.junit.runners.ParentRunner	org.junit.runners.ParentRunner$2	org.junit.runners.ParentRunner$3	org.junit.runners.ParentRunner	org.apache.maven.surefire.junit4.JUnit4Provider	org.apache.maven.surefire.junit4.JUnit4Provider	org.apache.maven.surefire.junit4.JUnit4Provider	org.apache.maven.surefire.junit4.JUnit4Provider	org.apache.maven.surefire.booter.ForkedBooter	org.apache.maven.surefire.booter.ForkedBooter	org.apache.maven.surefire.booter.ForkedBooter	org.apache.maven.surefire.booter.ForkedBooter	
2022-11-29 02:58:18,965 - org.apache.skywalking.oap.server.library.module.ApplicationConfiguration$PropertiesWrapper -3249 [main] INFO  [] - [CTEST][PropertiesWrapper-reset] ###testKey### ***300***
2022-11-29 02:58:18,972 - org.apache.skywalking.oap.server.library.module.ApplicationConfiguration -3256 [main] WARN  [] - [CTEST][getModuleConfiguration] ###configuration### java.lang.Thread	org.apache.skywalking.oap.server.library.module.ApplicationConfiguration	org.apache.skywalking.oap.server.library.module.ApplicationConfiguration	org.apache.skywalking.oap.server.configuration.etcd.ITEtcdConfigurationTest	java.util.LinkedHashMap	org.apache.skywalking.oap.server.configuration.etcd.ITEtcdConfigurationTest	org.apache.skywalking.oap.server.configuration.etcd.ITEtcdConfigurationTest	jdk.internal.reflect.NativeMethodAccessorImpl	jdk.internal.reflect.NativeMethodAccessorImpl	jdk.internal.reflect.DelegatingMethodAccessorImpl	java.lang.reflect.Method	org.junit.runners.model.FrameworkMethod$1	org.junit.internal.runners.model.ReflectiveCallable	org.junit.runners.model.FrameworkMethod	org.junit.internal.runners.statements.RunBefores	org.junit.internal.runners.statements.RunBefores	org.testcontainers.containers.FailureDetectingExternalResource$1	org.junit.runners.ParentRunner$3	org.junit.runners.BlockJUnit4ClassRunner$1	org.junit.runners.ParentRunner	org.junit.runners.BlockJUnit4ClassRunner	org.junit.runners.BlockJUnit4ClassRunner	org.junit.runners.ParentRunner$4	org.junit.runners.ParentRunner$1	org.junit.runners.ParentRunner	org.junit.runners.ParentRunner	org.junit.runners.ParentRunner$2	org.junit.runners.ParentRunner$3	org.junit.runners.ParentRunner	org.apache.maven.surefire.junit4.JUnit4Provider	org.apache.maven.surefire.junit4.JUnit4Provider	org.apache.maven.surefire.junit4.JUnit4Provider	org.apache.maven.surefire.junit4.JUnit4Provider	org.apache.maven.surefire.booter.ForkedBooter	org.apache.maven.surefire.booter.ForkedBooter	org.apache.maven.surefire.booter.ForkedBooter	org.apache.maven.surefire.booter.ForkedBooter	
2022-11-29 02:58:18,975 - org.apache.skywalking.oap.server.library.module.ApplicationConfiguration$ModuleConfiguration -3259 [main] WARN  [] - [CTEST][getProviderConfiguration] ###etcd### providers {endpoints=http://127.0.0.1:49411, period=1, namespace=/valid/file2} java.lang.Thread	org.apache.skywalking.oap.server.library.module.ApplicationConfiguration	org.apache.skywalking.oap.server.library.module.ApplicationConfiguration	org.apache.skywalking.oap.server.library.module.ApplicationConfiguration$ModuleConfiguration	org.apache.skywalking.oap.server.configuration.etcd.ITEtcdConfigurationTest	java.util.LinkedHashMap	org.apache.skywalking.oap.server.configuration.etcd.ITEtcdConfigurationTest	java.util.LinkedHashMap	org.apache.skywalking.oap.server.configuration.etcd.ITEtcdConfigurationTest	org.apache.skywalking.oap.server.configuration.etcd.ITEtcdConfigurationTest	jdk.internal.reflect.NativeMethodAccessorImpl	jdk.internal.reflect.NativeMethodAccessorImpl	jdk.internal.reflect.DelegatingMethodAccessorImpl	java.lang.reflect.Method	org.junit.runners.model.FrameworkMethod$1	org.junit.internal.runners.model.ReflectiveCallable	org.junit.runners.model.FrameworkMethod	org.junit.internal.runners.statements.RunBefores	org.junit.internal.runners.statements.RunBefores	org.testcontainers.containers.FailureDetectingExternalResource$1	org.junit.runners.ParentRunner$3	org.junit.runners.BlockJUnit4ClassRunner$1	org.junit.runners.ParentRunner	org.junit.runners.BlockJUnit4ClassRunner	org.junit.runners.BlockJUnit4ClassRunner	org.junit.runners.ParentRunner$4	org.junit.runners.ParentRunner$1	org.junit.runners.ParentRunner	org.junit.runners.ParentRunner	org.junit.runners.ParentRunner$2	org.junit.runners.ParentRunner$3	org.junit.runners.ParentRunner	org.apache.maven.surefire.junit4.JUnit4Provider	org.apache.maven.surefire.junit4.JUnit4Provider	org.apache.maven.surefire.junit4.JUnit4Provider	org.apache.maven.surefire.junit4.JUnit4Provider	org.apache.maven.surefire.booter.ForkedBooter	org.apache.maven.surefire.booter.ForkedBooter	org.apache.maven.surefire.booter.ForkedBooter	org.apache.maven.surefire.booter.ForkedBooter	
2022-11-29 02:58:18,976 - org.apache.skywalking.oap.server.library.module.ApplicationConfiguration$PropertiesWrapper -3260 [main] INFO  [] - [CTEST][PropertiesWrapper-reset] ###endpoints### ***http://127.0.0.1:49411***
2022-11-29 02:58:18,976 - org.apache.skywalking.oap.server.library.module.ApplicationConfiguration$PropertiesWrapper -3260 [main] INFO  [] - [CTEST][PropertiesWrapper-reset] ###period### ***1***
2022-11-29 02:58:18,976 - org.apache.skywalking.oap.server.library.module.ApplicationConfiguration$PropertiesWrapper -3260 [main] INFO  [] - [CTEST][PropertiesWrapper-reset] ###namespace### ***/valid/file2***
2022-11-29 02:58:18,999 - org.apache.skywalking.oap.server.library.module.ApplicationConfiguration -3283 [main] WARN  [] - [CTEST][getModuleConfiguration] ###configuration### java.lang.Thread	org.apache.skywalking.oap.server.library.module.ApplicationConfiguration	org.apache.skywalking.oap.server.library.module.ApplicationConfiguration	org.apache.skywalking.oap.server.library.module.ModuleManager	org.apache.skywalking.oap.server.configuration.etcd.ITEtcdConfigurationTest	jdk.internal.reflect.NativeMethodAccessorImpl	jdk.internal.reflect.NativeMethodAccessorImpl	jdk.internal.reflect.DelegatingMethodAccessorImpl	java.lang.reflect.Method	org.junit.runners.model.FrameworkMethod$1	org.junit.internal.runners.model.ReflectiveCallable	org.junit.runners.model.FrameworkMethod	org.junit.internal.runners.statements.RunBefores	org.junit.internal.runners.statements.RunBefores	org.testcontainers.containers.FailureDetectingExternalResource$1	org.junit.runners.ParentRunner$3	org.junit.runners.BlockJUnit4ClassRunner$1	org.junit.runners.ParentRunner	org.junit.runners.BlockJUnit4ClassRunner	org.junit.runners.BlockJUnit4ClassRunner	org.junit.runners.ParentRunner$4	org.junit.runners.ParentRunner$1	org.junit.runners.ParentRunner	org.junit.runners.ParentRunner	org.junit.runners.ParentRunner$2	org.junit.runners.ParentRunner$3	org.junit.runners.ParentRunner	org.apache.maven.surefire.junit4.JUnit4Provider	org.apache.maven.surefire.junit4.JUnit4Provider	org.apache.maven.surefire.junit4.JUnit4Provider	org.apache.maven.surefire.junit4.JUnit4Provider	org.apache.maven.surefire.booter.ForkedBooter	org.apache.maven.surefire.booter.ForkedBooter	org.apache.maven.surefire.booter.ForkedBooter	org.apache.maven.surefire.booter.ForkedBooter	
2022-11-29 02:58:19,012 - org.apache.skywalking.oap.server.library.module.ModuleDefine -3296 [main] INFO  [] - Prepare the etcd provider in configuration module.
2022-11-29 02:58:19,014 - org.apache.skywalking.oap.server.library.module.ApplicationConfiguration$ModuleConfiguration -3298 [main] WARN  [] - [CTEST][getProviderConfiguration] ###etcd### providers {endpoints=http://127.0.0.1:49411, period=1, namespace=/valid/file2} java.lang.Thread	org.apache.skywalking.oap.server.library.module.ApplicationConfiguration	org.apache.skywalking.oap.server.library.module.ApplicationConfiguration	org.apache.skywalking.oap.server.library.module.ApplicationConfiguration$ModuleConfiguration	org.apache.skywalking.oap.server.library.module.ModuleDefine	org.apache.skywalking.oap.server.library.module.ModuleManager	org.apache.skywalking.oap.server.configuration.etcd.ITEtcdConfigurationTest	jdk.internal.reflect.NativeMethodAccessorImpl	jdk.internal.reflect.NativeMethodAccessorImpl	jdk.internal.reflect.DelegatingMethodAccessorImpl	java.lang.reflect.Method	org.junit.runners.model.FrameworkMethod$1	org.junit.internal.runners.model.ReflectiveCallable	org.junit.runners.model.FrameworkMethod	org.junit.internal.runners.statements.RunBefores	org.junit.internal.runners.statements.RunBefores	org.testcontainers.containers.FailureDetectingExternalResource$1	org.junit.runners.ParentRunner$3	org.junit.runners.BlockJUnit4ClassRunner$1	org.junit.runners.ParentRunner	org.junit.runners.BlockJUnit4ClassRunner	org.junit.runners.BlockJUnit4ClassRunner	org.junit.runners.ParentRunner$4	org.junit.runners.ParentRunner$1	org.junit.runners.ParentRunner	org.junit.runners.ParentRunner	org.junit.runners.ParentRunner$2	org.junit.runners.ParentRunner$3	org.junit.runners.ParentRunner	org.apache.maven.surefire.junit4.JUnit4Provider	org.apache.maven.surefire.junit4.JUnit4Provider	org.apache.maven.surefire.junit4.JUnit4Provider	org.apache.maven.surefire.junit4.JUnit4Provider	org.apache.maven.surefire.booter.ForkedBooter	org.apache.maven.surefire.booter.ForkedBooter	org.apache.maven.surefire.booter.ForkedBooter	org.apache.maven.surefire.booter.ForkedBooter	
2022-11-29 02:58:19,015 - org.apache.skywalking.oap.server.library.module.ModuleDefine -3299 [main] INFO  [] - copyPropertiesEtcdServerSettings(period=0, endpoints=null, namespace=null, authority=null, user=null, password=null, authentication=false) {endpoints=http://127.0.0.1:49411, period=1, namespace=/valid/file2} configuration etcd
2022-11-29 02:58:19,015 - org.apache.skywalking.oap.server.library.module.ApplicationConfiguration$ModuleConfiguration -3299 [main] WARN  [] - [CTEST][getProviderConfiguration] ###etcd### providers {endpoints=http://127.0.0.1:49411, period=1, namespace=/valid/file2} java.lang.Thread	org.apache.skywalking.oap.server.library.module.ApplicationConfiguration	org.apache.skywalking.oap.server.library.module.ApplicationConfiguration	org.apache.skywalking.oap.server.library.module.ApplicationConfiguration$ModuleConfiguration	org.apache.skywalking.oap.server.library.module.ModuleDefine	org.apache.skywalking.oap.server.library.module.ModuleManager	org.apache.skywalking.oap.server.configuration.etcd.ITEtcdConfigurationTest	jdk.internal.reflect.NativeMethodAccessorImpl	jdk.internal.reflect.NativeMethodAccessorImpl	jdk.internal.reflect.DelegatingMethodAccessorImpl	java.lang.reflect.Method	org.junit.runners.model.FrameworkMethod$1	org.junit.internal.runners.model.ReflectiveCallable	org.junit.runners.model.FrameworkMethod	org.junit.internal.runners.statements.RunBefores	org.junit.internal.runners.statements.RunBefores	org.testcontainers.containers.FailureDetectingExternalResource$1	org.junit.runners.ParentRunner$3	org.junit.runners.BlockJUnit4ClassRunner$1	org.junit.runners.ParentRunner	org.junit.runners.BlockJUnit4ClassRunner	org.junit.runners.BlockJUnit4ClassRunner	org.junit.runners.ParentRunner$4	org.junit.runners.ParentRunner$1	org.junit.runners.ParentRunner	org.junit.runners.ParentRunner	org.junit.runners.ParentRunner$2	org.junit.runners.ParentRunner$3	org.junit.runners.ParentRunner	org.apache.maven.surefire.junit4.JUnit4Provider	org.apache.maven.surefire.junit4.JUnit4Provider	org.apache.maven.surefire.junit4.JUnit4Provider	org.apache.maven.surefire.junit4.JUnit4Provider	org.apache.maven.surefire.booter.ForkedBooter	org.apache.maven.surefire.booter.ForkedBooter	org.apache.maven.surefire.booter.ForkedBooter	org.apache.maven.surefire.booter.ForkedBooter	
2022-11-29 02:58:19,015 - org.apache.skywalking.oap.server.library.module.ApplicationConfiguration$PropertiesWrapper -3299 [main] INFO  [] - [CTEST][PropertiesWrapper] ###endpoints### test
2022-11-29 02:58:19,015 - org.apache.skywalking.oap.server.library.module.ApplicationConfiguration$PropertiesWrapper -3299 [main] INFO  [] - [CTEST][PropertiesWrapper] ###namespace### test
2022-11-29 02:58:19,016 - org.apache.skywalking.oap.server.library.module.ApplicationConfiguration$PropertiesWrapper -3300 [main] INFO  [] - [CTEST][PropertiesWrapper] ###period### test
2022-11-29 02:58:19,184 - org.apache.skywalking.oap.server.library.module.ApplicationConfiguration -3468 [main] WARN  [] - [CTEST][getModuleConfiguration] ###test-module### java.lang.Thread	org.apache.skywalking.oap.server.library.module.ApplicationConfiguration	org.apache.skywalking.oap.server.library.module.ApplicationConfiguration	org.apache.skywalking.oap.server.library.module.ModuleManager	org.apache.skywalking.oap.server.configuration.etcd.ITEtcdConfigurationTest	jdk.internal.reflect.NativeMethodAccessorImpl	jdk.internal.reflect.NativeMethodAccessorImpl	jdk.internal.reflect.DelegatingMethodAccessorImpl	java.lang.reflect.Method	org.junit.runners.model.FrameworkMethod$1	org.junit.internal.runners.model.ReflectiveCallable	org.junit.runners.model.FrameworkMethod	org.junit.internal.runners.statements.RunBefores	org.junit.internal.runners.statements.RunBefores	org.testcontainers.containers.FailureDetectingExternalResource$1	org.junit.runners.ParentRunner$3	org.junit.runners.BlockJUnit4ClassRunner$1	org.junit.runners.ParentRunner	org.junit.runners.BlockJUnit4ClassRunner	org.junit.runners.BlockJUnit4ClassRunner	org.junit.runners.ParentRunner$4	org.junit.runners.ParentRunner$1	org.junit.runners.ParentRunner	org.junit.runners.ParentRunner	org.junit.runners.ParentRunner$2	org.junit.runners.ParentRunner$3	org.junit.runners.ParentRunner	org.apache.maven.surefire.junit4.JUnit4Provider	org.apache.maven.surefire.junit4.JUnit4Provider	org.apache.maven.surefire.junit4.JUnit4Provider	org.apache.maven.surefire.junit4.JUnit4Provider	org.apache.maven.surefire.booter.ForkedBooter	org.apache.maven.surefire.booter.ForkedBooter	org.apache.maven.surefire.booter.ForkedBooter	org.apache.maven.surefire.booter.ForkedBooter	
2022-11-29 02:58:19,187 - org.apache.skywalking.oap.server.library.module.ModuleDefine -3471 [main] INFO  [] - Prepare the default provider in test-module module.
2022-11-29 02:58:19,188 - org.apache.skywalking.oap.server.library.module.ApplicationConfiguration$ModuleConfiguration -3472 [main] WARN  [] - [CTEST][getProviderConfiguration] ###default### providers {testKey=300} java.lang.Thread	org.apache.skywalking.oap.server.library.module.ApplicationConfiguration	org.apache.skywalking.oap.server.library.module.ApplicationConfiguration	org.apache.skywalking.oap.server.library.module.ApplicationConfiguration$ModuleConfiguration	org.apache.skywalking.oap.server.library.module.ModuleDefine	org.apache.skywalking.oap.server.library.module.ModuleManager	org.apache.skywalking.oap.server.configuration.etcd.ITEtcdConfigurationTest	jdk.internal.reflect.NativeMethodAccessorImpl	jdk.internal.reflect.NativeMethodAccessorImpl	jdk.internal.reflect.DelegatingMethodAccessorImpl	java.lang.reflect.Method	org.junit.runners.model.FrameworkMethod$1	org.junit.internal.runners.model.ReflectiveCallable	org.junit.runners.model.FrameworkMethod	org.junit.internal.runners.statements.RunBefores	org.junit.internal.runners.statements.RunBefores	org.testcontainers.containers.FailureDetectingExternalResource$1	org.junit.runners.ParentRunner$3	org.junit.runners.BlockJUnit4ClassRunner$1	org.junit.runners.ParentRunner	org.junit.runners.BlockJUnit4ClassRunner	org.junit.runners.BlockJUnit4ClassRunner	org.junit.runners.ParentRunner$4	org.junit.runners.ParentRunner$1	org.junit.runners.ParentRunner	org.junit.runners.ParentRunner	org.junit.runners.ParentRunner$2	org.junit.runners.ParentRunner$3	org.junit.runners.ParentRunner	org.apache.maven.surefire.junit4.JUnit4Provider	org.apache.maven.surefire.junit4.JUnit4Provider	org.apache.maven.surefire.junit4.JUnit4Provider	org.apache.maven.surefire.junit4.JUnit4Provider	org.apache.maven.surefire.booter.ForkedBooter	org.apache.maven.surefire.booter.ForkedBooter	org.apache.maven.surefire.booter.ForkedBooter	org.apache.maven.surefire.booter.ForkedBooter	
2022-11-29 02:58:19,191 - org.apache.skywalking.oap.server.library.module.ModuleDefine -3475 [main] INFO  [] - copyPropertiesorg.apache.skywalking.oap.server.configuration.etcd.EtcdConfigurationTestProvider$1@2bef09c0 {testKey=300} test-module default
2022-11-29 02:58:19,192 - org.apache.skywalking.oap.server.library.module.ApplicationConfiguration$ModuleConfiguration -3476 [main] WARN  [] - [CTEST][getProviderConfiguration] ###default### providers {testKey=300} java.lang.Thread	org.apache.skywalking.oap.server.library.module.ApplicationConfiguration	org.apache.skywalking.oap.server.library.module.ApplicationConfiguration	org.apache.skywalking.oap.server.library.module.ApplicationConfiguration$ModuleConfiguration	org.apache.skywalking.oap.server.library.module.ModuleDefine	org.apache.skywalking.oap.server.library.module.ModuleManager	org.apache.skywalking.oap.server.configuration.etcd.ITEtcdConfigurationTest	jdk.internal.reflect.NativeMethodAccessorImpl	jdk.internal.reflect.NativeMethodAccessorImpl	jdk.internal.reflect.DelegatingMethodAccessorImpl	java.lang.reflect.Method	org.junit.runners.model.FrameworkMethod$1	org.junit.internal.runners.model.ReflectiveCallable	org.junit.runners.model.FrameworkMethod	org.junit.internal.runners.statements.RunBefores	org.junit.internal.runners.statements.RunBefores	org.testcontainers.containers.FailureDetectingExternalResource$1	org.junit.runners.ParentRunner$3	org.junit.runners.BlockJUnit4ClassRunner$1	org.junit.runners.ParentRunner	org.junit.runners.BlockJUnit4ClassRunner	org.junit.runners.BlockJUnit4ClassRunner	org.junit.runners.ParentRunner$4	org.junit.runners.ParentRunner$1	org.junit.runners.ParentRunner	org.junit.runners.ParentRunner	org.junit.runners.ParentRunner$2	org.junit.runners.ParentRunner$3	org.junit.runners.ParentRunner	org.apache.maven.surefire.junit4.JUnit4Provider	org.apache.maven.surefire.junit4.JUnit4Provider	org.apache.maven.surefire.junit4.JUnit4Provider	org.apache.maven.surefire.junit4.JUnit4Provider	org.apache.maven.surefire.booter.ForkedBooter	org.apache.maven.surefire.booter.ForkedBooter	org.apache.maven.surefire.booter.ForkedBooter	org.apache.maven.surefire.booter.ForkedBooter	
2022-11-29 02:58:19,195 - org.apache.skywalking.oap.server.library.module.ModuleDefine -3479 [main] WARN  [] - testKey setting is not supported in default provider of test-module module
2022-11-29 02:58:19,197 - org.apache.skywalking.oap.server.library.module.ModuleDefine -3481 [main] INFO  [] - ModuleProvider provider org.apache.skywalking.oap.server.configuration.etcd.EtcdConfigurationTestProvider@e3994ef
2022-11-29 02:58:19,198 - org.apache.skywalking.oap.server.library.module.ModuleDefine -3482 [main] INFO  [] - ModuleProvider provider org.apache.skywalking.oap.server.configuration.etcd.EtcdConfigurationTestProvider@e3994ef
2022-11-29 02:58:19,199 - org.apache.skywalking.oap.server.library.module.ModuleDefine -3483 [main] INFO  [] - ModuleProvider provider org.apache.skywalking.oap.server.configuration.etcd.EtcdConfigurationProvider@680d4a6a
2022-11-29 02:58:19,199 - org.apache.skywalking.oap.server.library.module.ModuleDefine -3483 [main] INFO  [] - ModuleProvider provider org.apache.skywalking.oap.server.configuration.etcd.EtcdConfigurationProvider@680d4a6a
2022-11-29 02:58:19,199 - org.apache.skywalking.oap.server.library.module.BootstrapFlow -3483 [main] INFO  [] - start the provider default in test-module module.
2022-11-29 02:58:19,200 - org.apache.skywalking.oap.server.library.module.ModuleManager -3484 [main] ERROR [] - ModuleProviderHolder find org.apache.skywalking.oap.server.configuration.api.ConfigurationModule@2f04105
2022-11-29 02:58:19,209 - org.apache.skywalking.oap.server.library.module.ModuleDefine -3493 [main] INFO  [] - ModuleProvider provider org.apache.skywalking.oap.server.configuration.etcd.EtcdConfigurationProvider@680d4a6a
2022-11-29 02:58:19,210 - org.apache.skywalking.oap.server.library.module.ModuleManager -3494 [main] ERROR [] - ModuleProviderHolder find org.apache.skywalking.oap.server.configuration.api.ConfigurationModule@2f04105
2022-11-29 02:58:19,211 - org.apache.skywalking.oap.server.library.module.ModuleDefine -3495 [main] INFO  [] - ModuleProvider provider org.apache.skywalking.oap.server.configuration.etcd.EtcdConfigurationProvider@680d4a6a
2022-11-29 02:58:19,212 - org.apache.skywalking.oap.server.library.module.BootstrapFlow -3496 [main] INFO  [] - start the provider etcd in configuration module.
2022-11-29 02:58:19,212 - org.apache.skywalking.oap.server.configuration.api.ConfigWatcherRegister -3496 [main] INFO  [] - Current configurations after the bootstrap sync.
Following dynamic config items are available.
---------------------------------------------
key:test-module.default.testKey    module:test-module    provider:default    value(current):null

2022-11-29 02:58:19,237 - org.apache.skywalking.oap.server.library.module.ModuleManager -3521 [main] ERROR [] - ModuleProviderHolder find org.apache.skywalking.oap.server.configuration.etcd.EtcdConfigurationTestModule@11bd803
2022-11-29 02:58:19,238 - org.apache.skywalking.oap.server.library.module.ModuleDefine -3522 [main] INFO  [] - ModuleProvider provider org.apache.skywalking.oap.server.configuration.etcd.EtcdConfigurationTestProvider@e3994ef
2022-11-29 02:58:19,577 - org.apache.skywalking.oap.server.configuration.etcd.ITEtcdConfigurationTest -3861 [Time-limited test] INFO  [] - value is : null
2022-11-29 02:58:19,777 - org.apache.skywalking.oap.server.configuration.etcd.ITEtcdConfigurationTest -4061 [Time-limited test] INFO  [] - value is : null
2022-11-29 02:58:19,978 - org.apache.skywalking.oap.server.configuration.etcd.ITEtcdConfigurationTest -4262 [Time-limited test] INFO  [] - value is : null
2022-11-29 02:58:20,178 - org.apache.skywalking.oap.server.configuration.etcd.ITEtcdConfigurationTest -4462 [Time-limited test] INFO  [] - value is : null
2022-11-29 02:58:20,378 - org.apache.skywalking.oap.server.configuration.etcd.ITEtcdConfigurationTest -4662 [Time-limited test] INFO  [] - value is : null
2022-11-29 02:58:20,579 - org.apache.skywalking.oap.server.configuration.etcd.ITEtcdConfigurationTest -4863 [Time-limited test] INFO  [] - value is : null
2022-11-29 02:58:20,779 - org.apache.skywalking.oap.server.configuration.etcd.ITEtcdConfigurationTest -5063 [Time-limited test] INFO  [] - value is : null
2022-11-29 02:58:20,979 - org.apache.skywalking.oap.server.configuration.etcd.ITEtcdConfigurationTest -5263 [Time-limited test] INFO  [] - value is : null
2022-11-29 02:58:21,180 - org.apache.skywalking.oap.server.configuration.etcd.ITEtcdConfigurationTest -5464 [Time-limited test] INFO  [] - value is : null
2022-11-29 02:58:21,380 - org.apache.skywalking.oap.server.configuration.etcd.ITEtcdConfigurationTest -5664 [Time-limited test] INFO  [] - value is : null
2022-11-29 02:58:21,580 - org.apache.skywalking.oap.server.configuration.etcd.ITEtcdConfigurationTest -5864 [Time-limited test] INFO  [] - value is : null
2022-11-29 02:58:21,781 - org.apache.skywalking.oap.server.configuration.etcd.ITEtcdConfigurationTest -6065 [Time-limited test] INFO  [] - value is : null
2022-11-29 02:58:21,981 - org.apache.skywalking.oap.server.configuration.etcd.ITEtcdConfigurationTest -6265 [Time-limited test] INFO  [] - value is : null
2022-11-29 02:58:22,181 - org.apache.skywalking.oap.server.configuration.etcd.ITEtcdConfigurationTest -6465 [Time-limited test] INFO  [] - value is : null
2022-11-29 02:58:22,382 - org.apache.skywalking.oap.server.configuration.etcd.ITEtcdConfigurationTest -6666 [Time-limited test] INFO  [] - value is : null
2022-11-29 02:58:22,582 - org.apache.skywalking.oap.server.configuration.etcd.ITEtcdConfigurationTest -6866 [Time-limited test] INFO  [] - value is : null
2022-11-29 02:58:22,782 - org.apache.skywalking.oap.server.configuration.etcd.ITEtcdConfigurationTest -7066 [Time-limited test] INFO  [] - value is : null
2022-11-29 02:58:22,983 - org.apache.skywalking.oap.server.configuration.etcd.ITEtcdConfigurationTest -7267 [Time-limited test] INFO  [] - value is : null
2022-11-29 02:58:23,183 - org.apache.skywalking.oap.server.configuration.etcd.ITEtcdConfigurationTest -7467 [Time-limited test] INFO  [] - value is : null
2022-11-29 02:58:23,383 - org.apache.skywalking.oap.server.configuration.etcd.ITEtcdConfigurationTest -7667 [Time-limited test] INFO  [] - value is : null
2022-11-29 02:58:23,584 - org.apache.skywalking.oap.server.configuration.etcd.ITEtcdConfigurationTest -7868 [Time-limited test] INFO  [] - value is : null
2022-11-29 02:58:23,784 - org.apache.skywalking.oap.server.configuration.etcd.ITEtcdConfigurationTest -8068 [Time-limited test] INFO  [] - value is : null
2022-11-29 02:58:23,984 - org.apache.skywalking.oap.server.configuration.etcd.ITEtcdConfigurationTest -8268 [Time-limited test] INFO  [] - value is : null
2022-11-29 02:58:24,185 - org.apache.skywalking.oap.server.configuration.etcd.ITEtcdConfigurationTest -8469 [Time-limited test] INFO  [] - value is : null
2022-11-29 02:58:24,385 - org.apache.skywalking.oap.server.configuration.etcd.ITEtcdConfigurationTest -8669 [Time-limited test] INFO  [] - value is : null
2022-11-29 02:58:24,585 - org.apache.skywalking.oap.server.configuration.etcd.ITEtcdConfigurationTest -8869 [Time-limited test] INFO  [] - value is : null
2022-11-29 02:58:24,786 - org.apache.skywalking.oap.server.configuration.etcd.ITEtcdConfigurationTest -9070 [Time-limited test] INFO  [] - value is : null
2022-11-29 02:58:24,986 - org.apache.skywalking.oap.server.configuration.etcd.ITEtcdConfigurationTest -9270 [Time-limited test] INFO  [] - value is : null
2022-11-29 02:58:25,186 - org.apache.skywalking.oap.server.configuration.etcd.ITEtcdConfigurationTest -9470 [Time-limited test] INFO  [] - value is : null
2022-11-29 02:58:25,387 - org.apache.skywalking.oap.server.configuration.etcd.ITEtcdConfigurationTest -9671 [Time-limited test] INFO  [] - value is : null
2022-11-29 02:58:25,587 - org.apache.skywalking.oap.server.configuration.etcd.ITEtcdConfigurationTest -9871 [Time-limited test] INFO  [] - value is : null
2022-11-29 02:58:25,787 - org.apache.skywalking.oap.server.configuration.etcd.ITEtcdConfigurationTest -10071 [Time-limited test] INFO  [] - value is : null
2022-11-29 02:58:25,988 - org.apache.skywalking.oap.server.configuration.etcd.ITEtcdConfigurationTest -10272 [Time-limited test] INFO  [] - value is : null
2022-11-29 02:58:26,188 - org.apache.skywalking.oap.server.configuration.etcd.ITEtcdConfigurationTest -10472 [Time-limited test] INFO  [] - value is : null
2022-11-29 02:58:26,388 - org.apache.skywalking.oap.server.configuration.etcd.ITEtcdConfigurationTest -10672 [Time-limited test] INFO  [] - value is : null
2022-11-29 02:58:26,589 - org.apache.skywalking.oap.server.configuration.etcd.ITEtcdConfigurationTest -10873 [Time-limited test] INFO  [] - value is : null
2022-11-29 02:58:26,789 - org.apache.skywalking.oap.server.configuration.etcd.ITEtcdConfigurationTest -11073 [Time-limited test] INFO  [] - value is : null
2022-11-29 02:58:26,989 - org.apache.skywalking.oap.server.configuration.etcd.ITEtcdConfigurationTest -11273 [Time-limited test] INFO  [] - value is : null
2022-11-29 02:58:27,190 - org.apache.skywalking.oap.server.configuration.etcd.ITEtcdConfigurationTest -11474 [Time-limited test] INFO  [] - value is : null
2022-11-29 02:58:27,390 - org.apache.skywalking.oap.server.configuration.etcd.ITEtcdConfigurationTest -11674 [Time-limited test] INFO  [] - value is : null
2022-11-29 02:58:27,590 - org.apache.skywalking.oap.server.configuration.etcd.ITEtcdConfigurationTest -11874 [Time-limited test] INFO  [] - value is : null
2022-11-29 02:58:27,791 - org.apache.skywalking.oap.server.configuration.etcd.ITEtcdConfigurationTest -12075 [Time-limited test] INFO  [] - value is : null
2022-11-29 02:58:27,991 - org.apache.skywalking.oap.server.configuration.etcd.ITEtcdConfigurationTest -12275 [Time-limited test] INFO  [] - value is : null
2022-11-29 02:58:28,191 - org.apache.skywalking.oap.server.configuration.etcd.ITEtcdConfigurationTest -12475 [Time-limited test] INFO  [] - value is : null
2022-11-29 02:58:28,392 - org.apache.skywalking.oap.server.configuration.etcd.ITEtcdConfigurationTest -12676 [Time-limited test] INFO  [] - value is : null
2022-11-29 02:58:28,592 - org.apache.skywalking.oap.server.configuration.etcd.ITEtcdConfigurationTest -12876 [Time-limited test] INFO  [] - value is : null
2022-11-29 02:58:28,792 - org.apache.skywalking.oap.server.configuration.etcd.ITEtcdConfigurationTest -13076 [Time-limited test] INFO  [] - value is : null
2022-11-29 02:58:28,993 - org.apache.skywalking.oap.server.configuration.etcd.ITEtcdConfigurationTest -13277 [Time-limited test] INFO  [] - value is : null
2022-11-29 02:58:29,193 - org.apache.skywalking.oap.server.configuration.etcd.ITEtcdConfigurationTest -13477 [Time-limited test] INFO  [] - value is : null
2022-11-29 02:58:29,393 - org.apache.skywalking.oap.server.configuration.etcd.ITEtcdConfigurationTest -13677 [Time-limited test] INFO  [] - value is : null
2022-11-29 02:58:29,594 - org.apache.skywalking.oap.server.configuration.etcd.ITEtcdConfigurationTest -13878 [Time-limited test] INFO  [] - value is : null
2022-11-29 02:58:29,794 - org.apache.skywalking.oap.server.configuration.etcd.ITEtcdConfigurationTest -14078 [Time-limited test] INFO  [] - value is : null
2022-11-29 02:58:29,994 - org.apache.skywalking.oap.server.configuration.etcd.ITEtcdConfigurationTest -14278 [Time-limited test] INFO  [] - value is : null
2022-11-29 02:58:30,194 - org.apache.skywalking.oap.server.configuration.etcd.ITEtcdConfigurationTest -14478 [Time-limited test] INFO  [] - value is : null
2022-11-29 02:58:30,395 - org.apache.skywalking.oap.server.configuration.etcd.ITEtcdConfigurationTest -14679 [Time-limited test] INFO  [] - value is : null
2022-11-29 02:58:30,595 - org.apache.skywalking.oap.server.configuration.etcd.ITEtcdConfigurationTest -14879 [Time-limited test] INFO  [] - value is : null
2022-11-29 02:58:30,795 - org.apache.skywalking.oap.server.configuration.etcd.ITEtcdConfigurationTest -15079 [Time-limited test] INFO  [] - value is : null
2022-11-29 02:58:30,996 - org.apache.skywalking.oap.server.configuration.etcd.ITEtcdConfigurationTest -15280 [Time-limited test] INFO  [] - value is : null
2022-11-29 02:58:31,196 - org.apache.skywalking.oap.server.configuration.etcd.ITEtcdConfigurationTest -15480 [Time-limited test] INFO  [] - value is : null
2022-11-29 02:58:31,396 - org.apache.skywalking.oap.server.configuration.etcd.ITEtcdConfigurationTest -15680 [Time-limited test] INFO  [] - value is : null
2022-11-29 02:58:31,597 - org.apache.skywalking.oap.server.configuration.etcd.ITEtcdConfigurationTest -15881 [Time-limited test] INFO  [] - value is : null
2022-11-29 02:58:31,797 - org.apache.skywalking.oap.server.configuration.etcd.ITEtcdConfigurationTest -16081 [Time-limited test] INFO  [] - value is : null
2022-11-29 02:58:31,997 - org.apache.skywalking.oap.server.configuration.etcd.ITEtcdConfigurationTest -16281 [Time-limited test] INFO  [] - value is : null
2022-11-29 02:58:32,198 - org.apache.skywalking.oap.server.configuration.etcd.ITEtcdConfigurationTest -16482 [Time-limited test] INFO  [] - value is : null
2022-11-29 02:58:32,398 - org.apache.skywalking.oap.server.configuration.etcd.ITEtcdConfigurationTest -16682 [Time-limited test] INFO  [] - value is : null
2022-11-29 02:58:32,598 - org.apache.skywalking.oap.server.configuration.etcd.ITEtcdConfigurationTest -16882 [Time-limited test] INFO  [] - value is : null
2022-11-29 02:58:32,799 - org.apache.skywalking.oap.server.configuration.etcd.ITEtcdConfigurationTest -17083 [Time-limited test] INFO  [] - value is : null
2022-11-29 02:58:32,999 - org.apache.skywalking.oap.server.configuration.etcd.ITEtcdConfigurationTest -17283 [Time-limited test] INFO  [] - value is : null
2022-11-29 02:58:33,199 - org.apache.skywalking.oap.server.configuration.etcd.ITEtcdConfigurationTest -17483 [Time-limited test] INFO  [] - value is : null
2022-11-29 02:58:33,400 - org.apache.skywalking.oap.server.configuration.etcd.ITEtcdConfigurationTest -17684 [Time-limited test] INFO  [] - value is : null
2022-11-29 02:58:33,600 - org.apache.skywalking.oap.server.configuration.etcd.ITEtcdConfigurationTest -17884 [Time-limited test] INFO  [] - value is : null
2022-11-29 02:58:33,800 - org.apache.skywalking.oap.server.configuration.etcd.ITEtcdConfigurationTest -18084 [Time-limited test] INFO  [] - value is : null
2022-11-29 02:58:34,001 - org.apache.skywalking.oap.server.configuration.etcd.ITEtcdConfigurationTest -18285 [Time-limited test] INFO  [] - value is : null
2022-11-29 02:58:34,201 - org.apache.skywalking.oap.server.configuration.etcd.ITEtcdConfigurationTest -18485 [Time-limited test] INFO  [] - value is : null
2022-11-29 02:58:34,401 - org.apache.skywalking.oap.server.configuration.etcd.ITEtcdConfigurationTest -18685 [Time-limited test] INFO  [] - value is : null
2022-11-29 02:58:34,602 - org.apache.skywalking.oap.server.configuration.etcd.ITEtcdConfigurationTest -18886 [Time-limited test] INFO  [] - value is : null
2022-11-29 02:58:34,802 - org.apache.skywalking.oap.server.configuration.etcd.ITEtcdConfigurationTest -19086 [Time-limited test] INFO  [] - value is : null
2022-11-29 02:58:35,002 - org.apache.skywalking.oap.server.configuration.etcd.ITEtcdConfigurationTest -19286 [Time-limited test] INFO  [] - value is : null
2022-11-29 02:58:35,203 - org.apache.skywalking.oap.server.configuration.etcd.ITEtcdConfigurationTest -19487 [Time-limited test] INFO  [] - value is : null
2022-11-29 02:58:35,403 - org.apache.skywalking.oap.server.configuration.etcd.ITEtcdConfigurationTest -19687 [Time-limited test] INFO  [] - value is : null
2022-11-29 02:58:35,603 - org.apache.skywalking.oap.server.configuration.etcd.ITEtcdConfigurationTest -19887 [Time-limited test] INFO  [] - value is : null
2022-11-29 02:58:35,804 - org.apache.skywalking.oap.server.configuration.etcd.ITEtcdConfigurationTest -20088 [Time-limited test] INFO  [] - value is : null
2022-11-29 02:58:36,004 - org.apache.skywalking.oap.server.configuration.etcd.ITEtcdConfigurationTest -20288 [Time-limited test] INFO  [] - value is : null
2022-11-29 02:58:36,204 - org.apache.skywalking.oap.server.configuration.etcd.ITEtcdConfigurationTest -20488 [Time-limited test] INFO  [] - value is : null
2022-11-29 02:58:36,405 - org.apache.skywalking.oap.server.configuration.etcd.ITEtcdConfigurationTest -20689 [Time-limited test] INFO  [] - value is : null
2022-11-29 02:58:36,605 - org.apache.skywalking.oap.server.configuration.etcd.ITEtcdConfigurationTest -20889 [Time-limited test] INFO  [] - value is : null
2022-11-29 02:58:36,805 - org.apache.skywalking.oap.server.configuration.etcd.ITEtcdConfigurationTest -21089 [Time-limited test] INFO  [] - value is : null
2022-11-29 02:58:37,005 - org.apache.skywalking.oap.server.configuration.etcd.ITEtcdConfigurationTest -21289 [Time-limited test] INFO  [] - value is : null
2022-11-29 02:58:37,206 - org.apache.skywalking.oap.server.configuration.etcd.ITEtcdConfigurationTest -21490 [Time-limited test] INFO  [] - value is : null
2022-11-29 02:58:37,406 - org.apache.skywalking.oap.server.configuration.etcd.ITEtcdConfigurationTest -21690 [Time-limited test] INFO  [] - value is : null
2022-11-29 02:58:37,606 - org.apache.skywalking.oap.server.configuration.etcd.ITEtcdConfigurationTest -21890 [Time-limited test] INFO  [] - value is : null
2022-11-29 02:58:37,807 - org.apache.skywalking.oap.server.configuration.etcd.ITEtcdConfigurationTest -22091 [Time-limited test] INFO  [] - value is : null
2022-11-29 02:58:38,007 - org.apache.skywalking.oap.server.configuration.etcd.ITEtcdConfigurationTest -22291 [Time-limited test] INFO  [] - value is : null
2022-11-29 02:58:38,207 - org.apache.skywalking.oap.server.configuration.etcd.ITEtcdConfigurationTest -22491 [Time-limited test] INFO  [] - value is : null
2022-11-29 02:58:38,408 - org.apache.skywalking.oap.server.configuration.etcd.ITEtcdConfigurationTest -22692 [Time-limited test] INFO  [] - value is : null
2022-11-29 02:58:38,608 - org.apache.skywalking.oap.server.configuration.etcd.ITEtcdConfigurationTest -22892 [Time-limited test] INFO  [] - value is : null
2022-11-29 02:58:38,808 - org.apache.skywalking.oap.server.configuration.etcd.ITEtcdConfigurationTest -23092 [Time-limited test] INFO  [] - value is : null
2022-11-29 02:58:39,009 - org.apache.skywalking.oap.server.configuration.etcd.ITEtcdConfigurationTest -23293 [Time-limited test] INFO  [] - value is : null
2022-11-29 02:58:39,209 - org.apache.skywalking.oap.server.configuration.etcd.ITEtcdConfigurationTest -23493 [Time-limited test] INFO  [] - value is : null
]]></system-out>
  </testcase>
</testsuite>